<?xml version="1.0" encoding="UTF-8" ?>
<testsuite tests="5" failures="0" name="Test.TestUser" time="2.928" errors="3" skipped="0">
  <properties>
    <property name="java.runtime.name" value="Java(TM) SE Runtime Environment"/>
    <property name="java.vm.version" value="9.0.1+11"/>
    <property name="sun.boot.library.path" value="E:\Java\jdk 9.01\bin"/>
    <property name="maven.multiModuleProjectDirectory" value="F:\Git\JAVAProject\HDU_Minitor"/>
    <property name="java.vm.vendor" value="Oracle Corporation"/>
    <property name="java.vendor.url" value="http://java.oracle.com/"/>
    <property name="guice.disable.misplaced.annotation.check" value="true"/>
    <property name="path.separator" value=";"/>
    <property name="java.vm.name" value="Java HotSpot(TM) 64-Bit Server VM"/>
    <property name="file.encoding.pkg" value="sun.io"/>
    <property name="sun.os.patch.level" value="Service Pack 1"/>
    <property name="user.script" value=""/>
    <property name="user.country" value="CN"/>
    <property name="sun.java.launcher" value="SUN_STANDARD"/>
    <property name="java.vm.specification.name" value="Java Virtual Machine Specification"/>
    <property name="user.dir" value="F:\Git\JAVAProject\HDU_Minitor"/>
    <property name="java.vm.compressedOopsMode" value="32-bit"/>
    <property name="java.runtime.version" value="9.0.1+11"/>
    <property name="java.awt.graphicsenv" value="sun.awt.Win32GraphicsEnvironment"/>
    <property name="os.arch" value="amd64"/>
    <property name="java.io.tmpdir" value="C:\Users\SunWay\AppData\Local\Temp\"/>
    <property name="line.separator" value="
"/>
    <property name="java.vm.specification.vendor" value="Oracle Corporation"/>
    <property name="user.variant" value=""/>
    <property name="os.name" value="Windows 7"/>
    <property name="classworlds.conf" value="E:\eclipse-workspace\.metadata\.plugins\org.eclipse.m2e.launching\launches\m2conf5616396511045379812.tmp"/>
    <property name="sun.jnu.encoding" value="GBK"/>
    <property name="java.library.path" value="E:\Java\jdk 9.01\bin;C:\Windows\Sun\Java\bin;C:\Windows\system32;C:\Windows;E:\OracleXE\OracleInstall\app\oracle\product\10.2.0\server\bin;C:\ProgramData\Oracle\Java\javapath;C:\Program Files (x86)\NVIDIA Corporation\PhysX\Common;C:\Program Files (x86)\Intel\iCLS Client\;C:\Program Files\Intel\iCLS Client\;C:\Windows\system32;C:\Windows;C:\Windows\System32\Wbem;C:\Windows\System32\WindowsPowerShell\v1.0\;C:\Program Files (x86)\Intel\OpenCL SDK\2.0\bin\x86;C:\Program Files (x86)\Intel\OpenCL SDK\2.0\bin\x64;C:\Program Files\Intel\Intel(R) Management Engine Components\DAL;C:\Program Files\Intel\Intel(R) Management Engine Components\IPT;E:\Java\jdk 9.01\bin;E:\Java\jdk 9.01\jre\bin;C:\Program Files (x86)\Intel\Intel(R) Management Engine Components\DAL;C:\Program Files (x86)\Intel\Intel(R) Management Engine Components\IPT;E:\eclipse-workspace\tomcat\bin;%CATLINA_HOME%\lib;F:\Git\cmd;E:\matlab\bin\win32;C:\Program Files (x86)\Microsoft Visual Studio\Common\Tools\WinNT;C:\Program Files (x86)\Microsoft Visual Studio\Common\MSDev98\Bin;C:\Program Files (x86)\Microsoft Visual Studio\Common\Tools;C:\Program Files (x86)\Microsoft Visual Studio\VC98\bin;."/>
    <property name="jdk.debug" value="release"/>
    <property name="java.class.version" value="53.0"/>
    <property name="java.specification.name" value="Java Platform API Specification"/>
    <property name="sun.management.compiler" value="HotSpot 64-Bit Tiered Compilers"/>
    <property name="os.version" value="6.1"/>
    <property name="user.home" value="C:\Users\SunWay"/>
    <property name="user.timezone" value="Asia/Shanghai"/>
    <property name="java.awt.printerjob" value="sun.awt.windows.WPrinterJob"/>
    <property name="file.encoding" value="GBK"/>
    <property name="java.specification.version" value="9"/>
    <property name="user.name" value="SunWay"/>
    <property name="java.class.path" value="E:\eclipse-workspace\apache-maven-3.3.9\boot\plexus-classworlds-2.5.2.jar"/>
    <property name="java.vm.specification.version" value="9"/>
    <property name="sun.arch.data.model" value="64"/>
    <property name="sun.java.command" value="org.codehaus.plexus.classworlds.launcher.Launcher -B -gs E:\eclipse-workspace\apache-maven-3.3.9\conf\settings.xml -s E:\eclipse-workspace\apache-maven-3.3.9\conf\settings.xml package"/>
    <property name="java.home" value="E:\Java\jdk 9.01"/>
    <property name="user.language" value="zh"/>
    <property name="java.specification.vendor" value="Oracle Corporation"/>
    <property name="awt.toolkit" value="sun.awt.windows.WToolkit"/>
    <property name="java.vm.info" value="mixed mode"/>
    <property name="java.version" value="9.0.1"/>
    <property name="java.vendor" value="Oracle Corporation"/>
    <property name="maven.home" value="E:\eclipse-workspace\apache-maven-3.3.9"/>
    <property name="file.separator" value="\"/>
    <property name="java.vendor.url.bug" value="http://bugreport.java.com/bugreport/"/>
    <property name="sun.io.unicode.encoding" value="UnicodeLittle"/>
    <property name="sun.cpu.endian" value="little"/>
    <property name="sun.desktop" value="windows"/>
    <property name="sun.cpu.isalist" value="amd64"/>
  </properties>
  <testcase classname="Test.TestUser" name="testSaveUser" time="0.494">
    <error type="java.lang.NullPointerException">java.lang.NullPointerException
	at cn.hdu.HDU_Minitor.service.UserServiceImpl.insertOrUpdateUserInfo(UserServiceImpl.java:123)
	at java.base/jdk.internal.reflect.NativeMethodAccessorImpl.invoke0(Native Method)
	at java.base/jdk.internal.reflect.NativeMethodAccessorImpl.invoke(NativeMethodAccessorImpl.java:62)
	at java.base/jdk.internal.reflect.DelegatingMethodAccessorImpl.invoke(DelegatingMethodAccessorImpl.java:43)
	at java.base/java.lang.reflect.Method.invoke(Method.java:564)
	at org.springframework.aop.support.AopUtils.invokeJoinpointUsingReflection(AopUtils.java:333)
	at org.springframework.aop.framework.ReflectiveMethodInvocation.invokeJoinpoint(ReflectiveMethodInvocation.java:190)
	at org.springframework.aop.framework.ReflectiveMethodInvocation.proceed(ReflectiveMethodInvocation.java:157)
	at org.springframework.transaction.interceptor.TransactionInterceptor$1.proceedWithInvocation(TransactionInterceptor.java:99)
	at org.springframework.transaction.interceptor.TransactionAspectSupport.invokeWithinTransaction(TransactionAspectSupport.java:282)
	at org.springframework.transaction.interceptor.TransactionInterceptor.invoke(TransactionInterceptor.java:96)
	at org.springframework.aop.framework.ReflectiveMethodInvocation.proceed(ReflectiveMethodInvocation.java:179)
	at org.springframework.aop.framework.JdkDynamicAopProxy.invoke(JdkDynamicAopProxy.java:213)
	at com.sun.proxy.$Proxy18.insertOrUpdateUserInfo(Unknown Source)
	at Test.TestUser.testSaveUser(TestUser.java:76)
	at java.base/jdk.internal.reflect.NativeMethodAccessorImpl.invoke0(Native Method)
	at java.base/jdk.internal.reflect.NativeMethodAccessorImpl.invoke(NativeMethodAccessorImpl.java:62)
	at java.base/jdk.internal.reflect.DelegatingMethodAccessorImpl.invoke(DelegatingMethodAccessorImpl.java:43)
	at java.base/java.lang.reflect.Method.invoke(Method.java:564)
	at org.junit.runners.model.FrameworkMethod$1.runReflectiveCall(FrameworkMethod.java:47)
	at org.junit.internal.runners.model.ReflectiveCallable.run(ReflectiveCallable.java:12)
	at org.junit.runners.model.FrameworkMethod.invokeExplosively(FrameworkMethod.java:44)
	at org.junit.internal.runners.statements.InvokeMethod.evaluate(InvokeMethod.java:17)
	at org.junit.internal.runners.statements.RunBefores.evaluate(RunBefores.java:26)
	at org.junit.runners.ParentRunner.runLeaf(ParentRunner.java:271)
	at org.junit.runners.BlockJUnit4ClassRunner.runChild(BlockJUnit4ClassRunner.java:70)
	at org.junit.runners.BlockJUnit4ClassRunner.runChild(BlockJUnit4ClassRunner.java:50)
	at org.junit.runners.ParentRunner$3.run(ParentRunner.java:238)
	at org.junit.runners.ParentRunner$1.schedule(ParentRunner.java:63)
	at org.junit.runners.ParentRunner.runChildren(ParentRunner.java:236)
	at org.junit.runners.ParentRunner.access$000(ParentRunner.java:53)
	at org.junit.runners.ParentRunner$2.evaluate(ParentRunner.java:229)
	at org.junit.runners.ParentRunner.run(ParentRunner.java:309)
	at org.apache.maven.surefire.junit4.JUnit4Provider.execute(JUnit4Provider.java:252)
	at org.apache.maven.surefire.junit4.JUnit4Provider.executeTestSet(JUnit4Provider.java:141)
	at org.apache.maven.surefire.junit4.JUnit4Provider.invoke(JUnit4Provider.java:112)
	at java.base/jdk.internal.reflect.NativeMethodAccessorImpl.invoke0(Native Method)
	at java.base/jdk.internal.reflect.NativeMethodAccessorImpl.invoke(NativeMethodAccessorImpl.java:62)
	at java.base/jdk.internal.reflect.DelegatingMethodAccessorImpl.invoke(DelegatingMethodAccessorImpl.java:43)
	at java.base/java.lang.reflect.Method.invoke(Method.java:564)
	at org.apache.maven.surefire.util.ReflectionUtils.invokeMethodWithArray(ReflectionUtils.java:189)
	at org.apache.maven.surefire.booter.ProviderFactory$ProviderProxy.invoke(ProviderFactory.java:165)
	at org.apache.maven.surefire.booter.ProviderFactory.invokeProvider(ProviderFactory.java:85)
	at org.apache.maven.surefire.booter.ForkedBooter.runSuitesInProcess(ForkedBooter.java:115)
	at org.apache.maven.surefire.booter.ForkedBooter.main(ForkedBooter.java:75)
</error>
    <system-out>getContext()
14:07:09.456 [main] DEBUG o.s.core.env.StandardEnvironment - Adding PropertySource &apos;systemProperties&apos; with lowest search precedence
14:07:09.456 [main] DEBUG o.s.core.env.StandardEnvironment - Adding PropertySource &apos;systemEnvironment&apos; with lowest search precedence
14:07:09.457 [main] DEBUG o.s.core.env.StandardEnvironment - Initialized StandardEnvironment with PropertySources [MapPropertySource@1496999718 {name=&apos;systemProperties&apos;, properties={sun.desktop=windows, awt.toolkit=sun.awt.windows.WToolkit, java.specification.version=9, file.encoding.pkg=sun.io, sun.cpu.isalist=amd64, sun.jnu.encoding=GBK, java.class.path=F:\Git\JAVAProject\HDU_Minitor\target\test-classes;F:\Git\JAVAProject\HDU_Minitor\target\classes;E:\eclipse-workspace\.m2\repository\org\springframework\spring-webmvc\4.3.11.RELEASE\spring-webmvc-4.3.11.RELEASE.jar;E:\eclipse-workspace\.m2\repository\org\springframework\spring-aop\4.3.11.RELEASE\spring-aop-4.3.11.RELEASE.jar;E:\eclipse-workspace\.m2\repository\org\springframework\spring-beans\4.3.11.RELEASE\spring-beans-4.3.11.RELEASE.jar;E:\eclipse-workspace\.m2\repository\org\springframework\spring-context\4.3.11.RELEASE\spring-context-4.3.11.RELEASE.jar;E:\eclipse-workspace\.m2\repository\org\springframework\spring-core\4.3.11.RELEASE\spring-core-4.3.11.RELEASE.jar;E:\eclipse-workspace\.m2\repository\commons-logging\commons-logging\1.2\commons-logging-1.2.jar;E:\eclipse-workspace\.m2\repository\org\springframework\spring-expression\4.3.11.RELEASE\spring-expression-4.3.11.RELEASE.jar;E:\eclipse-workspace\.m2\repository\org\springframework\spring-web\4.3.11.RELEASE\spring-web-4.3.11.RELEASE.jar;E:\eclipse-workspace\.m2\repository\org\springframework\spring-jdbc\4.3.11.RELEASE\spring-jdbc-4.3.11.RELEASE.jar;E:\eclipse-workspace\.m2\repository\org\springframework\spring-tx\4.3.11.RELEASE\spring-tx-4.3.11.RELEASE.jar;E:\eclipse-workspace\.m2\repository\commons-dbcp\commons-dbcp\1.4\commons-dbcp-1.4.jar;E:\eclipse-workspace\.m2\repository\commons-pool\commons-pool\1.5.4\commons-pool-1.5.4.jar;E:\eclipse-workspace\.m2\repository\mysql\mysql-connector-java\5.1.37\mysql-connector-java-5.1.37.jar;E:\eclipse-workspace\.m2\repository\org\mybatis\mybatis\3.4.6\mybatis-3.4.6.jar;E:\eclipse-workspace\.m2\repository\org\mybatis\mybatis-spring\1.3.1\mybatis-spring-1.3.1.jar;E:\eclipse-workspace\.m2\repository\jstl\jstl\1.2\jstl-1.2.jar;E:\eclipse-workspace\.m2\repository\com\mangofactory\swagger-springmvc\1.0.2\swagger-springmvc-1.0.2.jar;E:\eclipse-workspace\.m2\repository\org\slf4j\slf4j-api\1.7.7\slf4j-api-1.7.7.jar;E:\eclipse-workspace\.m2\repository\joda-time\joda-time\2.5\joda-time-2.5.jar;E:\eclipse-workspace\.m2\repository\com\mangofactory\swagger-models\1.0.2\swagger-models-1.0.2.jar;E:\eclipse-workspace\.m2\repository\com\wordnik\swagger-annotations\1.3.11\swagger-annotations-1.3.11.jar;E:\eclipse-workspace\.m2\repository\com\google\guava\guava\15.0\guava-15.0.jar;E:\eclipse-workspace\.m2\repository\com\fasterxml\jackson\core\jackson-annotations\2.6.1\jackson-annotations-2.6.1.jar;E:\eclipse-workspace\.m2\repository\com\fasterxml\jackson\core\jackson-databind\2.6.1\jackson-databind-2.6.1.jar;E:\eclipse-workspace\.m2\repository\com\fasterxml\jackson\core\jackson-core\2.6.1\jackson-core-2.6.1.jar;E:\eclipse-workspace\.m2\repository\com\fasterxml\classmate\1.1.0\classmate-1.1.0.jar;E:\eclipse-workspace\.m2\repository\org\springframework\data\spring-data-redis\1.8.7.RELEASE\spring-data-redis-1.8.7.RELEASE.jar;E:\eclipse-workspace\.m2\repository\org\springframework\data\spring-data-keyvalue\1.2.7.RELEASE\spring-data-keyvalue-1.2.7.RELEASE.jar;E:\eclipse-workspace\.m2\repository\org\springframework\data\spring-data-commons\1.13.7.RELEASE\spring-data-commons-1.13.7.RELEASE.jar;E:\eclipse-workspace\.m2\repository\org\springframework\spring-oxm\4.3.11.RELEASE\spring-oxm-4.3.11.RELEASE.jar;E:\eclipse-workspace\.m2\repository\org\springframework\spring-context-support\4.3.11.RELEASE\spring-context-support-4.3.11.RELEASE.jar;E:\eclipse-workspace\.m2\repository\org\slf4j\jcl-over-slf4j\1.7.25\jcl-over-slf4j-1.7.25.jar;E:\eclipse-workspace\.m2\repository\redis\clients\jedis\2.9.0\jedis-2.9.0.jar;E:\eclipse-workspace\.m2\repository\org\apache\commons\commons-pool2\2.4.2\commons-pool2-2.4.2.jar;E:\eclipse-workspace\.m2\repository\ch\qos\logback\logback-classic\0.9.24\logback-classic-0.9.24.jar;E:\eclipse-workspace\.m2\repository\ch\qos\logback\logback-core\0.9.24\logback-core-0.9.24.jar;E:\eclipse-workspace\.m2\repository\log4j\log4j\1.2.17\log4j-1.2.17.jar;E:\eclipse-workspace\.m2\repository\org\aspectj\aspectjrt\1.8.10\aspectjrt-1.8.10.jar;E:\eclipse-workspace\.m2\repository\org\aspectj\aspectjweaver\1.8.10\aspectjweaver-1.8.10.jar;E:\eclipse-workspace\.m2\repository\junit\junit\4.11\junit-4.11.jar;E:\eclipse-workspace\.m2\repository\org\hamcrest\hamcrest-core\1.3\hamcrest-core-1.3.jar;E:\eclipse-workspace\.m2\repository\javax\servlet\servlet-api\2.5\servlet-api-2.5.jar;E:\eclipse-workspace\.m2\repository\javax\servlet\jsp\jsp-api\2.1.3-b06\jsp-api-2.1.3-b06.jar;E:\eclipse-workspace\.m2\repository\org\glassfish\javax.servlet\3.0-b70\javax.servlet-3.0-b70.jar;E:\eclipse-workspace\.m2\repository\javax\el\el-api\2.1.2-b05\el-api-2.1.2-b05.jar;, java.vm.vendor=Oracle Corporation, sun.arch.data.model=64, user.variant=, java.vendor.url=http://java.oracle.com/, user.timezone=Asia/Shanghai, os.name=Windows 7, java.vm.specification.version=9, sun.java.launcher=SUN_STANDARD, user.country=CN, sun.boot.library.path=E:\Java\jdk 9.01\bin, sun.java.command=F:\Git\JAVAProject\HDU_Minitor\target\surefire\surefirebooter9040375031050353846.jar F:\Git\JAVAProject\HDU_Minitor\target\surefire\surefire6366189002758959061tmp F:\Git\JAVAProject\HDU_Minitor\target\surefire\surefire_013619108730529990772tmp, jdk.debug=release, surefire.test.class.path=F:\Git\JAVAProject\HDU_Minitor\target\test-classes;F:\Git\JAVAProject\HDU_Minitor\target\classes;E:\eclipse-workspace\.m2\repository\org\springframework\spring-webmvc\4.3.11.RELEASE\spring-webmvc-4.3.11.RELEASE.jar;E:\eclipse-workspace\.m2\repository\org\springframework\spring-aop\4.3.11.RELEASE\spring-aop-4.3.11.RELEASE.jar;E:\eclipse-workspace\.m2\repository\org\springframework\spring-beans\4.3.11.RELEASE\spring-beans-4.3.11.RELEASE.jar;E:\eclipse-workspace\.m2\repository\org\springframework\spring-context\4.3.11.RELEASE\spring-context-4.3.11.RELEASE.jar;E:\eclipse-workspace\.m2\repository\org\springframework\spring-core\4.3.11.RELEASE\spring-core-4.3.11.RELEASE.jar;E:\eclipse-workspace\.m2\repository\commons-logging\commons-logging\1.2\commons-logging-1.2.jar;E:\eclipse-workspace\.m2\repository\org\springframework\spring-expression\4.3.11.RELEASE\spring-expression-4.3.11.RELEASE.jar;E:\eclipse-workspace\.m2\repository\org\springframework\spring-web\4.3.11.RELEASE\spring-web-4.3.11.RELEASE.jar;E:\eclipse-workspace\.m2\repository\org\springframework\spring-jdbc\4.3.11.RELEASE\spring-jdbc-4.3.11.RELEASE.jar;E:\eclipse-workspace\.m2\repository\org\springframework\spring-tx\4.3.11.RELEASE\spring-tx-4.3.11.RELEASE.jar;E:\eclipse-workspace\.m2\repository\commons-dbcp\commons-dbcp\1.4\commons-dbcp-1.4.jar;E:\eclipse-workspace\.m2\repository\commons-pool\commons-pool\1.5.4\commons-pool-1.5.4.jar;E:\eclipse-workspace\.m2\repository\mysql\mysql-connector-java\5.1.37\mysql-connector-java-5.1.37.jar;E:\eclipse-workspace\.m2\repository\org\mybatis\mybatis\3.4.6\mybatis-3.4.6.jar;E:\eclipse-workspace\.m2\repository\org\mybatis\mybatis-spring\1.3.1\mybatis-spring-1.3.1.jar;E:\eclipse-workspace\.m2\repository\jstl\jstl\1.2\jstl-1.2.jar;E:\eclipse-workspace\.m2\repository\com\mangofactory\swagger-springmvc\1.0.2\swagger-springmvc-1.0.2.jar;E:\eclipse-workspace\.m2\repository\org\slf4j\slf4j-api\1.7.7\slf4j-api-1.7.7.jar;E:\eclipse-workspace\.m2\repository\joda-time\joda-time\2.5\joda-time-2.5.jar;E:\eclipse-workspace\.m2\repository\com\mangofactory\swagger-models\1.0.2\swagger-models-1.0.2.jar;E:\eclipse-workspace\.m2\repository\com\wordnik\swagger-annotations\1.3.11\swagger-annotations-1.3.11.jar;E:\eclipse-workspace\.m2\repository\com\google\guava\guava\15.0\guava-15.0.jar;E:\eclipse-workspace\.m2\repository\com\fasterxml\jackson\core\jackson-annotations\2.6.1\jackson-annotations-2.6.1.jar;E:\eclipse-workspace\.m2\repository\com\fasterxml\jackson\core\jackson-databind\2.6.1\jackson-databind-2.6.1.jar;E:\eclipse-workspace\.m2\repository\com\fasterxml\jackson\core\jackson-core\2.6.1\jackson-core-2.6.1.jar;E:\eclipse-workspace\.m2\repository\com\fasterxml\classmate\1.1.0\classmate-1.1.0.jar;E:\eclipse-workspace\.m2\repository\org\springframework\data\spring-data-redis\1.8.7.RELEASE\spring-data-redis-1.8.7.RELEASE.jar;E:\eclipse-workspace\.m2\repository\org\springframework\data\spring-data-keyvalue\1.2.7.RELEASE\spring-data-keyvalue-1.2.7.RELEASE.jar;E:\eclipse-workspace\.m2\repository\org\springframework\data\spring-data-commons\1.13.7.RELEASE\spring-data-commons-1.13.7.RELEASE.jar;E:\eclipse-workspace\.m2\repository\org\springframework\spring-oxm\4.3.11.RELEASE\spring-oxm-4.3.11.RELEASE.jar;E:\eclipse-workspace\.m2\repository\org\springframework\spring-context-support\4.3.11.RELEASE\spring-context-support-4.3.11.RELEASE.jar;E:\eclipse-workspace\.m2\repository\org\slf4j\jcl-over-slf4j\1.7.25\jcl-over-slf4j-1.7.25.jar;E:\eclipse-workspace\.m2\repository\redis\clients\jedis\2.9.0\jedis-2.9.0.jar;E:\eclipse-workspace\.m2\repository\org\apache\commons\commons-pool2\2.4.2\commons-pool2-2.4.2.jar;E:\eclipse-workspace\.m2\repository\ch\qos\logback\logback-classic\0.9.24\logback-classic-0.9.24.jar;E:\eclipse-workspace\.m2\repository\ch\qos\logback\logback-core\0.9.24\logback-core-0.9.24.jar;E:\eclipse-workspace\.m2\repository\log4j\log4j\1.2.17\log4j-1.2.17.jar;E:\eclipse-workspace\.m2\repository\org\aspectj\aspectjrt\1.8.10\aspectjrt-1.8.10.jar;E:\eclipse-workspace\.m2\repository\org\aspectj\aspectjweaver\1.8.10\aspectjweaver-1.8.10.jar;E:\eclipse-workspace\.m2\repository\junit\junit\4.11\junit-4.11.jar;E:\eclipse-workspace\.m2\repository\org\hamcrest\hamcrest-core\1.3\hamcrest-core-1.3.jar;E:\eclipse-workspace\.m2\repository\javax\servlet\servlet-api\2.5\servlet-api-2.5.jar;E:\eclipse-workspace\.m2\repository\javax\servlet\jsp\jsp-api\2.1.3-b06\jsp-api-2.1.3-b06.jar;E:\eclipse-workspace\.m2\repository\org\glassfish\javax.servlet\3.0-b70\javax.servlet-3.0-b70.jar;E:\eclipse-workspace\.m2\repository\javax\el\el-api\2.1.2-b05\el-api-2.1.2-b05.jar;, sun.cpu.endian=little, user.home=C:\Users\SunWay, user.language=zh, java.specification.vendor=Oracle Corporation, java.home=E:\Java\jdk 9.01, file.separator=\, basedir=F:\Git\JAVAProject\HDU_Minitor, java.vm.compressedOopsMode=32-bit, line.separator=
, java.vm.specification.vendor=Oracle Corporation, java.specification.name=Java Platform API Specification, java.awt.graphicsenv=sun.awt.Win32GraphicsEnvironment, surefire.real.class.path=F:\Git\JAVAProject\HDU_Minitor\target\surefire\surefirebooter9040375031050353846.jar, user.script=, sun.management.compiler=HotSpot 64-Bit Tiered Compilers, java.runtime.version=9.0.1+11, user.name=SunWay, path.separator=;, os.version=6.1, java.runtime.name=Java(TM) SE Runtime Environment, file.encoding=GBK, java.vm.name=Java HotSpot(TM) 64-Bit Server VM, localRepository=E:\eclipse-workspace\.m2\repository, java.vendor.url.bug=http://bugreport.java.com/bugreport/, java.io.tmpdir=C:\Users\SunWay\AppData\Local\Temp\, java.version=9.0.1, user.dir=F:\Git\JAVAProject\HDU_Minitor, os.arch=amd64, java.vm.specification.name=Java Virtual Machine Specification, java.awt.printerjob=sun.awt.windows.WPrinterJob, sun.os.patch.level=Service Pack 1, java.library.path=E:\Java\jdk 9.01\bin;C:\Windows\Sun\Java\bin;C:\Windows\system32;C:\Windows;E:\OracleXE\OracleInstall\app\oracle\product\10.2.0\server\bin;C:\ProgramData\Oracle\Java\javapath;C:\Program Files (x86)\NVIDIA Corporation\PhysX\Common;C:\Program Files (x86)\Intel\iCLS Client\;C:\Program Files\Intel\iCLS Client\;C:\Windows\system32;C:\Windows;C:\Windows\System32\Wbem;C:\Windows\System32\WindowsPowerShell\v1.0\;C:\Program Files (x86)\Intel\OpenCL SDK\2.0\bin\x86;C:\Program Files (x86)\Intel\OpenCL SDK\2.0\bin\x64;C:\Program Files\Intel\Intel(R) Management Engine Components\DAL;C:\Program Files\Intel\Intel(R) Management Engine Components\IPT;E:\Java\jdk 9.01\bin;E:\Java\jdk 9.01\jre\bin;C:\Program Files (x86)\Intel\Intel(R) Management Engine Components\DAL;C:\Program Files (x86)\Intel\Intel(R) Management Engine Components\IPT;E:\eclipse-workspace\tomcat\bin;%CATLINA_HOME%\lib;F:\Git\cmd;E:\matlab\bin\win32;C:\Program Files (x86)\Microsoft Visual Studio\Common\Tools\WinNT;C:\Program Files (x86)\Microsoft Visual Studio\Common\MSDev98\Bin;C:\Program Files (x86)\Microsoft Visual Studio\Common\Tools;C:\Program Files (x86)\Microsoft Visual Studio\VC98\bin;., java.vm.info=mixed mode, java.vendor=Oracle Corporation, java.vm.version=9.0.1+11, sun.io.unicode.encoding=UnicodeLittle, java.class.version=53.0}}, SystemEnvironmentPropertySource@1500151620 {name=&apos;systemEnvironment&apos;, properties={ACTEL_FOR_ALTIUM_OVERRIDE= , PATH=E:\OracleXE\OracleInstall\app\oracle\product\10.2.0\server\bin;C:\ProgramData\Oracle\Java\javapath;C:\Program Files (x86)\NVIDIA Corporation\PhysX\Common;C:\Program Files (x86)\Intel\iCLS Client\;C:\Program Files\Intel\iCLS Client\;C:\Windows\system32;C:\Windows;C:\Windows\System32\Wbem;C:\Windows\System32\WindowsPowerShell\v1.0\;C:\Program Files (x86)\Intel\OpenCL SDK\2.0\bin\x86;C:\Program Files (x86)\Intel\OpenCL SDK\2.0\bin\x64;C:\Program Files\Intel\Intel(R) Management Engine Components\DAL;C:\Program Files\Intel\Intel(R) Management Engine Components\IPT;E:\Java\jdk 9.01\bin;E:\Java\jdk 9.01\jre\bin;C:\Program Files (x86)\Intel\Intel(R) Management Engine Components\DAL;C:\Program Files (x86)\Intel\Intel(R) Management Engine Components\IPT;E:\eclipse-workspace\tomcat\bin;%CATLINA_HOME%\lib;F:\Git\cmd;E:\matlab\bin\win32;C:\Program Files (x86)\Microsoft Visual Studio\Common\Tools\WinNT;C:\Program Files (x86)\Microsoft Visual Studio\Common\MSDev98\Bin;C:\Program Files (x86)\Microsoft Visual Studio\Common\Tools;C:\Program Files (x86)\Microsoft Visual Studio\VC98\bin, LOCALAPPDATA=C:\Users\SunWay\AppData\Local, PROCESSOR_LEVEL=6, SYSTEMDRIVE=C:, COMMONPROGRAMFILES(X86)=C:\Program Files (x86)\Common Files, FP_NO_HOST_CHECK=NO, USERDOMAIN=SunWay-PC, LOGONSERVER=\\SUNWAY-PC, JAVA_HOME=E:\Java\jdk 9.01, PROMPT=$P$G, SESSIONNAME=Console, ALLUSERSPROFILE=C:\ProgramData, ALTERA_FOR_ALTIUM_OVERRIDE= , PROGRAMFILES(X86)=C:\Program Files (x86), PROCESSOR_ARCHITECTURE=AMD64, PROGRAMFILES=C:\Program Files, APPDATA=C:\Users\SunWay\AppData\Roaming, PSMODULEPATH=C:\Windows\system32\WindowsPowerShell\v1.0\Modules\, PROGRAMW6432=C:\Program Files, PROGRAMDATA=C:\ProgramData, SYSTEMROOT=C:\Windows, USERNAME=SunWay, TOMCAT_HOME=E:\eclipse-workspace\tomcat, INCLUDE=C:\Program Files (x86)\Microsoft Visual Studio\VC98\atl\include;C:\Program Files (x86)\Microsoft Visual Studio\VC98\mfc\include;C:\Program Files (x86)\Microsoft Visual Studio\VC98\include, PATHEXT=.COM;.EXE;.BAT;.CMD;.VBS;.VBE;.JS;.JSE;.WSF;.WSH;.MSC, LIB=C:\Program Files (x86)\Microsoft Visual Studio\VC98\mfc\lib;C:\Program Files (x86)\Microsoft Visual Studio\VC98\lib, OS=Windows_NT, COMMONPROGRAMW6432=C:\Program Files\Common Files, COMPUTERNAME=SUNWAY-PC, COMMONPROGRAMFILES=C:\Program Files\Common Files, COMSPEC=C:\Windows\system32\cmd.exe, CATALINA_HOME=E:\eclipse-workspace\tomcat, PROCESSOR_REVISION=3a09, WINDIR=C:\Windows, =F:=F:\Git\JAVAProject\HDU_Minitor, HOMEPATH=\Users\SunWay, TEMP=C:\Users\SunWay\AppData\Local\Temp, HOMEDRIVE=C:, PROCESSOR_IDENTIFIER=Intel64 Family 6 Model 58 Stepping 9, GenuineIntel, USERPROFILE=C:\Users\SunWay, TMP=C:\Users\SunWay\AppData\Local\Temp, PUBLIC=C:\Users\Public, NUMBER_OF_PROCESSORS=4}}]
14:07:09.459 [main] INFO  o.s.c.s.ClassPathXmlApplicationContext - Refreshing org.springframework.context.support.ClassPathXmlApplicationContext@4c447c09: startup date [Mon Jun 11 14:07:09 CST 2018]; root of context hierarchy
14:07:09.459 [main] DEBUG o.s.core.env.StandardEnvironment - Adding PropertySource &apos;systemProperties&apos; with lowest search precedence
14:07:09.459 [main] DEBUG o.s.core.env.StandardEnvironment - Adding PropertySource &apos;systemEnvironment&apos; with lowest search precedence
14:07:09.460 [main] DEBUG o.s.core.env.StandardEnvironment - Initialized StandardEnvironment with PropertySources [MapPropertySource@1839923673 {name=&apos;systemProperties&apos;, properties={sun.desktop=windows, awt.toolkit=sun.awt.windows.WToolkit, java.specification.version=9, file.encoding.pkg=sun.io, sun.cpu.isalist=amd64, sun.jnu.encoding=GBK, java.class.path=F:\Git\JAVAProject\HDU_Minitor\target\test-classes;F:\Git\JAVAProject\HDU_Minitor\target\classes;E:\eclipse-workspace\.m2\repository\org\springframework\spring-webmvc\4.3.11.RELEASE\spring-webmvc-4.3.11.RELEASE.jar;E:\eclipse-workspace\.m2\repository\org\springframework\spring-aop\4.3.11.RELEASE\spring-aop-4.3.11.RELEASE.jar;E:\eclipse-workspace\.m2\repository\org\springframework\spring-beans\4.3.11.RELEASE\spring-beans-4.3.11.RELEASE.jar;E:\eclipse-workspace\.m2\repository\org\springframework\spring-context\4.3.11.RELEASE\spring-context-4.3.11.RELEASE.jar;E:\eclipse-workspace\.m2\repository\org\springframework\spring-core\4.3.11.RELEASE\spring-core-4.3.11.RELEASE.jar;E:\eclipse-workspace\.m2\repository\commons-logging\commons-logging\1.2\commons-logging-1.2.jar;E:\eclipse-workspace\.m2\repository\org\springframework\spring-expression\4.3.11.RELEASE\spring-expression-4.3.11.RELEASE.jar;E:\eclipse-workspace\.m2\repository\org\springframework\spring-web\4.3.11.RELEASE\spring-web-4.3.11.RELEASE.jar;E:\eclipse-workspace\.m2\repository\org\springframework\spring-jdbc\4.3.11.RELEASE\spring-jdbc-4.3.11.RELEASE.jar;E:\eclipse-workspace\.m2\repository\org\springframework\spring-tx\4.3.11.RELEASE\spring-tx-4.3.11.RELEASE.jar;E:\eclipse-workspace\.m2\repository\commons-dbcp\commons-dbcp\1.4\commons-dbcp-1.4.jar;E:\eclipse-workspace\.m2\repository\commons-pool\commons-pool\1.5.4\commons-pool-1.5.4.jar;E:\eclipse-workspace\.m2\repository\mysql\mysql-connector-java\5.1.37\mysql-connector-java-5.1.37.jar;E:\eclipse-workspace\.m2\repository\org\mybatis\mybatis\3.4.6\mybatis-3.4.6.jar;E:\eclipse-workspace\.m2\repository\org\mybatis\mybatis-spring\1.3.1\mybatis-spring-1.3.1.jar;E:\eclipse-workspace\.m2\repository\jstl\jstl\1.2\jstl-1.2.jar;E:\eclipse-workspace\.m2\repository\com\mangofactory\swagger-springmvc\1.0.2\swagger-springmvc-1.0.2.jar;E:\eclipse-workspace\.m2\repository\org\slf4j\slf4j-api\1.7.7\slf4j-api-1.7.7.jar;E:\eclipse-workspace\.m2\repository\joda-time\joda-time\2.5\joda-time-2.5.jar;E:\eclipse-workspace\.m2\repository\com\mangofactory\swagger-models\1.0.2\swagger-models-1.0.2.jar;E:\eclipse-workspace\.m2\repository\com\wordnik\swagger-annotations\1.3.11\swagger-annotations-1.3.11.jar;E:\eclipse-workspace\.m2\repository\com\google\guava\guava\15.0\guava-15.0.jar;E:\eclipse-workspace\.m2\repository\com\fasterxml\jackson\core\jackson-annotations\2.6.1\jackson-annotations-2.6.1.jar;E:\eclipse-workspace\.m2\repository\com\fasterxml\jackson\core\jackson-databind\2.6.1\jackson-databind-2.6.1.jar;E:\eclipse-workspace\.m2\repository\com\fasterxml\jackson\core\jackson-core\2.6.1\jackson-core-2.6.1.jar;E:\eclipse-workspace\.m2\repository\com\fasterxml\classmate\1.1.0\classmate-1.1.0.jar;E:\eclipse-workspace\.m2\repository\org\springframework\data\spring-data-redis\1.8.7.RELEASE\spring-data-redis-1.8.7.RELEASE.jar;E:\eclipse-workspace\.m2\repository\org\springframework\data\spring-data-keyvalue\1.2.7.RELEASE\spring-data-keyvalue-1.2.7.RELEASE.jar;E:\eclipse-workspace\.m2\repository\org\springframework\data\spring-data-commons\1.13.7.RELEASE\spring-data-commons-1.13.7.RELEASE.jar;E:\eclipse-workspace\.m2\repository\org\springframework\spring-oxm\4.3.11.RELEASE\spring-oxm-4.3.11.RELEASE.jar;E:\eclipse-workspace\.m2\repository\org\springframework\spring-context-support\4.3.11.RELEASE\spring-context-support-4.3.11.RELEASE.jar;E:\eclipse-workspace\.m2\repository\org\slf4j\jcl-over-slf4j\1.7.25\jcl-over-slf4j-1.7.25.jar;E:\eclipse-workspace\.m2\repository\redis\clients\jedis\2.9.0\jedis-2.9.0.jar;E:\eclipse-workspace\.m2\repository\org\apache\commons\commons-pool2\2.4.2\commons-pool2-2.4.2.jar;E:\eclipse-workspace\.m2\repository\ch\qos\logback\logback-classic\0.9.24\logback-classic-0.9.24.jar;E:\eclipse-workspace\.m2\repository\ch\qos\logback\logback-core\0.9.24\logback-core-0.9.24.jar;E:\eclipse-workspace\.m2\repository\log4j\log4j\1.2.17\log4j-1.2.17.jar;E:\eclipse-workspace\.m2\repository\org\aspectj\aspectjrt\1.8.10\aspectjrt-1.8.10.jar;E:\eclipse-workspace\.m2\repository\org\aspectj\aspectjweaver\1.8.10\aspectjweaver-1.8.10.jar;E:\eclipse-workspace\.m2\repository\junit\junit\4.11\junit-4.11.jar;E:\eclipse-workspace\.m2\repository\org\hamcrest\hamcrest-core\1.3\hamcrest-core-1.3.jar;E:\eclipse-workspace\.m2\repository\javax\servlet\servlet-api\2.5\servlet-api-2.5.jar;E:\eclipse-workspace\.m2\repository\javax\servlet\jsp\jsp-api\2.1.3-b06\jsp-api-2.1.3-b06.jar;E:\eclipse-workspace\.m2\repository\org\glassfish\javax.servlet\3.0-b70\javax.servlet-3.0-b70.jar;E:\eclipse-workspace\.m2\repository\javax\el\el-api\2.1.2-b05\el-api-2.1.2-b05.jar;, java.vm.vendor=Oracle Corporation, sun.arch.data.model=64, user.variant=, java.vendor.url=http://java.oracle.com/, user.timezone=Asia/Shanghai, os.name=Windows 7, java.vm.specification.version=9, sun.java.launcher=SUN_STANDARD, user.country=CN, sun.boot.library.path=E:\Java\jdk 9.01\bin, sun.java.command=F:\Git\JAVAProject\HDU_Minitor\target\surefire\surefirebooter9040375031050353846.jar F:\Git\JAVAProject\HDU_Minitor\target\surefire\surefire6366189002758959061tmp F:\Git\JAVAProject\HDU_Minitor\target\surefire\surefire_013619108730529990772tmp, jdk.debug=release, surefire.test.class.path=F:\Git\JAVAProject\HDU_Minitor\target\test-classes;F:\Git\JAVAProject\HDU_Minitor\target\classes;E:\eclipse-workspace\.m2\repository\org\springframework\spring-webmvc\4.3.11.RELEASE\spring-webmvc-4.3.11.RELEASE.jar;E:\eclipse-workspace\.m2\repository\org\springframework\spring-aop\4.3.11.RELEASE\spring-aop-4.3.11.RELEASE.jar;E:\eclipse-workspace\.m2\repository\org\springframework\spring-beans\4.3.11.RELEASE\spring-beans-4.3.11.RELEASE.jar;E:\eclipse-workspace\.m2\repository\org\springframework\spring-context\4.3.11.RELEASE\spring-context-4.3.11.RELEASE.jar;E:\eclipse-workspace\.m2\repository\org\springframework\spring-core\4.3.11.RELEASE\spring-core-4.3.11.RELEASE.jar;E:\eclipse-workspace\.m2\repository\commons-logging\commons-logging\1.2\commons-logging-1.2.jar;E:\eclipse-workspace\.m2\repository\org\springframework\spring-expression\4.3.11.RELEASE\spring-expression-4.3.11.RELEASE.jar;E:\eclipse-workspace\.m2\repository\org\springframework\spring-web\4.3.11.RELEASE\spring-web-4.3.11.RELEASE.jar;E:\eclipse-workspace\.m2\repository\org\springframework\spring-jdbc\4.3.11.RELEASE\spring-jdbc-4.3.11.RELEASE.jar;E:\eclipse-workspace\.m2\repository\org\springframework\spring-tx\4.3.11.RELEASE\spring-tx-4.3.11.RELEASE.jar;E:\eclipse-workspace\.m2\repository\commons-dbcp\commons-dbcp\1.4\commons-dbcp-1.4.jar;E:\eclipse-workspace\.m2\repository\commons-pool\commons-pool\1.5.4\commons-pool-1.5.4.jar;E:\eclipse-workspace\.m2\repository\mysql\mysql-connector-java\5.1.37\mysql-connector-java-5.1.37.jar;E:\eclipse-workspace\.m2\repository\org\mybatis\mybatis\3.4.6\mybatis-3.4.6.jar;E:\eclipse-workspace\.m2\repository\org\mybatis\mybatis-spring\1.3.1\mybatis-spring-1.3.1.jar;E:\eclipse-workspace\.m2\repository\jstl\jstl\1.2\jstl-1.2.jar;E:\eclipse-workspace\.m2\repository\com\mangofactory\swagger-springmvc\1.0.2\swagger-springmvc-1.0.2.jar;E:\eclipse-workspace\.m2\repository\org\slf4j\slf4j-api\1.7.7\slf4j-api-1.7.7.jar;E:\eclipse-workspace\.m2\repository\joda-time\joda-time\2.5\joda-time-2.5.jar;E:\eclipse-workspace\.m2\repository\com\mangofactory\swagger-models\1.0.2\swagger-models-1.0.2.jar;E:\eclipse-workspace\.m2\repository\com\wordnik\swagger-annotations\1.3.11\swagger-annotations-1.3.11.jar;E:\eclipse-workspace\.m2\repository\com\google\guava\guava\15.0\guava-15.0.jar;E:\eclipse-workspace\.m2\repository\com\fasterxml\jackson\core\jackson-annotations\2.6.1\jackson-annotations-2.6.1.jar;E:\eclipse-workspace\.m2\repository\com\fasterxml\jackson\core\jackson-databind\2.6.1\jackson-databind-2.6.1.jar;E:\eclipse-workspace\.m2\repository\com\fasterxml\jackson\core\jackson-core\2.6.1\jackson-core-2.6.1.jar;E:\eclipse-workspace\.m2\repository\com\fasterxml\classmate\1.1.0\classmate-1.1.0.jar;E:\eclipse-workspace\.m2\repository\org\springframework\data\spring-data-redis\1.8.7.RELEASE\spring-data-redis-1.8.7.RELEASE.jar;E:\eclipse-workspace\.m2\repository\org\springframework\data\spring-data-keyvalue\1.2.7.RELEASE\spring-data-keyvalue-1.2.7.RELEASE.jar;E:\eclipse-workspace\.m2\repository\org\springframework\data\spring-data-commons\1.13.7.RELEASE\spring-data-commons-1.13.7.RELEASE.jar;E:\eclipse-workspace\.m2\repository\org\springframework\spring-oxm\4.3.11.RELEASE\spring-oxm-4.3.11.RELEASE.jar;E:\eclipse-workspace\.m2\repository\org\springframework\spring-context-support\4.3.11.RELEASE\spring-context-support-4.3.11.RELEASE.jar;E:\eclipse-workspace\.m2\repository\org\slf4j\jcl-over-slf4j\1.7.25\jcl-over-slf4j-1.7.25.jar;E:\eclipse-workspace\.m2\repository\redis\clients\jedis\2.9.0\jedis-2.9.0.jar;E:\eclipse-workspace\.m2\repository\org\apache\commons\commons-pool2\2.4.2\commons-pool2-2.4.2.jar;E:\eclipse-workspace\.m2\repository\ch\qos\logback\logback-classic\0.9.24\logback-classic-0.9.24.jar;E:\eclipse-workspace\.m2\repository\ch\qos\logback\logback-core\0.9.24\logback-core-0.9.24.jar;E:\eclipse-workspace\.m2\repository\log4j\log4j\1.2.17\log4j-1.2.17.jar;E:\eclipse-workspace\.m2\repository\org\aspectj\aspectjrt\1.8.10\aspectjrt-1.8.10.jar;E:\eclipse-workspace\.m2\repository\org\aspectj\aspectjweaver\1.8.10\aspectjweaver-1.8.10.jar;E:\eclipse-workspace\.m2\repository\junit\junit\4.11\junit-4.11.jar;E:\eclipse-workspace\.m2\repository\org\hamcrest\hamcrest-core\1.3\hamcrest-core-1.3.jar;E:\eclipse-workspace\.m2\repository\javax\servlet\servlet-api\2.5\servlet-api-2.5.jar;E:\eclipse-workspace\.m2\repository\javax\servlet\jsp\jsp-api\2.1.3-b06\jsp-api-2.1.3-b06.jar;E:\eclipse-workspace\.m2\repository\org\glassfish\javax.servlet\3.0-b70\javax.servlet-3.0-b70.jar;E:\eclipse-workspace\.m2\repository\javax\el\el-api\2.1.2-b05\el-api-2.1.2-b05.jar;, sun.cpu.endian=little, user.home=C:\Users\SunWay, user.language=zh, java.specification.vendor=Oracle Corporation, java.home=E:\Java\jdk 9.01, file.separator=\, basedir=F:\Git\JAVAProject\HDU_Minitor, java.vm.compressedOopsMode=32-bit, line.separator=
, java.vm.specification.vendor=Oracle Corporation, java.specification.name=Java Platform API Specification, java.awt.graphicsenv=sun.awt.Win32GraphicsEnvironment, surefire.real.class.path=F:\Git\JAVAProject\HDU_Minitor\target\surefire\surefirebooter9040375031050353846.jar, user.script=, sun.management.compiler=HotSpot 64-Bit Tiered Compilers, java.runtime.version=9.0.1+11, user.name=SunWay, path.separator=;, os.version=6.1, java.runtime.name=Java(TM) SE Runtime Environment, file.encoding=GBK, java.vm.name=Java HotSpot(TM) 64-Bit Server VM, localRepository=E:\eclipse-workspace\.m2\repository, java.vendor.url.bug=http://bugreport.java.com/bugreport/, java.io.tmpdir=C:\Users\SunWay\AppData\Local\Temp\, java.version=9.0.1, user.dir=F:\Git\JAVAProject\HDU_Minitor, os.arch=amd64, java.vm.specification.name=Java Virtual Machine Specification, java.awt.printerjob=sun.awt.windows.WPrinterJob, sun.os.patch.level=Service Pack 1, java.library.path=E:\Java\jdk 9.01\bin;C:\Windows\Sun\Java\bin;C:\Windows\system32;C:\Windows;E:\OracleXE\OracleInstall\app\oracle\product\10.2.0\server\bin;C:\ProgramData\Oracle\Java\javapath;C:\Program Files (x86)\NVIDIA Corporation\PhysX\Common;C:\Program Files (x86)\Intel\iCLS Client\;C:\Program Files\Intel\iCLS Client\;C:\Windows\system32;C:\Windows;C:\Windows\System32\Wbem;C:\Windows\System32\WindowsPowerShell\v1.0\;C:\Program Files (x86)\Intel\OpenCL SDK\2.0\bin\x86;C:\Program Files (x86)\Intel\OpenCL SDK\2.0\bin\x64;C:\Program Files\Intel\Intel(R) Management Engine Components\DAL;C:\Program Files\Intel\Intel(R) Management Engine Components\IPT;E:\Java\jdk 9.01\bin;E:\Java\jdk 9.01\jre\bin;C:\Program Files (x86)\Intel\Intel(R) Management Engine Components\DAL;C:\Program Files (x86)\Intel\Intel(R) Management Engine Components\IPT;E:\eclipse-workspace\tomcat\bin;%CATLINA_HOME%\lib;F:\Git\cmd;E:\matlab\bin\win32;C:\Program Files (x86)\Microsoft Visual Studio\Common\Tools\WinNT;C:\Program Files (x86)\Microsoft Visual Studio\Common\MSDev98\Bin;C:\Program Files (x86)\Microsoft Visual Studio\Common\Tools;C:\Program Files (x86)\Microsoft Visual Studio\VC98\bin;., java.vm.info=mixed mode, java.vendor=Oracle Corporation, java.vm.version=9.0.1+11, sun.io.unicode.encoding=UnicodeLittle, java.class.version=53.0}}, SystemEnvironmentPropertySource@48274513 {name=&apos;systemEnvironment&apos;, properties={ACTEL_FOR_ALTIUM_OVERRIDE= , PATH=E:\OracleXE\OracleInstall\app\oracle\product\10.2.0\server\bin;C:\ProgramData\Oracle\Java\javapath;C:\Program Files (x86)\NVIDIA Corporation\PhysX\Common;C:\Program Files (x86)\Intel\iCLS Client\;C:\Program Files\Intel\iCLS Client\;C:\Windows\system32;C:\Windows;C:\Windows\System32\Wbem;C:\Windows\System32\WindowsPowerShell\v1.0\;C:\Program Files (x86)\Intel\OpenCL SDK\2.0\bin\x86;C:\Program Files (x86)\Intel\OpenCL SDK\2.0\bin\x64;C:\Program Files\Intel\Intel(R) Management Engine Components\DAL;C:\Program Files\Intel\Intel(R) Management Engine Components\IPT;E:\Java\jdk 9.01\bin;E:\Java\jdk 9.01\jre\bin;C:\Program Files (x86)\Intel\Intel(R) Management Engine Components\DAL;C:\Program Files (x86)\Intel\Intel(R) Management Engine Components\IPT;E:\eclipse-workspace\tomcat\bin;%CATLINA_HOME%\lib;F:\Git\cmd;E:\matlab\bin\win32;C:\Program Files (x86)\Microsoft Visual Studio\Common\Tools\WinNT;C:\Program Files (x86)\Microsoft Visual Studio\Common\MSDev98\Bin;C:\Program Files (x86)\Microsoft Visual Studio\Common\Tools;C:\Program Files (x86)\Microsoft Visual Studio\VC98\bin, LOCALAPPDATA=C:\Users\SunWay\AppData\Local, PROCESSOR_LEVEL=6, SYSTEMDRIVE=C:, COMMONPROGRAMFILES(X86)=C:\Program Files (x86)\Common Files, FP_NO_HOST_CHECK=NO, USERDOMAIN=SunWay-PC, LOGONSERVER=\\SUNWAY-PC, JAVA_HOME=E:\Java\jdk 9.01, PROMPT=$P$G, SESSIONNAME=Console, ALLUSERSPROFILE=C:\ProgramData, ALTERA_FOR_ALTIUM_OVERRIDE= , PROGRAMFILES(X86)=C:\Program Files (x86), PROCESSOR_ARCHITECTURE=AMD64, PROGRAMFILES=C:\Program Files, APPDATA=C:\Users\SunWay\AppData\Roaming, PSMODULEPATH=C:\Windows\system32\WindowsPowerShell\v1.0\Modules\, PROGRAMW6432=C:\Program Files, PROGRAMDATA=C:\ProgramData, SYSTEMROOT=C:\Windows, USERNAME=SunWay, TOMCAT_HOME=E:\eclipse-workspace\tomcat, INCLUDE=C:\Program Files (x86)\Microsoft Visual Studio\VC98\atl\include;C:\Program Files (x86)\Microsoft Visual Studio\VC98\mfc\include;C:\Program Files (x86)\Microsoft Visual Studio\VC98\include, PATHEXT=.COM;.EXE;.BAT;.CMD;.VBS;.VBE;.JS;.JSE;.WSF;.WSH;.MSC, LIB=C:\Program Files (x86)\Microsoft Visual Studio\VC98\mfc\lib;C:\Program Files (x86)\Microsoft Visual Studio\VC98\lib, OS=Windows_NT, COMMONPROGRAMW6432=C:\Program Files\Common Files, COMPUTERNAME=SUNWAY-PC, COMMONPROGRAMFILES=C:\Program Files\Common Files, COMSPEC=C:\Windows\system32\cmd.exe, CATALINA_HOME=E:\eclipse-workspace\tomcat, PROCESSOR_REVISION=3a09, WINDIR=C:\Windows, =F:=F:\Git\JAVAProject\HDU_Minitor, HOMEPATH=\Users\SunWay, TEMP=C:\Users\SunWay\AppData\Local\Temp, HOMEDRIVE=C:, PROCESSOR_IDENTIFIER=Intel64 Family 6 Model 58 Stepping 9, GenuineIntel, USERPROFILE=C:\Users\SunWay, TMP=C:\Users\SunWay\AppData\Local\Temp, PUBLIC=C:\Users\Public, NUMBER_OF_PROCESSORS=4}}]
14:07:09.461 [main] INFO  o.s.b.f.xml.XmlBeanDefinitionReader - Loading XML bean definitions from class path resource [conf/spring-mvc.xml]
14:07:09.463 [main] DEBUG o.s.b.f.xml.DefaultDocumentLoader - Using JAXP provider [com.sun.org.apache.xerces.internal.jaxp.DocumentBuilderFactoryImpl]
14:07:09.464 [main] DEBUG o.s.b.f.xml.PluggableSchemaResolver - Loading schema mappings from [META-INF/spring.schemas]
14:07:09.471 [main] DEBUG o.s.b.f.xml.PluggableSchemaResolver - Loaded schema mappings: {http://www.springframework.org/schema/context/spring-context-3.2.xsd=org/springframework/context/config/spring-context-3.2.xsd, http://www.springframework.org/schema/cache/spring-cache-4.3.xsd=org/springframework/cache/config/spring-cache-4.3.xsd, http://www.springframework.org/schema/beans/spring-beans-4.0.xsd=org/springframework/beans/factory/xml/spring-beans-4.0.xsd, http://www.springframework.org/schema/context/spring-context-2.5.xsd=org/springframework/context/config/spring-context-2.5.xsd, http://www.springframework.org/schema/tx/spring-tx-2.5.xsd=org/springframework/transaction/config/spring-tx-2.5.xsd, http://www.springframework.org/schema/tx/spring-tx-3.2.xsd=org/springframework/transaction/config/spring-tx-3.2.xsd, http://www.springframework.org/schema/tool/spring-tool-4.3.xsd=org/springframework/beans/factory/xml/spring-tool-4.3.xsd, http://www.springframework.org/schema/data/repository/spring-repository-1.11.xsd=org/springframework/data/repository/config/spring-repository-1.11.xsd, http://www.springframework.org/schema/tool/spring-tool-2.0.xsd=org/springframework/beans/factory/xml/spring-tool-2.0.xsd, http://www.springframework.org/schema/util/spring-util-4.2.xsd=org/springframework/beans/factory/xml/spring-util-4.2.xsd, http://www.springframework.org/schema/oxm/spring-oxm-3.1.xsd=org/springframework/oxm/config/spring-oxm-3.1.xsd, http://www.springframework.org/schema/tx/spring-tx-3.0.xsd=org/springframework/transaction/config/spring-tx-3.0.xsd, http://www.springframework.org/schema/beans/spring-beans-4.2.xsd=org/springframework/beans/factory/xml/spring-beans-4.2.xsd, http://www.springframework.org/schema/cache/spring-cache-4.1.xsd=org/springframework/cache/config/spring-cache-4.1.xsd, http://www.springframework.org/schema/mvc/spring-mvc-4.3.xsd=org/springframework/web/servlet/config/spring-mvc-4.3.xsd, http://www.springframework.org/schema/lang/spring-lang-3.0.xsd=org/springframework/scripting/config/spring-lang-3.0.xsd, http://www.springframework.org/schema/tool/spring-tool-4.1.xsd=org/springframework/beans/factory/xml/spring-tool-4.1.xsd, http://www.springframework.org/schema/task/spring-task-4.3.xsd=org/springframework/scheduling/config/spring-task-4.3.xsd, http://www.springframework.org/schema/data/repository/spring-repository-1.8.xsd=org/springframework/data/repository/config/spring-repository-1.8.xsd, http://www.springframework.org/schema/util/spring-util-4.0.xsd=org/springframework/beans/factory/xml/spring-util-4.0.xsd, http://www.springframework.org/schema/data/repository/spring-repository.xsd=org/springframework/data/repository/config/spring-repository-1.11.xsd, http://www.springframework.org/schema/jdbc/spring-jdbc-4.2.xsd=org/springframework/jdbc/config/spring-jdbc-4.2.xsd, http://www.springframework.org/schema/jdbc/spring-jdbc.xsd=org/springframework/jdbc/config/spring-jdbc-4.3.xsd, http://www.springframework.org/schema/lang/spring-lang.xsd=org/springframework/scripting/config/spring-lang-4.3.xsd, http://www.springframework.org/schema/aop/spring-aop-4.2.xsd=org/springframework/aop/config/spring-aop-4.2.xsd, http://www.springframework.org/schema/context/spring-context-4.1.xsd=org/springframework/context/config/spring-context-4.1.xsd, http://www.springframework.org/schema/jee/spring-jee-4.2.xsd=org/springframework/ejb/config/spring-jee-4.2.xsd, http://www.springframework.org/schema/redis/spring-redis-1.0.xsd=org/springframework/data/redis/config/spring-redis-1.0.xsd, http://www.springframework.org/schema/redis/spring-redis.xsd=org/springframework/data/redis/config/spring-redis-1.0.xsd, http://www.springframework.org/schema/tool/spring-tool-3.1.xsd=org/springframework/beans/factory/xml/spring-tool-3.1.xsd, http://www.springframework.org/schema/jee/spring-jee-4.1.xsd=org/springframework/ejb/config/spring-jee-4.1.xsd, http://www.springframework.org/schema/jdbc/spring-jdbc-3.1.xsd=org/springframework/jdbc/config/spring-jdbc-3.1.xsd, http://www.springframework.org/schema/aop/spring-aop-4.1.xsd=org/springframework/aop/config/spring-aop-4.1.xsd, http://www.springframework.org/schema/util/spring-util.xsd=org/springframework/beans/factory/xml/spring-util-4.3.xsd, http://www.springframework.org/schema/mvc/spring-mvc-3.2.xsd=org/springframework/web/servlet/config/spring-mvc-3.2.xsd, http://www.springframework.org/schema/lang/spring-lang-4.1.xsd=org/springframework/scripting/config/spring-lang-4.1.xsd, http://www.springframework.org/schema/context/spring-context-4.3.xsd=org/springframework/context/config/spring-context-4.3.xsd, http://www.springframework.org/schema/lang/spring-lang-2.5.xsd=org/springframework/scripting/config/spring-lang-2.5.xsd, http://www.springframework.org/schema/jee/spring-jee.xsd=org/springframework/ejb/config/spring-jee-4.3.xsd, http://www.springframework.org/schema/util/spring-util-3.1.xsd=org/springframework/beans/factory/xml/spring-util-3.1.xsd, http://www.springframework.org/schema/jee/spring-jee-2.5.xsd=org/springframework/ejb/config/spring-jee-2.5.xsd, http://www.springframework.org/schema/mvc/spring-mvc-4.0.xsd=org/springframework/web/servlet/config/spring-mvc-4.0.xsd, http://www.springframework.org/schema/aop/spring-aop-2.5.xsd=org/springframework/aop/config/spring-aop-2.5.xsd, http://www.springframework.org/schema/task/spring-task-4.0.xsd=org/springframework/scheduling/config/spring-task-4.0.xsd, http://www.springframework.org/schema/data/repository/spring-repository-1.5.xsd=org/springframework/data/repository/config/spring-repository-1.5.xsd, http://www.springframework.org/schema/cache/spring-cache-3.1.xsd=org/springframework/cache/config/spring-cache-3.1.xsd, http://www.springframework.org/schema/oxm/spring-oxm-4.3.xsd=org/springframework/oxm/config/spring-oxm-4.3.xsd, http://www.springframework.org/schema/tool/spring-tool-2.5.xsd=org/springframework/beans/factory/xml/spring-tool-2.5.xsd, http://www.springframework.org/schema/task/spring-task-3.2.xsd=org/springframework/scheduling/config/spring-task-3.2.xsd, http://www.springframework.org/schema/oxm/spring-oxm-4.1.xsd=org/springframework/oxm/config/spring-oxm-4.1.xsd, http://www.springframework.org/schema/tx/spring-tx-4.2.xsd=org/springframework/transaction/config/spring-tx-4.2.xsd, http://www.springframework.org/schema/aop/spring-aop-3.1.xsd=org/springframework/aop/config/spring-aop-3.1.xsd, http://www.springframework.org/schema/jee/spring-jee-3.1.xsd=org/springframework/ejb/config/spring-jee-3.1.xsd, http://www.springframework.org/schema/lang/spring-lang-4.3.xsd=org/springframework/scripting/config/spring-lang-4.3.xsd, http://www.springframework.org/schema/mvc/spring-mvc-3.0.xsd=org/springframework/web/servlet/config/spring-mvc-3.0.xsd, http://www.springframework.org/schema/beans/spring-beans-3.1.xsd=org/springframework/beans/factory/xml/spring-beans-3.1.xsd, http://www.springframework.org/schema/tx/spring-tx.xsd=org/springframework/transaction/config/spring-tx-4.3.xsd, http://www.springframework.org/schema/lang/spring-lang-2.0.xsd=org/springframework/scripting/config/spring-lang-2.0.xsd, http://www.springframework.org/schema/oxm/spring-oxm.xsd=org/springframework/oxm/config/spring-oxm-4.3.xsd, http://www.springframework.org/schema/task/spring-task-3.0.xsd=org/springframework/scheduling/config/spring-task-3.0.xsd, http://www.springframework.org/schema/context/spring-context-3.0.xsd=org/springframework/context/config/spring-context-3.0.xsd, http://www.springframework.org/schema/cache/spring-cache.xsd=org/springframework/cache/config/spring-cache-4.3.xsd, http://www.springframework.org/schema/tx/spring-tx-4.0.xsd=org/springframework/transaction/config/spring-tx-4.0.xsd, http://www.springframework.org/schema/data/repository/spring-repository-1.0.xsd=org/springframework/data/repository/config/spring-repository-1.0.xsd, http://www.springframework.org/schema/oxm/spring-oxm-3.2.xsd=org/springframework/oxm/config/spring-oxm-3.2.xsd, http://www.springframework.org/schema/util/spring-util-4.3.xsd=org/springframework/beans/factory/xml/spring-util-4.3.xsd, http://www.springframework.org/schema/context/spring-context-4.0.xsd=org/springframework/context/config/spring-context-4.0.xsd, http://www.springframework.org/schema/aop/spring-aop-2.0.xsd=org/springframework/aop/config/spring-aop-2.0.xsd, http://www.springframework.org/schema/jee/spring-jee-2.0.xsd=org/springframework/ejb/config/spring-jee-2.0.xsd, http://www.springframework.org/schema/jdbc/spring-jdbc-4.3.xsd=org/springframework/jdbc/config/spring-jdbc-4.3.xsd, http://www.springframework.org/schema/util/spring-util-2.0.xsd=org/springframework/beans/factory/xml/spring-util-2.0.xsd, http://www.springframework.org/schema/cache/spring-cache-4.2.xsd=org/springframework/cache/config/spring-cache-4.2.xsd, http://www.springframework.org/schema/context/spring-context-3.1.xsd=org/springframework/context/config/spring-context-3.1.xsd, http://www.springframework.org/schema/tx/spring-tx-3.1.xsd=org/springframework/transaction/config/spring-tx-3.1.xsd, http://www.springframework.org/schema/tool/spring-tool.xsd=org/springframework/beans/factory/xml/spring-tool-4.3.xsd, http://www.springframework.org/schema/beans/spring-beans-3.2.xsd=org/springframework/beans/factory/xml/spring-beans-3.2.xsd, http://www.springframework.org/schema/beans/spring-beans-2.5.xsd=org/springframework/beans/factory/xml/spring-beans-2.5.xsd, http://mybatis.org/schema/mybatis-spring.xsd=org/mybatis/spring/config/mybatis-spring-1.2.xsd, http://www.springframework.org/schema/beans/spring-beans.xsd=org/springframework/beans/factory/xml/spring-beans-4.3.xsd, http://www.springframework.org/schema/tool/spring-tool-4.0.xsd=org/springframework/beans/factory/xml/spring-tool-4.0.xsd, http://www.springframework.org/schema/util/spring-util-4.1.xsd=org/springframework/beans/factory/xml/spring-util-4.1.xsd, http://www.springframework.org/schema/jdbc/spring-jdbc-4.1.xsd=org/springframework/jdbc/config/spring-jdbc-4.1.xsd, http://mybatis.org/schema/mybatis-spring-1.2.xsd=org/mybatis/spring/config/mybatis-spring-1.2.xsd, http://www.springframework.org/schema/context/spring-context-4.2.xsd=org/springframework/context/config/spring-context-4.2.xsd, http://www.springframework.org/schema/jee/spring-jee-4.3.xsd=org/springframework/ejb/config/spring-jee-4.3.xsd, http://www.springframework.org/schema/aop/spring-aop-4.3.xsd=org/springframework/aop/config/spring-aop-4.3.xsd, http://www.springframework.org/schema/beans/spring-beans-4.3.xsd=org/springframework/beans/factory/xml/spring-beans-4.3.xsd, http://www.springframework.org/schema/beans/spring-beans-4.1.xsd=org/springframework/beans/factory/xml/spring-beans-4.1.xsd, http://www.springframework.org/schema/oxm/spring-oxm-3.0.xsd=org/springframework/oxm/config/spring-oxm-3.0.xsd, http://www.springframework.org/schema/mvc/spring-mvc-4.2.xsd=org/springframework/web/servlet/config/spring-mvc-4.2.xsd, http://www.springframework.org/schema/cache/spring-cache-4.0.xsd=org/springframework/cache/config/spring-cache-4.0.xsd, http://www.springframework.org/schema/util/spring-util-2.5.xsd=org/springframework/beans/factory/xml/spring-util-2.5.xsd, http://www.springframework.org/schema/tool/spring-tool-4.2.xsd=org/springframework/beans/factory/xml/spring-tool-4.2.xsd, http://www.springframework.org/schema/lang/spring-lang-3.1.xsd=org/springframework/scripting/config/spring-lang-3.1.xsd, http://www.springframework.org/schema/task/spring-task.xsd=org/springframework/scheduling/config/spring-task-4.3.xsd, http://www.springframework.org/schema/task/spring-task-4.2.xsd=org/springframework/scheduling/config/spring-task-4.2.xsd, http://www.springframework.org/schema/aop/spring-aop.xsd=org/springframework/aop/config/spring-aop-4.3.xsd, http://www.springframework.org/schema/data/repository/spring-repository-1.7.xsd=org/springframework/data/repository/config/spring-repository-1.7.xsd, http://www.springframework.org/schema/lang/spring-lang-4.0.xsd=org/springframework/scripting/config/spring-lang-4.0.xsd, http://www.springframework.org/schema/beans/spring-beans-2.0.xsd=org/springframework/beans/factory/xml/spring-beans-2.0.xsd, http://www.springframework.org/schema/mvc/spring-mvc-4.1.xsd=org/springframework/web/servlet/config/spring-mvc-4.1.xsd, http://www.springframework.org/schema/task/spring-task-4.1.xsd=org/springframework/scheduling/config/spring-task-4.1.xsd, http://www.springframework.org/schema/data/repository/spring-repository-1.6.xsd=org/springframework/data/repository/config/spring-repository-1.6.xsd, http://www.springframework.org/schema/util/spring-util-3.2.xsd=org/springframework/beans/factory/xml/spring-util-3.2.xsd, http://www.springframework.org/schema/lang/spring-lang-3.2.xsd=org/springframework/scripting/config/spring-lang-3.2.xsd, http://www.springframework.org/schema/cache/spring-cache-3.2.xsd=org/springframework/cache/config/spring-cache-3.2.xsd, http://www.springframework.org/schema/tx/spring-tx-2.0.xsd=org/springframework/transaction/config/spring-tx-2.0.xsd, http://www.springframework.org/schema/tx/spring-tx-4.3.xsd=org/springframework/transaction/config/spring-tx-4.3.xsd, http://www.springframework.org/schema/data/repository/spring-repository-1.4.xsd=org/springframework/data/repository/config/spring-repository-1.4.xsd, http://www.springframework.org/schema/util/spring-util-3.0.xsd=org/springframework/beans/factory/xml/spring-util-3.0.xsd, http://www.springframework.org/schema/jee/spring-jee-3.2.xsd=org/springframework/ejb/config/spring-jee-3.2.xsd, http://www.springframework.org/schema/tool/spring-tool-3.2.xsd=org/springframework/beans/factory/xml/spring-tool-3.2.xsd, http://www.springframework.org/schema/aop/spring-aop-3.2.xsd=org/springframework/aop/config/spring-aop-3.2.xsd, http://www.springframework.org/schema/mvc/spring-mvc.xsd=org/springframework/web/servlet/config/spring-mvc-4.3.xsd, http://www.springframework.org/schema/jdbc/spring-jdbc-4.0.xsd=org/springframework/jdbc/config/spring-jdbc-4.0.xsd, http://www.springframework.org/schema/jdbc/spring-jdbc-3.2.xsd=org/springframework/jdbc/config/spring-jdbc-3.2.xsd, http://www.springframework.org/schema/context/spring-context.xsd=org/springframework/context/config/spring-context-4.3.xsd, http://www.springframework.org/schema/aop/spring-aop-4.0.xsd=org/springframework/aop/config/spring-aop-4.0.xsd, http://www.springframework.org/schema/jee/spring-jee-4.0.xsd=org/springframework/ejb/config/spring-jee-4.0.xsd, http://www.springframework.org/schema/beans/spring-beans-3.0.xsd=org/springframework/beans/factory/xml/spring-beans-3.0.xsd, http://www.springframework.org/schema/mvc/spring-mvc-3.1.xsd=org/springframework/web/servlet/config/spring-mvc-3.1.xsd, http://www.springframework.org/schema/jee/spring-jee-3.0.xsd=org/springframework/ejb/config/spring-jee-3.0.xsd, http://www.springframework.org/schema/aop/spring-aop-3.0.xsd=org/springframework/aop/config/spring-aop-3.0.xsd, http://www.springframework.org/schema/oxm/spring-oxm-4.2.xsd=org/springframework/oxm/config/spring-oxm-4.2.xsd, http://www.springframework.org/schema/jdbc/spring-jdbc-3.0.xsd=org/springframework/jdbc/config/spring-jdbc-3.0.xsd, http://www.springframework.org/schema/task/spring-task-3.1.xsd=org/springframework/scheduling/config/spring-task-3.1.xsd, http://www.springframework.org/schema/oxm/spring-oxm-4.0.xsd=org/springframework/oxm/config/spring-oxm-4.0.xsd, http://www.springframework.org/schema/tx/spring-tx-4.1.xsd=org/springframework/transaction/config/spring-tx-4.1.xsd, http://www.springframework.org/schema/tool/spring-tool-3.0.xsd=org/springframework/beans/factory/xml/spring-tool-3.0.xsd, http://www.springframework.org/schema/lang/spring-lang-4.2.xsd=org/springframework/scripting/config/spring-lang-4.2.xsd}
14:07:09.473 [main] DEBUG o.s.b.f.xml.PluggableSchemaResolver - Found XML schema [http://www.springframework.org/schema/beans/spring-beans-3.2.xsd] in classpath: org/springframework/beans/factory/xml/spring-beans-3.2.xsd
14:07:09.481 [main] DEBUG o.s.b.f.xml.PluggableSchemaResolver - Found XML schema [http://www.springframework.org/schema/context/spring-context-3.2.xsd] in classpath: org/springframework/context/config/spring-context-3.2.xsd
14:07:09.486 [main] DEBUG o.s.b.f.xml.PluggableSchemaResolver - Found XML schema [http://www.springframework.org/schema/tool/spring-tool-3.2.xsd] in classpath: org/springframework/beans/factory/xml/spring-tool-3.2.xsd
14:07:09.489 [main] DEBUG o.s.b.f.xml.PluggableSchemaResolver - Found XML schema [http://www.springframework.org/schema/mvc/spring-mvc-3.2.xsd] in classpath: org/springframework/web/servlet/config/spring-mvc-3.2.xsd
14:07:09.495 [main] DEBUG o.s.b.f.x.DefaultBeanDefinitionDocumentReader - Loading bean definitions
14:07:09.499 [main] DEBUG o.s.b.f.x.DefaultNamespaceHandlerResolver - Loaded NamespaceHandler mappings: {http://www.springframework.org/schema/aop=org.springframework.aop.config.AopNamespaceHandler, http://www.springframework.org/schema/oxm=org.springframework.oxm.config.OxmNamespaceHandler, http://www.springframework.org/schema/task=org.springframework.scheduling.config.TaskNamespaceHandler, http://mybatis.org/schema/mybatis-spring=org.mybatis.spring.config.NamespaceHandler, http://www.springframework.org/schema/lang=org.springframework.scripting.config.LangNamespaceHandler, http://www.springframework.org/schema/c=org.springframework.beans.factory.xml.SimpleConstructorNamespaceHandler, http://www.springframework.org/schema/jee=org.springframework.ejb.config.JeeNamespaceHandler, http://www.springframework.org/schema/data/repository=org.springframework.data.repository.config.RepositoryNameSpaceHandler, http://www.springframework.org/schema/cache=org.springframework.cache.config.CacheNamespaceHandler, http://www.springframework.org/schema/redis=org.springframework.data.redis.config.RedisNamespaceHandler, http://www.springframework.org/schema/jdbc=org.springframework.jdbc.config.JdbcNamespaceHandler, http://www.springframework.org/schema/p=org.springframework.beans.factory.xml.SimplePropertyNamespaceHandler, http://www.springframework.org/schema/util=org.springframework.beans.factory.xml.UtilNamespaceHandler, http://www.springframework.org/schema/tx=org.springframework.transaction.config.TxNamespaceHandler, http://www.springframework.org/schema/context=org.springframework.context.config.ContextNamespaceHandler, http://www.springframework.org/schema/data/keyvalue=org.springframework.data.keyvalue.repository.config.KeyValueRepositoryNameSpaceHandler, http://www.springframework.org/schema/mvc=org.springframework.web.servlet.config.MvcNamespaceHandler}
14:07:09.501 [main] DEBUG o.s.c.i.s.PathMatchingResourcePatternResolver - Resolved classpath location [cn/hdu/HDU_Minitor/] to resources [URL [file:/F:/Git/JAVAProject/HDU_Minitor/target/classes/cn/hdu/HDU_Minitor/]]
14:07:09.502 [main] DEBUG o.s.c.i.s.PathMatchingResourcePatternResolver - Looking for matching resources in directory tree [F:\Git\JAVAProject\HDU_Minitor\target\classes\cn\hdu\HDU_Minitor]
14:07:09.502 [main] DEBUG o.s.c.i.s.PathMatchingResourcePatternResolver - Searching directory [F:\Git\JAVAProject\HDU_Minitor\target\classes\cn\hdu\HDU_Minitor] for files matching pattern [F:/Git/JAVAProject/HDU_Minitor/target/classes/cn/hdu/HDU_Minitor/**/*.class]
14:07:09.502 [main] DEBUG o.s.c.i.s.PathMatchingResourcePatternResolver - Searching directory [F:\Git\JAVAProject\HDU_Minitor\target\classes\cn\hdu\HDU_Minitor\controller] for files matching pattern [F:/Git/JAVAProject/HDU_Minitor/target/classes/cn/hdu/HDU_Minitor/**/*.class]
14:07:09.506 [main] DEBUG o.s.c.i.s.PathMatchingResourcePatternResolver - Searching directory [F:\Git\JAVAProject\HDU_Minitor\target\classes\cn\hdu\HDU_Minitor\controller\device] for files matching pattern [F:/Git/JAVAProject/HDU_Minitor/target/classes/cn/hdu/HDU_Minitor/**/*.class]
14:07:09.507 [main] DEBUG o.s.c.i.s.PathMatchingResourcePatternResolver - Searching directory [F:\Git\JAVAProject\HDU_Minitor\target\classes\cn\hdu\HDU_Minitor\dao] for files matching pattern [F:/Git/JAVAProject/HDU_Minitor/target/classes/cn/hdu/HDU_Minitor/**/*.class]
14:07:09.507 [main] DEBUG o.s.c.i.s.PathMatchingResourcePatternResolver - Searching directory [F:\Git\JAVAProject\HDU_Minitor\target\classes\cn\hdu\HDU_Minitor\entity] for files matching pattern [F:/Git/JAVAProject/HDU_Minitor/target/classes/cn/hdu/HDU_Minitor/**/*.class]
14:07:09.508 [main] DEBUG o.s.c.i.s.PathMatchingResourcePatternResolver - Searching directory [F:\Git\JAVAProject\HDU_Minitor\target\classes\cn\hdu\HDU_Minitor\service] for files matching pattern [F:/Git/JAVAProject/HDU_Minitor/target/classes/cn/hdu/HDU_Minitor/**/*.class]
14:07:09.508 [main] DEBUG o.s.c.i.s.PathMatchingResourcePatternResolver - Searching directory [F:\Git\JAVAProject\HDU_Minitor\target\classes\cn\hdu\HDU_Minitor\service\ex] for files matching pattern [F:/Git/JAVAProject/HDU_Minitor/target/classes/cn/hdu/HDU_Minitor/**/*.class]
14:07:09.509 [main] DEBUG o.s.c.i.s.PathMatchingResourcePatternResolver - Searching directory [F:\Git\JAVAProject\HDU_Minitor\target\classes\cn\hdu\HDU_Minitor\util] for files matching pattern [F:/Git/JAVAProject/HDU_Minitor/target/classes/cn/hdu/HDU_Minitor/**/*.class]
14:07:09.510 [main] DEBUG o.s.c.i.s.PathMatchingResourcePatternResolver - Resolved location pattern [classpath*:cn/hdu/HDU_Minitor/**/*.class] to resources [file [F:\Git\JAVAProject\HDU_Minitor\target\classes\cn\hdu\HDU_Minitor\controller\AddBuildContorller.class], file [F:\Git\JAVAProject\HDU_Minitor\target\classes\cn\hdu\HDU_Minitor\controller\AddRoomController.class], file [F:\Git\JAVAProject\HDU_Minitor\target\classes\cn\hdu\HDU_Minitor\controller\AddUserController.class], file [F:\Git\JAVAProject\HDU_Minitor\target\classes\cn\hdu\HDU_Minitor\controller\AdminLoadUserController.class], file [F:\Git\JAVAProject\HDU_Minitor\target\classes\cn\hdu\HDU_Minitor\controller\DeleteUserController.class], file [F:\Git\JAVAProject\HDU_Minitor\target\classes\cn\hdu\HDU_Minitor\controller\device\DeviceUploadInfoController.class], file [F:\Git\JAVAProject\HDU_Minitor\target\classes\cn\hdu\HDU_Minitor\controller\LoadBuildController.class], file [F:\Git\JAVAProject\HDU_Minitor\target\classes\cn\hdu\HDU_Minitor\controller\LoadRoomController.class], file [F:\Git\JAVAProject\HDU_Minitor\target\classes\cn\hdu\HDU_Minitor\controller\RemoveBuildController.class], file [F:\Git\JAVAProject\HDU_Minitor\target\classes\cn\hdu\HDU_Minitor\controller\UserGetRdmPwdController.class], file [F:\Git\JAVAProject\HDU_Minitor\target\classes\cn\hdu\HDU_Minitor\controller\UserLoginController.class], file [F:\Git\JAVAProject\HDU_Minitor\target\classes\cn\hdu\HDU_Minitor\dao\BuildDao.class], file [F:\Git\JAVAProject\HDU_Minitor\target\classes\cn\hdu\HDU_Minitor\dao\DeviceDao.class], file [F:\Git\JAVAProject\HDU_Minitor\target\classes\cn\hdu\HDU_Minitor\dao\RoomDao.class], file [F:\Git\JAVAProject\HDU_Minitor\target\classes\cn\hdu\HDU_Minitor\dao\UserBuildDao.class], file [F:\Git\JAVAProject\HDU_Minitor\target\classes\cn\hdu\HDU_Minitor\dao\UserDao.class], file [F:\Git\JAVAProject\HDU_Minitor\target\classes\cn\hdu\HDU_Minitor\dao\UserRoomDao.class], file [F:\Git\JAVAProject\HDU_Minitor\target\classes\cn\hdu\HDU_Minitor\entity\Build.class], file [F:\Git\JAVAProject\HDU_Minitor\target\classes\cn\hdu\HDU_Minitor\entity\Device.class], file [F:\Git\JAVAProject\HDU_Minitor\target\classes\cn\hdu\HDU_Minitor\entity\Room.class], file [F:\Git\JAVAProject\HDU_Minitor\target\classes\cn\hdu\HDU_Minitor\entity\User.class], file [F:\Git\JAVAProject\HDU_Minitor\target\classes\cn\hdu\HDU_Minitor\entity\UserBuild.class], file [F:\Git\JAVAProject\HDU_Minitor\target\classes\cn\hdu\HDU_Minitor\entity\UserRoom.class], file [F:\Git\JAVAProject\HDU_Minitor\target\classes\cn\hdu\HDU_Minitor\service\BuildService.class], file [F:\Git\JAVAProject\HDU_Minitor\target\classes\cn\hdu\HDU_Minitor\service\BuildServiceImpl.class], file [F:\Git\JAVAProject\HDU_Minitor\target\classes\cn\hdu\HDU_Minitor\service\ex\InsertAndUpdateException.class], file [F:\Git\JAVAProject\HDU_Minitor\target\classes\cn\hdu\HDU_Minitor\service\ex\ServiceException.class], file [F:\Git\JAVAProject\HDU_Minitor\target\classes\cn\hdu\HDU_Minitor\service\RoomSericeImpl.class], file [F:\Git\JAVAProject\HDU_Minitor\target\classes\cn\hdu\HDU_Minitor\service\RoomService.class], file [F:\Git\JAVAProject\HDU_Minitor\target\classes\cn\hdu\HDU_Minitor\service\UserService.class], file [F:\Git\JAVAProject\HDU_Minitor\target\classes\cn\hdu\HDU_Minitor\service\UserServiceImpl$1.class], file [F:\Git\JAVAProject\HDU_Minitor\target\classes\cn\hdu\HDU_Minitor\service\UserServiceImpl$2.class], file [F:\Git\JAVAProject\HDU_Minitor\target\classes\cn\hdu\HDU_Minitor\service\UserServiceImpl$3.class], file [F:\Git\JAVAProject\HDU_Minitor\target\classes\cn\hdu\HDU_Minitor\service\UserServiceImpl.class], file [F:\Git\JAVAProject\HDU_Minitor\target\classes\cn\hdu\HDU_Minitor\util\MinitorResult.class], file [F:\Git\JAVAProject\HDU_Minitor\target\classes\cn\hdu\HDU_Minitor\util\MinitorUtil.class], file [F:\Git\JAVAProject\HDU_Minitor\target\classes\cn\hdu\HDU_Minitor\util\SendPhoneMsg.class]]
14:07:09.511 [main] DEBUG o.s.c.a.ClassPathBeanDefinitionScanner - Identified candidate component class: file [F:\Git\JAVAProject\HDU_Minitor\target\classes\cn\hdu\HDU_Minitor\controller\AddBuildContorller.class]
14:07:09.512 [main] DEBUG o.s.c.a.ClassPathBeanDefinitionScanner - Identified candidate component class: file [F:\Git\JAVAProject\HDU_Minitor\target\classes\cn\hdu\HDU_Minitor\controller\AddRoomController.class]
14:07:09.513 [main] DEBUG o.s.c.a.ClassPathBeanDefinitionScanner - Identified candidate component class: file [F:\Git\JAVAProject\HDU_Minitor\target\classes\cn\hdu\HDU_Minitor\controller\AddUserController.class]
14:07:09.514 [main] DEBUG o.s.c.a.ClassPathBeanDefinitionScanner - Identified candidate component class: file [F:\Git\JAVAProject\HDU_Minitor\target\classes\cn\hdu\HDU_Minitor\controller\AdminLoadUserController.class]
14:07:09.514 [main] DEBUG o.s.c.a.ClassPathBeanDefinitionScanner - Identified candidate component class: file [F:\Git\JAVAProject\HDU_Minitor\target\classes\cn\hdu\HDU_Minitor\controller\DeleteUserController.class]
14:07:09.515 [main] DEBUG o.s.c.a.ClassPathBeanDefinitionScanner - Identified candidate component class: file [F:\Git\JAVAProject\HDU_Minitor\target\classes\cn\hdu\HDU_Minitor\controller\device\DeviceUploadInfoController.class]
14:07:09.515 [main] DEBUG o.s.c.a.ClassPathBeanDefinitionScanner - Identified candidate component class: file [F:\Git\JAVAProject\HDU_Minitor\target\classes\cn\hdu\HDU_Minitor\controller\LoadBuildController.class]
14:07:09.517 [main] DEBUG o.s.c.a.ClassPathBeanDefinitionScanner - Identified candidate component class: file [F:\Git\JAVAProject\HDU_Minitor\target\classes\cn\hdu\HDU_Minitor\controller\LoadRoomController.class]
14:07:09.518 [main] DEBUG o.s.c.a.ClassPathBeanDefinitionScanner - Identified candidate component class: file [F:\Git\JAVAProject\HDU_Minitor\target\classes\cn\hdu\HDU_Minitor\controller\RemoveBuildController.class]
14:07:09.519 [main] DEBUG o.s.c.a.ClassPathBeanDefinitionScanner - Identified candidate component class: file [F:\Git\JAVAProject\HDU_Minitor\target\classes\cn\hdu\HDU_Minitor\controller\UserGetRdmPwdController.class]
14:07:09.520 [main] DEBUG o.s.c.a.ClassPathBeanDefinitionScanner - Identified candidate component class: file [F:\Git\JAVAProject\HDU_Minitor\target\classes\cn\hdu\HDU_Minitor\controller\UserLoginController.class]
14:07:09.524 [main] DEBUG o.s.c.a.ClassPathBeanDefinitionScanner - Identified candidate component class: file [F:\Git\JAVAProject\HDU_Minitor\target\classes\cn\hdu\HDU_Minitor\service\BuildServiceImpl.class]
14:07:09.525 [main] DEBUG o.s.c.a.ClassPathBeanDefinitionScanner - Identified candidate component class: file [F:\Git\JAVAProject\HDU_Minitor\target\classes\cn\hdu\HDU_Minitor\service\RoomSericeImpl.class]
14:07:09.528 [main] DEBUG o.s.c.a.ClassPathBeanDefinitionScanner - Identified candidate component class: file [F:\Git\JAVAProject\HDU_Minitor\target\classes\cn\hdu\HDU_Minitor\service\UserServiceImpl.class]
14:07:09.532 [main] DEBUG o.s.b.f.xml.XmlBeanDefinitionReader - Loaded 32 bean definitions from location pattern [conf/spring-mvc.xml]
14:07:09.532 [main] INFO  o.s.b.f.xml.XmlBeanDefinitionReader - Loading XML bean definitions from class path resource [conf/spring-mybatis.xml]
14:07:09.541 [main] DEBUG o.s.b.f.xml.DefaultDocumentLoader - Using JAXP provider [com.sun.org.apache.xerces.internal.jaxp.DocumentBuilderFactoryImpl]
14:07:09.543 [main] DEBUG o.s.b.f.xml.PluggableSchemaResolver - Found XML schema [http://www.springframework.org/schema/beans/spring-beans-3.2.xsd] in classpath: org/springframework/beans/factory/xml/spring-beans-3.2.xsd
14:07:09.552 [main] DEBUG o.s.b.f.x.DefaultBeanDefinitionDocumentReader - Loading bean definitions
14:07:09.553 [main] DEBUG o.s.b.f.xml.XmlBeanDefinitionReader - Loaded 3 bean definitions from location pattern [conf/spring-mybatis.xml]
14:07:09.553 [main] INFO  o.s.b.f.xml.XmlBeanDefinitionReader - Loading XML bean definitions from class path resource [conf/spring-transaction.xml]
14:07:09.574 [main] DEBUG o.s.b.f.xml.DefaultDocumentLoader - Using JAXP provider [com.sun.org.apache.xerces.internal.jaxp.DocumentBuilderFactoryImpl]
14:07:09.576 [main] DEBUG o.s.b.f.xml.PluggableSchemaResolver - Found XML schema [http://www.springframework.org/schema/beans/spring-beans-3.2.xsd] in classpath: org/springframework/beans/factory/xml/spring-beans-3.2.xsd
14:07:09.600 [main] DEBUG o.s.b.f.xml.PluggableSchemaResolver - Found XML schema [http://www.springframework.org/schema/tx/spring-tx-3.2.xsd] in classpath: org/springframework/transaction/config/spring-tx-3.2.xsd
14:07:09.602 [main] DEBUG o.s.b.f.xml.PluggableSchemaResolver - Found XML schema [http://www.springframework.org/schema/tool/spring-tool-3.2.xsd] in classpath: org/springframework/beans/factory/xml/spring-tool-3.2.xsd
14:07:09.605 [main] DEBUG o.s.b.f.x.DefaultBeanDefinitionDocumentReader - Loading bean definitions
14:07:09.606 [main] DEBUG o.s.b.f.xml.XmlBeanDefinitionReader - Loaded 6 bean definitions from location pattern [conf/spring-transaction.xml]
14:07:09.606 [main] DEBUG o.s.c.s.ClassPathXmlApplicationContext - Bean factory for org.springframework.context.support.ClassPathXmlApplicationContext@4c447c09: org.springframework.beans.factory.support.DefaultListableBeanFactory@38f77cd9: defining beans [addBuildContorller,addRoomController,addUserController,adminLoadUserController,deleteUserController,deviceUploadInfoController,loadBuildController,loadRoomController,removeBuildController,userGetRdmPwdController,userLoginController,buildService,roomService,userService,org.springframework.context.annotation.internalConfigurationAnnotationProcessor,org.springframework.context.annotation.internalAutowiredAnnotationProcessor,org.springframework.context.annotation.internalRequiredAnnotationProcessor,org.springframework.context.event.internalEventListenerProcessor,org.springframework.context.event.internalEventListenerFactory,mvcContentNegotiationManager,org.springframework.web.servlet.mvc.method.annotation.RequestMappingHandlerMapping,mvcCorsConfigurations,org.springframework.format.support.FormattingConversionServiceFactoryBean#0,org.springframework.web.servlet.mvc.method.annotation.RequestMappingHandlerAdapter,mvcUriComponentsContributor,org.springframework.web.servlet.handler.MappedInterceptor#0,org.springframework.web.servlet.mvc.method.annotation.ExceptionHandlerExceptionResolver#0,org.springframework.web.servlet.mvc.annotation.ResponseStatusExceptionResolver#0,org.springframework.web.servlet.mvc.support.DefaultHandlerExceptionResolver#0,org.springframework.web.servlet.handler.BeanNameUrlHandlerMapping,org.springframework.web.servlet.mvc.HttpRequestHandlerAdapter,org.springframework.web.servlet.mvc.SimpleControllerHandlerAdapter,dbcp,ssf,mapperScanner,txManger,org.springframework.transaction.config.internalTransactionalEventListenerFactory,org.springframework.aop.config.internalAutoProxyCreator,org.springframework.transaction.annotation.AnnotationTransactionAttributeSource#0,org.springframework.transaction.interceptor.TransactionInterceptor#0,org.springframework.transaction.config.internalTransactionAdvisor]; root of factory hierarchy
14:07:09.607 [main] DEBUG o.s.b.f.s.DefaultListableBeanFactory - Creating shared instance of singleton bean &apos;org.springframework.context.annotation.internalConfigurationAnnotationProcessor&apos;
14:07:09.607 [main] DEBUG o.s.b.f.s.DefaultListableBeanFactory - Creating instance of bean &apos;org.springframework.context.annotation.internalConfigurationAnnotationProcessor&apos;
14:07:09.608 [main] DEBUG o.s.b.f.s.DefaultListableBeanFactory - Eagerly caching bean &apos;org.springframework.context.annotation.internalConfigurationAnnotationProcessor&apos; to allow for resolving potential circular references
14:07:09.608 [main] DEBUG o.s.b.f.s.DefaultListableBeanFactory - Finished creating instance of bean &apos;org.springframework.context.annotation.internalConfigurationAnnotationProcessor&apos;
14:07:09.637 [main] DEBUG o.s.b.f.s.DefaultListableBeanFactory - Creating shared instance of singleton bean &apos;mapperScanner&apos;
14:07:09.637 [main] DEBUG o.s.b.f.s.DefaultListableBeanFactory - Creating instance of bean &apos;mapperScanner&apos;
14:07:09.637 [main] DEBUG o.s.b.f.s.DefaultListableBeanFactory - Eagerly caching bean &apos;mapperScanner&apos; to allow for resolving potential circular references
14:07:09.640 [main] DEBUG o.s.b.f.s.DefaultListableBeanFactory - Invoking afterPropertiesSet() on bean with name &apos;mapperScanner&apos;
14:07:09.640 [main] DEBUG o.s.b.f.s.DefaultListableBeanFactory - Finished creating instance of bean &apos;mapperScanner&apos;
14:07:09.640 [main] DEBUG o.s.core.env.StandardEnvironment - Adding PropertySource &apos;systemProperties&apos; with lowest search precedence
14:07:09.640 [main] DEBUG o.s.core.env.StandardEnvironment - Adding PropertySource &apos;systemEnvironment&apos; with lowest search precedence
14:07:09.640 [main] DEBUG o.s.core.env.StandardEnvironment - Initialized StandardEnvironment with PropertySources [MapPropertySource@1295803795 {name=&apos;systemProperties&apos;, properties={sun.desktop=windows, awt.toolkit=sun.awt.windows.WToolkit, java.specification.version=9, file.encoding.pkg=sun.io, sun.cpu.isalist=amd64, sun.jnu.encoding=GBK, java.class.path=F:\Git\JAVAProject\HDU_Minitor\target\test-classes;F:\Git\JAVAProject\HDU_Minitor\target\classes;E:\eclipse-workspace\.m2\repository\org\springframework\spring-webmvc\4.3.11.RELEASE\spring-webmvc-4.3.11.RELEASE.jar;E:\eclipse-workspace\.m2\repository\org\springframework\spring-aop\4.3.11.RELEASE\spring-aop-4.3.11.RELEASE.jar;E:\eclipse-workspace\.m2\repository\org\springframework\spring-beans\4.3.11.RELEASE\spring-beans-4.3.11.RELEASE.jar;E:\eclipse-workspace\.m2\repository\org\springframework\spring-context\4.3.11.RELEASE\spring-context-4.3.11.RELEASE.jar;E:\eclipse-workspace\.m2\repository\org\springframework\spring-core\4.3.11.RELEASE\spring-core-4.3.11.RELEASE.jar;E:\eclipse-workspace\.m2\repository\commons-logging\commons-logging\1.2\commons-logging-1.2.jar;E:\eclipse-workspace\.m2\repository\org\springframework\spring-expression\4.3.11.RELEASE\spring-expression-4.3.11.RELEASE.jar;E:\eclipse-workspace\.m2\repository\org\springframework\spring-web\4.3.11.RELEASE\spring-web-4.3.11.RELEASE.jar;E:\eclipse-workspace\.m2\repository\org\springframework\spring-jdbc\4.3.11.RELEASE\spring-jdbc-4.3.11.RELEASE.jar;E:\eclipse-workspace\.m2\repository\org\springframework\spring-tx\4.3.11.RELEASE\spring-tx-4.3.11.RELEASE.jar;E:\eclipse-workspace\.m2\repository\commons-dbcp\commons-dbcp\1.4\commons-dbcp-1.4.jar;E:\eclipse-workspace\.m2\repository\commons-pool\commons-pool\1.5.4\commons-pool-1.5.4.jar;E:\eclipse-workspace\.m2\repository\mysql\mysql-connector-java\5.1.37\mysql-connector-java-5.1.37.jar;E:\eclipse-workspace\.m2\repository\org\mybatis\mybatis\3.4.6\mybatis-3.4.6.jar;E:\eclipse-workspace\.m2\repository\org\mybatis\mybatis-spring\1.3.1\mybatis-spring-1.3.1.jar;E:\eclipse-workspace\.m2\repository\jstl\jstl\1.2\jstl-1.2.jar;E:\eclipse-workspace\.m2\repository\com\mangofactory\swagger-springmvc\1.0.2\swagger-springmvc-1.0.2.jar;E:\eclipse-workspace\.m2\repository\org\slf4j\slf4j-api\1.7.7\slf4j-api-1.7.7.jar;E:\eclipse-workspace\.m2\repository\joda-time\joda-time\2.5\joda-time-2.5.jar;E:\eclipse-workspace\.m2\repository\com\mangofactory\swagger-models\1.0.2\swagger-models-1.0.2.jar;E:\eclipse-workspace\.m2\repository\com\wordnik\swagger-annotations\1.3.11\swagger-annotations-1.3.11.jar;E:\eclipse-workspace\.m2\repository\com\google\guava\guava\15.0\guava-15.0.jar;E:\eclipse-workspace\.m2\repository\com\fasterxml\jackson\core\jackson-annotations\2.6.1\jackson-annotations-2.6.1.jar;E:\eclipse-workspace\.m2\repository\com\fasterxml\jackson\core\jackson-databind\2.6.1\jackson-databind-2.6.1.jar;E:\eclipse-workspace\.m2\repository\com\fasterxml\jackson\core\jackson-core\2.6.1\jackson-core-2.6.1.jar;E:\eclipse-workspace\.m2\repository\com\fasterxml\classmate\1.1.0\classmate-1.1.0.jar;E:\eclipse-workspace\.m2\repository\org\springframework\data\spring-data-redis\1.8.7.RELEASE\spring-data-redis-1.8.7.RELEASE.jar;E:\eclipse-workspace\.m2\repository\org\springframework\data\spring-data-keyvalue\1.2.7.RELEASE\spring-data-keyvalue-1.2.7.RELEASE.jar;E:\eclipse-workspace\.m2\repository\org\springframework\data\spring-data-commons\1.13.7.RELEASE\spring-data-commons-1.13.7.RELEASE.jar;E:\eclipse-workspace\.m2\repository\org\springframework\spring-oxm\4.3.11.RELEASE\spring-oxm-4.3.11.RELEASE.jar;E:\eclipse-workspace\.m2\repository\org\springframework\spring-context-support\4.3.11.RELEASE\spring-context-support-4.3.11.RELEASE.jar;E:\eclipse-workspace\.m2\repository\org\slf4j\jcl-over-slf4j\1.7.25\jcl-over-slf4j-1.7.25.jar;E:\eclipse-workspace\.m2\repository\redis\clients\jedis\2.9.0\jedis-2.9.0.jar;E:\eclipse-workspace\.m2\repository\org\apache\commons\commons-pool2\2.4.2\commons-pool2-2.4.2.jar;E:\eclipse-workspace\.m2\repository\ch\qos\logback\logback-classic\0.9.24\logback-classic-0.9.24.jar;E:\eclipse-workspace\.m2\repository\ch\qos\logback\logback-core\0.9.24\logback-core-0.9.24.jar;E:\eclipse-workspace\.m2\repository\log4j\log4j\1.2.17\log4j-1.2.17.jar;E:\eclipse-workspace\.m2\repository\org\aspectj\aspectjrt\1.8.10\aspectjrt-1.8.10.jar;E:\eclipse-workspace\.m2\repository\org\aspectj\aspectjweaver\1.8.10\aspectjweaver-1.8.10.jar;E:\eclipse-workspace\.m2\repository\junit\junit\4.11\junit-4.11.jar;E:\eclipse-workspace\.m2\repository\org\hamcrest\hamcrest-core\1.3\hamcrest-core-1.3.jar;E:\eclipse-workspace\.m2\repository\javax\servlet\servlet-api\2.5\servlet-api-2.5.jar;E:\eclipse-workspace\.m2\repository\javax\servlet\jsp\jsp-api\2.1.3-b06\jsp-api-2.1.3-b06.jar;E:\eclipse-workspace\.m2\repository\org\glassfish\javax.servlet\3.0-b70\javax.servlet-3.0-b70.jar;E:\eclipse-workspace\.m2\repository\javax\el\el-api\2.1.2-b05\el-api-2.1.2-b05.jar;, java.vm.vendor=Oracle Corporation, sun.arch.data.model=64, user.variant=, java.vendor.url=http://java.oracle.com/, user.timezone=Asia/Shanghai, os.name=Windows 7, java.vm.specification.version=9, sun.java.launcher=SUN_STANDARD, user.country=CN, sun.boot.library.path=E:\Java\jdk 9.01\bin, sun.java.command=F:\Git\JAVAProject\HDU_Minitor\target\surefire\surefirebooter9040375031050353846.jar F:\Git\JAVAProject\HDU_Minitor\target\surefire\surefire6366189002758959061tmp F:\Git\JAVAProject\HDU_Minitor\target\surefire\surefire_013619108730529990772tmp, jdk.debug=release, surefire.test.class.path=F:\Git\JAVAProject\HDU_Minitor\target\test-classes;F:\Git\JAVAProject\HDU_Minitor\target\classes;E:\eclipse-workspace\.m2\repository\org\springframework\spring-webmvc\4.3.11.RELEASE\spring-webmvc-4.3.11.RELEASE.jar;E:\eclipse-workspace\.m2\repository\org\springframework\spring-aop\4.3.11.RELEASE\spring-aop-4.3.11.RELEASE.jar;E:\eclipse-workspace\.m2\repository\org\springframework\spring-beans\4.3.11.RELEASE\spring-beans-4.3.11.RELEASE.jar;E:\eclipse-workspace\.m2\repository\org\springframework\spring-context\4.3.11.RELEASE\spring-context-4.3.11.RELEASE.jar;E:\eclipse-workspace\.m2\repository\org\springframework\spring-core\4.3.11.RELEASE\spring-core-4.3.11.RELEASE.jar;E:\eclipse-workspace\.m2\repository\commons-logging\commons-logging\1.2\commons-logging-1.2.jar;E:\eclipse-workspace\.m2\repository\org\springframework\spring-expression\4.3.11.RELEASE\spring-expression-4.3.11.RELEASE.jar;E:\eclipse-workspace\.m2\repository\org\springframework\spring-web\4.3.11.RELEASE\spring-web-4.3.11.RELEASE.jar;E:\eclipse-workspace\.m2\repository\org\springframework\spring-jdbc\4.3.11.RELEASE\spring-jdbc-4.3.11.RELEASE.jar;E:\eclipse-workspace\.m2\repository\org\springframework\spring-tx\4.3.11.RELEASE\spring-tx-4.3.11.RELEASE.jar;E:\eclipse-workspace\.m2\repository\commons-dbcp\commons-dbcp\1.4\commons-dbcp-1.4.jar;E:\eclipse-workspace\.m2\repository\commons-pool\commons-pool\1.5.4\commons-pool-1.5.4.jar;E:\eclipse-workspace\.m2\repository\mysql\mysql-connector-java\5.1.37\mysql-connector-java-5.1.37.jar;E:\eclipse-workspace\.m2\repository\org\mybatis\mybatis\3.4.6\mybatis-3.4.6.jar;E:\eclipse-workspace\.m2\repository\org\mybatis\mybatis-spring\1.3.1\mybatis-spring-1.3.1.jar;E:\eclipse-workspace\.m2\repository\jstl\jstl\1.2\jstl-1.2.jar;E:\eclipse-workspace\.m2\repository\com\mangofactory\swagger-springmvc\1.0.2\swagger-springmvc-1.0.2.jar;E:\eclipse-workspace\.m2\repository\org\slf4j\slf4j-api\1.7.7\slf4j-api-1.7.7.jar;E:\eclipse-workspace\.m2\repository\joda-time\joda-time\2.5\joda-time-2.5.jar;E:\eclipse-workspace\.m2\repository\com\mangofactory\swagger-models\1.0.2\swagger-models-1.0.2.jar;E:\eclipse-workspace\.m2\repository\com\wordnik\swagger-annotations\1.3.11\swagger-annotations-1.3.11.jar;E:\eclipse-workspace\.m2\repository\com\google\guava\guava\15.0\guava-15.0.jar;E:\eclipse-workspace\.m2\repository\com\fasterxml\jackson\core\jackson-annotations\2.6.1\jackson-annotations-2.6.1.jar;E:\eclipse-workspace\.m2\repository\com\fasterxml\jackson\core\jackson-databind\2.6.1\jackson-databind-2.6.1.jar;E:\eclipse-workspace\.m2\repository\com\fasterxml\jackson\core\jackson-core\2.6.1\jackson-core-2.6.1.jar;E:\eclipse-workspace\.m2\repository\com\fasterxml\classmate\1.1.0\classmate-1.1.0.jar;E:\eclipse-workspace\.m2\repository\org\springframework\data\spring-data-redis\1.8.7.RELEASE\spring-data-redis-1.8.7.RELEASE.jar;E:\eclipse-workspace\.m2\repository\org\springframework\data\spring-data-keyvalue\1.2.7.RELEASE\spring-data-keyvalue-1.2.7.RELEASE.jar;E:\eclipse-workspace\.m2\repository\org\springframework\data\spring-data-commons\1.13.7.RELEASE\spring-data-commons-1.13.7.RELEASE.jar;E:\eclipse-workspace\.m2\repository\org\springframework\spring-oxm\4.3.11.RELEASE\spring-oxm-4.3.11.RELEASE.jar;E:\eclipse-workspace\.m2\repository\org\springframework\spring-context-support\4.3.11.RELEASE\spring-context-support-4.3.11.RELEASE.jar;E:\eclipse-workspace\.m2\repository\org\slf4j\jcl-over-slf4j\1.7.25\jcl-over-slf4j-1.7.25.jar;E:\eclipse-workspace\.m2\repository\redis\clients\jedis\2.9.0\jedis-2.9.0.jar;E:\eclipse-workspace\.m2\repository\org\apache\commons\commons-pool2\2.4.2\commons-pool2-2.4.2.jar;E:\eclipse-workspace\.m2\repository\ch\qos\logback\logback-classic\0.9.24\logback-classic-0.9.24.jar;E:\eclipse-workspace\.m2\repository\ch\qos\logback\logback-core\0.9.24\logback-core-0.9.24.jar;E:\eclipse-workspace\.m2\repository\log4j\log4j\1.2.17\log4j-1.2.17.jar;E:\eclipse-workspace\.m2\repository\org\aspectj\aspectjrt\1.8.10\aspectjrt-1.8.10.jar;E:\eclipse-workspace\.m2\repository\org\aspectj\aspectjweaver\1.8.10\aspectjweaver-1.8.10.jar;E:\eclipse-workspace\.m2\repository\junit\junit\4.11\junit-4.11.jar;E:\eclipse-workspace\.m2\repository\org\hamcrest\hamcrest-core\1.3\hamcrest-core-1.3.jar;E:\eclipse-workspace\.m2\repository\javax\servlet\servlet-api\2.5\servlet-api-2.5.jar;E:\eclipse-workspace\.m2\repository\javax\servlet\jsp\jsp-api\2.1.3-b06\jsp-api-2.1.3-b06.jar;E:\eclipse-workspace\.m2\repository\org\glassfish\javax.servlet\3.0-b70\javax.servlet-3.0-b70.jar;E:\eclipse-workspace\.m2\repository\javax\el\el-api\2.1.2-b05\el-api-2.1.2-b05.jar;, sun.cpu.endian=little, user.home=C:\Users\SunWay, user.language=zh, java.specification.vendor=Oracle Corporation, java.home=E:\Java\jdk 9.01, file.separator=\, basedir=F:\Git\JAVAProject\HDU_Minitor, java.vm.compressedOopsMode=32-bit, line.separator=
, java.vm.specification.vendor=Oracle Corporation, java.specification.name=Java Platform API Specification, java.awt.graphicsenv=sun.awt.Win32GraphicsEnvironment, surefire.real.class.path=F:\Git\JAVAProject\HDU_Minitor\target\surefire\surefirebooter9040375031050353846.jar, user.script=, sun.management.compiler=HotSpot 64-Bit Tiered Compilers, java.runtime.version=9.0.1+11, user.name=SunWay, path.separator=;, os.version=6.1, java.runtime.name=Java(TM) SE Runtime Environment, file.encoding=GBK, java.vm.name=Java HotSpot(TM) 64-Bit Server VM, localRepository=E:\eclipse-workspace\.m2\repository, java.vendor.url.bug=http://bugreport.java.com/bugreport/, java.io.tmpdir=C:\Users\SunWay\AppData\Local\Temp\, java.version=9.0.1, user.dir=F:\Git\JAVAProject\HDU_Minitor, os.arch=amd64, java.vm.specification.name=Java Virtual Machine Specification, java.awt.printerjob=sun.awt.windows.WPrinterJob, sun.os.patch.level=Service Pack 1, java.library.path=E:\Java\jdk 9.01\bin;C:\Windows\Sun\Java\bin;C:\Windows\system32;C:\Windows;E:\OracleXE\OracleInstall\app\oracle\product\10.2.0\server\bin;C:\ProgramData\Oracle\Java\javapath;C:\Program Files (x86)\NVIDIA Corporation\PhysX\Common;C:\Program Files (x86)\Intel\iCLS Client\;C:\Program Files\Intel\iCLS Client\;C:\Windows\system32;C:\Windows;C:\Windows\System32\Wbem;C:\Windows\System32\WindowsPowerShell\v1.0\;C:\Program Files (x86)\Intel\OpenCL SDK\2.0\bin\x86;C:\Program Files (x86)\Intel\OpenCL SDK\2.0\bin\x64;C:\Program Files\Intel\Intel(R) Management Engine Components\DAL;C:\Program Files\Intel\Intel(R) Management Engine Components\IPT;E:\Java\jdk 9.01\bin;E:\Java\jdk 9.01\jre\bin;C:\Program Files (x86)\Intel\Intel(R) Management Engine Components\DAL;C:\Program Files (x86)\Intel\Intel(R) Management Engine Components\IPT;E:\eclipse-workspace\tomcat\bin;%CATLINA_HOME%\lib;F:\Git\cmd;E:\matlab\bin\win32;C:\Program Files (x86)\Microsoft Visual Studio\Common\Tools\WinNT;C:\Program Files (x86)\Microsoft Visual Studio\Common\MSDev98\Bin;C:\Program Files (x86)\Microsoft Visual Studio\Common\Tools;C:\Program Files (x86)\Microsoft Visual Studio\VC98\bin;., java.vm.info=mixed mode, java.vendor=Oracle Corporation, java.vm.version=9.0.1+11, sun.io.unicode.encoding=UnicodeLittle, java.class.version=53.0}}, SystemEnvironmentPropertySource@1948689480 {name=&apos;systemEnvironment&apos;, properties={ACTEL_FOR_ALTIUM_OVERRIDE= , PATH=E:\OracleXE\OracleInstall\app\oracle\product\10.2.0\server\bin;C:\ProgramData\Oracle\Java\javapath;C:\Program Files (x86)\NVIDIA Corporation\PhysX\Common;C:\Program Files (x86)\Intel\iCLS Client\;C:\Program Files\Intel\iCLS Client\;C:\Windows\system32;C:\Windows;C:\Windows\System32\Wbem;C:\Windows\System32\WindowsPowerShell\v1.0\;C:\Program Files (x86)\Intel\OpenCL SDK\2.0\bin\x86;C:\Program Files (x86)\Intel\OpenCL SDK\2.0\bin\x64;C:\Program Files\Intel\Intel(R) Management Engine Components\DAL;C:\Program Files\Intel\Intel(R) Management Engine Components\IPT;E:\Java\jdk 9.01\bin;E:\Java\jdk 9.01\jre\bin;C:\Program Files (x86)\Intel\Intel(R) Management Engine Components\DAL;C:\Program Files (x86)\Intel\Intel(R) Management Engine Components\IPT;E:\eclipse-workspace\tomcat\bin;%CATLINA_HOME%\lib;F:\Git\cmd;E:\matlab\bin\win32;C:\Program Files (x86)\Microsoft Visual Studio\Common\Tools\WinNT;C:\Program Files (x86)\Microsoft Visual Studio\Common\MSDev98\Bin;C:\Program Files (x86)\Microsoft Visual Studio\Common\Tools;C:\Program Files (x86)\Microsoft Visual Studio\VC98\bin, LOCALAPPDATA=C:\Users\SunWay\AppData\Local, PROCESSOR_LEVEL=6, SYSTEMDRIVE=C:, COMMONPROGRAMFILES(X86)=C:\Program Files (x86)\Common Files, FP_NO_HOST_CHECK=NO, USERDOMAIN=SunWay-PC, LOGONSERVER=\\SUNWAY-PC, JAVA_HOME=E:\Java\jdk 9.01, PROMPT=$P$G, SESSIONNAME=Console, ALLUSERSPROFILE=C:\ProgramData, ALTERA_FOR_ALTIUM_OVERRIDE= , PROGRAMFILES(X86)=C:\Program Files (x86), PROCESSOR_ARCHITECTURE=AMD64, PROGRAMFILES=C:\Program Files, APPDATA=C:\Users\SunWay\AppData\Roaming, PSMODULEPATH=C:\Windows\system32\WindowsPowerShell\v1.0\Modules\, PROGRAMW6432=C:\Program Files, PROGRAMDATA=C:\ProgramData, SYSTEMROOT=C:\Windows, USERNAME=SunWay, TOMCAT_HOME=E:\eclipse-workspace\tomcat, INCLUDE=C:\Program Files (x86)\Microsoft Visual Studio\VC98\atl\include;C:\Program Files (x86)\Microsoft Visual Studio\VC98\mfc\include;C:\Program Files (x86)\Microsoft Visual Studio\VC98\include, PATHEXT=.COM;.EXE;.BAT;.CMD;.VBS;.VBE;.JS;.JSE;.WSF;.WSH;.MSC, LIB=C:\Program Files (x86)\Microsoft Visual Studio\VC98\mfc\lib;C:\Program Files (x86)\Microsoft Visual Studio\VC98\lib, OS=Windows_NT, COMMONPROGRAMW6432=C:\Program Files\Common Files, COMPUTERNAME=SUNWAY-PC, COMMONPROGRAMFILES=C:\Program Files\Common Files, COMSPEC=C:\Windows\system32\cmd.exe, CATALINA_HOME=E:\eclipse-workspace\tomcat, PROCESSOR_REVISION=3a09, WINDIR=C:\Windows, =F:=F:\Git\JAVAProject\HDU_Minitor, HOMEPATH=\Users\SunWay, TEMP=C:\Users\SunWay\AppData\Local\Temp, HOMEDRIVE=C:, PROCESSOR_IDENTIFIER=Intel64 Family 6 Model 58 Stepping 9, GenuineIntel, USERPROFILE=C:\Users\SunWay, TMP=C:\Users\SunWay\AppData\Local\Temp, PUBLIC=C:\Users\Public, NUMBER_OF_PROCESSORS=4}}]
14:07:09.650 [main] DEBUG o.s.c.i.s.PathMatchingResourcePatternResolver - Resolved classpath location [cn/hdu/HDU_Minitor/dao/] to resources [URL [file:/F:/Git/JAVAProject/HDU_Minitor/target/classes/cn/hdu/HDU_Minitor/dao/]]
14:07:09.651 [main] DEBUG o.s.c.i.s.PathMatchingResourcePatternResolver - Looking for matching resources in directory tree [F:\Git\JAVAProject\HDU_Minitor\target\classes\cn\hdu\HDU_Minitor\dao]
14:07:09.651 [main] DEBUG o.s.c.i.s.PathMatchingResourcePatternResolver - Searching directory [F:\Git\JAVAProject\HDU_Minitor\target\classes\cn\hdu\HDU_Minitor\dao] for files matching pattern [F:/Git/JAVAProject/HDU_Minitor/target/classes/cn/hdu/HDU_Minitor/dao/**/*.class]
14:07:09.651 [main] DEBUG o.s.c.i.s.PathMatchingResourcePatternResolver - Resolved location pattern [classpath*:cn/hdu/HDU_Minitor/dao/**/*.class] to resources [file [F:\Git\JAVAProject\HDU_Minitor\target\classes\cn\hdu\HDU_Minitor\dao\BuildDao.class], file [F:\Git\JAVAProject\HDU_Minitor\target\classes\cn\hdu\HDU_Minitor\dao\DeviceDao.class], file [F:\Git\JAVAProject\HDU_Minitor\target\classes\cn\hdu\HDU_Minitor\dao\RoomDao.class], file [F:\Git\JAVAProject\HDU_Minitor\target\classes\cn\hdu\HDU_Minitor\dao\UserBuildDao.class], file [F:\Git\JAVAProject\HDU_Minitor\target\classes\cn\hdu\HDU_Minitor\dao\UserDao.class], file [F:\Git\JAVAProject\HDU_Minitor\target\classes\cn\hdu\HDU_Minitor\dao\UserRoomDao.class]]
14:07:09.652 [main] DEBUG o.m.s.mapper.ClassPathMapperScanner - Identified candidate component class: file [F:\Git\JAVAProject\HDU_Minitor\target\classes\cn\hdu\HDU_Minitor\dao\BuildDao.class]
14:07:09.652 [main] DEBUG o.m.s.mapper.ClassPathMapperScanner - Identified candidate component class: file [F:\Git\JAVAProject\HDU_Minitor\target\classes\cn\hdu\HDU_Minitor\dao\DeviceDao.class]
14:07:09.652 [main] DEBUG o.m.s.mapper.ClassPathMapperScanner - Identified candidate component class: file [F:\Git\JAVAProject\HDU_Minitor\target\classes\cn\hdu\HDU_Minitor\dao\RoomDao.class]
14:07:09.652 [main] DEBUG o.m.s.mapper.ClassPathMapperScanner - Identified candidate component class: file [F:\Git\JAVAProject\HDU_Minitor\target\classes\cn\hdu\HDU_Minitor\dao\UserBuildDao.class]
14:07:09.653 [main] DEBUG o.m.s.mapper.ClassPathMapperScanner - Identified candidate component class: file [F:\Git\JAVAProject\HDU_Minitor\target\classes\cn\hdu\HDU_Minitor\dao\UserDao.class]
14:07:09.653 [main] DEBUG o.m.s.mapper.ClassPathMapperScanner - Identified candidate component class: file [F:\Git\JAVAProject\HDU_Minitor\target\classes\cn\hdu\HDU_Minitor\dao\UserRoomDao.class]
14:07:09.653 [main] DEBUG o.m.s.mapper.ClassPathMapperScanner - Creating MapperFactoryBean with name &apos;buildDao&apos; and &apos;cn.hdu.HDU_Minitor.dao.BuildDao&apos; mapperInterface
14:07:09.653 [main] DEBUG o.m.s.mapper.ClassPathMapperScanner - Enabling autowire by type for MapperFactoryBean with name &apos;buildDao&apos;.
14:07:09.653 [main] DEBUG o.m.s.mapper.ClassPathMapperScanner - Creating MapperFactoryBean with name &apos;deviceDao&apos; and &apos;cn.hdu.HDU_Minitor.dao.DeviceDao&apos; mapperInterface
14:07:09.653 [main] DEBUG o.m.s.mapper.ClassPathMapperScanner - Enabling autowire by type for MapperFactoryBean with name &apos;deviceDao&apos;.
14:07:09.653 [main] DEBUG o.m.s.mapper.ClassPathMapperScanner - Creating MapperFactoryBean with name &apos;roomDao&apos; and &apos;cn.hdu.HDU_Minitor.dao.RoomDao&apos; mapperInterface
14:07:09.653 [main] DEBUG o.m.s.mapper.ClassPathMapperScanner - Enabling autowire by type for MapperFactoryBean with name &apos;roomDao&apos;.
14:07:09.653 [main] DEBUG o.m.s.mapper.ClassPathMapperScanner - Creating MapperFactoryBean with name &apos;userBuildDao&apos; and &apos;cn.hdu.HDU_Minitor.dao.UserBuildDao&apos; mapperInterface
14:07:09.653 [main] DEBUG o.m.s.mapper.ClassPathMapperScanner - Enabling autowire by type for MapperFactoryBean with name &apos;userBuildDao&apos;.
14:07:09.667 [main] DEBUG o.m.s.mapper.ClassPathMapperScanner - Creating MapperFactoryBean with name &apos;userDao&apos; and &apos;cn.hdu.HDU_Minitor.dao.UserDao&apos; mapperInterface
14:07:09.667 [main] DEBUG o.m.s.mapper.ClassPathMapperScanner - Enabling autowire by type for MapperFactoryBean with name &apos;userDao&apos;.
14:07:09.667 [main] DEBUG o.m.s.mapper.ClassPathMapperScanner - Creating MapperFactoryBean with name &apos;userRoomDao&apos; and &apos;cn.hdu.HDU_Minitor.dao.UserRoomDao&apos; mapperInterface
14:07:09.667 [main] DEBUG o.m.s.mapper.ClassPathMapperScanner - Enabling autowire by type for MapperFactoryBean with name &apos;userRoomDao&apos;.
14:07:09.669 [main] DEBUG o.s.b.f.s.DefaultListableBeanFactory - Creating shared instance of singleton bean &apos;org.springframework.context.annotation.internalAutowiredAnnotationProcessor&apos;
14:07:09.669 [main] DEBUG o.s.b.f.s.DefaultListableBeanFactory - Creating instance of bean &apos;org.springframework.context.annotation.internalAutowiredAnnotationProcessor&apos;
14:07:09.670 [main] DEBUG o.s.b.f.s.DefaultListableBeanFactory - Eagerly caching bean &apos;org.springframework.context.annotation.internalAutowiredAnnotationProcessor&apos; to allow for resolving potential circular references
14:07:09.673 [main] DEBUG o.s.b.f.s.DefaultListableBeanFactory - Finished creating instance of bean &apos;org.springframework.context.annotation.internalAutowiredAnnotationProcessor&apos;
14:07:09.673 [main] DEBUG o.s.b.f.s.DefaultListableBeanFactory - Creating shared instance of singleton bean &apos;org.springframework.context.annotation.internalRequiredAnnotationProcessor&apos;
14:07:09.673 [main] DEBUG o.s.b.f.s.DefaultListableBeanFactory - Creating instance of bean &apos;org.springframework.context.annotation.internalRequiredAnnotationProcessor&apos;
14:07:09.673 [main] DEBUG o.s.b.f.s.DefaultListableBeanFactory - Eagerly caching bean &apos;org.springframework.context.annotation.internalRequiredAnnotationProcessor&apos; to allow for resolving potential circular references
14:07:09.675 [main] DEBUG o.s.b.f.s.DefaultListableBeanFactory - Finished creating instance of bean &apos;org.springframework.context.annotation.internalRequiredAnnotationProcessor&apos;
14:07:09.676 [main] DEBUG o.s.b.f.s.DefaultListableBeanFactory - Creating shared instance of singleton bean &apos;org.springframework.aop.config.internalAutoProxyCreator&apos;
14:07:09.676 [main] DEBUG o.s.b.f.s.DefaultListableBeanFactory - Creating instance of bean &apos;org.springframework.aop.config.internalAutoProxyCreator&apos;
14:07:09.676 [main] DEBUG o.s.b.f.s.DefaultListableBeanFactory - Eagerly caching bean &apos;org.springframework.aop.config.internalAutoProxyCreator&apos; to allow for resolving potential circular references
14:07:09.679 [main] DEBUG o.s.b.f.s.DefaultListableBeanFactory - Finished creating instance of bean &apos;org.springframework.aop.config.internalAutoProxyCreator&apos;
14:07:09.680 [main] DEBUG o.s.c.s.ClassPathXmlApplicationContext - Unable to locate MessageSource with name &apos;messageSource&apos;: using default [org.springframework.context.support.DelegatingMessageSource@516462cc]
14:07:09.680 [main] DEBUG o.s.c.s.ClassPathXmlApplicationContext - Unable to locate ApplicationEventMulticaster with name &apos;applicationEventMulticaster&apos;: using default [org.springframework.context.event.SimpleApplicationEventMulticaster@3456558]
14:07:09.681 [main] DEBUG o.s.b.f.s.DefaultListableBeanFactory - Pre-instantiating singletons in org.springframework.beans.factory.support.DefaultListableBeanFactory@38f77cd9: defining beans [addBuildContorller,addRoomController,addUserController,adminLoadUserController,deleteUserController,deviceUploadInfoController,loadBuildController,loadRoomController,removeBuildController,userGetRdmPwdController,userLoginController,buildService,roomService,userService,org.springframework.context.annotation.internalConfigurationAnnotationProcessor,org.springframework.context.annotation.internalAutowiredAnnotationProcessor,org.springframework.context.annotation.internalRequiredAnnotationProcessor,org.springframework.context.event.internalEventListenerProcessor,org.springframework.context.event.internalEventListenerFactory,mvcContentNegotiationManager,org.springframework.web.servlet.mvc.method.annotation.RequestMappingHandlerMapping,mvcCorsConfigurations,org.springframework.format.support.FormattingConversionServiceFactoryBean#0,org.springframework.web.servlet.mvc.method.annotation.RequestMappingHandlerAdapter,mvcUriComponentsContributor,org.springframework.web.servlet.handler.MappedInterceptor#0,org.springframework.web.servlet.mvc.method.annotation.ExceptionHandlerExceptionResolver#0,org.springframework.web.servlet.mvc.annotation.ResponseStatusExceptionResolver#0,org.springframework.web.servlet.mvc.support.DefaultHandlerExceptionResolver#0,org.springframework.web.servlet.handler.BeanNameUrlHandlerMapping,org.springframework.web.servlet.mvc.HttpRequestHandlerAdapter,org.springframework.web.servlet.mvc.SimpleControllerHandlerAdapter,dbcp,ssf,mapperScanner,txManger,org.springframework.transaction.config.internalTransactionalEventListenerFactory,org.springframework.aop.config.internalAutoProxyCreator,org.springframework.transaction.annotation.AnnotationTransactionAttributeSource#0,org.springframework.transaction.interceptor.TransactionInterceptor#0,org.springframework.transaction.config.internalTransactionAdvisor,buildDao,deviceDao,roomDao,userBuildDao,userDao,userRoomDao]; root of factory hierarchy
14:07:09.682 [main] DEBUG o.s.b.f.s.DefaultListableBeanFactory - Creating shared instance of singleton bean &apos;addBuildContorller&apos;
14:07:09.683 [main] DEBUG o.s.b.f.s.DefaultListableBeanFactory - Creating instance of bean &apos;addBuildContorller&apos;
14:07:09.683 [main] DEBUG o.s.b.f.s.DefaultListableBeanFactory - Eagerly caching bean &apos;addBuildContorller&apos; to allow for resolving potential circular references
14:07:09.684 [main] DEBUG o.s.b.f.s.DefaultListableBeanFactory - Creating shared instance of singleton bean &apos;org.springframework.transaction.config.internalTransactionAdvisor&apos;
14:07:09.684 [main] DEBUG o.s.b.f.s.DefaultListableBeanFactory - Creating instance of bean &apos;org.springframework.transaction.config.internalTransactionAdvisor&apos;
14:07:09.684 [main] DEBUG o.s.b.f.s.DefaultListableBeanFactory - Eagerly caching bean &apos;org.springframework.transaction.config.internalTransactionAdvisor&apos; to allow for resolving potential circular references
14:07:09.686 [main] DEBUG o.s.b.f.s.DefaultListableBeanFactory - Creating shared instance of singleton bean &apos;org.springframework.transaction.annotation.AnnotationTransactionAttributeSource#0&apos;
14:07:09.687 [main] DEBUG o.s.b.f.s.DefaultListableBeanFactory - Creating instance of bean &apos;org.springframework.transaction.annotation.AnnotationTransactionAttributeSource#0&apos;
14:07:09.687 [main] DEBUG o.s.b.f.s.DefaultListableBeanFactory - Eagerly caching bean &apos;org.springframework.transaction.annotation.AnnotationTransactionAttributeSource#0&apos; to allow for resolving potential circular references
14:07:09.690 [main] DEBUG o.s.a.f.a.BeanFactoryAdvisorRetrievalHelper - Skipping currently created advisor &apos;org.springframework.transaction.config.internalTransactionAdvisor&apos;
14:07:09.690 [main] DEBUG o.s.b.f.s.DefaultListableBeanFactory - Finished creating instance of bean &apos;org.springframework.transaction.annotation.AnnotationTransactionAttributeSource#0&apos;
14:07:09.692 [main] DEBUG o.s.b.f.s.DefaultListableBeanFactory - Finished creating instance of bean &apos;org.springframework.transaction.config.internalTransactionAdvisor&apos;
14:07:09.692 [main] DEBUG o.s.b.f.s.DefaultListableBeanFactory - Finished creating instance of bean &apos;addBuildContorller&apos;
14:07:09.692 [main] DEBUG o.s.b.f.s.DefaultListableBeanFactory - Creating shared instance of singleton bean &apos;addRoomController&apos;
14:07:09.692 [main] DEBUG o.s.b.f.s.DefaultListableBeanFactory - Creating instance of bean &apos;addRoomController&apos;
14:07:09.692 [main] DEBUG o.s.b.f.s.DefaultListableBeanFactory - Eagerly caching bean &apos;addRoomController&apos; to allow for resolving potential circular references
14:07:09.693 [main] DEBUG o.s.b.f.s.DefaultListableBeanFactory - Returning cached instance of singleton bean &apos;org.springframework.transaction.config.internalTransactionAdvisor&apos;
14:07:09.694 [main] DEBUG o.s.b.f.s.DefaultListableBeanFactory - Finished creating instance of bean &apos;addRoomController&apos;
14:07:09.694 [main] DEBUG o.s.b.f.s.DefaultListableBeanFactory - Creating shared instance of singleton bean &apos;addUserController&apos;
14:07:09.694 [main] DEBUG o.s.b.f.s.DefaultListableBeanFactory - Creating instance of bean &apos;addUserController&apos;
14:07:09.694 [main] DEBUG o.s.b.f.s.DefaultListableBeanFactory - Eagerly caching bean &apos;addUserController&apos; to allow for resolving potential circular references
14:07:09.694 [main] DEBUG o.s.b.f.s.DefaultListableBeanFactory - Returning cached instance of singleton bean &apos;org.springframework.transaction.config.internalTransactionAdvisor&apos;
14:07:09.694 [main] DEBUG o.s.b.f.s.DefaultListableBeanFactory - Finished creating instance of bean &apos;addUserController&apos;
14:07:09.694 [main] DEBUG o.s.b.f.s.DefaultListableBeanFactory - Creating shared instance of singleton bean &apos;adminLoadUserController&apos;
14:07:09.694 [main] DEBUG o.s.b.f.s.DefaultListableBeanFactory - Creating instance of bean &apos;adminLoadUserController&apos;
14:07:09.695 [main] DEBUG o.s.b.f.s.DefaultListableBeanFactory - Eagerly caching bean &apos;adminLoadUserController&apos; to allow for resolving potential circular references
14:07:09.695 [main] DEBUG o.s.b.f.s.DefaultListableBeanFactory - Returning cached instance of singleton bean &apos;org.springframework.transaction.config.internalTransactionAdvisor&apos;
14:07:09.695 [main] DEBUG o.s.b.f.s.DefaultListableBeanFactory - Finished creating instance of bean &apos;adminLoadUserController&apos;
14:07:09.695 [main] DEBUG o.s.b.f.s.DefaultListableBeanFactory - Creating shared instance of singleton bean &apos;deleteUserController&apos;
14:07:09.695 [main] DEBUG o.s.b.f.s.DefaultListableBeanFactory - Creating instance of bean &apos;deleteUserController&apos;
14:07:09.695 [main] DEBUG o.s.b.f.s.DefaultListableBeanFactory - Eagerly caching bean &apos;deleteUserController&apos; to allow for resolving potential circular references
14:07:09.695 [main] DEBUG o.s.b.f.s.DefaultListableBeanFactory - Returning cached instance of singleton bean &apos;org.springframework.transaction.config.internalTransactionAdvisor&apos;
14:07:09.695 [main] DEBUG o.s.b.f.s.DefaultListableBeanFactory - Finished creating instance of bean &apos;deleteUserController&apos;
14:07:09.695 [main] DEBUG o.s.b.f.s.DefaultListableBeanFactory - Creating shared instance of singleton bean &apos;deviceUploadInfoController&apos;
14:07:09.696 [main] DEBUG o.s.b.f.s.DefaultListableBeanFactory - Creating instance of bean &apos;deviceUploadInfoController&apos;
14:07:09.696 [main] DEBUG o.s.b.f.s.DefaultListableBeanFactory - Eagerly caching bean &apos;deviceUploadInfoController&apos; to allow for resolving potential circular references
14:07:09.696 [main] DEBUG o.s.b.f.s.DefaultListableBeanFactory - Returning cached instance of singleton bean &apos;org.springframework.transaction.config.internalTransactionAdvisor&apos;
14:07:09.696 [main] DEBUG o.s.b.f.s.DefaultListableBeanFactory - Finished creating instance of bean &apos;deviceUploadInfoController&apos;
14:07:09.696 [main] DEBUG o.s.b.f.s.DefaultListableBeanFactory - Creating shared instance of singleton bean &apos;loadBuildController&apos;
14:07:09.696 [main] DEBUG o.s.b.f.s.DefaultListableBeanFactory - Creating instance of bean &apos;loadBuildController&apos;
14:07:09.696 [main] DEBUG o.s.b.f.s.DefaultListableBeanFactory - Eagerly caching bean &apos;loadBuildController&apos; to allow for resolving potential circular references
14:07:09.696 [main] DEBUG o.s.b.f.s.DefaultListableBeanFactory - Returning cached instance of singleton bean &apos;org.springframework.transaction.config.internalTransactionAdvisor&apos;
14:07:09.697 [main] DEBUG o.s.b.f.s.DefaultListableBeanFactory - Finished creating instance of bean &apos;loadBuildController&apos;
14:07:09.697 [main] DEBUG o.s.b.f.s.DefaultListableBeanFactory - Creating shared instance of singleton bean &apos;loadRoomController&apos;
14:07:09.697 [main] DEBUG o.s.b.f.s.DefaultListableBeanFactory - Creating instance of bean &apos;loadRoomController&apos;
14:07:09.698 [main] DEBUG o.s.b.f.s.DefaultListableBeanFactory - Eagerly caching bean &apos;loadRoomController&apos; to allow for resolving potential circular references
14:07:09.702 [main] DEBUG o.s.b.f.s.DefaultListableBeanFactory - Returning cached instance of singleton bean &apos;org.springframework.transaction.config.internalTransactionAdvisor&apos;
14:07:09.702 [main] DEBUG o.s.b.f.s.DefaultListableBeanFactory - Finished creating instance of bean &apos;loadRoomController&apos;
14:07:09.702 [main] DEBUG o.s.b.f.s.DefaultListableBeanFactory - Creating shared instance of singleton bean &apos;removeBuildController&apos;
14:07:09.703 [main] DEBUG o.s.b.f.s.DefaultListableBeanFactory - Creating instance of bean &apos;removeBuildController&apos;
14:07:09.703 [main] DEBUG o.s.b.f.s.DefaultListableBeanFactory - Eagerly caching bean &apos;removeBuildController&apos; to allow for resolving potential circular references
14:07:09.703 [main] DEBUG o.s.b.f.s.DefaultListableBeanFactory - Returning cached instance of singleton bean &apos;org.springframework.transaction.config.internalTransactionAdvisor&apos;
14:07:09.703 [main] DEBUG o.s.b.f.s.DefaultListableBeanFactory - Finished creating instance of bean &apos;removeBuildController&apos;
14:07:09.703 [main] DEBUG o.s.b.f.s.DefaultListableBeanFactory - Creating shared instance of singleton bean &apos;userGetRdmPwdController&apos;
14:07:09.703 [main] DEBUG o.s.b.f.s.DefaultListableBeanFactory - Creating instance of bean &apos;userGetRdmPwdController&apos;
14:07:09.703 [main] DEBUG o.s.b.f.s.DefaultListableBeanFactory - Eagerly caching bean &apos;userGetRdmPwdController&apos; to allow for resolving potential circular references
14:07:09.704 [main] DEBUG o.s.b.f.s.DefaultListableBeanFactory - Returning cached instance of singleton bean &apos;org.springframework.transaction.config.internalTransactionAdvisor&apos;
14:07:09.704 [main] DEBUG o.s.b.f.s.DefaultListableBeanFactory - Finished creating instance of bean &apos;userGetRdmPwdController&apos;
14:07:09.704 [main] DEBUG o.s.b.f.s.DefaultListableBeanFactory - Creating shared instance of singleton bean &apos;userLoginController&apos;
14:07:09.704 [main] DEBUG o.s.b.f.s.DefaultListableBeanFactory - Creating instance of bean &apos;userLoginController&apos;
14:07:09.704 [main] DEBUG o.s.b.f.s.DefaultListableBeanFactory - Eagerly caching bean &apos;userLoginController&apos; to allow for resolving potential circular references
14:07:09.704 [main] DEBUG o.s.b.f.s.DefaultListableBeanFactory - Returning cached instance of singleton bean &apos;org.springframework.transaction.config.internalTransactionAdvisor&apos;
14:07:09.704 [main] DEBUG o.s.b.f.s.DefaultListableBeanFactory - Finished creating instance of bean &apos;userLoginController&apos;
14:07:09.704 [main] DEBUG o.s.b.f.s.DefaultListableBeanFactory - Creating shared instance of singleton bean &apos;buildService&apos;
14:07:09.704 [main] DEBUG o.s.b.f.s.DefaultListableBeanFactory - Creating instance of bean &apos;buildService&apos;
14:07:09.705 [main] DEBUG o.s.b.f.s.DefaultListableBeanFactory - Eagerly caching bean &apos;buildService&apos; to allow for resolving potential circular references
14:07:09.705 [main] DEBUG o.s.b.f.s.DefaultListableBeanFactory - Returning cached instance of singleton bean &apos;org.springframework.transaction.config.internalTransactionAdvisor&apos;
14:07:09.706 [main] DEBUG o.s.b.f.s.DefaultListableBeanFactory - Finished creating instance of bean &apos;buildService&apos;
14:07:09.706 [main] DEBUG o.s.b.f.s.DefaultListableBeanFactory - Creating shared instance of singleton bean &apos;roomService&apos;
14:07:09.706 [main] DEBUG o.s.b.f.s.DefaultListableBeanFactory - Creating instance of bean &apos;roomService&apos;
14:07:09.706 [main] DEBUG o.s.b.f.s.DefaultListableBeanFactory - Eagerly caching bean &apos;roomService&apos; to allow for resolving potential circular references
14:07:09.707 [main] DEBUG o.s.b.f.s.DefaultListableBeanFactory - Returning cached instance of singleton bean &apos;org.springframework.transaction.config.internalTransactionAdvisor&apos;
14:07:09.707 [main] DEBUG o.s.b.f.s.DefaultListableBeanFactory - Finished creating instance of bean &apos;roomService&apos;
14:07:09.707 [main] DEBUG o.s.b.f.s.DefaultListableBeanFactory - Creating shared instance of singleton bean &apos;userService&apos;
14:07:09.707 [main] DEBUG o.s.b.f.s.DefaultListableBeanFactory - Creating instance of bean &apos;userService&apos;
14:07:09.708 [main] DEBUG o.s.b.f.s.DefaultListableBeanFactory - Eagerly caching bean &apos;userService&apos; to allow for resolving potential circular references
14:07:09.709 [main] DEBUG o.s.b.f.s.DefaultListableBeanFactory - Returning cached instance of singleton bean &apos;org.springframework.transaction.config.internalTransactionAdvisor&apos;
14:07:09.709 [main] DEBUG o.s.t.a.AnnotationTransactionAttributeSource - Adding transactional method &apos;cn.hdu.HDU_Minitor.service.UserServiceImpl.insertOrUpdateUserInfo&apos; with attribute: PROPAGATION_REQUIRED,ISOLATION_DEFAULT; &apos;&apos;
14:07:09.709 [main] DEBUG o.s.a.f.a.InfrastructureAdvisorAutoProxyCreator - Creating implicit proxy for bean &apos;userService&apos; with 0 common interceptors and 1 specific interceptors
14:07:09.709 [main] DEBUG o.s.aop.framework.JdkDynamicAopProxy - Creating JDK dynamic proxy: target source is SingletonTargetSource for target object [cn.hdu.HDU_Minitor.service.UserServiceImpl@2dfb885e]
14:07:09.710 [main] DEBUG o.s.b.f.s.DefaultListableBeanFactory - Finished creating instance of bean &apos;userService&apos;
14:07:09.710 [main] DEBUG o.s.b.f.s.DefaultListableBeanFactory - Returning cached instance of singleton bean &apos;org.springframework.context.annotation.internalConfigurationAnnotationProcessor&apos;
14:07:09.710 [main] DEBUG o.s.b.f.s.DefaultListableBeanFactory - Returning cached instance of singleton bean &apos;org.springframework.context.annotation.internalAutowiredAnnotationProcessor&apos;
14:07:09.710 [main] DEBUG o.s.b.f.s.DefaultListableBeanFactory - Returning cached instance of singleton bean &apos;org.springframework.context.annotation.internalRequiredAnnotationProcessor&apos;
14:07:09.710 [main] DEBUG o.s.b.f.s.DefaultListableBeanFactory - Creating shared instance of singleton bean &apos;org.springframework.context.event.internalEventListenerProcessor&apos;
14:07:09.710 [main] DEBUG o.s.b.f.s.DefaultListableBeanFactory - Creating instance of bean &apos;org.springframework.context.event.internalEventListenerProcessor&apos;
14:07:09.710 [main] DEBUG o.s.b.f.s.DefaultListableBeanFactory - Eagerly caching bean &apos;org.springframework.context.event.internalEventListenerProcessor&apos; to allow for resolving potential circular references
14:07:09.711 [main] DEBUG o.s.b.f.s.DefaultListableBeanFactory - Returning cached instance of singleton bean &apos;org.springframework.transaction.config.internalTransactionAdvisor&apos;
14:07:09.711 [main] DEBUG o.s.b.f.s.DefaultListableBeanFactory - Finished creating instance of bean &apos;org.springframework.context.event.internalEventListenerProcessor&apos;
14:07:09.711 [main] DEBUG o.s.b.f.s.DefaultListableBeanFactory - Creating shared instance of singleton bean &apos;org.springframework.context.event.internalEventListenerFactory&apos;
14:07:09.711 [main] DEBUG o.s.b.f.s.DefaultListableBeanFactory - Creating instance of bean &apos;org.springframework.context.event.internalEventListenerFactory&apos;
14:07:09.712 [main] DEBUG o.s.b.f.s.DefaultListableBeanFactory - Eagerly caching bean &apos;org.springframework.context.event.internalEventListenerFactory&apos; to allow for resolving potential circular references
14:07:09.713 [main] DEBUG o.s.b.f.s.DefaultListableBeanFactory - Returning cached instance of singleton bean &apos;org.springframework.transaction.config.internalTransactionAdvisor&apos;
14:07:09.713 [main] DEBUG o.s.b.f.s.DefaultListableBeanFactory - Finished creating instance of bean &apos;org.springframework.context.event.internalEventListenerFactory&apos;
14:07:09.713 [main] DEBUG o.s.b.f.s.DefaultListableBeanFactory - Creating shared instance of singleton bean &apos;mvcContentNegotiationManager&apos;
14:07:09.713 [main] DEBUG o.s.b.f.s.DefaultListableBeanFactory - Creating instance of bean &apos;mvcContentNegotiationManager&apos;
14:07:09.713 [main] DEBUG o.s.b.f.s.DefaultListableBeanFactory - Eagerly caching bean &apos;mvcContentNegotiationManager&apos; to allow for resolving potential circular references
14:07:09.716 [main] DEBUG o.s.b.f.s.DefaultListableBeanFactory - Invoking afterPropertiesSet() on bean with name &apos;mvcContentNegotiationManager&apos;
14:07:09.716 [main] DEBUG o.s.b.f.s.DefaultListableBeanFactory - Returning cached instance of singleton bean &apos;org.springframework.transaction.config.internalTransactionAdvisor&apos;
14:07:09.716 [main] DEBUG o.s.b.f.s.DefaultListableBeanFactory - Finished creating instance of bean &apos;mvcContentNegotiationManager&apos;
14:07:09.716 [main] DEBUG o.s.b.f.s.DefaultListableBeanFactory - Creating shared instance of singleton bean &apos;org.springframework.web.servlet.mvc.method.annotation.RequestMappingHandlerMapping&apos;
14:07:09.716 [main] DEBUG o.s.b.f.s.DefaultListableBeanFactory - Creating instance of bean &apos;org.springframework.web.servlet.mvc.method.annotation.RequestMappingHandlerMapping&apos;
14:07:09.723 [main] DEBUG o.s.b.f.s.DefaultListableBeanFactory - Eagerly caching bean &apos;org.springframework.web.servlet.mvc.method.annotation.RequestMappingHandlerMapping&apos; to allow for resolving potential circular references
14:07:09.732 [main] DEBUG o.s.b.f.s.DefaultListableBeanFactory - Returning cached instance of singleton bean &apos;mvcContentNegotiationManager&apos;
14:07:09.732 [main] DEBUG o.s.b.f.s.DefaultListableBeanFactory - Returning cached instance of singleton bean &apos;org.springframework.transaction.config.internalTransactionAdvisor&apos;
14:07:09.732 [main] DEBUG o.s.b.f.s.DefaultListableBeanFactory - Creating shared instance of singleton bean &apos;mvcCorsConfigurations&apos;
14:07:09.732 [main] DEBUG o.s.b.f.s.DefaultListableBeanFactory - Creating instance of bean &apos;mvcCorsConfigurations&apos;
14:07:09.732 [main] DEBUG o.s.b.f.s.DefaultListableBeanFactory - Eagerly caching bean &apos;mvcCorsConfigurations&apos; to allow for resolving potential circular references
14:07:09.732 [main] DEBUG o.s.b.f.s.DefaultListableBeanFactory - Returning cached instance of singleton bean &apos;org.springframework.transaction.config.internalTransactionAdvisor&apos;
14:07:09.735 [main] DEBUG o.s.b.f.s.DefaultListableBeanFactory - Finished creating instance of bean &apos;mvcCorsConfigurations&apos;
14:07:09.736 [main] DEBUG o.s.b.f.s.DefaultListableBeanFactory - Creating shared instance of singleton bean &apos;org.springframework.web.servlet.handler.MappedInterceptor#0&apos;
14:07:09.736 [main] DEBUG o.s.b.f.s.DefaultListableBeanFactory - Creating instance of bean &apos;org.springframework.web.servlet.handler.MappedInterceptor#0&apos;
14:07:09.736 [main] DEBUG o.s.b.f.s.DefaultListableBeanFactory - Creating instance of bean &apos;(inner bean)#1e3e1014&apos;
14:07:09.736 [main] DEBUG o.s.b.f.s.DefaultListableBeanFactory - Creating shared instance of singleton bean &apos;org.springframework.format.support.FormattingConversionServiceFactoryBean#0&apos;
14:07:09.736 [main] DEBUG o.s.b.f.s.DefaultListableBeanFactory - Creating instance of bean &apos;org.springframework.format.support.FormattingConversionServiceFactoryBean#0&apos;
14:07:09.736 [main] DEBUG o.s.b.f.s.DefaultListableBeanFactory - Eagerly caching bean &apos;org.springframework.format.support.FormattingConversionServiceFactoryBean#0&apos; to allow for resolving potential circular references
14:07:09.738 [main] DEBUG o.s.b.f.s.DefaultListableBeanFactory - Invoking afterPropertiesSet() on bean with name &apos;org.springframework.format.support.FormattingConversionServiceFactoryBean#0&apos;
14:07:09.742 [main] DEBUG o.s.b.f.s.DefaultListableBeanFactory - Returning cached instance of singleton bean &apos;org.springframework.transaction.config.internalTransactionAdvisor&apos;
14:07:09.742 [main] DEBUG o.s.b.f.s.DefaultListableBeanFactory - Finished creating instance of bean &apos;org.springframework.format.support.FormattingConversionServiceFactoryBean#0&apos;
14:07:09.742 [main] DEBUG o.s.b.f.s.DefaultListableBeanFactory - Returning cached instance of singleton bean &apos;org.springframework.transaction.config.internalTransactionAdvisor&apos;
14:07:09.744 [main] DEBUG o.s.b.f.s.DefaultListableBeanFactory - Returning cached instance of singleton bean &apos;org.springframework.transaction.config.internalTransactionAdvisor&apos;
14:07:09.745 [main] DEBUG o.s.b.f.s.DefaultListableBeanFactory - Finished creating instance of bean &apos;(inner bean)#1e3e1014&apos;
14:07:09.747 [main] DEBUG o.s.b.f.s.DefaultListableBeanFactory - Eagerly caching bean &apos;org.springframework.web.servlet.handler.MappedInterceptor#0&apos; to allow for resolving potential circular references
14:07:09.748 [main] DEBUG o.s.b.f.s.DefaultListableBeanFactory - Returning cached instance of singleton bean &apos;org.springframework.transaction.config.internalTransactionAdvisor&apos;
14:07:09.748 [main] DEBUG o.s.b.f.s.DefaultListableBeanFactory - Finished creating instance of bean &apos;org.springframework.web.servlet.handler.MappedInterceptor#0&apos;
14:07:09.748 [main] DEBUG o.s.b.f.s.DefaultListableBeanFactory - Invoking afterPropertiesSet() on bean with name &apos;org.springframework.web.servlet.mvc.method.annotation.RequestMappingHandlerMapping&apos;
14:07:09.749 [main] DEBUG o.s.w.s.m.m.a.RequestMappingHandlerMapping - Looking for request mappings in application context: org.springframework.context.support.ClassPathXmlApplicationContext@4c447c09: startup date [Mon Jun 11 14:07:09 CST 2018]; root of context hierarchy
14:07:09.753 [main] DEBUG o.s.w.s.m.m.a.RequestMappingHandlerMapping - 1 request handler methods found on class cn.hdu.HDU_Minitor.controller.AddBuildContorller: {public cn.hdu.HDU_Minitor.util.MinitorResult cn.hdu.HDU_Minitor.controller.AddBuildContorller.excute(java.lang.String,java.lang.String,java.lang.String)={[/build/addbuild.do]}}
14:07:09.754 [main] INFO  o.s.w.s.m.m.a.RequestMappingHandlerMapping - Mapped &quot;{[/build/addbuild.do]}&quot; onto public cn.hdu.HDU_Minitor.util.MinitorResult&lt;java.lang.Object&gt; cn.hdu.HDU_Minitor.controller.AddBuildContorller.excute(java.lang.String,java.lang.String,java.lang.String)
14:07:09.755 [main] DEBUG o.s.w.s.m.m.a.RequestMappingHandlerMapping - 1 request handler methods found on class cn.hdu.HDU_Minitor.controller.AddRoomController: {public cn.hdu.HDU_Minitor.util.MinitorResult cn.hdu.HDU_Minitor.controller.AddRoomController.execute(java.lang.String,java.lang.String,java.lang.String,java.lang.String)={[/room/addroom.do]}}
14:07:09.755 [main] INFO  o.s.w.s.m.m.a.RequestMappingHandlerMapping - Mapped &quot;{[/room/addroom.do]}&quot; onto public cn.hdu.HDU_Minitor.util.MinitorResult&lt;java.lang.Object&gt; cn.hdu.HDU_Minitor.controller.AddRoomController.execute(java.lang.String,java.lang.String,java.lang.String,java.lang.String)
14:07:09.756 [main] DEBUG o.s.w.s.m.m.a.RequestMappingHandlerMapping - 1 request handler methods found on class cn.hdu.HDU_Minitor.controller.AddUserController: {public cn.hdu.HDU_Minitor.util.MinitorResult cn.hdu.HDU_Minitor.controller.AddUserController.execute(java.lang.String,java.lang.String)={[/user/adduser.do]}}
14:07:09.756 [main] INFO  o.s.w.s.m.m.a.RequestMappingHandlerMapping - Mapped &quot;{[/user/adduser.do]}&quot; onto public cn.hdu.HDU_Minitor.util.MinitorResult&lt;java.lang.Object&gt; cn.hdu.HDU_Minitor.controller.AddUserController.execute(java.lang.String,java.lang.String)
14:07:09.757 [main] DEBUG o.s.w.s.m.m.a.RequestMappingHandlerMapping - 1 request handler methods found on class cn.hdu.HDU_Minitor.controller.AdminLoadUserController: {public cn.hdu.HDU_Minitor.util.MinitorResult cn.hdu.HDU_Minitor.controller.AdminLoadUserController.execute(java.lang.String)={[/admin/loaduser.do]}}
14:07:09.757 [main] INFO  o.s.w.s.m.m.a.RequestMappingHandlerMapping - Mapped &quot;{[/admin/loaduser.do]}&quot; onto public cn.hdu.HDU_Minitor.util.MinitorResult&lt;java.lang.Object&gt; cn.hdu.HDU_Minitor.controller.AdminLoadUserController.execute(java.lang.String)
14:07:09.758 [main] DEBUG o.s.w.s.m.m.a.RequestMappingHandlerMapping - 1 request handler methods found on class cn.hdu.HDU_Minitor.controller.DeleteUserController: {public cn.hdu.HDU_Minitor.util.MinitorResult cn.hdu.HDU_Minitor.controller.DeleteUserController.execute(java.lang.String)={[/user/deleteuser.do]}}
14:07:09.758 [main] INFO  o.s.w.s.m.m.a.RequestMappingHandlerMapping - Mapped &quot;{[/user/deleteuser.do]}&quot; onto public cn.hdu.HDU_Minitor.util.MinitorResult&lt;java.lang.Object&gt; cn.hdu.HDU_Minitor.controller.DeleteUserController.execute(java.lang.String)
14:07:09.759 [main] DEBUG o.s.w.s.m.m.a.RequestMappingHandlerMapping - 1 request handler methods found on class cn.hdu.HDU_Minitor.controller.device.DeviceUploadInfoController: {public int cn.hdu.HDU_Minitor.controller.device.DeviceUploadInfoController.execute()={[/device/save.do]}}
14:07:09.759 [main] INFO  o.s.w.s.m.m.a.RequestMappingHandlerMapping - Mapped &quot;{[/device/save.do]}&quot; onto public int cn.hdu.HDU_Minitor.controller.device.DeviceUploadInfoController.execute()
14:07:09.760 [main] DEBUG o.s.w.s.m.m.a.RequestMappingHandlerMapping - 1 request handler methods found on class cn.hdu.HDU_Minitor.controller.LoadBuildController: {public cn.hdu.HDU_Minitor.util.MinitorResult cn.hdu.HDU_Minitor.controller.LoadBuildController.execute(java.lang.String)={[/build/loadbuild.do]}}
14:07:09.760 [main] INFO  o.s.w.s.m.m.a.RequestMappingHandlerMapping - Mapped &quot;{[/build/loadbuild.do]}&quot; onto public cn.hdu.HDU_Minitor.util.MinitorResult&lt;java.lang.Object&gt; cn.hdu.HDU_Minitor.controller.LoadBuildController.execute(java.lang.String)
14:07:09.761 [main] DEBUG o.s.w.s.m.m.a.RequestMappingHandlerMapping - 1 request handler methods found on class cn.hdu.HDU_Minitor.controller.LoadRoomController: {public cn.hdu.HDU_Minitor.util.MinitorResult cn.hdu.HDU_Minitor.controller.LoadRoomController.excute(java.lang.String,java.lang.String)={[/room/loadroom.do]}}
14:07:09.761 [main] INFO  o.s.w.s.m.m.a.RequestMappingHandlerMapping - Mapped &quot;{[/room/loadroom.do]}&quot; onto public cn.hdu.HDU_Minitor.util.MinitorResult&lt;java.lang.Object&gt; cn.hdu.HDU_Minitor.controller.LoadRoomController.excute(java.lang.String,java.lang.String)
14:07:09.763 [main] DEBUG o.s.w.s.m.m.a.RequestMappingHandlerMapping - 1 request handler methods found on class cn.hdu.HDU_Minitor.controller.RemoveBuildController: {public cn.hdu.HDU_Minitor.util.MinitorResult cn.hdu.HDU_Minitor.controller.RemoveBuildController.execute(java.lang.String,java.lang.String)={[/build/removebuild.do]}}
14:07:09.763 [main] INFO  o.s.w.s.m.m.a.RequestMappingHandlerMapping - Mapped &quot;{[/build/removebuild.do]}&quot; onto public cn.hdu.HDU_Minitor.util.MinitorResult&lt;java.lang.Object&gt; cn.hdu.HDU_Minitor.controller.RemoveBuildController.execute(java.lang.String,java.lang.String)
14:07:09.764 [main] DEBUG o.s.w.s.m.m.a.RequestMappingHandlerMapping - 1 request handler methods found on class cn.hdu.HDU_Minitor.controller.UserGetRdmPwdController: {public cn.hdu.HDU_Minitor.util.MinitorResult cn.hdu.HDU_Minitor.controller.UserGetRdmPwdController.execute(java.lang.String)={[/user/getrdmpwd.do]}}
14:07:09.764 [main] INFO  o.s.w.s.m.m.a.RequestMappingHandlerMapping - Mapped &quot;{[/user/getrdmpwd.do]}&quot; onto public cn.hdu.HDU_Minitor.util.MinitorResult&lt;java.lang.Object&gt; cn.hdu.HDU_Minitor.controller.UserGetRdmPwdController.execute(java.lang.String)
14:07:09.765 [main] DEBUG o.s.w.s.m.m.a.RequestMappingHandlerMapping - 1 request handler methods found on class cn.hdu.HDU_Minitor.controller.UserLoginController: {public cn.hdu.HDU_Minitor.util.MinitorResult cn.hdu.HDU_Minitor.controller.UserLoginController.execute(java.lang.String,java.lang.String)={[/user/login.do]}}
14:07:09.765 [main] INFO  o.s.w.s.m.m.a.RequestMappingHandlerMapping - Mapped &quot;{[/user/login.do]}&quot; onto public cn.hdu.HDU_Minitor.util.MinitorResult&lt;java.lang.Object&gt; cn.hdu.HDU_Minitor.controller.UserLoginController.execute(java.lang.String,java.lang.String)
14:07:09.766 [main] DEBUG o.s.b.f.s.DefaultListableBeanFactory - Returning cached instance of singleton bean &apos;org.springframework.transaction.config.internalTransactionAdvisor&apos;
14:07:09.766 [main] DEBUG o.s.b.f.s.DefaultListableBeanFactory - Finished creating instance of bean &apos;org.springframework.web.servlet.mvc.method.annotation.RequestMappingHandlerMapping&apos;
14:07:09.767 [main] DEBUG o.s.b.f.s.DefaultListableBeanFactory - Returning cached instance of singleton bean &apos;mvcCorsConfigurations&apos;
14:07:09.767 [main] DEBUG o.s.b.f.s.DefaultListableBeanFactory - Returning cached instance of singleton bean &apos;org.springframework.format.support.FormattingConversionServiceFactoryBean#0&apos;
14:07:09.767 [main] DEBUG o.s.b.f.s.DefaultListableBeanFactory - Creating shared instance of singleton bean &apos;org.springframework.web.servlet.mvc.method.annotation.RequestMappingHandlerAdapter&apos;
14:07:09.767 [main] DEBUG o.s.b.f.s.DefaultListableBeanFactory - Creating instance of bean &apos;org.springframework.web.servlet.mvc.method.annotation.RequestMappingHandlerAdapter&apos;
14:07:09.771 [main] DEBUG o.s.b.f.s.DefaultListableBeanFactory - Eagerly caching bean &apos;org.springframework.web.servlet.mvc.method.annotation.RequestMappingHandlerAdapter&apos; to allow for resolving potential circular references
14:07:09.776 [main] DEBUG o.s.b.f.s.DefaultListableBeanFactory - Returning cached instance of singleton bean &apos;mvcContentNegotiationManager&apos;
14:07:09.776 [main] DEBUG o.s.b.f.s.DefaultListableBeanFactory - Creating instance of bean &apos;(inner bean)#7da31a40&apos;
14:07:09.778 [main] DEBUG o.s.b.f.s.DefaultListableBeanFactory - Returning cached instance of singleton bean &apos;org.springframework.format.support.FormattingConversionServiceFactoryBean#0&apos;
14:07:09.778 [main] DEBUG o.s.b.f.s.DefaultListableBeanFactory - Returning cached instance of singleton bean &apos;org.springframework.transaction.config.internalTransactionAdvisor&apos;
14:07:09.778 [main] DEBUG o.s.b.f.s.DefaultListableBeanFactory - Finished creating instance of bean &apos;(inner bean)#7da31a40&apos;
14:07:09.778 [main] DEBUG o.s.b.f.s.DefaultListableBeanFactory - Creating instance of bean &apos;(inner bean)#28ee7bee&apos;
14:07:09.781 [main] DEBUG o.s.b.f.s.DefaultListableBeanFactory - Returning cached instance of singleton bean &apos;org.springframework.transaction.config.internalTransactionAdvisor&apos;
14:07:09.781 [main] DEBUG o.s.b.f.s.DefaultListableBeanFactory - Finished creating instance of bean &apos;(inner bean)#28ee7bee&apos;
14:07:09.781 [main] DEBUG o.s.b.f.s.DefaultListableBeanFactory - Creating instance of bean &apos;(inner bean)#1b5a1d85&apos;
14:07:09.783 [main] DEBUG o.s.b.f.s.DefaultListableBeanFactory - Returning cached instance of singleton bean &apos;org.springframework.transaction.config.internalTransactionAdvisor&apos;
14:07:09.783 [main] DEBUG o.s.b.f.s.DefaultListableBeanFactory - Finished creating instance of bean &apos;(inner bean)#1b5a1d85&apos;
14:07:09.783 [main] DEBUG o.s.b.f.s.DefaultListableBeanFactory - Creating instance of bean &apos;(inner bean)#31e130bf&apos;
14:07:09.787 [main] DEBUG o.s.b.f.s.DefaultListableBeanFactory - Returning cached instance of singleton bean &apos;org.springframework.transaction.config.internalTransactionAdvisor&apos;
14:07:09.787 [main] DEBUG o.s.b.f.s.DefaultListableBeanFactory - Finished creating instance of bean &apos;(inner bean)#31e130bf&apos;
14:07:09.788 [main] DEBUG o.s.b.f.s.DefaultListableBeanFactory - Creating instance of bean &apos;(inner bean)#54755dd9&apos;
14:07:09.791 [main] DEBUG o.s.b.f.s.DefaultListableBeanFactory - Returning cached instance of singleton bean &apos;org.springframework.transaction.config.internalTransactionAdvisor&apos;
14:07:09.792 [main] DEBUG o.s.b.f.s.DefaultListableBeanFactory - Finished creating instance of bean &apos;(inner bean)#54755dd9&apos;
14:07:09.792 [main] DEBUG o.s.b.f.s.DefaultListableBeanFactory - Creating instance of bean &apos;(inner bean)#f1f7db2&apos;
14:07:09.795 [main] DEBUG o.s.b.f.s.DefaultListableBeanFactory - Returning cached instance of singleton bean &apos;org.springframework.transaction.config.internalTransactionAdvisor&apos;
14:07:09.795 [main] DEBUG o.s.b.f.s.DefaultListableBeanFactory - Finished creating instance of bean &apos;(inner bean)#f1f7db2&apos;
14:07:09.796 [main] DEBUG o.s.b.f.s.DefaultListableBeanFactory - Creating instance of bean &apos;(inner bean)#4462efe1&apos;
14:07:09.796 [main] DEBUG o.s.b.f.s.DefaultListableBeanFactory - Creating instance of bean &apos;(inner bean)#7c3e4b1a&apos;
14:07:09.833 [main] DEBUG o.s.b.f.s.DefaultListableBeanFactory - Invoking afterPropertiesSet() on bean with name &apos;(inner bean)#7c3e4b1a&apos;
14:07:09.835 [main] DEBUG o.s.b.f.s.DefaultListableBeanFactory - Returning cached instance of singleton bean &apos;org.springframework.transaction.config.internalTransactionAdvisor&apos;
14:07:09.835 [main] DEBUG o.s.b.f.s.DefaultListableBeanFactory - Finished creating instance of bean &apos;(inner bean)#7c3e4b1a&apos;
14:07:09.835 [main] DEBUG o.s.b.f.s.DefaultListableBeanFactory - Returning cached instance of singleton bean &apos;org.springframework.transaction.config.internalTransactionAdvisor&apos;
14:07:09.841 [main] DEBUG o.s.b.f.s.DefaultListableBeanFactory - Returning cached instance of singleton bean &apos;org.springframework.transaction.config.internalTransactionAdvisor&apos;
14:07:09.841 [main] DEBUG o.s.b.f.s.DefaultListableBeanFactory - Finished creating instance of bean &apos;(inner bean)#4462efe1&apos;
14:07:09.841 [main] DEBUG o.s.b.f.s.DefaultListableBeanFactory - Creating instance of bean &apos;(inner bean)#2bfb583b&apos;
14:07:09.843 [main] DEBUG o.s.b.f.s.DefaultListableBeanFactory - Returning cached instance of singleton bean &apos;org.springframework.transaction.config.internalTransactionAdvisor&apos;
14:07:09.843 [main] DEBUG o.s.b.f.s.DefaultListableBeanFactory - Finished creating instance of bean &apos;(inner bean)#2bfb583b&apos;
14:07:09.843 [main] DEBUG o.s.b.f.s.DefaultListableBeanFactory - Creating instance of bean &apos;(inner bean)#73ae0257&apos;
14:07:09.845 [main] DEBUG o.s.b.f.s.DefaultListableBeanFactory - Returning cached instance of singleton bean &apos;org.springframework.transaction.config.internalTransactionAdvisor&apos;
14:07:09.845 [main] DEBUG o.s.b.f.s.DefaultListableBeanFactory - Finished creating instance of bean &apos;(inner bean)#73ae0257&apos;
14:07:09.846 [main] DEBUG o.s.b.f.s.DefaultListableBeanFactory - Invoking afterPropertiesSet() on bean with name &apos;org.springframework.web.servlet.mvc.method.annotation.RequestMappingHandlerAdapter&apos;
14:07:09.846 [main] INFO  o.s.w.s.m.m.a.RequestMappingHandlerAdapter - Looking for @ControllerAdvice: org.springframework.context.support.ClassPathXmlApplicationContext@4c447c09: startup date [Mon Jun 11 14:07:09 CST 2018]; root of context hierarchy
14:07:09.847 [main] DEBUG o.s.b.f.s.DefaultListableBeanFactory - Returning cached instance of singleton bean &apos;org.springframework.transaction.config.internalTransactionAdvisor&apos;
14:07:09.848 [main] DEBUG o.s.b.f.s.DefaultListableBeanFactory - Finished creating instance of bean &apos;org.springframework.web.servlet.mvc.method.annotation.RequestMappingHandlerAdapter&apos;
14:07:09.848 [main] DEBUG o.s.b.f.s.DefaultListableBeanFactory - Creating shared instance of singleton bean &apos;mvcUriComponentsContributor&apos;
14:07:09.848 [main] DEBUG o.s.b.f.s.DefaultListableBeanFactory - Creating instance of bean &apos;mvcUriComponentsContributor&apos;
14:07:09.848 [main] DEBUG o.s.b.f.s.DefaultListableBeanFactory - Eagerly caching bean &apos;mvcUriComponentsContributor&apos; to allow for resolving potential circular references
14:07:09.850 [main] DEBUG o.s.b.f.s.DefaultListableBeanFactory - Creating instance of bean &apos;(inner bean)#6fc1020a&apos;
14:07:09.852 [main] DEBUG o.s.b.f.s.DefaultListableBeanFactory - Returning cached instance of singleton bean &apos;mvcContentNegotiationManager&apos;
14:07:09.852 [main] DEBUG o.s.b.f.s.DefaultListableBeanFactory - Creating instance of bean &apos;(inner bean)#7da31a40#1&apos;
14:07:09.853 [main] DEBUG o.s.b.f.s.DefaultListableBeanFactory - Returning cached instance of singleton bean &apos;org.springframework.format.support.FormattingConversionServiceFactoryBean#0&apos;
14:07:09.853 [main] DEBUG o.s.b.f.s.DefaultListableBeanFactory - Returning cached instance of singleton bean &apos;org.springframework.transaction.config.internalTransactionAdvisor&apos;
14:07:09.853 [main] DEBUG o.s.b.f.s.DefaultListableBeanFactory - Finished creating instance of bean &apos;(inner bean)#7da31a40#1&apos;
14:07:09.853 [main] DEBUG o.s.b.f.s.DefaultListableBeanFactory - Creating instance of bean &apos;(inner bean)#28ee7bee#1&apos;
14:07:09.866 [main] DEBUG o.s.b.f.s.DefaultListableBeanFactory - Returning cached instance of singleton bean &apos;org.springframework.transaction.config.internalTransactionAdvisor&apos;
14:07:09.867 [main] DEBUG o.s.b.f.s.DefaultListableBeanFactory - Finished creating instance of bean &apos;(inner bean)#28ee7bee#1&apos;
14:07:09.867 [main] DEBUG o.s.b.f.s.DefaultListableBeanFactory - Creating instance of bean &apos;(inner bean)#1b5a1d85#1&apos;
14:07:09.867 [main] DEBUG o.s.b.f.s.DefaultListableBeanFactory - Returning cached instance of singleton bean &apos;org.springframework.transaction.config.internalTransactionAdvisor&apos;
14:07:09.869 [main] DEBUG o.s.b.f.s.DefaultListableBeanFactory - Finished creating instance of bean &apos;(inner bean)#1b5a1d85#1&apos;
14:07:09.869 [main] DEBUG o.s.b.f.s.DefaultListableBeanFactory - Creating instance of bean &apos;(inner bean)#31e130bf#1&apos;
14:07:09.870 [main] DEBUG o.s.b.f.s.DefaultListableBeanFactory - Returning cached instance of singleton bean &apos;org.springframework.transaction.config.internalTransactionAdvisor&apos;
14:07:09.870 [main] DEBUG o.s.b.f.s.DefaultListableBeanFactory - Finished creating instance of bean &apos;(inner bean)#31e130bf#1&apos;
14:07:09.870 [main] DEBUG o.s.b.f.s.DefaultListableBeanFactory - Creating instance of bean &apos;(inner bean)#54755dd9#1&apos;
14:07:09.871 [main] DEBUG o.s.b.f.s.DefaultListableBeanFactory - Returning cached instance of singleton bean &apos;org.springframework.transaction.config.internalTransactionAdvisor&apos;
14:07:09.871 [main] DEBUG o.s.b.f.s.DefaultListableBeanFactory - Finished creating instance of bean &apos;(inner bean)#54755dd9#1&apos;
14:07:09.871 [main] DEBUG o.s.b.f.s.DefaultListableBeanFactory - Creating instance of bean &apos;(inner bean)#f1f7db2#1&apos;
14:07:09.873 [main] DEBUG o.s.b.f.s.DefaultListableBeanFactory - Returning cached instance of singleton bean &apos;org.springframework.transaction.config.internalTransactionAdvisor&apos;
14:07:09.873 [main] DEBUG o.s.b.f.s.DefaultListableBeanFactory - Finished creating instance of bean &apos;(inner bean)#f1f7db2#1&apos;
14:07:09.873 [main] DEBUG o.s.b.f.s.DefaultListableBeanFactory - Creating instance of bean &apos;(inner bean)#4462efe1#1&apos;
14:07:09.873 [main] DEBUG o.s.b.f.s.DefaultListableBeanFactory - Creating instance of bean &apos;(inner bean)#7c3e4b1a#1&apos;
14:07:09.874 [main] DEBUG o.s.b.f.s.DefaultListableBeanFactory - Invoking afterPropertiesSet() on bean with name &apos;(inner bean)#7c3e4b1a#1&apos;
14:07:09.875 [main] DEBUG o.s.b.f.s.DefaultListableBeanFactory - Returning cached instance of singleton bean &apos;org.springframework.transaction.config.internalTransactionAdvisor&apos;
14:07:09.875 [main] DEBUG o.s.b.f.s.DefaultListableBeanFactory - Finished creating instance of bean &apos;(inner bean)#7c3e4b1a#1&apos;
14:07:09.875 [main] DEBUG o.s.b.f.s.DefaultListableBeanFactory - Returning cached instance of singleton bean &apos;org.springframework.transaction.config.internalTransactionAdvisor&apos;
14:07:09.876 [main] DEBUG o.s.b.f.s.DefaultListableBeanFactory - Returning cached instance of singleton bean &apos;org.springframework.transaction.config.internalTransactionAdvisor&apos;
14:07:09.877 [main] DEBUG o.s.b.f.s.DefaultListableBeanFactory - Finished creating instance of bean &apos;(inner bean)#4462efe1#1&apos;
14:07:09.877 [main] DEBUG o.s.b.f.s.DefaultListableBeanFactory - Creating instance of bean &apos;(inner bean)#2bfb583b#1&apos;
14:07:09.877 [main] DEBUG o.s.b.f.s.DefaultListableBeanFactory - Returning cached instance of singleton bean &apos;org.springframework.transaction.config.internalTransactionAdvisor&apos;
14:07:09.877 [main] DEBUG o.s.b.f.s.DefaultListableBeanFactory - Finished creating instance of bean &apos;(inner bean)#2bfb583b#1&apos;
14:07:09.877 [main] DEBUG o.s.b.f.s.DefaultListableBeanFactory - Creating instance of bean &apos;(inner bean)#73ae0257#1&apos;
14:07:09.877 [main] DEBUG o.s.b.f.s.DefaultListableBeanFactory - Returning cached instance of singleton bean &apos;org.springframework.transaction.config.internalTransactionAdvisor&apos;
14:07:09.877 [main] DEBUG o.s.b.f.s.DefaultListableBeanFactory - Finished creating instance of bean &apos;(inner bean)#73ae0257#1&apos;
14:07:09.878 [main] DEBUG o.s.b.f.s.DefaultListableBeanFactory - Invoking afterPropertiesSet() on bean with name &apos;(inner bean)#6fc1020a&apos;
14:07:09.878 [main] INFO  o.s.w.s.m.m.a.RequestMappingHandlerAdapter - Looking for @ControllerAdvice: org.springframework.context.support.ClassPathXmlApplicationContext@4c447c09: startup date [Mon Jun 11 14:07:09 CST 2018]; root of context hierarchy
14:07:09.880 [main] DEBUG o.s.b.f.s.DefaultListableBeanFactory - Returning cached instance of singleton bean &apos;org.springframework.transaction.config.internalTransactionAdvisor&apos;
14:07:09.880 [main] DEBUG o.s.b.f.s.DefaultListableBeanFactory - Finished creating instance of bean &apos;(inner bean)#6fc1020a&apos;
14:07:09.880 [main] DEBUG o.s.b.f.s.DefaultListableBeanFactory - Returning cached instance of singleton bean &apos;org.springframework.format.support.FormattingConversionServiceFactoryBean#0&apos;
14:07:09.880 [main] DEBUG o.s.b.f.s.DefaultListableBeanFactory - Invoking afterPropertiesSet() on bean with name &apos;mvcUriComponentsContributor&apos;
14:07:09.880 [main] DEBUG o.s.b.f.s.DefaultListableBeanFactory - Returning cached instance of singleton bean &apos;org.springframework.transaction.config.internalTransactionAdvisor&apos;
14:07:09.881 [main] DEBUG o.s.b.f.s.DefaultListableBeanFactory - Finished creating instance of bean &apos;mvcUriComponentsContributor&apos;
14:07:09.881 [main] DEBUG o.s.b.f.s.DefaultListableBeanFactory - Returning cached instance of singleton bean &apos;org.springframework.web.servlet.handler.MappedInterceptor#0&apos;
14:07:09.881 [main] DEBUG o.s.b.f.s.DefaultListableBeanFactory - Creating shared instance of singleton bean &apos;org.springframework.web.servlet.mvc.method.annotation.ExceptionHandlerExceptionResolver#0&apos;
14:07:09.895 [main] DEBUG o.s.b.f.s.DefaultListableBeanFactory - Creating instance of bean &apos;org.springframework.web.servlet.mvc.method.annotation.ExceptionHandlerExceptionResolver#0&apos;
14:07:09.899 [main] DEBUG o.s.b.f.s.DefaultListableBeanFactory - Eagerly caching bean &apos;org.springframework.web.servlet.mvc.method.annotation.ExceptionHandlerExceptionResolver#0&apos; to allow for resolving potential circular references
14:07:09.903 [main] DEBUG o.s.b.f.s.DefaultListableBeanFactory - Returning cached instance of singleton bean &apos;mvcContentNegotiationManager&apos;
14:07:09.904 [main] DEBUG o.s.b.f.s.DefaultListableBeanFactory - Creating instance of bean &apos;(inner bean)#28ee7bee#2&apos;
14:07:09.904 [main] DEBUG o.s.b.f.s.DefaultListableBeanFactory - Returning cached instance of singleton bean &apos;org.springframework.transaction.config.internalTransactionAdvisor&apos;
14:07:09.904 [main] DEBUG o.s.b.f.s.DefaultListableBeanFactory - Finished creating instance of bean &apos;(inner bean)#28ee7bee#2&apos;
14:07:09.904 [main] DEBUG o.s.b.f.s.DefaultListableBeanFactory - Creating instance of bean &apos;(inner bean)#1b5a1d85#2&apos;
14:07:09.904 [main] DEBUG o.s.b.f.s.DefaultListableBeanFactory - Returning cached instance of singleton bean &apos;org.springframework.transaction.config.internalTransactionAdvisor&apos;
14:07:09.905 [main] DEBUG o.s.b.f.s.DefaultListableBeanFactory - Finished creating instance of bean &apos;(inner bean)#1b5a1d85#2&apos;
14:07:09.905 [main] DEBUG o.s.b.f.s.DefaultListableBeanFactory - Creating instance of bean &apos;(inner bean)#31e130bf#2&apos;
14:07:09.905 [main] DEBUG o.s.b.f.s.DefaultListableBeanFactory - Returning cached instance of singleton bean &apos;org.springframework.transaction.config.internalTransactionAdvisor&apos;
14:07:09.905 [main] DEBUG o.s.b.f.s.DefaultListableBeanFactory - Finished creating instance of bean &apos;(inner bean)#31e130bf#2&apos;
14:07:09.905 [main] DEBUG o.s.b.f.s.DefaultListableBeanFactory - Creating instance of bean &apos;(inner bean)#54755dd9#2&apos;
14:07:09.906 [main] DEBUG o.s.b.f.s.DefaultListableBeanFactory - Returning cached instance of singleton bean &apos;org.springframework.transaction.config.internalTransactionAdvisor&apos;
14:07:09.906 [main] DEBUG o.s.b.f.s.DefaultListableBeanFactory - Finished creating instance of bean &apos;(inner bean)#54755dd9#2&apos;
14:07:09.906 [main] DEBUG o.s.b.f.s.DefaultListableBeanFactory - Creating instance of bean &apos;(inner bean)#f1f7db2#2&apos;
14:07:09.908 [main] DEBUG o.s.b.f.s.DefaultListableBeanFactory - Returning cached instance of singleton bean &apos;org.springframework.transaction.config.internalTransactionAdvisor&apos;
14:07:09.908 [main] DEBUG o.s.b.f.s.DefaultListableBeanFactory - Finished creating instance of bean &apos;(inner bean)#f1f7db2#2&apos;
14:07:09.908 [main] DEBUG o.s.b.f.s.DefaultListableBeanFactory - Creating instance of bean &apos;(inner bean)#4462efe1#2&apos;
14:07:09.908 [main] DEBUG o.s.b.f.s.DefaultListableBeanFactory - Creating instance of bean &apos;(inner bean)#7c3e4b1a#2&apos;
14:07:09.908 [main] DEBUG o.s.b.f.s.DefaultListableBeanFactory - Invoking afterPropertiesSet() on bean with name &apos;(inner bean)#7c3e4b1a#2&apos;
14:07:09.911 [main] DEBUG o.s.b.f.s.DefaultListableBeanFactory - Returning cached instance of singleton bean &apos;org.springframework.transaction.config.internalTransactionAdvisor&apos;
14:07:09.911 [main] DEBUG o.s.b.f.s.DefaultListableBeanFactory - Finished creating instance of bean &apos;(inner bean)#7c3e4b1a#2&apos;
14:07:09.911 [main] DEBUG o.s.b.f.s.DefaultListableBeanFactory - Returning cached instance of singleton bean &apos;org.springframework.transaction.config.internalTransactionAdvisor&apos;
14:07:09.912 [main] DEBUG o.s.b.f.s.DefaultListableBeanFactory - Returning cached instance of singleton bean &apos;org.springframework.transaction.config.internalTransactionAdvisor&apos;
14:07:09.914 [main] DEBUG o.s.b.f.s.DefaultListableBeanFactory - Finished creating instance of bean &apos;(inner bean)#4462efe1#2&apos;
14:07:09.914 [main] DEBUG o.s.b.f.s.DefaultListableBeanFactory - Creating instance of bean &apos;(inner bean)#2596d7f4&apos;
14:07:09.914 [main] DEBUG o.s.b.f.s.DefaultListableBeanFactory - Returning cached instance of singleton bean &apos;org.springframework.transaction.config.internalTransactionAdvisor&apos;
14:07:09.915 [main] DEBUG o.s.b.f.s.DefaultListableBeanFactory - Finished creating instance of bean &apos;(inner bean)#2596d7f4&apos;
14:07:09.915 [main] DEBUG o.s.b.f.s.DefaultListableBeanFactory - Invoking afterPropertiesSet() on bean with name &apos;org.springframework.web.servlet.mvc.method.annotation.ExceptionHandlerExceptionResolver#0&apos;
14:07:09.916 [main] DEBUG o.s.w.s.m.m.a.ExceptionHandlerExceptionResolver - Looking for exception mappings: org.springframework.context.support.ClassPathXmlApplicationContext@4c447c09: startup date [Mon Jun 11 14:07:09 CST 2018]; root of context hierarchy
14:07:09.917 [main] DEBUG o.s.b.f.s.DefaultListableBeanFactory - Returning cached instance of singleton bean &apos;org.springframework.transaction.config.internalTransactionAdvisor&apos;
14:07:09.917 [main] DEBUG o.s.b.f.s.DefaultListableBeanFactory - Finished creating instance of bean &apos;org.springframework.web.servlet.mvc.method.annotation.ExceptionHandlerExceptionResolver#0&apos;
14:07:09.917 [main] DEBUG o.s.b.f.s.DefaultListableBeanFactory - Creating shared instance of singleton bean &apos;org.springframework.web.servlet.mvc.annotation.ResponseStatusExceptionResolver#0&apos;
14:07:09.917 [main] DEBUG o.s.b.f.s.DefaultListableBeanFactory - Creating instance of bean &apos;org.springframework.web.servlet.mvc.annotation.ResponseStatusExceptionResolver#0&apos;
14:07:09.917 [main] DEBUG o.s.b.f.s.DefaultListableBeanFactory - Eagerly caching bean &apos;org.springframework.web.servlet.mvc.annotation.ResponseStatusExceptionResolver#0&apos; to allow for resolving potential circular references
14:07:09.920 [main] DEBUG o.s.b.f.s.DefaultListableBeanFactory - Returning cached instance of singleton bean &apos;org.springframework.transaction.config.internalTransactionAdvisor&apos;
14:07:09.920 [main] DEBUG o.s.b.f.s.DefaultListableBeanFactory - Finished creating instance of bean &apos;org.springframework.web.servlet.mvc.annotation.ResponseStatusExceptionResolver#0&apos;
14:07:09.921 [main] DEBUG o.s.b.f.s.DefaultListableBeanFactory - Creating shared instance of singleton bean &apos;org.springframework.web.servlet.mvc.support.DefaultHandlerExceptionResolver#0&apos;
14:07:09.921 [main] DEBUG o.s.b.f.s.DefaultListableBeanFactory - Creating instance of bean &apos;org.springframework.web.servlet.mvc.support.DefaultHandlerExceptionResolver#0&apos;
14:07:09.921 [main] DEBUG o.s.b.f.s.DefaultListableBeanFactory - Eagerly caching bean &apos;org.springframework.web.servlet.mvc.support.DefaultHandlerExceptionResolver#0&apos; to allow for resolving potential circular references
14:07:09.927 [main] DEBUG o.s.b.f.s.DefaultListableBeanFactory - Returning cached instance of singleton bean &apos;org.springframework.transaction.config.internalTransactionAdvisor&apos;
14:07:09.928 [main] DEBUG o.s.b.f.s.DefaultListableBeanFactory - Finished creating instance of bean &apos;org.springframework.web.servlet.mvc.support.DefaultHandlerExceptionResolver#0&apos;
14:07:09.928 [main] DEBUG o.s.b.f.s.DefaultListableBeanFactory - Creating shared instance of singleton bean &apos;org.springframework.web.servlet.handler.BeanNameUrlHandlerMapping&apos;
14:07:09.928 [main] DEBUG o.s.b.f.s.DefaultListableBeanFactory - Creating instance of bean &apos;org.springframework.web.servlet.handler.BeanNameUrlHandlerMapping&apos;
14:07:09.928 [main] DEBUG o.s.b.f.s.DefaultListableBeanFactory - Eagerly caching bean &apos;org.springframework.web.servlet.handler.BeanNameUrlHandlerMapping&apos; to allow for resolving potential circular references
14:07:09.931 [main] DEBUG o.s.b.f.s.DefaultListableBeanFactory - Returning cached instance of singleton bean &apos;mvcCorsConfigurations&apos;
14:07:09.932 [main] DEBUG o.s.b.f.s.DefaultListableBeanFactory - Returning cached instance of singleton bean &apos;org.springframework.web.servlet.handler.MappedInterceptor#0&apos;
14:07:09.932 [main] DEBUG o.s.w.s.h.BeanNameUrlHandlerMapping - Looking for URL mappings in application context: org.springframework.context.support.ClassPathXmlApplicationContext@4c447c09: startup date [Mon Jun 11 14:07:09 CST 2018]; root of context hierarchy
14:07:09.932 [main] DEBUG o.s.w.s.h.BeanNameUrlHandlerMapping - Rejected bean name &apos;addBuildContorller&apos;: no URL paths identified
14:07:09.932 [main] DEBUG o.s.w.s.h.BeanNameUrlHandlerMapping - Rejected bean name &apos;addRoomController&apos;: no URL paths identified
14:07:09.932 [main] DEBUG o.s.w.s.h.BeanNameUrlHandlerMapping - Rejected bean name &apos;addUserController&apos;: no URL paths identified
14:07:09.932 [main] DEBUG o.s.w.s.h.BeanNameUrlHandlerMapping - Rejected bean name &apos;adminLoadUserController&apos;: no URL paths identified
14:07:09.932 [main] DEBUG o.s.w.s.h.BeanNameUrlHandlerMapping - Rejected bean name &apos;deleteUserController&apos;: no URL paths identified
14:07:09.932 [main] DEBUG o.s.w.s.h.BeanNameUrlHandlerMapping - Rejected bean name &apos;deviceUploadInfoController&apos;: no URL paths identified
14:07:09.932 [main] DEBUG o.s.w.s.h.BeanNameUrlHandlerMapping - Rejected bean name &apos;loadBuildController&apos;: no URL paths identified
14:07:09.933 [main] DEBUG o.s.w.s.h.BeanNameUrlHandlerMapping - Rejected bean name &apos;loadRoomController&apos;: no URL paths identified
14:07:09.933 [main] DEBUG o.s.w.s.h.BeanNameUrlHandlerMapping - Rejected bean name &apos;removeBuildController&apos;: no URL paths identified
14:07:09.933 [main] DEBUG o.s.w.s.h.BeanNameUrlHandlerMapping - Rejected bean name &apos;userGetRdmPwdController&apos;: no URL paths identified
14:07:09.933 [main] DEBUG o.s.w.s.h.BeanNameUrlHandlerMapping - Rejected bean name &apos;userLoginController&apos;: no URL paths identified
14:07:09.933 [main] DEBUG o.s.w.s.h.BeanNameUrlHandlerMapping - Rejected bean name &apos;buildService&apos;: no URL paths identified
14:07:09.933 [main] DEBUG o.s.w.s.h.BeanNameUrlHandlerMapping - Rejected bean name &apos;roomService&apos;: no URL paths identified
14:07:09.933 [main] DEBUG o.s.w.s.h.BeanNameUrlHandlerMapping - Rejected bean name &apos;userService&apos;: no URL paths identified
14:07:09.933 [main] DEBUG o.s.w.s.h.BeanNameUrlHandlerMapping - Rejected bean name &apos;org.springframework.context.annotation.internalConfigurationAnnotationProcessor&apos;: no URL paths identified
14:07:09.933 [main] DEBUG o.s.w.s.h.BeanNameUrlHandlerMapping - Rejected bean name &apos;org.springframework.context.annotation.internalAutowiredAnnotationProcessor&apos;: no URL paths identified
14:07:09.933 [main] DEBUG o.s.w.s.h.BeanNameUrlHandlerMapping - Rejected bean name &apos;org.springframework.context.annotation.internalRequiredAnnotationProcessor&apos;: no URL paths identified
14:07:09.933 [main] DEBUG o.s.w.s.h.BeanNameUrlHandlerMapping - Rejected bean name &apos;org.springframework.context.event.internalEventListenerProcessor&apos;: no URL paths identified
14:07:09.933 [main] DEBUG o.s.w.s.h.BeanNameUrlHandlerMapping - Rejected bean name &apos;org.springframework.context.event.internalEventListenerFactory&apos;: no URL paths identified
14:07:09.933 [main] DEBUG o.s.w.s.h.BeanNameUrlHandlerMapping - Rejected bean name &apos;mvcContentNegotiationManager&apos;: no URL paths identified
14:07:09.933 [main] DEBUG o.s.w.s.h.BeanNameUrlHandlerMapping - Rejected bean name &apos;org.springframework.web.servlet.mvc.method.annotation.RequestMappingHandlerMapping&apos;: no URL paths identified
14:07:09.933 [main] DEBUG o.s.w.s.h.BeanNameUrlHandlerMapping - Rejected bean name &apos;mvcCorsConfigurations&apos;: no URL paths identified
14:07:09.933 [main] DEBUG o.s.w.s.h.BeanNameUrlHandlerMapping - Rejected bean name &apos;org.springframework.format.support.FormattingConversionServiceFactoryBean#0&apos;: no URL paths identified
14:07:09.933 [main] DEBUG o.s.w.s.h.BeanNameUrlHandlerMapping - Rejected bean name &apos;org.springframework.web.servlet.mvc.method.annotation.RequestMappingHandlerAdapter&apos;: no URL paths identified
14:07:09.934 [main] DEBUG o.s.w.s.h.BeanNameUrlHandlerMapping - Rejected bean name &apos;mvcUriComponentsContributor&apos;: no URL paths identified
14:07:09.934 [main] DEBUG o.s.w.s.h.BeanNameUrlHandlerMapping - Rejected bean name &apos;org.springframework.web.servlet.handler.MappedInterceptor#0&apos;: no URL paths identified
14:07:09.934 [main] DEBUG o.s.w.s.h.BeanNameUrlHandlerMapping - Rejected bean name &apos;org.springframework.web.servlet.mvc.method.annotation.ExceptionHandlerExceptionResolver#0&apos;: no URL paths identified
14:07:09.934 [main] DEBUG o.s.w.s.h.BeanNameUrlHandlerMapping - Rejected bean name &apos;org.springframework.web.servlet.mvc.annotation.ResponseStatusExceptionResolver#0&apos;: no URL paths identified
14:07:09.934 [main] DEBUG o.s.w.s.h.BeanNameUrlHandlerMapping - Rejected bean name &apos;org.springframework.web.servlet.mvc.support.DefaultHandlerExceptionResolver#0&apos;: no URL paths identified
14:07:09.935 [main] DEBUG o.s.w.s.h.BeanNameUrlHandlerMapping - Rejected bean name &apos;org.springframework.web.servlet.handler.BeanNameUrlHandlerMapping&apos;: no URL paths identified
14:07:09.935 [main] DEBUG o.s.w.s.h.BeanNameUrlHandlerMapping - Rejected bean name &apos;org.springframework.web.servlet.mvc.HttpRequestHandlerAdapter&apos;: no URL paths identified
14:07:09.935 [main] DEBUG o.s.w.s.h.BeanNameUrlHandlerMapping - Rejected bean name &apos;org.springframework.web.servlet.mvc.SimpleControllerHandlerAdapter&apos;: no URL paths identified
14:07:09.935 [main] DEBUG o.s.w.s.h.BeanNameUrlHandlerMapping - Rejected bean name &apos;dbcp&apos;: no URL paths identified
14:07:09.935 [main] DEBUG o.s.w.s.h.BeanNameUrlHandlerMapping - Rejected bean name &apos;ssf&apos;: no URL paths identified
14:07:09.935 [main] DEBUG o.s.w.s.h.BeanNameUrlHandlerMapping - Rejected bean name &apos;mapperScanner&apos;: no URL paths identified
14:07:09.935 [main] DEBUG o.s.w.s.h.BeanNameUrlHandlerMapping - Rejected bean name &apos;txManger&apos;: no URL paths identified
14:07:09.935 [main] DEBUG o.s.w.s.h.BeanNameUrlHandlerMapping - Rejected bean name &apos;org.springframework.transaction.config.internalTransactionalEventListenerFactory&apos;: no URL paths identified
14:07:09.935 [main] DEBUG o.s.w.s.h.BeanNameUrlHandlerMapping - Rejected bean name &apos;org.springframework.aop.config.internalAutoProxyCreator&apos;: no URL paths identified
14:07:09.935 [main] DEBUG o.s.w.s.h.BeanNameUrlHandlerMapping - Rejected bean name &apos;org.springframework.transaction.annotation.AnnotationTransactionAttributeSource#0&apos;: no URL paths identified
14:07:09.935 [main] DEBUG o.s.w.s.h.BeanNameUrlHandlerMapping - Rejected bean name &apos;org.springframework.transaction.interceptor.TransactionInterceptor#0&apos;: no URL paths identified
14:07:09.935 [main] DEBUG o.s.w.s.h.BeanNameUrlHandlerMapping - Rejected bean name &apos;org.springframework.transaction.config.internalTransactionAdvisor&apos;: no URL paths identified
14:07:09.935 [main] DEBUG o.s.w.s.h.BeanNameUrlHandlerMapping - Rejected bean name &apos;buildDao&apos;: no URL paths identified
14:07:09.935 [main] DEBUG o.s.w.s.h.BeanNameUrlHandlerMapping - Rejected bean name &apos;deviceDao&apos;: no URL paths identified
14:07:09.935 [main] DEBUG o.s.w.s.h.BeanNameUrlHandlerMapping - Rejected bean name &apos;roomDao&apos;: no URL paths identified
14:07:09.936 [main] DEBUG o.s.w.s.h.BeanNameUrlHandlerMapping - Rejected bean name &apos;userBuildDao&apos;: no URL paths identified
14:07:09.936 [main] DEBUG o.s.w.s.h.BeanNameUrlHandlerMapping - Rejected bean name &apos;userDao&apos;: no URL paths identified
14:07:09.936 [main] DEBUG o.s.w.s.h.BeanNameUrlHandlerMapping - Rejected bean name &apos;userRoomDao&apos;: no URL paths identified
14:07:09.936 [main] DEBUG o.s.w.s.h.BeanNameUrlHandlerMapping - Rejected bean name &apos;environment&apos;: no URL paths identified
14:07:09.936 [main] DEBUG o.s.w.s.h.BeanNameUrlHandlerMapping - Rejected bean name &apos;systemProperties&apos;: no URL paths identified
14:07:09.936 [main] DEBUG o.s.w.s.h.BeanNameUrlHandlerMapping - Rejected bean name &apos;systemEnvironment&apos;: no URL paths identified
14:07:09.936 [main] DEBUG o.s.w.s.h.BeanNameUrlHandlerMapping - Rejected bean name &apos;org.springframework.context.annotation.ConfigurationClassPostProcessor.importRegistry&apos;: no URL paths identified
14:07:09.936 [main] DEBUG o.s.w.s.h.BeanNameUrlHandlerMapping - Rejected bean name &apos;messageSource&apos;: no URL paths identified
14:07:09.936 [main] DEBUG o.s.w.s.h.BeanNameUrlHandlerMapping - Rejected bean name &apos;applicationEventMulticaster&apos;: no URL paths identified
14:07:09.936 [main] DEBUG o.s.b.f.s.DefaultListableBeanFactory - Returning cached instance of singleton bean &apos;org.springframework.transaction.config.internalTransactionAdvisor&apos;
14:07:09.937 [main] DEBUG o.s.b.f.s.DefaultListableBeanFactory - Finished creating instance of bean &apos;org.springframework.web.servlet.handler.BeanNameUrlHandlerMapping&apos;
14:07:09.937 [main] DEBUG o.s.b.f.s.DefaultListableBeanFactory - Creating shared instance of singleton bean &apos;org.springframework.web.servlet.mvc.HttpRequestHandlerAdapter&apos;
14:07:09.937 [main] DEBUG o.s.b.f.s.DefaultListableBeanFactory - Creating instance of bean &apos;org.springframework.web.servlet.mvc.HttpRequestHandlerAdapter&apos;
14:07:09.937 [main] DEBUG o.s.b.f.s.DefaultListableBeanFactory - Eagerly caching bean &apos;org.springframework.web.servlet.mvc.HttpRequestHandlerAdapter&apos; to allow for resolving potential circular references
14:07:09.938 [main] DEBUG o.s.b.f.s.DefaultListableBeanFactory - Returning cached instance of singleton bean &apos;org.springframework.transaction.config.internalTransactionAdvisor&apos;
14:07:09.938 [main] DEBUG o.s.b.f.s.DefaultListableBeanFactory - Finished creating instance of bean &apos;org.springframework.web.servlet.mvc.HttpRequestHandlerAdapter&apos;
14:07:09.938 [main] DEBUG o.s.b.f.s.DefaultListableBeanFactory - Creating shared instance of singleton bean &apos;org.springframework.web.servlet.mvc.SimpleControllerHandlerAdapter&apos;
14:07:09.938 [main] DEBUG o.s.b.f.s.DefaultListableBeanFactory - Creating instance of bean &apos;org.springframework.web.servlet.mvc.SimpleControllerHandlerAdapter&apos;
14:07:09.938 [main] DEBUG o.s.b.f.s.DefaultListableBeanFactory - Eagerly caching bean &apos;org.springframework.web.servlet.mvc.SimpleControllerHandlerAdapter&apos; to allow for resolving potential circular references
14:07:09.939 [main] DEBUG o.s.b.f.s.DefaultListableBeanFactory - Returning cached instance of singleton bean &apos;org.springframework.transaction.config.internalTransactionAdvisor&apos;
14:07:09.939 [main] DEBUG o.s.b.f.s.DefaultListableBeanFactory - Finished creating instance of bean &apos;org.springframework.web.servlet.mvc.SimpleControllerHandlerAdapter&apos;
14:07:09.939 [main] DEBUG o.s.b.f.s.DefaultListableBeanFactory - Creating shared instance of singleton bean &apos;dbcp&apos;
14:07:09.939 [main] DEBUG o.s.b.f.s.DefaultListableBeanFactory - Creating instance of bean &apos;dbcp&apos;
14:07:09.939 [main] DEBUG o.s.b.f.s.DefaultListableBeanFactory - Eagerly caching bean &apos;dbcp&apos; to allow for resolving potential circular references
14:07:09.941 [main] DEBUG o.s.b.f.s.DefaultListableBeanFactory - Returning cached instance of singleton bean &apos;org.springframework.transaction.config.internalTransactionAdvisor&apos;
14:07:09.941 [main] DEBUG o.s.b.f.s.DefaultListableBeanFactory - Finished creating instance of bean &apos;dbcp&apos;
14:07:09.942 [main] DEBUG o.s.b.f.s.DefaultListableBeanFactory - Creating shared instance of singleton bean &apos;ssf&apos;
14:07:09.942 [main] DEBUG o.s.b.f.s.DefaultListableBeanFactory - Creating instance of bean &apos;ssf&apos;
14:07:09.942 [main] DEBUG o.s.b.f.s.DefaultListableBeanFactory - Eagerly caching bean &apos;ssf&apos; to allow for resolving potential circular references
14:07:09.945 [main] DEBUG o.s.b.f.s.DefaultListableBeanFactory - Returning cached instance of singleton bean &apos;dbcp&apos;
14:07:09.946 [main] DEBUG o.s.c.i.s.PathMatchingResourcePatternResolver - Looking for matching resources in directory tree [F:\Git\JAVAProject\HDU_Minitor\target\classes\mapper]
14:07:09.946 [main] DEBUG o.s.c.i.s.PathMatchingResourcePatternResolver - Searching directory [F:\Git\JAVAProject\HDU_Minitor\target\classes\mapper] for files matching pattern [F:/Git/JAVAProject/HDU_Minitor/target/classes/mapper/*.xml]
14:07:09.947 [main] DEBUG o.s.c.i.s.PathMatchingResourcePatternResolver - Resolved location pattern [classpath:mapper/*.xml] to resources [file [F:\Git\JAVAProject\HDU_Minitor\target\classes\mapper\BuildMapper.xml], file [F:\Git\JAVAProject\HDU_Minitor\target\classes\mapper\DeviceMapper.xml], file [F:\Git\JAVAProject\HDU_Minitor\target\classes\mapper\RoomMapper.xml], file [F:\Git\JAVAProject\HDU_Minitor\target\classes\mapper\UserBuildMapper.xml], file [F:\Git\JAVAProject\HDU_Minitor\target\classes\mapper\UserMapper.xml], file [F:\Git\JAVAProject\HDU_Minitor\target\classes\mapper\UserRoomMapper.xml]]
14:07:09.948 [main] DEBUG o.s.b.f.s.DefaultListableBeanFactory - Invoking afterPropertiesSet() on bean with name &apos;ssf&apos;
14:07:09.963 [main] DEBUG o.m.spring.SqlSessionFactoryBean - Parsed configuration file: &apos;class path resource [conf/mybatis-config.xml]&apos;
14:07:09.974 [main] DEBUG o.m.spring.SqlSessionFactoryBean - Parsed mapper file: &apos;file [F:\Git\JAVAProject\HDU_Minitor\target\classes\mapper\BuildMapper.xml]&apos;
14:07:09.984 [main] DEBUG o.m.spring.SqlSessionFactoryBean - Parsed mapper file: &apos;file [F:\Git\JAVAProject\HDU_Minitor\target\classes\mapper\DeviceMapper.xml]&apos;
14:07:10.004 [main] DEBUG o.m.spring.SqlSessionFactoryBean - Parsed mapper file: &apos;file [F:\Git\JAVAProject\HDU_Minitor\target\classes\mapper\RoomMapper.xml]&apos;
14:07:10.030 [main] DEBUG o.m.spring.SqlSessionFactoryBean - Parsed mapper file: &apos;file [F:\Git\JAVAProject\HDU_Minitor\target\classes\mapper\UserBuildMapper.xml]&apos;
14:07:10.073 [main] DEBUG o.m.spring.SqlSessionFactoryBean - Parsed mapper file: &apos;file [F:\Git\JAVAProject\HDU_Minitor\target\classes\mapper\UserMapper.xml]&apos;
14:07:10.080 [main] DEBUG o.m.spring.SqlSessionFactoryBean - Parsed mapper file: &apos;file [F:\Git\JAVAProject\HDU_Minitor\target\classes\mapper\UserRoomMapper.xml]&apos;
14:07:10.081 [main] DEBUG o.s.b.f.s.DefaultListableBeanFactory - Returning cached instance of singleton bean &apos;org.springframework.transaction.config.internalTransactionAdvisor&apos;
14:07:10.081 [main] DEBUG o.s.b.f.s.DefaultListableBeanFactory - Finished creating instance of bean &apos;ssf&apos;
14:07:10.081 [main] DEBUG o.s.b.f.s.DefaultListableBeanFactory - Returning cached instance of singleton bean &apos;mapperScanner&apos;
14:07:10.081 [main] DEBUG o.s.b.f.s.DefaultListableBeanFactory - Creating shared instance of singleton bean &apos;txManger&apos;
14:07:10.081 [main] DEBUG o.s.b.f.s.DefaultListableBeanFactory - Creating instance of bean &apos;txManger&apos;
14:07:10.081 [main] DEBUG o.s.b.f.s.DefaultListableBeanFactory - Eagerly caching bean &apos;txManger&apos; to allow for resolving potential circular references
14:07:10.083 [main] DEBUG o.s.b.f.s.DefaultListableBeanFactory - Returning cached instance of singleton bean &apos;dbcp&apos;
14:07:10.084 [main] DEBUG o.s.b.f.s.DefaultListableBeanFactory - Invoking afterPropertiesSet() on bean with name &apos;txManger&apos;
14:07:10.084 [main] DEBUG o.s.b.f.s.DefaultListableBeanFactory - Returning cached instance of singleton bean &apos;org.springframework.transaction.config.internalTransactionAdvisor&apos;
14:07:10.084 [main] DEBUG o.s.b.f.s.DefaultListableBeanFactory - Finished creating instance of bean &apos;txManger&apos;
14:07:10.084 [main] DEBUG o.s.b.f.s.DefaultListableBeanFactory - Creating shared instance of singleton bean &apos;org.springframework.transaction.config.internalTransactionalEventListenerFactory&apos;
14:07:10.084 [main] DEBUG o.s.b.f.s.DefaultListableBeanFactory - Creating instance of bean &apos;org.springframework.transaction.config.internalTransactionalEventListenerFactory&apos;
14:07:10.084 [main] DEBUG o.s.b.f.s.DefaultListableBeanFactory - Eagerly caching bean &apos;org.springframework.transaction.config.internalTransactionalEventListenerFactory&apos; to allow for resolving potential circular references
14:07:10.087 [main] DEBUG o.s.b.f.s.DefaultListableBeanFactory - Returning cached instance of singleton bean &apos;org.springframework.transaction.config.internalTransactionAdvisor&apos;
14:07:10.087 [main] DEBUG o.s.b.f.s.DefaultListableBeanFactory - Finished creating instance of bean &apos;org.springframework.transaction.config.internalTransactionalEventListenerFactory&apos;
14:07:10.087 [main] DEBUG o.s.b.f.s.DefaultListableBeanFactory - Returning cached instance of singleton bean &apos;org.springframework.aop.config.internalAutoProxyCreator&apos;
14:07:10.087 [main] DEBUG o.s.b.f.s.DefaultListableBeanFactory - Returning cached instance of singleton bean &apos;org.springframework.transaction.annotation.AnnotationTransactionAttributeSource#0&apos;
14:07:10.087 [main] DEBUG o.s.b.f.s.DefaultListableBeanFactory - Creating shared instance of singleton bean &apos;org.springframework.transaction.interceptor.TransactionInterceptor#0&apos;
14:07:10.087 [main] DEBUG o.s.b.f.s.DefaultListableBeanFactory - Creating instance of bean &apos;org.springframework.transaction.interceptor.TransactionInterceptor#0&apos;
14:07:10.087 [main] DEBUG o.s.b.f.s.DefaultListableBeanFactory - Eagerly caching bean &apos;org.springframework.transaction.interceptor.TransactionInterceptor#0&apos; to allow for resolving potential circular references
14:07:10.092 [main] DEBUG o.s.b.f.s.DefaultListableBeanFactory - Returning cached instance of singleton bean &apos;org.springframework.transaction.annotation.AnnotationTransactionAttributeSource#0&apos;
14:07:10.092 [main] DEBUG o.s.b.f.s.DefaultListableBeanFactory - Invoking afterPropertiesSet() on bean with name &apos;org.springframework.transaction.interceptor.TransactionInterceptor#0&apos;
14:07:10.094 [main] DEBUG o.s.b.f.s.DefaultListableBeanFactory - Finished creating instance of bean &apos;org.springframework.transaction.interceptor.TransactionInterceptor#0&apos;
14:07:10.094 [main] DEBUG o.s.b.f.s.DefaultListableBeanFactory - Returning cached instance of singleton bean &apos;org.springframework.transaction.config.internalTransactionAdvisor&apos;
14:07:10.094 [main] DEBUG o.s.b.f.s.DefaultListableBeanFactory - Creating shared instance of singleton bean &apos;buildDao&apos;
14:07:10.094 [main] DEBUG o.s.b.f.s.DefaultListableBeanFactory - Creating instance of bean &apos;buildDao&apos;
14:07:10.094 [main] DEBUG o.s.b.f.s.DefaultListableBeanFactory - Eagerly caching bean &apos;buildDao&apos; to allow for resolving potential circular references
14:07:10.096 [main] DEBUG o.s.b.f.s.DefaultListableBeanFactory - Returning cached instance of singleton bean &apos;ssf&apos;
14:07:10.096 [main] DEBUG o.s.b.f.s.DefaultListableBeanFactory - Returning cached instance of singleton bean &apos;org.springframework.transaction.config.internalTransactionAdvisor&apos;
14:07:10.096 [main] DEBUG o.s.b.f.s.DefaultListableBeanFactory - Autowiring by type from bean name &apos;buildDao&apos; via property &apos;sqlSessionFactory&apos; to bean named &apos;ssf&apos;
14:07:10.097 [main] DEBUG o.s.b.f.s.DefaultListableBeanFactory - Invoking afterPropertiesSet() on bean with name &apos;buildDao&apos;
14:07:10.097 [main] DEBUG o.s.b.f.s.DefaultListableBeanFactory - Returning cached instance of singleton bean &apos;org.springframework.transaction.config.internalTransactionAdvisor&apos;
14:07:10.097 [main] DEBUG o.s.b.f.s.DefaultListableBeanFactory - Finished creating instance of bean &apos;buildDao&apos;
14:07:10.097 [main] DEBUG o.s.b.f.s.DefaultListableBeanFactory - Creating shared instance of singleton bean &apos;deviceDao&apos;
14:07:10.097 [main] DEBUG o.s.b.f.s.DefaultListableBeanFactory - Creating instance of bean &apos;deviceDao&apos;
14:07:10.097 [main] DEBUG o.s.b.f.s.DefaultListableBeanFactory - Eagerly caching bean &apos;deviceDao&apos; to allow for resolving potential circular references
14:07:10.097 [main] DEBUG o.s.b.f.s.DefaultListableBeanFactory - Returning cached instance of singleton bean &apos;ssf&apos;
14:07:10.097 [main] DEBUG o.s.b.f.s.DefaultListableBeanFactory - Autowiring by type from bean name &apos;deviceDao&apos; via property &apos;sqlSessionFactory&apos; to bean named &apos;ssf&apos;
14:07:10.098 [main] DEBUG o.s.b.f.s.DefaultListableBeanFactory - Invoking afterPropertiesSet() on bean with name &apos;deviceDao&apos;
14:07:10.098 [main] DEBUG o.s.b.f.s.DefaultListableBeanFactory - Returning cached instance of singleton bean &apos;org.springframework.transaction.config.internalTransactionAdvisor&apos;
14:07:10.098 [main] DEBUG o.s.b.f.s.DefaultListableBeanFactory - Finished creating instance of bean &apos;deviceDao&apos;
14:07:10.098 [main] DEBUG o.s.b.f.s.DefaultListableBeanFactory - Creating shared instance of singleton bean &apos;roomDao&apos;
14:07:10.098 [main] DEBUG o.s.b.f.s.DefaultListableBeanFactory - Creating instance of bean &apos;roomDao&apos;
14:07:10.098 [main] DEBUG o.s.b.f.s.DefaultListableBeanFactory - Eagerly caching bean &apos;roomDao&apos; to allow for resolving potential circular references
14:07:10.098 [main] DEBUG o.s.b.f.s.DefaultListableBeanFactory - Returning cached instance of singleton bean &apos;ssf&apos;
14:07:10.098 [main] DEBUG o.s.b.f.s.DefaultListableBeanFactory - Autowiring by type from bean name &apos;roomDao&apos; via property &apos;sqlSessionFactory&apos; to bean named &apos;ssf&apos;
14:07:10.099 [main] DEBUG o.s.b.f.s.DefaultListableBeanFactory - Invoking afterPropertiesSet() on bean with name &apos;roomDao&apos;
14:07:10.099 [main] DEBUG o.s.b.f.s.DefaultListableBeanFactory - Returning cached instance of singleton bean &apos;org.springframework.transaction.config.internalTransactionAdvisor&apos;
14:07:10.099 [main] DEBUG o.s.b.f.s.DefaultListableBeanFactory - Finished creating instance of bean &apos;roomDao&apos;
14:07:10.099 [main] DEBUG o.s.b.f.s.DefaultListableBeanFactory - Creating shared instance of singleton bean &apos;userBuildDao&apos;
14:07:10.099 [main] DEBUG o.s.b.f.s.DefaultListableBeanFactory - Creating instance of bean &apos;userBuildDao&apos;
14:07:10.099 [main] DEBUG o.s.b.f.s.DefaultListableBeanFactory - Eagerly caching bean &apos;userBuildDao&apos; to allow for resolving potential circular references
14:07:10.100 [main] DEBUG o.s.b.f.s.DefaultListableBeanFactory - Returning cached instance of singleton bean &apos;ssf&apos;
14:07:10.100 [main] DEBUG o.s.b.f.s.DefaultListableBeanFactory - Autowiring by type from bean name &apos;userBuildDao&apos; via property &apos;sqlSessionFactory&apos; to bean named &apos;ssf&apos;
14:07:10.103 [main] DEBUG o.s.b.f.s.DefaultListableBeanFactory - Invoking afterPropertiesSet() on bean with name &apos;userBuildDao&apos;
14:07:10.103 [main] DEBUG o.s.b.f.s.DefaultListableBeanFactory - Returning cached instance of singleton bean &apos;org.springframework.transaction.config.internalTransactionAdvisor&apos;
14:07:10.103 [main] DEBUG o.s.b.f.s.DefaultListableBeanFactory - Finished creating instance of bean &apos;userBuildDao&apos;
14:07:10.103 [main] DEBUG o.s.b.f.s.DefaultListableBeanFactory - Creating shared instance of singleton bean &apos;userDao&apos;
14:07:10.103 [main] DEBUG o.s.b.f.s.DefaultListableBeanFactory - Creating instance of bean &apos;userDao&apos;
14:07:10.104 [main] DEBUG o.s.b.f.s.DefaultListableBeanFactory - Eagerly caching bean &apos;userDao&apos; to allow for resolving potential circular references
14:07:10.104 [main] DEBUG o.s.b.f.s.DefaultListableBeanFactory - Returning cached instance of singleton bean &apos;ssf&apos;
14:07:10.104 [main] DEBUG o.s.b.f.s.DefaultListableBeanFactory - Autowiring by type from bean name &apos;userDao&apos; via property &apos;sqlSessionFactory&apos; to bean named &apos;ssf&apos;
14:07:10.104 [main] DEBUG o.s.b.f.s.DefaultListableBeanFactory - Invoking afterPropertiesSet() on bean with name &apos;userDao&apos;
14:07:10.104 [main] DEBUG o.s.b.f.s.DefaultListableBeanFactory - Returning cached instance of singleton bean &apos;org.springframework.transaction.config.internalTransactionAdvisor&apos;
14:07:10.104 [main] DEBUG o.s.b.f.s.DefaultListableBeanFactory - Finished creating instance of bean &apos;userDao&apos;
14:07:10.104 [main] DEBUG o.s.b.f.s.DefaultListableBeanFactory - Creating shared instance of singleton bean &apos;userRoomDao&apos;
14:07:10.104 [main] DEBUG o.s.b.f.s.DefaultListableBeanFactory - Creating instance of bean &apos;userRoomDao&apos;
14:07:10.104 [main] DEBUG o.s.b.f.s.DefaultListableBeanFactory - Eagerly caching bean &apos;userRoomDao&apos; to allow for resolving potential circular references
14:07:10.104 [main] DEBUG o.s.b.f.s.DefaultListableBeanFactory - Returning cached instance of singleton bean &apos;ssf&apos;
14:07:10.104 [main] DEBUG o.s.b.f.s.DefaultListableBeanFactory - Autowiring by type from bean name &apos;userRoomDao&apos; via property &apos;sqlSessionFactory&apos; to bean named &apos;ssf&apos;
14:07:10.105 [main] DEBUG o.s.b.f.s.DefaultListableBeanFactory - Invoking afterPropertiesSet() on bean with name &apos;userRoomDao&apos;
14:07:10.105 [main] DEBUG o.s.b.f.s.DefaultListableBeanFactory - Returning cached instance of singleton bean &apos;org.springframework.transaction.config.internalTransactionAdvisor&apos;
14:07:10.105 [main] DEBUG o.s.b.f.s.DefaultListableBeanFactory - Finished creating instance of bean &apos;userRoomDao&apos;
14:07:10.105 [main] DEBUG o.s.b.f.s.DefaultListableBeanFactory - Returning cached instance of singleton bean &apos;org.springframework.context.event.internalEventListenerFactory&apos;
14:07:10.105 [main] DEBUG o.s.b.f.s.DefaultListableBeanFactory - Returning cached instance of singleton bean &apos;org.springframework.transaction.config.internalTransactionalEventListenerFactory&apos;
14:07:10.146 [main] DEBUG o.s.c.s.ClassPathXmlApplicationContext - Unable to locate LifecycleProcessor with name &apos;lifecycleProcessor&apos;: using default [org.springframework.context.support.DefaultLifecycleProcessor@3119cf6f]
14:07:10.146 [main] DEBUG o.s.b.f.s.DefaultListableBeanFactory - Returning cached instance of singleton bean &apos;lifecycleProcessor&apos;
14:07:10.146 [main] DEBUG o.s.b.f.s.DefaultListableBeanFactory - Returning cached instance of singleton bean &apos;ssf&apos;
14:07:10.147 [main] DEBUG o.s.c.e.PropertySourcesPropertyResolver - Could not find key &apos;spring.liveBeansView.mbeanDomain&apos; in any property source
14:07:10.147 [main] DEBUG o.s.b.f.s.DefaultListableBeanFactory - Returning cached instance of singleton bean &apos;userDao&apos;
14:07:10.149 [main] DEBUG o.s.b.f.s.DefaultListableBeanFactory - Returning cached instance of singleton bean &apos;org.springframework.transaction.config.internalTransactionAdvisor&apos;
14:07:10.150 [main] DEBUG o.s.b.f.s.DefaultListableBeanFactory - Returning cached instance of singleton bean &apos;userService&apos;
14:07:10.151 [main] DEBUG o.s.b.f.s.DefaultListableBeanFactory - Returning cached instance of singleton bean &apos;org.springframework.transaction.interceptor.TransactionInterceptor#0&apos;
14:07:10.156 [main] DEBUG o.s.b.f.s.DefaultListableBeanFactory - Returning cached instance of singleton bean &apos;txManger&apos;
14:07:10.164 [main] DEBUG o.s.j.d.DataSourceTransactionManager - Creating new transaction with name [cn.hdu.HDU_Minitor.service.UserServiceImpl.insertOrUpdateUserInfo]: PROPAGATION_REQUIRED,ISOLATION_DEFAULT; &apos;&apos;
14:07:10.221 [main] DEBUG o.s.j.d.DataSourceTransactionManager - Acquired Connection [jdbc:mysql://192.168.1.188:3306/hdu_monitor?useUnicode=true&amp;characterEncoding=utf8&amp;allowMultiQueries=true, UserName=root@192.168.1.158, MySQL Connector Java] for JDBC transaction
14:07:10.224 [main] DEBUG o.s.j.d.DataSourceTransactionManager - Switching JDBC Connection [jdbc:mysql://192.168.1.188:3306/hdu_monitor?useUnicode=true&amp;characterEncoding=utf8&amp;allowMultiQueries=true, UserName=root@192.168.1.158, MySQL Connector Java] to manual commit
14:07:10.225 [main] DEBUG o.s.j.d.DataSourceTransactionManager - Initiating transaction rollback
14:07:10.226 [main] DEBUG o.s.j.d.DataSourceTransactionManager - Rolling back JDBC transaction on Connection [jdbc:mysql://192.168.1.188:3306/hdu_monitor?useUnicode=true&amp;characterEncoding=utf8&amp;allowMultiQueries=true, UserName=root@192.168.1.158, MySQL Connector Java]
14:07:10.228 [main] DEBUG o.s.j.d.DataSourceTransactionManager - Releasing JDBC Connection [jdbc:mysql://192.168.1.188:3306/hdu_monitor?useUnicode=true&amp;characterEncoding=utf8&amp;allowMultiQueries=true, UserName=root@192.168.1.158, MySQL Connector Java] after transaction
14:07:10.229 [main] DEBUG o.s.jdbc.datasource.DataSourceUtils - Returning JDBC Connection to DataSource
</system-out>
  </testcase>
  <testcase classname="Test.TestUser" name="testFindAllUser" time="0.644"/>
  <testcase classname="Test.TestUser" name="testUserDao" time="0.632"/>
  <testcase classname="Test.TestUser" name="testFindUserInfo" time="0.609">
    <error type="java.lang.NullPointerException">java.lang.NullPointerException
	at Test.TestUser.testFindUserInfo(TestUser.java:84)
	at java.base/jdk.internal.reflect.NativeMethodAccessorImpl.invoke0(Native Method)
	at java.base/jdk.internal.reflect.NativeMethodAccessorImpl.invoke(NativeMethodAccessorImpl.java:62)
	at java.base/jdk.internal.reflect.DelegatingMethodAccessorImpl.invoke(DelegatingMethodAccessorImpl.java:43)
	at java.base/java.lang.reflect.Method.invoke(Method.java:564)
	at org.junit.runners.model.FrameworkMethod$1.runReflectiveCall(FrameworkMethod.java:47)
	at org.junit.internal.runners.model.ReflectiveCallable.run(ReflectiveCallable.java:12)
	at org.junit.runners.model.FrameworkMethod.invokeExplosively(FrameworkMethod.java:44)
	at org.junit.internal.runners.statements.InvokeMethod.evaluate(InvokeMethod.java:17)
	at org.junit.internal.runners.statements.RunBefores.evaluate(RunBefores.java:26)
	at org.junit.runners.ParentRunner.runLeaf(ParentRunner.java:271)
	at org.junit.runners.BlockJUnit4ClassRunner.runChild(BlockJUnit4ClassRunner.java:70)
	at org.junit.runners.BlockJUnit4ClassRunner.runChild(BlockJUnit4ClassRunner.java:50)
	at org.junit.runners.ParentRunner$3.run(ParentRunner.java:238)
	at org.junit.runners.ParentRunner$1.schedule(ParentRunner.java:63)
	at org.junit.runners.ParentRunner.runChildren(ParentRunner.java:236)
	at org.junit.runners.ParentRunner.access$000(ParentRunner.java:53)
	at org.junit.runners.ParentRunner$2.evaluate(ParentRunner.java:229)
	at org.junit.runners.ParentRunner.run(ParentRunner.java:309)
	at org.apache.maven.surefire.junit4.JUnit4Provider.execute(JUnit4Provider.java:252)
	at org.apache.maven.surefire.junit4.JUnit4Provider.executeTestSet(JUnit4Provider.java:141)
	at org.apache.maven.surefire.junit4.JUnit4Provider.invoke(JUnit4Provider.java:112)
	at java.base/jdk.internal.reflect.NativeMethodAccessorImpl.invoke0(Native Method)
	at java.base/jdk.internal.reflect.NativeMethodAccessorImpl.invoke(NativeMethodAccessorImpl.java:62)
	at java.base/jdk.internal.reflect.DelegatingMethodAccessorImpl.invoke(DelegatingMethodAccessorImpl.java:43)
	at java.base/java.lang.reflect.Method.invoke(Method.java:564)
	at org.apache.maven.surefire.util.ReflectionUtils.invokeMethodWithArray(ReflectionUtils.java:189)
	at org.apache.maven.surefire.booter.ProviderFactory$ProviderProxy.invoke(ProviderFactory.java:165)
	at org.apache.maven.surefire.booter.ProviderFactory.invokeProvider(ProviderFactory.java:85)
	at org.apache.maven.surefire.booter.ForkedBooter.runSuitesInProcess(ForkedBooter.java:115)
	at org.apache.maven.surefire.booter.ForkedBooter.main(ForkedBooter.java:75)
</error>
    <system-out>getContext()
14:07:11.482 [main] DEBUG o.s.core.env.StandardEnvironment - Adding PropertySource &apos;systemProperties&apos; with lowest search precedence
14:07:11.482 [main] DEBUG o.s.core.env.StandardEnvironment - Adding PropertySource &apos;systemEnvironment&apos; with lowest search precedence
14:07:11.482 [main] DEBUG o.s.core.env.StandardEnvironment - Initialized StandardEnvironment with PropertySources [MapPropertySource@1515477775 {name=&apos;systemProperties&apos;, properties={sun.desktop=windows, awt.toolkit=sun.awt.windows.WToolkit, java.specification.version=9, file.encoding.pkg=sun.io, sun.cpu.isalist=amd64, sun.jnu.encoding=GBK, java.class.path=F:\Git\JAVAProject\HDU_Minitor\target\test-classes;F:\Git\JAVAProject\HDU_Minitor\target\classes;E:\eclipse-workspace\.m2\repository\org\springframework\spring-webmvc\4.3.11.RELEASE\spring-webmvc-4.3.11.RELEASE.jar;E:\eclipse-workspace\.m2\repository\org\springframework\spring-aop\4.3.11.RELEASE\spring-aop-4.3.11.RELEASE.jar;E:\eclipse-workspace\.m2\repository\org\springframework\spring-beans\4.3.11.RELEASE\spring-beans-4.3.11.RELEASE.jar;E:\eclipse-workspace\.m2\repository\org\springframework\spring-context\4.3.11.RELEASE\spring-context-4.3.11.RELEASE.jar;E:\eclipse-workspace\.m2\repository\org\springframework\spring-core\4.3.11.RELEASE\spring-core-4.3.11.RELEASE.jar;E:\eclipse-workspace\.m2\repository\commons-logging\commons-logging\1.2\commons-logging-1.2.jar;E:\eclipse-workspace\.m2\repository\org\springframework\spring-expression\4.3.11.RELEASE\spring-expression-4.3.11.RELEASE.jar;E:\eclipse-workspace\.m2\repository\org\springframework\spring-web\4.3.11.RELEASE\spring-web-4.3.11.RELEASE.jar;E:\eclipse-workspace\.m2\repository\org\springframework\spring-jdbc\4.3.11.RELEASE\spring-jdbc-4.3.11.RELEASE.jar;E:\eclipse-workspace\.m2\repository\org\springframework\spring-tx\4.3.11.RELEASE\spring-tx-4.3.11.RELEASE.jar;E:\eclipse-workspace\.m2\repository\commons-dbcp\commons-dbcp\1.4\commons-dbcp-1.4.jar;E:\eclipse-workspace\.m2\repository\commons-pool\commons-pool\1.5.4\commons-pool-1.5.4.jar;E:\eclipse-workspace\.m2\repository\mysql\mysql-connector-java\5.1.37\mysql-connector-java-5.1.37.jar;E:\eclipse-workspace\.m2\repository\org\mybatis\mybatis\3.4.6\mybatis-3.4.6.jar;E:\eclipse-workspace\.m2\repository\org\mybatis\mybatis-spring\1.3.1\mybatis-spring-1.3.1.jar;E:\eclipse-workspace\.m2\repository\jstl\jstl\1.2\jstl-1.2.jar;E:\eclipse-workspace\.m2\repository\com\mangofactory\swagger-springmvc\1.0.2\swagger-springmvc-1.0.2.jar;E:\eclipse-workspace\.m2\repository\org\slf4j\slf4j-api\1.7.7\slf4j-api-1.7.7.jar;E:\eclipse-workspace\.m2\repository\joda-time\joda-time\2.5\joda-time-2.5.jar;E:\eclipse-workspace\.m2\repository\com\mangofactory\swagger-models\1.0.2\swagger-models-1.0.2.jar;E:\eclipse-workspace\.m2\repository\com\wordnik\swagger-annotations\1.3.11\swagger-annotations-1.3.11.jar;E:\eclipse-workspace\.m2\repository\com\google\guava\guava\15.0\guava-15.0.jar;E:\eclipse-workspace\.m2\repository\com\fasterxml\jackson\core\jackson-annotations\2.6.1\jackson-annotations-2.6.1.jar;E:\eclipse-workspace\.m2\repository\com\fasterxml\jackson\core\jackson-databind\2.6.1\jackson-databind-2.6.1.jar;E:\eclipse-workspace\.m2\repository\com\fasterxml\jackson\core\jackson-core\2.6.1\jackson-core-2.6.1.jar;E:\eclipse-workspace\.m2\repository\com\fasterxml\classmate\1.1.0\classmate-1.1.0.jar;E:\eclipse-workspace\.m2\repository\org\springframework\data\spring-data-redis\1.8.7.RELEASE\spring-data-redis-1.8.7.RELEASE.jar;E:\eclipse-workspace\.m2\repository\org\springframework\data\spring-data-keyvalue\1.2.7.RELEASE\spring-data-keyvalue-1.2.7.RELEASE.jar;E:\eclipse-workspace\.m2\repository\org\springframework\data\spring-data-commons\1.13.7.RELEASE\spring-data-commons-1.13.7.RELEASE.jar;E:\eclipse-workspace\.m2\repository\org\springframework\spring-oxm\4.3.11.RELEASE\spring-oxm-4.3.11.RELEASE.jar;E:\eclipse-workspace\.m2\repository\org\springframework\spring-context-support\4.3.11.RELEASE\spring-context-support-4.3.11.RELEASE.jar;E:\eclipse-workspace\.m2\repository\org\slf4j\jcl-over-slf4j\1.7.25\jcl-over-slf4j-1.7.25.jar;E:\eclipse-workspace\.m2\repository\redis\clients\jedis\2.9.0\jedis-2.9.0.jar;E:\eclipse-workspace\.m2\repository\org\apache\commons\commons-pool2\2.4.2\commons-pool2-2.4.2.jar;E:\eclipse-workspace\.m2\repository\ch\qos\logback\logback-classic\0.9.24\logback-classic-0.9.24.jar;E:\eclipse-workspace\.m2\repository\ch\qos\logback\logback-core\0.9.24\logback-core-0.9.24.jar;E:\eclipse-workspace\.m2\repository\log4j\log4j\1.2.17\log4j-1.2.17.jar;E:\eclipse-workspace\.m2\repository\org\aspectj\aspectjrt\1.8.10\aspectjrt-1.8.10.jar;E:\eclipse-workspace\.m2\repository\org\aspectj\aspectjweaver\1.8.10\aspectjweaver-1.8.10.jar;E:\eclipse-workspace\.m2\repository\junit\junit\4.11\junit-4.11.jar;E:\eclipse-workspace\.m2\repository\org\hamcrest\hamcrest-core\1.3\hamcrest-core-1.3.jar;E:\eclipse-workspace\.m2\repository\javax\servlet\servlet-api\2.5\servlet-api-2.5.jar;E:\eclipse-workspace\.m2\repository\javax\servlet\jsp\jsp-api\2.1.3-b06\jsp-api-2.1.3-b06.jar;E:\eclipse-workspace\.m2\repository\org\glassfish\javax.servlet\3.0-b70\javax.servlet-3.0-b70.jar;E:\eclipse-workspace\.m2\repository\javax\el\el-api\2.1.2-b05\el-api-2.1.2-b05.jar;, java.vm.vendor=Oracle Corporation, sun.arch.data.model=64, user.variant=, java.vendor.url=http://java.oracle.com/, user.timezone=Asia/Shanghai, os.name=Windows 7, java.vm.specification.version=9, sun.java.launcher=SUN_STANDARD, user.country=CN, sun.boot.library.path=E:\Java\jdk 9.01\bin, sun.java.command=F:\Git\JAVAProject\HDU_Minitor\target\surefire\surefirebooter9040375031050353846.jar F:\Git\JAVAProject\HDU_Minitor\target\surefire\surefire6366189002758959061tmp F:\Git\JAVAProject\HDU_Minitor\target\surefire\surefire_013619108730529990772tmp, jdk.debug=release, surefire.test.class.path=F:\Git\JAVAProject\HDU_Minitor\target\test-classes;F:\Git\JAVAProject\HDU_Minitor\target\classes;E:\eclipse-workspace\.m2\repository\org\springframework\spring-webmvc\4.3.11.RELEASE\spring-webmvc-4.3.11.RELEASE.jar;E:\eclipse-workspace\.m2\repository\org\springframework\spring-aop\4.3.11.RELEASE\spring-aop-4.3.11.RELEASE.jar;E:\eclipse-workspace\.m2\repository\org\springframework\spring-beans\4.3.11.RELEASE\spring-beans-4.3.11.RELEASE.jar;E:\eclipse-workspace\.m2\repository\org\springframework\spring-context\4.3.11.RELEASE\spring-context-4.3.11.RELEASE.jar;E:\eclipse-workspace\.m2\repository\org\springframework\spring-core\4.3.11.RELEASE\spring-core-4.3.11.RELEASE.jar;E:\eclipse-workspace\.m2\repository\commons-logging\commons-logging\1.2\commons-logging-1.2.jar;E:\eclipse-workspace\.m2\repository\org\springframework\spring-expression\4.3.11.RELEASE\spring-expression-4.3.11.RELEASE.jar;E:\eclipse-workspace\.m2\repository\org\springframework\spring-web\4.3.11.RELEASE\spring-web-4.3.11.RELEASE.jar;E:\eclipse-workspace\.m2\repository\org\springframework\spring-jdbc\4.3.11.RELEASE\spring-jdbc-4.3.11.RELEASE.jar;E:\eclipse-workspace\.m2\repository\org\springframework\spring-tx\4.3.11.RELEASE\spring-tx-4.3.11.RELEASE.jar;E:\eclipse-workspace\.m2\repository\commons-dbcp\commons-dbcp\1.4\commons-dbcp-1.4.jar;E:\eclipse-workspace\.m2\repository\commons-pool\commons-pool\1.5.4\commons-pool-1.5.4.jar;E:\eclipse-workspace\.m2\repository\mysql\mysql-connector-java\5.1.37\mysql-connector-java-5.1.37.jar;E:\eclipse-workspace\.m2\repository\org\mybatis\mybatis\3.4.6\mybatis-3.4.6.jar;E:\eclipse-workspace\.m2\repository\org\mybatis\mybatis-spring\1.3.1\mybatis-spring-1.3.1.jar;E:\eclipse-workspace\.m2\repository\jstl\jstl\1.2\jstl-1.2.jar;E:\eclipse-workspace\.m2\repository\com\mangofactory\swagger-springmvc\1.0.2\swagger-springmvc-1.0.2.jar;E:\eclipse-workspace\.m2\repository\org\slf4j\slf4j-api\1.7.7\slf4j-api-1.7.7.jar;E:\eclipse-workspace\.m2\repository\joda-time\joda-time\2.5\joda-time-2.5.jar;E:\eclipse-workspace\.m2\repository\com\mangofactory\swagger-models\1.0.2\swagger-models-1.0.2.jar;E:\eclipse-workspace\.m2\repository\com\wordnik\swagger-annotations\1.3.11\swagger-annotations-1.3.11.jar;E:\eclipse-workspace\.m2\repository\com\google\guava\guava\15.0\guava-15.0.jar;E:\eclipse-workspace\.m2\repository\com\fasterxml\jackson\core\jackson-annotations\2.6.1\jackson-annotations-2.6.1.jar;E:\eclipse-workspace\.m2\repository\com\fasterxml\jackson\core\jackson-databind\2.6.1\jackson-databind-2.6.1.jar;E:\eclipse-workspace\.m2\repository\com\fasterxml\jackson\core\jackson-core\2.6.1\jackson-core-2.6.1.jar;E:\eclipse-workspace\.m2\repository\com\fasterxml\classmate\1.1.0\classmate-1.1.0.jar;E:\eclipse-workspace\.m2\repository\org\springframework\data\spring-data-redis\1.8.7.RELEASE\spring-data-redis-1.8.7.RELEASE.jar;E:\eclipse-workspace\.m2\repository\org\springframework\data\spring-data-keyvalue\1.2.7.RELEASE\spring-data-keyvalue-1.2.7.RELEASE.jar;E:\eclipse-workspace\.m2\repository\org\springframework\data\spring-data-commons\1.13.7.RELEASE\spring-data-commons-1.13.7.RELEASE.jar;E:\eclipse-workspace\.m2\repository\org\springframework\spring-oxm\4.3.11.RELEASE\spring-oxm-4.3.11.RELEASE.jar;E:\eclipse-workspace\.m2\repository\org\springframework\spring-context-support\4.3.11.RELEASE\spring-context-support-4.3.11.RELEASE.jar;E:\eclipse-workspace\.m2\repository\org\slf4j\jcl-over-slf4j\1.7.25\jcl-over-slf4j-1.7.25.jar;E:\eclipse-workspace\.m2\repository\redis\clients\jedis\2.9.0\jedis-2.9.0.jar;E:\eclipse-workspace\.m2\repository\org\apache\commons\commons-pool2\2.4.2\commons-pool2-2.4.2.jar;E:\eclipse-workspace\.m2\repository\ch\qos\logback\logback-classic\0.9.24\logback-classic-0.9.24.jar;E:\eclipse-workspace\.m2\repository\ch\qos\logback\logback-core\0.9.24\logback-core-0.9.24.jar;E:\eclipse-workspace\.m2\repository\log4j\log4j\1.2.17\log4j-1.2.17.jar;E:\eclipse-workspace\.m2\repository\org\aspectj\aspectjrt\1.8.10\aspectjrt-1.8.10.jar;E:\eclipse-workspace\.m2\repository\org\aspectj\aspectjweaver\1.8.10\aspectjweaver-1.8.10.jar;E:\eclipse-workspace\.m2\repository\junit\junit\4.11\junit-4.11.jar;E:\eclipse-workspace\.m2\repository\org\hamcrest\hamcrest-core\1.3\hamcrest-core-1.3.jar;E:\eclipse-workspace\.m2\repository\javax\servlet\servlet-api\2.5\servlet-api-2.5.jar;E:\eclipse-workspace\.m2\repository\javax\servlet\jsp\jsp-api\2.1.3-b06\jsp-api-2.1.3-b06.jar;E:\eclipse-workspace\.m2\repository\org\glassfish\javax.servlet\3.0-b70\javax.servlet-3.0-b70.jar;E:\eclipse-workspace\.m2\repository\javax\el\el-api\2.1.2-b05\el-api-2.1.2-b05.jar;, sun.cpu.endian=little, user.home=C:\Users\SunWay, user.language=zh, java.specification.vendor=Oracle Corporation, java.home=E:\Java\jdk 9.01, file.separator=\, basedir=F:\Git\JAVAProject\HDU_Minitor, java.vm.compressedOopsMode=32-bit, line.separator=
, java.vm.specification.vendor=Oracle Corporation, java.specification.name=Java Platform API Specification, java.awt.graphicsenv=sun.awt.Win32GraphicsEnvironment, surefire.real.class.path=F:\Git\JAVAProject\HDU_Minitor\target\surefire\surefirebooter9040375031050353846.jar, user.script=, sun.management.compiler=HotSpot 64-Bit Tiered Compilers, java.runtime.version=9.0.1+11, user.name=SunWay, path.separator=;, os.version=6.1, java.runtime.name=Java(TM) SE Runtime Environment, file.encoding=GBK, java.vm.name=Java HotSpot(TM) 64-Bit Server VM, localRepository=E:\eclipse-workspace\.m2\repository, java.vendor.url.bug=http://bugreport.java.com/bugreport/, java.io.tmpdir=C:\Users\SunWay\AppData\Local\Temp\, java.version=9.0.1, user.dir=F:\Git\JAVAProject\HDU_Minitor, os.arch=amd64, java.vm.specification.name=Java Virtual Machine Specification, java.awt.printerjob=sun.awt.windows.WPrinterJob, sun.os.patch.level=Service Pack 1, java.library.path=E:\Java\jdk 9.01\bin;C:\Windows\Sun\Java\bin;C:\Windows\system32;C:\Windows;E:\OracleXE\OracleInstall\app\oracle\product\10.2.0\server\bin;C:\ProgramData\Oracle\Java\javapath;C:\Program Files (x86)\NVIDIA Corporation\PhysX\Common;C:\Program Files (x86)\Intel\iCLS Client\;C:\Program Files\Intel\iCLS Client\;C:\Windows\system32;C:\Windows;C:\Windows\System32\Wbem;C:\Windows\System32\WindowsPowerShell\v1.0\;C:\Program Files (x86)\Intel\OpenCL SDK\2.0\bin\x86;C:\Program Files (x86)\Intel\OpenCL SDK\2.0\bin\x64;C:\Program Files\Intel\Intel(R) Management Engine Components\DAL;C:\Program Files\Intel\Intel(R) Management Engine Components\IPT;E:\Java\jdk 9.01\bin;E:\Java\jdk 9.01\jre\bin;C:\Program Files (x86)\Intel\Intel(R) Management Engine Components\DAL;C:\Program Files (x86)\Intel\Intel(R) Management Engine Components\IPT;E:\eclipse-workspace\tomcat\bin;%CATLINA_HOME%\lib;F:\Git\cmd;E:\matlab\bin\win32;C:\Program Files (x86)\Microsoft Visual Studio\Common\Tools\WinNT;C:\Program Files (x86)\Microsoft Visual Studio\Common\MSDev98\Bin;C:\Program Files (x86)\Microsoft Visual Studio\Common\Tools;C:\Program Files (x86)\Microsoft Visual Studio\VC98\bin;., java.vm.info=mixed mode, java.vendor=Oracle Corporation, java.vm.version=9.0.1+11, sun.io.unicode.encoding=UnicodeLittle, java.class.version=53.0}}, SystemEnvironmentPropertySource@736236438 {name=&apos;systemEnvironment&apos;, properties={ACTEL_FOR_ALTIUM_OVERRIDE= , PATH=E:\OracleXE\OracleInstall\app\oracle\product\10.2.0\server\bin;C:\ProgramData\Oracle\Java\javapath;C:\Program Files (x86)\NVIDIA Corporation\PhysX\Common;C:\Program Files (x86)\Intel\iCLS Client\;C:\Program Files\Intel\iCLS Client\;C:\Windows\system32;C:\Windows;C:\Windows\System32\Wbem;C:\Windows\System32\WindowsPowerShell\v1.0\;C:\Program Files (x86)\Intel\OpenCL SDK\2.0\bin\x86;C:\Program Files (x86)\Intel\OpenCL SDK\2.0\bin\x64;C:\Program Files\Intel\Intel(R) Management Engine Components\DAL;C:\Program Files\Intel\Intel(R) Management Engine Components\IPT;E:\Java\jdk 9.01\bin;E:\Java\jdk 9.01\jre\bin;C:\Program Files (x86)\Intel\Intel(R) Management Engine Components\DAL;C:\Program Files (x86)\Intel\Intel(R) Management Engine Components\IPT;E:\eclipse-workspace\tomcat\bin;%CATLINA_HOME%\lib;F:\Git\cmd;E:\matlab\bin\win32;C:\Program Files (x86)\Microsoft Visual Studio\Common\Tools\WinNT;C:\Program Files (x86)\Microsoft Visual Studio\Common\MSDev98\Bin;C:\Program Files (x86)\Microsoft Visual Studio\Common\Tools;C:\Program Files (x86)\Microsoft Visual Studio\VC98\bin, LOCALAPPDATA=C:\Users\SunWay\AppData\Local, PROCESSOR_LEVEL=6, SYSTEMDRIVE=C:, COMMONPROGRAMFILES(X86)=C:\Program Files (x86)\Common Files, FP_NO_HOST_CHECK=NO, USERDOMAIN=SunWay-PC, LOGONSERVER=\\SUNWAY-PC, JAVA_HOME=E:\Java\jdk 9.01, PROMPT=$P$G, SESSIONNAME=Console, ALLUSERSPROFILE=C:\ProgramData, ALTERA_FOR_ALTIUM_OVERRIDE= , PROGRAMFILES(X86)=C:\Program Files (x86), PROCESSOR_ARCHITECTURE=AMD64, PROGRAMFILES=C:\Program Files, APPDATA=C:\Users\SunWay\AppData\Roaming, PSMODULEPATH=C:\Windows\system32\WindowsPowerShell\v1.0\Modules\, PROGRAMW6432=C:\Program Files, PROGRAMDATA=C:\ProgramData, SYSTEMROOT=C:\Windows, USERNAME=SunWay, TOMCAT_HOME=E:\eclipse-workspace\tomcat, INCLUDE=C:\Program Files (x86)\Microsoft Visual Studio\VC98\atl\include;C:\Program Files (x86)\Microsoft Visual Studio\VC98\mfc\include;C:\Program Files (x86)\Microsoft Visual Studio\VC98\include, PATHEXT=.COM;.EXE;.BAT;.CMD;.VBS;.VBE;.JS;.JSE;.WSF;.WSH;.MSC, LIB=C:\Program Files (x86)\Microsoft Visual Studio\VC98\mfc\lib;C:\Program Files (x86)\Microsoft Visual Studio\VC98\lib, OS=Windows_NT, COMMONPROGRAMW6432=C:\Program Files\Common Files, COMPUTERNAME=SUNWAY-PC, COMMONPROGRAMFILES=C:\Program Files\Common Files, COMSPEC=C:\Windows\system32\cmd.exe, CATALINA_HOME=E:\eclipse-workspace\tomcat, PROCESSOR_REVISION=3a09, WINDIR=C:\Windows, =F:=F:\Git\JAVAProject\HDU_Minitor, HOMEPATH=\Users\SunWay, TEMP=C:\Users\SunWay\AppData\Local\Temp, HOMEDRIVE=C:, PROCESSOR_IDENTIFIER=Intel64 Family 6 Model 58 Stepping 9, GenuineIntel, USERPROFILE=C:\Users\SunWay, TMP=C:\Users\SunWay\AppData\Local\Temp, PUBLIC=C:\Users\Public, NUMBER_OF_PROCESSORS=4}}]
14:07:11.504 [main] INFO  o.s.c.s.ClassPathXmlApplicationContext - Refreshing org.springframework.context.support.ClassPathXmlApplicationContext@1bf14704: startup date [Mon Jun 11 14:07:11 CST 2018]; root of context hierarchy
14:07:11.504 [main] DEBUG o.s.core.env.StandardEnvironment - Adding PropertySource &apos;systemProperties&apos; with lowest search precedence
14:07:11.504 [main] DEBUG o.s.core.env.StandardEnvironment - Adding PropertySource &apos;systemEnvironment&apos; with lowest search precedence
14:07:11.504 [main] DEBUG o.s.core.env.StandardEnvironment - Initialized StandardEnvironment with PropertySources [MapPropertySource@307080309 {name=&apos;systemProperties&apos;, properties={sun.desktop=windows, awt.toolkit=sun.awt.windows.WToolkit, java.specification.version=9, file.encoding.pkg=sun.io, sun.cpu.isalist=amd64, sun.jnu.encoding=GBK, java.class.path=F:\Git\JAVAProject\HDU_Minitor\target\test-classes;F:\Git\JAVAProject\HDU_Minitor\target\classes;E:\eclipse-workspace\.m2\repository\org\springframework\spring-webmvc\4.3.11.RELEASE\spring-webmvc-4.3.11.RELEASE.jar;E:\eclipse-workspace\.m2\repository\org\springframework\spring-aop\4.3.11.RELEASE\spring-aop-4.3.11.RELEASE.jar;E:\eclipse-workspace\.m2\repository\org\springframework\spring-beans\4.3.11.RELEASE\spring-beans-4.3.11.RELEASE.jar;E:\eclipse-workspace\.m2\repository\org\springframework\spring-context\4.3.11.RELEASE\spring-context-4.3.11.RELEASE.jar;E:\eclipse-workspace\.m2\repository\org\springframework\spring-core\4.3.11.RELEASE\spring-core-4.3.11.RELEASE.jar;E:\eclipse-workspace\.m2\repository\commons-logging\commons-logging\1.2\commons-logging-1.2.jar;E:\eclipse-workspace\.m2\repository\org\springframework\spring-expression\4.3.11.RELEASE\spring-expression-4.3.11.RELEASE.jar;E:\eclipse-workspace\.m2\repository\org\springframework\spring-web\4.3.11.RELEASE\spring-web-4.3.11.RELEASE.jar;E:\eclipse-workspace\.m2\repository\org\springframework\spring-jdbc\4.3.11.RELEASE\spring-jdbc-4.3.11.RELEASE.jar;E:\eclipse-workspace\.m2\repository\org\springframework\spring-tx\4.3.11.RELEASE\spring-tx-4.3.11.RELEASE.jar;E:\eclipse-workspace\.m2\repository\commons-dbcp\commons-dbcp\1.4\commons-dbcp-1.4.jar;E:\eclipse-workspace\.m2\repository\commons-pool\commons-pool\1.5.4\commons-pool-1.5.4.jar;E:\eclipse-workspace\.m2\repository\mysql\mysql-connector-java\5.1.37\mysql-connector-java-5.1.37.jar;E:\eclipse-workspace\.m2\repository\org\mybatis\mybatis\3.4.6\mybatis-3.4.6.jar;E:\eclipse-workspace\.m2\repository\org\mybatis\mybatis-spring\1.3.1\mybatis-spring-1.3.1.jar;E:\eclipse-workspace\.m2\repository\jstl\jstl\1.2\jstl-1.2.jar;E:\eclipse-workspace\.m2\repository\com\mangofactory\swagger-springmvc\1.0.2\swagger-springmvc-1.0.2.jar;E:\eclipse-workspace\.m2\repository\org\slf4j\slf4j-api\1.7.7\slf4j-api-1.7.7.jar;E:\eclipse-workspace\.m2\repository\joda-time\joda-time\2.5\joda-time-2.5.jar;E:\eclipse-workspace\.m2\repository\com\mangofactory\swagger-models\1.0.2\swagger-models-1.0.2.jar;E:\eclipse-workspace\.m2\repository\com\wordnik\swagger-annotations\1.3.11\swagger-annotations-1.3.11.jar;E:\eclipse-workspace\.m2\repository\com\google\guava\guava\15.0\guava-15.0.jar;E:\eclipse-workspace\.m2\repository\com\fasterxml\jackson\core\jackson-annotations\2.6.1\jackson-annotations-2.6.1.jar;E:\eclipse-workspace\.m2\repository\com\fasterxml\jackson\core\jackson-databind\2.6.1\jackson-databind-2.6.1.jar;E:\eclipse-workspace\.m2\repository\com\fasterxml\jackson\core\jackson-core\2.6.1\jackson-core-2.6.1.jar;E:\eclipse-workspace\.m2\repository\com\fasterxml\classmate\1.1.0\classmate-1.1.0.jar;E:\eclipse-workspace\.m2\repository\org\springframework\data\spring-data-redis\1.8.7.RELEASE\spring-data-redis-1.8.7.RELEASE.jar;E:\eclipse-workspace\.m2\repository\org\springframework\data\spring-data-keyvalue\1.2.7.RELEASE\spring-data-keyvalue-1.2.7.RELEASE.jar;E:\eclipse-workspace\.m2\repository\org\springframework\data\spring-data-commons\1.13.7.RELEASE\spring-data-commons-1.13.7.RELEASE.jar;E:\eclipse-workspace\.m2\repository\org\springframework\spring-oxm\4.3.11.RELEASE\spring-oxm-4.3.11.RELEASE.jar;E:\eclipse-workspace\.m2\repository\org\springframework\spring-context-support\4.3.11.RELEASE\spring-context-support-4.3.11.RELEASE.jar;E:\eclipse-workspace\.m2\repository\org\slf4j\jcl-over-slf4j\1.7.25\jcl-over-slf4j-1.7.25.jar;E:\eclipse-workspace\.m2\repository\redis\clients\jedis\2.9.0\jedis-2.9.0.jar;E:\eclipse-workspace\.m2\repository\org\apache\commons\commons-pool2\2.4.2\commons-pool2-2.4.2.jar;E:\eclipse-workspace\.m2\repository\ch\qos\logback\logback-classic\0.9.24\logback-classic-0.9.24.jar;E:\eclipse-workspace\.m2\repository\ch\qos\logback\logback-core\0.9.24\logback-core-0.9.24.jar;E:\eclipse-workspace\.m2\repository\log4j\log4j\1.2.17\log4j-1.2.17.jar;E:\eclipse-workspace\.m2\repository\org\aspectj\aspectjrt\1.8.10\aspectjrt-1.8.10.jar;E:\eclipse-workspace\.m2\repository\org\aspectj\aspectjweaver\1.8.10\aspectjweaver-1.8.10.jar;E:\eclipse-workspace\.m2\repository\junit\junit\4.11\junit-4.11.jar;E:\eclipse-workspace\.m2\repository\org\hamcrest\hamcrest-core\1.3\hamcrest-core-1.3.jar;E:\eclipse-workspace\.m2\repository\javax\servlet\servlet-api\2.5\servlet-api-2.5.jar;E:\eclipse-workspace\.m2\repository\javax\servlet\jsp\jsp-api\2.1.3-b06\jsp-api-2.1.3-b06.jar;E:\eclipse-workspace\.m2\repository\org\glassfish\javax.servlet\3.0-b70\javax.servlet-3.0-b70.jar;E:\eclipse-workspace\.m2\repository\javax\el\el-api\2.1.2-b05\el-api-2.1.2-b05.jar;, java.vm.vendor=Oracle Corporation, sun.arch.data.model=64, user.variant=, java.vendor.url=http://java.oracle.com/, user.timezone=Asia/Shanghai, os.name=Windows 7, java.vm.specification.version=9, sun.java.launcher=SUN_STANDARD, user.country=CN, sun.boot.library.path=E:\Java\jdk 9.01\bin, sun.java.command=F:\Git\JAVAProject\HDU_Minitor\target\surefire\surefirebooter9040375031050353846.jar F:\Git\JAVAProject\HDU_Minitor\target\surefire\surefire6366189002758959061tmp F:\Git\JAVAProject\HDU_Minitor\target\surefire\surefire_013619108730529990772tmp, jdk.debug=release, surefire.test.class.path=F:\Git\JAVAProject\HDU_Minitor\target\test-classes;F:\Git\JAVAProject\HDU_Minitor\target\classes;E:\eclipse-workspace\.m2\repository\org\springframework\spring-webmvc\4.3.11.RELEASE\spring-webmvc-4.3.11.RELEASE.jar;E:\eclipse-workspace\.m2\repository\org\springframework\spring-aop\4.3.11.RELEASE\spring-aop-4.3.11.RELEASE.jar;E:\eclipse-workspace\.m2\repository\org\springframework\spring-beans\4.3.11.RELEASE\spring-beans-4.3.11.RELEASE.jar;E:\eclipse-workspace\.m2\repository\org\springframework\spring-context\4.3.11.RELEASE\spring-context-4.3.11.RELEASE.jar;E:\eclipse-workspace\.m2\repository\org\springframework\spring-core\4.3.11.RELEASE\spring-core-4.3.11.RELEASE.jar;E:\eclipse-workspace\.m2\repository\commons-logging\commons-logging\1.2\commons-logging-1.2.jar;E:\eclipse-workspace\.m2\repository\org\springframework\spring-expression\4.3.11.RELEASE\spring-expression-4.3.11.RELEASE.jar;E:\eclipse-workspace\.m2\repository\org\springframework\spring-web\4.3.11.RELEASE\spring-web-4.3.11.RELEASE.jar;E:\eclipse-workspace\.m2\repository\org\springframework\spring-jdbc\4.3.11.RELEASE\spring-jdbc-4.3.11.RELEASE.jar;E:\eclipse-workspace\.m2\repository\org\springframework\spring-tx\4.3.11.RELEASE\spring-tx-4.3.11.RELEASE.jar;E:\eclipse-workspace\.m2\repository\commons-dbcp\commons-dbcp\1.4\commons-dbcp-1.4.jar;E:\eclipse-workspace\.m2\repository\commons-pool\commons-pool\1.5.4\commons-pool-1.5.4.jar;E:\eclipse-workspace\.m2\repository\mysql\mysql-connector-java\5.1.37\mysql-connector-java-5.1.37.jar;E:\eclipse-workspace\.m2\repository\org\mybatis\mybatis\3.4.6\mybatis-3.4.6.jar;E:\eclipse-workspace\.m2\repository\org\mybatis\mybatis-spring\1.3.1\mybatis-spring-1.3.1.jar;E:\eclipse-workspace\.m2\repository\jstl\jstl\1.2\jstl-1.2.jar;E:\eclipse-workspace\.m2\repository\com\mangofactory\swagger-springmvc\1.0.2\swagger-springmvc-1.0.2.jar;E:\eclipse-workspace\.m2\repository\org\slf4j\slf4j-api\1.7.7\slf4j-api-1.7.7.jar;E:\eclipse-workspace\.m2\repository\joda-time\joda-time\2.5\joda-time-2.5.jar;E:\eclipse-workspace\.m2\repository\com\mangofactory\swagger-models\1.0.2\swagger-models-1.0.2.jar;E:\eclipse-workspace\.m2\repository\com\wordnik\swagger-annotations\1.3.11\swagger-annotations-1.3.11.jar;E:\eclipse-workspace\.m2\repository\com\google\guava\guava\15.0\guava-15.0.jar;E:\eclipse-workspace\.m2\repository\com\fasterxml\jackson\core\jackson-annotations\2.6.1\jackson-annotations-2.6.1.jar;E:\eclipse-workspace\.m2\repository\com\fasterxml\jackson\core\jackson-databind\2.6.1\jackson-databind-2.6.1.jar;E:\eclipse-workspace\.m2\repository\com\fasterxml\jackson\core\jackson-core\2.6.1\jackson-core-2.6.1.jar;E:\eclipse-workspace\.m2\repository\com\fasterxml\classmate\1.1.0\classmate-1.1.0.jar;E:\eclipse-workspace\.m2\repository\org\springframework\data\spring-data-redis\1.8.7.RELEASE\spring-data-redis-1.8.7.RELEASE.jar;E:\eclipse-workspace\.m2\repository\org\springframework\data\spring-data-keyvalue\1.2.7.RELEASE\spring-data-keyvalue-1.2.7.RELEASE.jar;E:\eclipse-workspace\.m2\repository\org\springframework\data\spring-data-commons\1.13.7.RELEASE\spring-data-commons-1.13.7.RELEASE.jar;E:\eclipse-workspace\.m2\repository\org\springframework\spring-oxm\4.3.11.RELEASE\spring-oxm-4.3.11.RELEASE.jar;E:\eclipse-workspace\.m2\repository\org\springframework\spring-context-support\4.3.11.RELEASE\spring-context-support-4.3.11.RELEASE.jar;E:\eclipse-workspace\.m2\repository\org\slf4j\jcl-over-slf4j\1.7.25\jcl-over-slf4j-1.7.25.jar;E:\eclipse-workspace\.m2\repository\redis\clients\jedis\2.9.0\jedis-2.9.0.jar;E:\eclipse-workspace\.m2\repository\org\apache\commons\commons-pool2\2.4.2\commons-pool2-2.4.2.jar;E:\eclipse-workspace\.m2\repository\ch\qos\logback\logback-classic\0.9.24\logback-classic-0.9.24.jar;E:\eclipse-workspace\.m2\repository\ch\qos\logback\logback-core\0.9.24\logback-core-0.9.24.jar;E:\eclipse-workspace\.m2\repository\log4j\log4j\1.2.17\log4j-1.2.17.jar;E:\eclipse-workspace\.m2\repository\org\aspectj\aspectjrt\1.8.10\aspectjrt-1.8.10.jar;E:\eclipse-workspace\.m2\repository\org\aspectj\aspectjweaver\1.8.10\aspectjweaver-1.8.10.jar;E:\eclipse-workspace\.m2\repository\junit\junit\4.11\junit-4.11.jar;E:\eclipse-workspace\.m2\repository\org\hamcrest\hamcrest-core\1.3\hamcrest-core-1.3.jar;E:\eclipse-workspace\.m2\repository\javax\servlet\servlet-api\2.5\servlet-api-2.5.jar;E:\eclipse-workspace\.m2\repository\javax\servlet\jsp\jsp-api\2.1.3-b06\jsp-api-2.1.3-b06.jar;E:\eclipse-workspace\.m2\repository\org\glassfish\javax.servlet\3.0-b70\javax.servlet-3.0-b70.jar;E:\eclipse-workspace\.m2\repository\javax\el\el-api\2.1.2-b05\el-api-2.1.2-b05.jar;, sun.cpu.endian=little, user.home=C:\Users\SunWay, user.language=zh, java.specification.vendor=Oracle Corporation, java.home=E:\Java\jdk 9.01, file.separator=\, basedir=F:\Git\JAVAProject\HDU_Minitor, java.vm.compressedOopsMode=32-bit, line.separator=
, java.vm.specification.vendor=Oracle Corporation, java.specification.name=Java Platform API Specification, java.awt.graphicsenv=sun.awt.Win32GraphicsEnvironment, surefire.real.class.path=F:\Git\JAVAProject\HDU_Minitor\target\surefire\surefirebooter9040375031050353846.jar, user.script=, sun.management.compiler=HotSpot 64-Bit Tiered Compilers, java.runtime.version=9.0.1+11, user.name=SunWay, path.separator=;, os.version=6.1, java.runtime.name=Java(TM) SE Runtime Environment, file.encoding=GBK, java.vm.name=Java HotSpot(TM) 64-Bit Server VM, localRepository=E:\eclipse-workspace\.m2\repository, java.vendor.url.bug=http://bugreport.java.com/bugreport/, java.io.tmpdir=C:\Users\SunWay\AppData\Local\Temp\, java.version=9.0.1, user.dir=F:\Git\JAVAProject\HDU_Minitor, os.arch=amd64, java.vm.specification.name=Java Virtual Machine Specification, java.awt.printerjob=sun.awt.windows.WPrinterJob, sun.os.patch.level=Service Pack 1, java.library.path=E:\Java\jdk 9.01\bin;C:\Windows\Sun\Java\bin;C:\Windows\system32;C:\Windows;E:\OracleXE\OracleInstall\app\oracle\product\10.2.0\server\bin;C:\ProgramData\Oracle\Java\javapath;C:\Program Files (x86)\NVIDIA Corporation\PhysX\Common;C:\Program Files (x86)\Intel\iCLS Client\;C:\Program Files\Intel\iCLS Client\;C:\Windows\system32;C:\Windows;C:\Windows\System32\Wbem;C:\Windows\System32\WindowsPowerShell\v1.0\;C:\Program Files (x86)\Intel\OpenCL SDK\2.0\bin\x86;C:\Program Files (x86)\Intel\OpenCL SDK\2.0\bin\x64;C:\Program Files\Intel\Intel(R) Management Engine Components\DAL;C:\Program Files\Intel\Intel(R) Management Engine Components\IPT;E:\Java\jdk 9.01\bin;E:\Java\jdk 9.01\jre\bin;C:\Program Files (x86)\Intel\Intel(R) Management Engine Components\DAL;C:\Program Files (x86)\Intel\Intel(R) Management Engine Components\IPT;E:\eclipse-workspace\tomcat\bin;%CATLINA_HOME%\lib;F:\Git\cmd;E:\matlab\bin\win32;C:\Program Files (x86)\Microsoft Visual Studio\Common\Tools\WinNT;C:\Program Files (x86)\Microsoft Visual Studio\Common\MSDev98\Bin;C:\Program Files (x86)\Microsoft Visual Studio\Common\Tools;C:\Program Files (x86)\Microsoft Visual Studio\VC98\bin;., java.vm.info=mixed mode, java.vendor=Oracle Corporation, java.vm.version=9.0.1+11, sun.io.unicode.encoding=UnicodeLittle, java.class.version=53.0}}, SystemEnvironmentPropertySource@51712095 {name=&apos;systemEnvironment&apos;, properties={ACTEL_FOR_ALTIUM_OVERRIDE= , PATH=E:\OracleXE\OracleInstall\app\oracle\product\10.2.0\server\bin;C:\ProgramData\Oracle\Java\javapath;C:\Program Files (x86)\NVIDIA Corporation\PhysX\Common;C:\Program Files (x86)\Intel\iCLS Client\;C:\Program Files\Intel\iCLS Client\;C:\Windows\system32;C:\Windows;C:\Windows\System32\Wbem;C:\Windows\System32\WindowsPowerShell\v1.0\;C:\Program Files (x86)\Intel\OpenCL SDK\2.0\bin\x86;C:\Program Files (x86)\Intel\OpenCL SDK\2.0\bin\x64;C:\Program Files\Intel\Intel(R) Management Engine Components\DAL;C:\Program Files\Intel\Intel(R) Management Engine Components\IPT;E:\Java\jdk 9.01\bin;E:\Java\jdk 9.01\jre\bin;C:\Program Files (x86)\Intel\Intel(R) Management Engine Components\DAL;C:\Program Files (x86)\Intel\Intel(R) Management Engine Components\IPT;E:\eclipse-workspace\tomcat\bin;%CATLINA_HOME%\lib;F:\Git\cmd;E:\matlab\bin\win32;C:\Program Files (x86)\Microsoft Visual Studio\Common\Tools\WinNT;C:\Program Files (x86)\Microsoft Visual Studio\Common\MSDev98\Bin;C:\Program Files (x86)\Microsoft Visual Studio\Common\Tools;C:\Program Files (x86)\Microsoft Visual Studio\VC98\bin, LOCALAPPDATA=C:\Users\SunWay\AppData\Local, PROCESSOR_LEVEL=6, SYSTEMDRIVE=C:, COMMONPROGRAMFILES(X86)=C:\Program Files (x86)\Common Files, FP_NO_HOST_CHECK=NO, USERDOMAIN=SunWay-PC, LOGONSERVER=\\SUNWAY-PC, JAVA_HOME=E:\Java\jdk 9.01, PROMPT=$P$G, SESSIONNAME=Console, ALLUSERSPROFILE=C:\ProgramData, ALTERA_FOR_ALTIUM_OVERRIDE= , PROGRAMFILES(X86)=C:\Program Files (x86), PROCESSOR_ARCHITECTURE=AMD64, PROGRAMFILES=C:\Program Files, APPDATA=C:\Users\SunWay\AppData\Roaming, PSMODULEPATH=C:\Windows\system32\WindowsPowerShell\v1.0\Modules\, PROGRAMW6432=C:\Program Files, PROGRAMDATA=C:\ProgramData, SYSTEMROOT=C:\Windows, USERNAME=SunWay, TOMCAT_HOME=E:\eclipse-workspace\tomcat, INCLUDE=C:\Program Files (x86)\Microsoft Visual Studio\VC98\atl\include;C:\Program Files (x86)\Microsoft Visual Studio\VC98\mfc\include;C:\Program Files (x86)\Microsoft Visual Studio\VC98\include, PATHEXT=.COM;.EXE;.BAT;.CMD;.VBS;.VBE;.JS;.JSE;.WSF;.WSH;.MSC, LIB=C:\Program Files (x86)\Microsoft Visual Studio\VC98\mfc\lib;C:\Program Files (x86)\Microsoft Visual Studio\VC98\lib, OS=Windows_NT, COMMONPROGRAMW6432=C:\Program Files\Common Files, COMPUTERNAME=SUNWAY-PC, COMMONPROGRAMFILES=C:\Program Files\Common Files, COMSPEC=C:\Windows\system32\cmd.exe, CATALINA_HOME=E:\eclipse-workspace\tomcat, PROCESSOR_REVISION=3a09, WINDIR=C:\Windows, =F:=F:\Git\JAVAProject\HDU_Minitor, HOMEPATH=\Users\SunWay, TEMP=C:\Users\SunWay\AppData\Local\Temp, HOMEDRIVE=C:, PROCESSOR_IDENTIFIER=Intel64 Family 6 Model 58 Stepping 9, GenuineIntel, USERPROFILE=C:\Users\SunWay, TMP=C:\Users\SunWay\AppData\Local\Temp, PUBLIC=C:\Users\Public, NUMBER_OF_PROCESSORS=4}}]
14:07:11.505 [main] INFO  o.s.b.f.xml.XmlBeanDefinitionReader - Loading XML bean definitions from class path resource [conf/spring-mvc.xml]
14:07:11.509 [main] DEBUG o.s.b.f.xml.DefaultDocumentLoader - Using JAXP provider [com.sun.org.apache.xerces.internal.jaxp.DocumentBuilderFactoryImpl]
14:07:11.511 [main] DEBUG o.s.b.f.xml.PluggableSchemaResolver - Loading schema mappings from [META-INF/spring.schemas]
14:07:11.518 [main] DEBUG o.s.b.f.xml.PluggableSchemaResolver - Loaded schema mappings: {http://www.springframework.org/schema/context/spring-context-3.2.xsd=org/springframework/context/config/spring-context-3.2.xsd, http://www.springframework.org/schema/cache/spring-cache-4.3.xsd=org/springframework/cache/config/spring-cache-4.3.xsd, http://www.springframework.org/schema/beans/spring-beans-4.0.xsd=org/springframework/beans/factory/xml/spring-beans-4.0.xsd, http://www.springframework.org/schema/context/spring-context-2.5.xsd=org/springframework/context/config/spring-context-2.5.xsd, http://www.springframework.org/schema/tx/spring-tx-2.5.xsd=org/springframework/transaction/config/spring-tx-2.5.xsd, http://www.springframework.org/schema/tx/spring-tx-3.2.xsd=org/springframework/transaction/config/spring-tx-3.2.xsd, http://www.springframework.org/schema/tool/spring-tool-4.3.xsd=org/springframework/beans/factory/xml/spring-tool-4.3.xsd, http://www.springframework.org/schema/data/repository/spring-repository-1.11.xsd=org/springframework/data/repository/config/spring-repository-1.11.xsd, http://www.springframework.org/schema/tool/spring-tool-2.0.xsd=org/springframework/beans/factory/xml/spring-tool-2.0.xsd, http://www.springframework.org/schema/util/spring-util-4.2.xsd=org/springframework/beans/factory/xml/spring-util-4.2.xsd, http://www.springframework.org/schema/oxm/spring-oxm-3.1.xsd=org/springframework/oxm/config/spring-oxm-3.1.xsd, http://www.springframework.org/schema/tx/spring-tx-3.0.xsd=org/springframework/transaction/config/spring-tx-3.0.xsd, http://www.springframework.org/schema/beans/spring-beans-4.2.xsd=org/springframework/beans/factory/xml/spring-beans-4.2.xsd, http://www.springframework.org/schema/cache/spring-cache-4.1.xsd=org/springframework/cache/config/spring-cache-4.1.xsd, http://www.springframework.org/schema/mvc/spring-mvc-4.3.xsd=org/springframework/web/servlet/config/spring-mvc-4.3.xsd, http://www.springframework.org/schema/lang/spring-lang-3.0.xsd=org/springframework/scripting/config/spring-lang-3.0.xsd, http://www.springframework.org/schema/tool/spring-tool-4.1.xsd=org/springframework/beans/factory/xml/spring-tool-4.1.xsd, http://www.springframework.org/schema/task/spring-task-4.3.xsd=org/springframework/scheduling/config/spring-task-4.3.xsd, http://www.springframework.org/schema/data/repository/spring-repository-1.8.xsd=org/springframework/data/repository/config/spring-repository-1.8.xsd, http://www.springframework.org/schema/util/spring-util-4.0.xsd=org/springframework/beans/factory/xml/spring-util-4.0.xsd, http://www.springframework.org/schema/data/repository/spring-repository.xsd=org/springframework/data/repository/config/spring-repository-1.11.xsd, http://www.springframework.org/schema/jdbc/spring-jdbc-4.2.xsd=org/springframework/jdbc/config/spring-jdbc-4.2.xsd, http://www.springframework.org/schema/jdbc/spring-jdbc.xsd=org/springframework/jdbc/config/spring-jdbc-4.3.xsd, http://www.springframework.org/schema/lang/spring-lang.xsd=org/springframework/scripting/config/spring-lang-4.3.xsd, http://www.springframework.org/schema/aop/spring-aop-4.2.xsd=org/springframework/aop/config/spring-aop-4.2.xsd, http://www.springframework.org/schema/context/spring-context-4.1.xsd=org/springframework/context/config/spring-context-4.1.xsd, http://www.springframework.org/schema/jee/spring-jee-4.2.xsd=org/springframework/ejb/config/spring-jee-4.2.xsd, http://www.springframework.org/schema/redis/spring-redis-1.0.xsd=org/springframework/data/redis/config/spring-redis-1.0.xsd, http://www.springframework.org/schema/redis/spring-redis.xsd=org/springframework/data/redis/config/spring-redis-1.0.xsd, http://www.springframework.org/schema/tool/spring-tool-3.1.xsd=org/springframework/beans/factory/xml/spring-tool-3.1.xsd, http://www.springframework.org/schema/jee/spring-jee-4.1.xsd=org/springframework/ejb/config/spring-jee-4.1.xsd, http://www.springframework.org/schema/jdbc/spring-jdbc-3.1.xsd=org/springframework/jdbc/config/spring-jdbc-3.1.xsd, http://www.springframework.org/schema/aop/spring-aop-4.1.xsd=org/springframework/aop/config/spring-aop-4.1.xsd, http://www.springframework.org/schema/util/spring-util.xsd=org/springframework/beans/factory/xml/spring-util-4.3.xsd, http://www.springframework.org/schema/mvc/spring-mvc-3.2.xsd=org/springframework/web/servlet/config/spring-mvc-3.2.xsd, http://www.springframework.org/schema/lang/spring-lang-4.1.xsd=org/springframework/scripting/config/spring-lang-4.1.xsd, http://www.springframework.org/schema/context/spring-context-4.3.xsd=org/springframework/context/config/spring-context-4.3.xsd, http://www.springframework.org/schema/lang/spring-lang-2.5.xsd=org/springframework/scripting/config/spring-lang-2.5.xsd, http://www.springframework.org/schema/jee/spring-jee.xsd=org/springframework/ejb/config/spring-jee-4.3.xsd, http://www.springframework.org/schema/util/spring-util-3.1.xsd=org/springframework/beans/factory/xml/spring-util-3.1.xsd, http://www.springframework.org/schema/jee/spring-jee-2.5.xsd=org/springframework/ejb/config/spring-jee-2.5.xsd, http://www.springframework.org/schema/mvc/spring-mvc-4.0.xsd=org/springframework/web/servlet/config/spring-mvc-4.0.xsd, http://www.springframework.org/schema/aop/spring-aop-2.5.xsd=org/springframework/aop/config/spring-aop-2.5.xsd, http://www.springframework.org/schema/task/spring-task-4.0.xsd=org/springframework/scheduling/config/spring-task-4.0.xsd, http://www.springframework.org/schema/data/repository/spring-repository-1.5.xsd=org/springframework/data/repository/config/spring-repository-1.5.xsd, http://www.springframework.org/schema/cache/spring-cache-3.1.xsd=org/springframework/cache/config/spring-cache-3.1.xsd, http://www.springframework.org/schema/oxm/spring-oxm-4.3.xsd=org/springframework/oxm/config/spring-oxm-4.3.xsd, http://www.springframework.org/schema/tool/spring-tool-2.5.xsd=org/springframework/beans/factory/xml/spring-tool-2.5.xsd, http://www.springframework.org/schema/task/spring-task-3.2.xsd=org/springframework/scheduling/config/spring-task-3.2.xsd, http://www.springframework.org/schema/oxm/spring-oxm-4.1.xsd=org/springframework/oxm/config/spring-oxm-4.1.xsd, http://www.springframework.org/schema/tx/spring-tx-4.2.xsd=org/springframework/transaction/config/spring-tx-4.2.xsd, http://www.springframework.org/schema/aop/spring-aop-3.1.xsd=org/springframework/aop/config/spring-aop-3.1.xsd, http://www.springframework.org/schema/jee/spring-jee-3.1.xsd=org/springframework/ejb/config/spring-jee-3.1.xsd, http://www.springframework.org/schema/lang/spring-lang-4.3.xsd=org/springframework/scripting/config/spring-lang-4.3.xsd, http://www.springframework.org/schema/mvc/spring-mvc-3.0.xsd=org/springframework/web/servlet/config/spring-mvc-3.0.xsd, http://www.springframework.org/schema/beans/spring-beans-3.1.xsd=org/springframework/beans/factory/xml/spring-beans-3.1.xsd, http://www.springframework.org/schema/tx/spring-tx.xsd=org/springframework/transaction/config/spring-tx-4.3.xsd, http://www.springframework.org/schema/lang/spring-lang-2.0.xsd=org/springframework/scripting/config/spring-lang-2.0.xsd, http://www.springframework.org/schema/oxm/spring-oxm.xsd=org/springframework/oxm/config/spring-oxm-4.3.xsd, http://www.springframework.org/schema/task/spring-task-3.0.xsd=org/springframework/scheduling/config/spring-task-3.0.xsd, http://www.springframework.org/schema/context/spring-context-3.0.xsd=org/springframework/context/config/spring-context-3.0.xsd, http://www.springframework.org/schema/cache/spring-cache.xsd=org/springframework/cache/config/spring-cache-4.3.xsd, http://www.springframework.org/schema/tx/spring-tx-4.0.xsd=org/springframework/transaction/config/spring-tx-4.0.xsd, http://www.springframework.org/schema/data/repository/spring-repository-1.0.xsd=org/springframework/data/repository/config/spring-repository-1.0.xsd, http://www.springframework.org/schema/oxm/spring-oxm-3.2.xsd=org/springframework/oxm/config/spring-oxm-3.2.xsd, http://www.springframework.org/schema/util/spring-util-4.3.xsd=org/springframework/beans/factory/xml/spring-util-4.3.xsd, http://www.springframework.org/schema/context/spring-context-4.0.xsd=org/springframework/context/config/spring-context-4.0.xsd, http://www.springframework.org/schema/aop/spring-aop-2.0.xsd=org/springframework/aop/config/spring-aop-2.0.xsd, http://www.springframework.org/schema/jee/spring-jee-2.0.xsd=org/springframework/ejb/config/spring-jee-2.0.xsd, http://www.springframework.org/schema/jdbc/spring-jdbc-4.3.xsd=org/springframework/jdbc/config/spring-jdbc-4.3.xsd, http://www.springframework.org/schema/util/spring-util-2.0.xsd=org/springframework/beans/factory/xml/spring-util-2.0.xsd, http://www.springframework.org/schema/cache/spring-cache-4.2.xsd=org/springframework/cache/config/spring-cache-4.2.xsd, http://www.springframework.org/schema/context/spring-context-3.1.xsd=org/springframework/context/config/spring-context-3.1.xsd, http://www.springframework.org/schema/tx/spring-tx-3.1.xsd=org/springframework/transaction/config/spring-tx-3.1.xsd, http://www.springframework.org/schema/tool/spring-tool.xsd=org/springframework/beans/factory/xml/spring-tool-4.3.xsd, http://www.springframework.org/schema/beans/spring-beans-3.2.xsd=org/springframework/beans/factory/xml/spring-beans-3.2.xsd, http://www.springframework.org/schema/beans/spring-beans-2.5.xsd=org/springframework/beans/factory/xml/spring-beans-2.5.xsd, http://mybatis.org/schema/mybatis-spring.xsd=org/mybatis/spring/config/mybatis-spring-1.2.xsd, http://www.springframework.org/schema/beans/spring-beans.xsd=org/springframework/beans/factory/xml/spring-beans-4.3.xsd, http://www.springframework.org/schema/tool/spring-tool-4.0.xsd=org/springframework/beans/factory/xml/spring-tool-4.0.xsd, http://www.springframework.org/schema/util/spring-util-4.1.xsd=org/springframework/beans/factory/xml/spring-util-4.1.xsd, http://www.springframework.org/schema/jdbc/spring-jdbc-4.1.xsd=org/springframework/jdbc/config/spring-jdbc-4.1.xsd, http://mybatis.org/schema/mybatis-spring-1.2.xsd=org/mybatis/spring/config/mybatis-spring-1.2.xsd, http://www.springframework.org/schema/context/spring-context-4.2.xsd=org/springframework/context/config/spring-context-4.2.xsd, http://www.springframework.org/schema/jee/spring-jee-4.3.xsd=org/springframework/ejb/config/spring-jee-4.3.xsd, http://www.springframework.org/schema/aop/spring-aop-4.3.xsd=org/springframework/aop/config/spring-aop-4.3.xsd, http://www.springframework.org/schema/beans/spring-beans-4.3.xsd=org/springframework/beans/factory/xml/spring-beans-4.3.xsd, http://www.springframework.org/schema/beans/spring-beans-4.1.xsd=org/springframework/beans/factory/xml/spring-beans-4.1.xsd, http://www.springframework.org/schema/oxm/spring-oxm-3.0.xsd=org/springframework/oxm/config/spring-oxm-3.0.xsd, http://www.springframework.org/schema/mvc/spring-mvc-4.2.xsd=org/springframework/web/servlet/config/spring-mvc-4.2.xsd, http://www.springframework.org/schema/cache/spring-cache-4.0.xsd=org/springframework/cache/config/spring-cache-4.0.xsd, http://www.springframework.org/schema/util/spring-util-2.5.xsd=org/springframework/beans/factory/xml/spring-util-2.5.xsd, http://www.springframework.org/schema/tool/spring-tool-4.2.xsd=org/springframework/beans/factory/xml/spring-tool-4.2.xsd, http://www.springframework.org/schema/lang/spring-lang-3.1.xsd=org/springframework/scripting/config/spring-lang-3.1.xsd, http://www.springframework.org/schema/task/spring-task.xsd=org/springframework/scheduling/config/spring-task-4.3.xsd, http://www.springframework.org/schema/task/spring-task-4.2.xsd=org/springframework/scheduling/config/spring-task-4.2.xsd, http://www.springframework.org/schema/aop/spring-aop.xsd=org/springframework/aop/config/spring-aop-4.3.xsd, http://www.springframework.org/schema/data/repository/spring-repository-1.7.xsd=org/springframework/data/repository/config/spring-repository-1.7.xsd, http://www.springframework.org/schema/lang/spring-lang-4.0.xsd=org/springframework/scripting/config/spring-lang-4.0.xsd, http://www.springframework.org/schema/beans/spring-beans-2.0.xsd=org/springframework/beans/factory/xml/spring-beans-2.0.xsd, http://www.springframework.org/schema/mvc/spring-mvc-4.1.xsd=org/springframework/web/servlet/config/spring-mvc-4.1.xsd, http://www.springframework.org/schema/task/spring-task-4.1.xsd=org/springframework/scheduling/config/spring-task-4.1.xsd, http://www.springframework.org/schema/data/repository/spring-repository-1.6.xsd=org/springframework/data/repository/config/spring-repository-1.6.xsd, http://www.springframework.org/schema/util/spring-util-3.2.xsd=org/springframework/beans/factory/xml/spring-util-3.2.xsd, http://www.springframework.org/schema/lang/spring-lang-3.2.xsd=org/springframework/scripting/config/spring-lang-3.2.xsd, http://www.springframework.org/schema/cache/spring-cache-3.2.xsd=org/springframework/cache/config/spring-cache-3.2.xsd, http://www.springframework.org/schema/tx/spring-tx-2.0.xsd=org/springframework/transaction/config/spring-tx-2.0.xsd, http://www.springframework.org/schema/tx/spring-tx-4.3.xsd=org/springframework/transaction/config/spring-tx-4.3.xsd, http://www.springframework.org/schema/data/repository/spring-repository-1.4.xsd=org/springframework/data/repository/config/spring-repository-1.4.xsd, http://www.springframework.org/schema/util/spring-util-3.0.xsd=org/springframework/beans/factory/xml/spring-util-3.0.xsd, http://www.springframework.org/schema/jee/spring-jee-3.2.xsd=org/springframework/ejb/config/spring-jee-3.2.xsd, http://www.springframework.org/schema/tool/spring-tool-3.2.xsd=org/springframework/beans/factory/xml/spring-tool-3.2.xsd, http://www.springframework.org/schema/aop/spring-aop-3.2.xsd=org/springframework/aop/config/spring-aop-3.2.xsd, http://www.springframework.org/schema/mvc/spring-mvc.xsd=org/springframework/web/servlet/config/spring-mvc-4.3.xsd, http://www.springframework.org/schema/jdbc/spring-jdbc-4.0.xsd=org/springframework/jdbc/config/spring-jdbc-4.0.xsd, http://www.springframework.org/schema/jdbc/spring-jdbc-3.2.xsd=org/springframework/jdbc/config/spring-jdbc-3.2.xsd, http://www.springframework.org/schema/context/spring-context.xsd=org/springframework/context/config/spring-context-4.3.xsd, http://www.springframework.org/schema/aop/spring-aop-4.0.xsd=org/springframework/aop/config/spring-aop-4.0.xsd, http://www.springframework.org/schema/jee/spring-jee-4.0.xsd=org/springframework/ejb/config/spring-jee-4.0.xsd, http://www.springframework.org/schema/beans/spring-beans-3.0.xsd=org/springframework/beans/factory/xml/spring-beans-3.0.xsd, http://www.springframework.org/schema/mvc/spring-mvc-3.1.xsd=org/springframework/web/servlet/config/spring-mvc-3.1.xsd, http://www.springframework.org/schema/jee/spring-jee-3.0.xsd=org/springframework/ejb/config/spring-jee-3.0.xsd, http://www.springframework.org/schema/aop/spring-aop-3.0.xsd=org/springframework/aop/config/spring-aop-3.0.xsd, http://www.springframework.org/schema/oxm/spring-oxm-4.2.xsd=org/springframework/oxm/config/spring-oxm-4.2.xsd, http://www.springframework.org/schema/jdbc/spring-jdbc-3.0.xsd=org/springframework/jdbc/config/spring-jdbc-3.0.xsd, http://www.springframework.org/schema/task/spring-task-3.1.xsd=org/springframework/scheduling/config/spring-task-3.1.xsd, http://www.springframework.org/schema/oxm/spring-oxm-4.0.xsd=org/springframework/oxm/config/spring-oxm-4.0.xsd, http://www.springframework.org/schema/tx/spring-tx-4.1.xsd=org/springframework/transaction/config/spring-tx-4.1.xsd, http://www.springframework.org/schema/tool/spring-tool-3.0.xsd=org/springframework/beans/factory/xml/spring-tool-3.0.xsd, http://www.springframework.org/schema/lang/spring-lang-4.2.xsd=org/springframework/scripting/config/spring-lang-4.2.xsd}
14:07:11.529 [main] DEBUG o.s.b.f.xml.PluggableSchemaResolver - Found XML schema [http://www.springframework.org/schema/beans/spring-beans-3.2.xsd] in classpath: org/springframework/beans/factory/xml/spring-beans-3.2.xsd
14:07:11.535 [main] DEBUG o.s.b.f.xml.PluggableSchemaResolver - Found XML schema [http://www.springframework.org/schema/context/spring-context-3.2.xsd] in classpath: org/springframework/context/config/spring-context-3.2.xsd
14:07:11.538 [main] DEBUG o.s.b.f.xml.PluggableSchemaResolver - Found XML schema [http://www.springframework.org/schema/tool/spring-tool-3.2.xsd] in classpath: org/springframework/beans/factory/xml/spring-tool-3.2.xsd
14:07:11.542 [main] DEBUG o.s.b.f.xml.PluggableSchemaResolver - Found XML schema [http://www.springframework.org/schema/mvc/spring-mvc-3.2.xsd] in classpath: org/springframework/web/servlet/config/spring-mvc-3.2.xsd
14:07:11.545 [main] DEBUG o.s.b.f.x.DefaultBeanDefinitionDocumentReader - Loading bean definitions
14:07:11.549 [main] DEBUG o.s.b.f.x.DefaultNamespaceHandlerResolver - Loaded NamespaceHandler mappings: {http://www.springframework.org/schema/aop=org.springframework.aop.config.AopNamespaceHandler, http://www.springframework.org/schema/oxm=org.springframework.oxm.config.OxmNamespaceHandler, http://www.springframework.org/schema/task=org.springframework.scheduling.config.TaskNamespaceHandler, http://mybatis.org/schema/mybatis-spring=org.mybatis.spring.config.NamespaceHandler, http://www.springframework.org/schema/lang=org.springframework.scripting.config.LangNamespaceHandler, http://www.springframework.org/schema/c=org.springframework.beans.factory.xml.SimpleConstructorNamespaceHandler, http://www.springframework.org/schema/jee=org.springframework.ejb.config.JeeNamespaceHandler, http://www.springframework.org/schema/data/repository=org.springframework.data.repository.config.RepositoryNameSpaceHandler, http://www.springframework.org/schema/cache=org.springframework.cache.config.CacheNamespaceHandler, http://www.springframework.org/schema/redis=org.springframework.data.redis.config.RedisNamespaceHandler, http://www.springframework.org/schema/jdbc=org.springframework.jdbc.config.JdbcNamespaceHandler, http://www.springframework.org/schema/p=org.springframework.beans.factory.xml.SimplePropertyNamespaceHandler, http://www.springframework.org/schema/util=org.springframework.beans.factory.xml.UtilNamespaceHandler, http://www.springframework.org/schema/tx=org.springframework.transaction.config.TxNamespaceHandler, http://www.springframework.org/schema/context=org.springframework.context.config.ContextNamespaceHandler, http://www.springframework.org/schema/data/keyvalue=org.springframework.data.keyvalue.repository.config.KeyValueRepositoryNameSpaceHandler, http://www.springframework.org/schema/mvc=org.springframework.web.servlet.config.MvcNamespaceHandler}
14:07:11.550 [main] DEBUG o.s.c.i.s.PathMatchingResourcePatternResolver - Resolved classpath location [cn/hdu/HDU_Minitor/] to resources [URL [file:/F:/Git/JAVAProject/HDU_Minitor/target/classes/cn/hdu/HDU_Minitor/]]
14:07:11.551 [main] DEBUG o.s.c.i.s.PathMatchingResourcePatternResolver - Looking for matching resources in directory tree [F:\Git\JAVAProject\HDU_Minitor\target\classes\cn\hdu\HDU_Minitor]
14:07:11.551 [main] DEBUG o.s.c.i.s.PathMatchingResourcePatternResolver - Searching directory [F:\Git\JAVAProject\HDU_Minitor\target\classes\cn\hdu\HDU_Minitor] for files matching pattern [F:/Git/JAVAProject/HDU_Minitor/target/classes/cn/hdu/HDU_Minitor/**/*.class]
14:07:11.551 [main] DEBUG o.s.c.i.s.PathMatchingResourcePatternResolver - Searching directory [F:\Git\JAVAProject\HDU_Minitor\target\classes\cn\hdu\HDU_Minitor\controller] for files matching pattern [F:/Git/JAVAProject/HDU_Minitor/target/classes/cn/hdu/HDU_Minitor/**/*.class]
14:07:11.552 [main] DEBUG o.s.c.i.s.PathMatchingResourcePatternResolver - Searching directory [F:\Git\JAVAProject\HDU_Minitor\target\classes\cn\hdu\HDU_Minitor\controller\device] for files matching pattern [F:/Git/JAVAProject/HDU_Minitor/target/classes/cn/hdu/HDU_Minitor/**/*.class]
14:07:11.553 [main] DEBUG o.s.c.i.s.PathMatchingResourcePatternResolver - Searching directory [F:\Git\JAVAProject\HDU_Minitor\target\classes\cn\hdu\HDU_Minitor\dao] for files matching pattern [F:/Git/JAVAProject/HDU_Minitor/target/classes/cn/hdu/HDU_Minitor/**/*.class]
14:07:11.553 [main] DEBUG o.s.c.i.s.PathMatchingResourcePatternResolver - Searching directory [F:\Git\JAVAProject\HDU_Minitor\target\classes\cn\hdu\HDU_Minitor\entity] for files matching pattern [F:/Git/JAVAProject/HDU_Minitor/target/classes/cn/hdu/HDU_Minitor/**/*.class]
14:07:11.554 [main] DEBUG o.s.c.i.s.PathMatchingResourcePatternResolver - Searching directory [F:\Git\JAVAProject\HDU_Minitor\target\classes\cn\hdu\HDU_Minitor\service] for files matching pattern [F:/Git/JAVAProject/HDU_Minitor/target/classes/cn/hdu/HDU_Minitor/**/*.class]
14:07:11.554 [main] DEBUG o.s.c.i.s.PathMatchingResourcePatternResolver - Searching directory [F:\Git\JAVAProject\HDU_Minitor\target\classes\cn\hdu\HDU_Minitor\service\ex] for files matching pattern [F:/Git/JAVAProject/HDU_Minitor/target/classes/cn/hdu/HDU_Minitor/**/*.class]
14:07:11.555 [main] DEBUG o.s.c.i.s.PathMatchingResourcePatternResolver - Searching directory [F:\Git\JAVAProject\HDU_Minitor\target\classes\cn\hdu\HDU_Minitor\util] for files matching pattern [F:/Git/JAVAProject/HDU_Minitor/target/classes/cn/hdu/HDU_Minitor/**/*.class]
14:07:11.556 [main] DEBUG o.s.c.i.s.PathMatchingResourcePatternResolver - Resolved location pattern [classpath*:cn/hdu/HDU_Minitor/**/*.class] to resources [file [F:\Git\JAVAProject\HDU_Minitor\target\classes\cn\hdu\HDU_Minitor\controller\AddBuildContorller.class], file [F:\Git\JAVAProject\HDU_Minitor\target\classes\cn\hdu\HDU_Minitor\controller\AddRoomController.class], file [F:\Git\JAVAProject\HDU_Minitor\target\classes\cn\hdu\HDU_Minitor\controller\AddUserController.class], file [F:\Git\JAVAProject\HDU_Minitor\target\classes\cn\hdu\HDU_Minitor\controller\AdminLoadUserController.class], file [F:\Git\JAVAProject\HDU_Minitor\target\classes\cn\hdu\HDU_Minitor\controller\DeleteUserController.class], file [F:\Git\JAVAProject\HDU_Minitor\target\classes\cn\hdu\HDU_Minitor\controller\device\DeviceUploadInfoController.class], file [F:\Git\JAVAProject\HDU_Minitor\target\classes\cn\hdu\HDU_Minitor\controller\LoadBuildController.class], file [F:\Git\JAVAProject\HDU_Minitor\target\classes\cn\hdu\HDU_Minitor\controller\LoadRoomController.class], file [F:\Git\JAVAProject\HDU_Minitor\target\classes\cn\hdu\HDU_Minitor\controller\RemoveBuildController.class], file [F:\Git\JAVAProject\HDU_Minitor\target\classes\cn\hdu\HDU_Minitor\controller\UserGetRdmPwdController.class], file [F:\Git\JAVAProject\HDU_Minitor\target\classes\cn\hdu\HDU_Minitor\controller\UserLoginController.class], file [F:\Git\JAVAProject\HDU_Minitor\target\classes\cn\hdu\HDU_Minitor\dao\BuildDao.class], file [F:\Git\JAVAProject\HDU_Minitor\target\classes\cn\hdu\HDU_Minitor\dao\DeviceDao.class], file [F:\Git\JAVAProject\HDU_Minitor\target\classes\cn\hdu\HDU_Minitor\dao\RoomDao.class], file [F:\Git\JAVAProject\HDU_Minitor\target\classes\cn\hdu\HDU_Minitor\dao\UserBuildDao.class], file [F:\Git\JAVAProject\HDU_Minitor\target\classes\cn\hdu\HDU_Minitor\dao\UserDao.class], file [F:\Git\JAVAProject\HDU_Minitor\target\classes\cn\hdu\HDU_Minitor\dao\UserRoomDao.class], file [F:\Git\JAVAProject\HDU_Minitor\target\classes\cn\hdu\HDU_Minitor\entity\Build.class], file [F:\Git\JAVAProject\HDU_Minitor\target\classes\cn\hdu\HDU_Minitor\entity\Device.class], file [F:\Git\JAVAProject\HDU_Minitor\target\classes\cn\hdu\HDU_Minitor\entity\Room.class], file [F:\Git\JAVAProject\HDU_Minitor\target\classes\cn\hdu\HDU_Minitor\entity\User.class], file [F:\Git\JAVAProject\HDU_Minitor\target\classes\cn\hdu\HDU_Minitor\entity\UserBuild.class], file [F:\Git\JAVAProject\HDU_Minitor\target\classes\cn\hdu\HDU_Minitor\entity\UserRoom.class], file [F:\Git\JAVAProject\HDU_Minitor\target\classes\cn\hdu\HDU_Minitor\service\BuildService.class], file [F:\Git\JAVAProject\HDU_Minitor\target\classes\cn\hdu\HDU_Minitor\service\BuildServiceImpl.class], file [F:\Git\JAVAProject\HDU_Minitor\target\classes\cn\hdu\HDU_Minitor\service\ex\InsertAndUpdateException.class], file [F:\Git\JAVAProject\HDU_Minitor\target\classes\cn\hdu\HDU_Minitor\service\ex\ServiceException.class], file [F:\Git\JAVAProject\HDU_Minitor\target\classes\cn\hdu\HDU_Minitor\service\RoomSericeImpl.class], file [F:\Git\JAVAProject\HDU_Minitor\target\classes\cn\hdu\HDU_Minitor\service\RoomService.class], file [F:\Git\JAVAProject\HDU_Minitor\target\classes\cn\hdu\HDU_Minitor\service\UserService.class], file [F:\Git\JAVAProject\HDU_Minitor\target\classes\cn\hdu\HDU_Minitor\service\UserServiceImpl$1.class], file [F:\Git\JAVAProject\HDU_Minitor\target\classes\cn\hdu\HDU_Minitor\service\UserServiceImpl$2.class], file [F:\Git\JAVAProject\HDU_Minitor\target\classes\cn\hdu\HDU_Minitor\service\UserServiceImpl$3.class], file [F:\Git\JAVAProject\HDU_Minitor\target\classes\cn\hdu\HDU_Minitor\service\UserServiceImpl.class], file [F:\Git\JAVAProject\HDU_Minitor\target\classes\cn\hdu\HDU_Minitor\util\MinitorResult.class], file [F:\Git\JAVAProject\HDU_Minitor\target\classes\cn\hdu\HDU_Minitor\util\MinitorUtil.class], file [F:\Git\JAVAProject\HDU_Minitor\target\classes\cn\hdu\HDU_Minitor\util\SendPhoneMsg.class]]
14:07:11.557 [main] DEBUG o.s.c.a.ClassPathBeanDefinitionScanner - Identified candidate component class: file [F:\Git\JAVAProject\HDU_Minitor\target\classes\cn\hdu\HDU_Minitor\controller\AddBuildContorller.class]
14:07:11.557 [main] DEBUG o.s.c.a.ClassPathBeanDefinitionScanner - Identified candidate component class: file [F:\Git\JAVAProject\HDU_Minitor\target\classes\cn\hdu\HDU_Minitor\controller\AddRoomController.class]
14:07:11.558 [main] DEBUG o.s.c.a.ClassPathBeanDefinitionScanner - Identified candidate component class: file [F:\Git\JAVAProject\HDU_Minitor\target\classes\cn\hdu\HDU_Minitor\controller\AddUserController.class]
14:07:11.559 [main] DEBUG o.s.c.a.ClassPathBeanDefinitionScanner - Identified candidate component class: file [F:\Git\JAVAProject\HDU_Minitor\target\classes\cn\hdu\HDU_Minitor\controller\AdminLoadUserController.class]
14:07:11.560 [main] DEBUG o.s.c.a.ClassPathBeanDefinitionScanner - Identified candidate component class: file [F:\Git\JAVAProject\HDU_Minitor\target\classes\cn\hdu\HDU_Minitor\controller\DeleteUserController.class]
14:07:11.560 [main] DEBUG o.s.c.a.ClassPathBeanDefinitionScanner - Identified candidate component class: file [F:\Git\JAVAProject\HDU_Minitor\target\classes\cn\hdu\HDU_Minitor\controller\device\DeviceUploadInfoController.class]
14:07:11.561 [main] DEBUG o.s.c.a.ClassPathBeanDefinitionScanner - Identified candidate component class: file [F:\Git\JAVAProject\HDU_Minitor\target\classes\cn\hdu\HDU_Minitor\controller\LoadBuildController.class]
14:07:11.561 [main] DEBUG o.s.c.a.ClassPathBeanDefinitionScanner - Identified candidate component class: file [F:\Git\JAVAProject\HDU_Minitor\target\classes\cn\hdu\HDU_Minitor\controller\LoadRoomController.class]
14:07:11.562 [main] DEBUG o.s.c.a.ClassPathBeanDefinitionScanner - Identified candidate component class: file [F:\Git\JAVAProject\HDU_Minitor\target\classes\cn\hdu\HDU_Minitor\controller\RemoveBuildController.class]
14:07:11.562 [main] DEBUG o.s.c.a.ClassPathBeanDefinitionScanner - Identified candidate component class: file [F:\Git\JAVAProject\HDU_Minitor\target\classes\cn\hdu\HDU_Minitor\controller\UserGetRdmPwdController.class]
14:07:11.563 [main] DEBUG o.s.c.a.ClassPathBeanDefinitionScanner - Identified candidate component class: file [F:\Git\JAVAProject\HDU_Minitor\target\classes\cn\hdu\HDU_Minitor\controller\UserLoginController.class]
14:07:11.566 [main] DEBUG o.s.c.a.ClassPathBeanDefinitionScanner - Identified candidate component class: file [F:\Git\JAVAProject\HDU_Minitor\target\classes\cn\hdu\HDU_Minitor\service\BuildServiceImpl.class]
14:07:11.567 [main] DEBUG o.s.c.a.ClassPathBeanDefinitionScanner - Identified candidate component class: file [F:\Git\JAVAProject\HDU_Minitor\target\classes\cn\hdu\HDU_Minitor\service\RoomSericeImpl.class]
14:07:11.569 [main] DEBUG o.s.c.a.ClassPathBeanDefinitionScanner - Identified candidate component class: file [F:\Git\JAVAProject\HDU_Minitor\target\classes\cn\hdu\HDU_Minitor\service\UserServiceImpl.class]
14:07:11.571 [main] DEBUG o.s.b.f.xml.XmlBeanDefinitionReader - Loaded 32 bean definitions from location pattern [conf/spring-mvc.xml]
14:07:11.571 [main] INFO  o.s.b.f.xml.XmlBeanDefinitionReader - Loading XML bean definitions from class path resource [conf/spring-mybatis.xml]
14:07:11.573 [main] DEBUG o.s.b.f.xml.DefaultDocumentLoader - Using JAXP provider [com.sun.org.apache.xerces.internal.jaxp.DocumentBuilderFactoryImpl]
14:07:11.574 [main] DEBUG o.s.b.f.xml.PluggableSchemaResolver - Found XML schema [http://www.springframework.org/schema/beans/spring-beans-3.2.xsd] in classpath: org/springframework/beans/factory/xml/spring-beans-3.2.xsd
14:07:11.581 [main] DEBUG o.s.b.f.x.DefaultBeanDefinitionDocumentReader - Loading bean definitions
14:07:11.582 [main] DEBUG o.s.b.f.xml.XmlBeanDefinitionReader - Loaded 3 bean definitions from location pattern [conf/spring-mybatis.xml]
14:07:11.582 [main] INFO  o.s.b.f.xml.XmlBeanDefinitionReader - Loading XML bean definitions from class path resource [conf/spring-transaction.xml]
14:07:11.584 [main] DEBUG o.s.b.f.xml.DefaultDocumentLoader - Using JAXP provider [com.sun.org.apache.xerces.internal.jaxp.DocumentBuilderFactoryImpl]
14:07:11.586 [main] DEBUG o.s.b.f.xml.PluggableSchemaResolver - Found XML schema [http://www.springframework.org/schema/beans/spring-beans-3.2.xsd] in classpath: org/springframework/beans/factory/xml/spring-beans-3.2.xsd
14:07:11.592 [main] DEBUG o.s.b.f.xml.PluggableSchemaResolver - Found XML schema [http://www.springframework.org/schema/tx/spring-tx-3.2.xsd] in classpath: org/springframework/transaction/config/spring-tx-3.2.xsd
14:07:11.593 [main] DEBUG o.s.b.f.xml.PluggableSchemaResolver - Found XML schema [http://www.springframework.org/schema/tool/spring-tool-3.2.xsd] in classpath: org/springframework/beans/factory/xml/spring-tool-3.2.xsd
14:07:11.595 [main] DEBUG o.s.b.f.x.DefaultBeanDefinitionDocumentReader - Loading bean definitions
14:07:11.596 [main] DEBUG o.s.b.f.xml.XmlBeanDefinitionReader - Loaded 6 bean definitions from location pattern [conf/spring-transaction.xml]
14:07:11.596 [main] DEBUG o.s.c.s.ClassPathXmlApplicationContext - Bean factory for org.springframework.context.support.ClassPathXmlApplicationContext@1bf14704: org.springframework.beans.factory.support.DefaultListableBeanFactory@796f632b: defining beans [addBuildContorller,addRoomController,addUserController,adminLoadUserController,deleteUserController,deviceUploadInfoController,loadBuildController,loadRoomController,removeBuildController,userGetRdmPwdController,userLoginController,buildService,roomService,userService,org.springframework.context.annotation.internalConfigurationAnnotationProcessor,org.springframework.context.annotation.internalAutowiredAnnotationProcessor,org.springframework.context.annotation.internalRequiredAnnotationProcessor,org.springframework.context.event.internalEventListenerProcessor,org.springframework.context.event.internalEventListenerFactory,mvcContentNegotiationManager,org.springframework.web.servlet.mvc.method.annotation.RequestMappingHandlerMapping,mvcCorsConfigurations,org.springframework.format.support.FormattingConversionServiceFactoryBean#0,org.springframework.web.servlet.mvc.method.annotation.RequestMappingHandlerAdapter,mvcUriComponentsContributor,org.springframework.web.servlet.handler.MappedInterceptor#0,org.springframework.web.servlet.mvc.method.annotation.ExceptionHandlerExceptionResolver#0,org.springframework.web.servlet.mvc.annotation.ResponseStatusExceptionResolver#0,org.springframework.web.servlet.mvc.support.DefaultHandlerExceptionResolver#0,org.springframework.web.servlet.handler.BeanNameUrlHandlerMapping,org.springframework.web.servlet.mvc.HttpRequestHandlerAdapter,org.springframework.web.servlet.mvc.SimpleControllerHandlerAdapter,dbcp,ssf,mapperScanner,txManger,org.springframework.transaction.config.internalTransactionalEventListenerFactory,org.springframework.aop.config.internalAutoProxyCreator,org.springframework.transaction.annotation.AnnotationTransactionAttributeSource#0,org.springframework.transaction.interceptor.TransactionInterceptor#0,org.springframework.transaction.config.internalTransactionAdvisor]; root of factory hierarchy
14:07:11.597 [main] DEBUG o.s.b.f.s.DefaultListableBeanFactory - Creating shared instance of singleton bean &apos;org.springframework.context.annotation.internalConfigurationAnnotationProcessor&apos;
14:07:11.597 [main] DEBUG o.s.b.f.s.DefaultListableBeanFactory - Creating instance of bean &apos;org.springframework.context.annotation.internalConfigurationAnnotationProcessor&apos;
14:07:11.597 [main] DEBUG o.s.b.f.s.DefaultListableBeanFactory - Eagerly caching bean &apos;org.springframework.context.annotation.internalConfigurationAnnotationProcessor&apos; to allow for resolving potential circular references
14:07:11.597 [main] DEBUG o.s.b.f.s.DefaultListableBeanFactory - Finished creating instance of bean &apos;org.springframework.context.annotation.internalConfigurationAnnotationProcessor&apos;
14:07:11.627 [main] DEBUG o.s.b.f.s.DefaultListableBeanFactory - Creating shared instance of singleton bean &apos;mapperScanner&apos;
14:07:11.627 [main] DEBUG o.s.b.f.s.DefaultListableBeanFactory - Creating instance of bean &apos;mapperScanner&apos;
14:07:11.627 [main] DEBUG o.s.b.f.s.DefaultListableBeanFactory - Eagerly caching bean &apos;mapperScanner&apos; to allow for resolving potential circular references
14:07:11.630 [main] DEBUG o.s.b.f.s.DefaultListableBeanFactory - Invoking afterPropertiesSet() on bean with name &apos;mapperScanner&apos;
14:07:11.630 [main] DEBUG o.s.b.f.s.DefaultListableBeanFactory - Finished creating instance of bean &apos;mapperScanner&apos;
14:07:11.630 [main] DEBUG o.s.core.env.StandardEnvironment - Adding PropertySource &apos;systemProperties&apos; with lowest search precedence
14:07:11.631 [main] DEBUG o.s.core.env.StandardEnvironment - Adding PropertySource &apos;systemEnvironment&apos; with lowest search precedence
14:07:11.631 [main] DEBUG o.s.core.env.StandardEnvironment - Initialized StandardEnvironment with PropertySources [MapPropertySource@1886526482 {name=&apos;systemProperties&apos;, properties={sun.desktop=windows, awt.toolkit=sun.awt.windows.WToolkit, java.specification.version=9, file.encoding.pkg=sun.io, sun.cpu.isalist=amd64, sun.jnu.encoding=GBK, java.class.path=F:\Git\JAVAProject\HDU_Minitor\target\test-classes;F:\Git\JAVAProject\HDU_Minitor\target\classes;E:\eclipse-workspace\.m2\repository\org\springframework\spring-webmvc\4.3.11.RELEASE\spring-webmvc-4.3.11.RELEASE.jar;E:\eclipse-workspace\.m2\repository\org\springframework\spring-aop\4.3.11.RELEASE\spring-aop-4.3.11.RELEASE.jar;E:\eclipse-workspace\.m2\repository\org\springframework\spring-beans\4.3.11.RELEASE\spring-beans-4.3.11.RELEASE.jar;E:\eclipse-workspace\.m2\repository\org\springframework\spring-context\4.3.11.RELEASE\spring-context-4.3.11.RELEASE.jar;E:\eclipse-workspace\.m2\repository\org\springframework\spring-core\4.3.11.RELEASE\spring-core-4.3.11.RELEASE.jar;E:\eclipse-workspace\.m2\repository\commons-logging\commons-logging\1.2\commons-logging-1.2.jar;E:\eclipse-workspace\.m2\repository\org\springframework\spring-expression\4.3.11.RELEASE\spring-expression-4.3.11.RELEASE.jar;E:\eclipse-workspace\.m2\repository\org\springframework\spring-web\4.3.11.RELEASE\spring-web-4.3.11.RELEASE.jar;E:\eclipse-workspace\.m2\repository\org\springframework\spring-jdbc\4.3.11.RELEASE\spring-jdbc-4.3.11.RELEASE.jar;E:\eclipse-workspace\.m2\repository\org\springframework\spring-tx\4.3.11.RELEASE\spring-tx-4.3.11.RELEASE.jar;E:\eclipse-workspace\.m2\repository\commons-dbcp\commons-dbcp\1.4\commons-dbcp-1.4.jar;E:\eclipse-workspace\.m2\repository\commons-pool\commons-pool\1.5.4\commons-pool-1.5.4.jar;E:\eclipse-workspace\.m2\repository\mysql\mysql-connector-java\5.1.37\mysql-connector-java-5.1.37.jar;E:\eclipse-workspace\.m2\repository\org\mybatis\mybatis\3.4.6\mybatis-3.4.6.jar;E:\eclipse-workspace\.m2\repository\org\mybatis\mybatis-spring\1.3.1\mybatis-spring-1.3.1.jar;E:\eclipse-workspace\.m2\repository\jstl\jstl\1.2\jstl-1.2.jar;E:\eclipse-workspace\.m2\repository\com\mangofactory\swagger-springmvc\1.0.2\swagger-springmvc-1.0.2.jar;E:\eclipse-workspace\.m2\repository\org\slf4j\slf4j-api\1.7.7\slf4j-api-1.7.7.jar;E:\eclipse-workspace\.m2\repository\joda-time\joda-time\2.5\joda-time-2.5.jar;E:\eclipse-workspace\.m2\repository\com\mangofactory\swagger-models\1.0.2\swagger-models-1.0.2.jar;E:\eclipse-workspace\.m2\repository\com\wordnik\swagger-annotations\1.3.11\swagger-annotations-1.3.11.jar;E:\eclipse-workspace\.m2\repository\com\google\guava\guava\15.0\guava-15.0.jar;E:\eclipse-workspace\.m2\repository\com\fasterxml\jackson\core\jackson-annotations\2.6.1\jackson-annotations-2.6.1.jar;E:\eclipse-workspace\.m2\repository\com\fasterxml\jackson\core\jackson-databind\2.6.1\jackson-databind-2.6.1.jar;E:\eclipse-workspace\.m2\repository\com\fasterxml\jackson\core\jackson-core\2.6.1\jackson-core-2.6.1.jar;E:\eclipse-workspace\.m2\repository\com\fasterxml\classmate\1.1.0\classmate-1.1.0.jar;E:\eclipse-workspace\.m2\repository\org\springframework\data\spring-data-redis\1.8.7.RELEASE\spring-data-redis-1.8.7.RELEASE.jar;E:\eclipse-workspace\.m2\repository\org\springframework\data\spring-data-keyvalue\1.2.7.RELEASE\spring-data-keyvalue-1.2.7.RELEASE.jar;E:\eclipse-workspace\.m2\repository\org\springframework\data\spring-data-commons\1.13.7.RELEASE\spring-data-commons-1.13.7.RELEASE.jar;E:\eclipse-workspace\.m2\repository\org\springframework\spring-oxm\4.3.11.RELEASE\spring-oxm-4.3.11.RELEASE.jar;E:\eclipse-workspace\.m2\repository\org\springframework\spring-context-support\4.3.11.RELEASE\spring-context-support-4.3.11.RELEASE.jar;E:\eclipse-workspace\.m2\repository\org\slf4j\jcl-over-slf4j\1.7.25\jcl-over-slf4j-1.7.25.jar;E:\eclipse-workspace\.m2\repository\redis\clients\jedis\2.9.0\jedis-2.9.0.jar;E:\eclipse-workspace\.m2\repository\org\apache\commons\commons-pool2\2.4.2\commons-pool2-2.4.2.jar;E:\eclipse-workspace\.m2\repository\ch\qos\logback\logback-classic\0.9.24\logback-classic-0.9.24.jar;E:\eclipse-workspace\.m2\repository\ch\qos\logback\logback-core\0.9.24\logback-core-0.9.24.jar;E:\eclipse-workspace\.m2\repository\log4j\log4j\1.2.17\log4j-1.2.17.jar;E:\eclipse-workspace\.m2\repository\org\aspectj\aspectjrt\1.8.10\aspectjrt-1.8.10.jar;E:\eclipse-workspace\.m2\repository\org\aspectj\aspectjweaver\1.8.10\aspectjweaver-1.8.10.jar;E:\eclipse-workspace\.m2\repository\junit\junit\4.11\junit-4.11.jar;E:\eclipse-workspace\.m2\repository\org\hamcrest\hamcrest-core\1.3\hamcrest-core-1.3.jar;E:\eclipse-workspace\.m2\repository\javax\servlet\servlet-api\2.5\servlet-api-2.5.jar;E:\eclipse-workspace\.m2\repository\javax\servlet\jsp\jsp-api\2.1.3-b06\jsp-api-2.1.3-b06.jar;E:\eclipse-workspace\.m2\repository\org\glassfish\javax.servlet\3.0-b70\javax.servlet-3.0-b70.jar;E:\eclipse-workspace\.m2\repository\javax\el\el-api\2.1.2-b05\el-api-2.1.2-b05.jar;, java.vm.vendor=Oracle Corporation, sun.arch.data.model=64, user.variant=, java.vendor.url=http://java.oracle.com/, user.timezone=Asia/Shanghai, os.name=Windows 7, java.vm.specification.version=9, sun.java.launcher=SUN_STANDARD, user.country=CN, sun.boot.library.path=E:\Java\jdk 9.01\bin, sun.java.command=F:\Git\JAVAProject\HDU_Minitor\target\surefire\surefirebooter9040375031050353846.jar F:\Git\JAVAProject\HDU_Minitor\target\surefire\surefire6366189002758959061tmp F:\Git\JAVAProject\HDU_Minitor\target\surefire\surefire_013619108730529990772tmp, jdk.debug=release, surefire.test.class.path=F:\Git\JAVAProject\HDU_Minitor\target\test-classes;F:\Git\JAVAProject\HDU_Minitor\target\classes;E:\eclipse-workspace\.m2\repository\org\springframework\spring-webmvc\4.3.11.RELEASE\spring-webmvc-4.3.11.RELEASE.jar;E:\eclipse-workspace\.m2\repository\org\springframework\spring-aop\4.3.11.RELEASE\spring-aop-4.3.11.RELEASE.jar;E:\eclipse-workspace\.m2\repository\org\springframework\spring-beans\4.3.11.RELEASE\spring-beans-4.3.11.RELEASE.jar;E:\eclipse-workspace\.m2\repository\org\springframework\spring-context\4.3.11.RELEASE\spring-context-4.3.11.RELEASE.jar;E:\eclipse-workspace\.m2\repository\org\springframework\spring-core\4.3.11.RELEASE\spring-core-4.3.11.RELEASE.jar;E:\eclipse-workspace\.m2\repository\commons-logging\commons-logging\1.2\commons-logging-1.2.jar;E:\eclipse-workspace\.m2\repository\org\springframework\spring-expression\4.3.11.RELEASE\spring-expression-4.3.11.RELEASE.jar;E:\eclipse-workspace\.m2\repository\org\springframework\spring-web\4.3.11.RELEASE\spring-web-4.3.11.RELEASE.jar;E:\eclipse-workspace\.m2\repository\org\springframework\spring-jdbc\4.3.11.RELEASE\spring-jdbc-4.3.11.RELEASE.jar;E:\eclipse-workspace\.m2\repository\org\springframework\spring-tx\4.3.11.RELEASE\spring-tx-4.3.11.RELEASE.jar;E:\eclipse-workspace\.m2\repository\commons-dbcp\commons-dbcp\1.4\commons-dbcp-1.4.jar;E:\eclipse-workspace\.m2\repository\commons-pool\commons-pool\1.5.4\commons-pool-1.5.4.jar;E:\eclipse-workspace\.m2\repository\mysql\mysql-connector-java\5.1.37\mysql-connector-java-5.1.37.jar;E:\eclipse-workspace\.m2\repository\org\mybatis\mybatis\3.4.6\mybatis-3.4.6.jar;E:\eclipse-workspace\.m2\repository\org\mybatis\mybatis-spring\1.3.1\mybatis-spring-1.3.1.jar;E:\eclipse-workspace\.m2\repository\jstl\jstl\1.2\jstl-1.2.jar;E:\eclipse-workspace\.m2\repository\com\mangofactory\swagger-springmvc\1.0.2\swagger-springmvc-1.0.2.jar;E:\eclipse-workspace\.m2\repository\org\slf4j\slf4j-api\1.7.7\slf4j-api-1.7.7.jar;E:\eclipse-workspace\.m2\repository\joda-time\joda-time\2.5\joda-time-2.5.jar;E:\eclipse-workspace\.m2\repository\com\mangofactory\swagger-models\1.0.2\swagger-models-1.0.2.jar;E:\eclipse-workspace\.m2\repository\com\wordnik\swagger-annotations\1.3.11\swagger-annotations-1.3.11.jar;E:\eclipse-workspace\.m2\repository\com\google\guava\guava\15.0\guava-15.0.jar;E:\eclipse-workspace\.m2\repository\com\fasterxml\jackson\core\jackson-annotations\2.6.1\jackson-annotations-2.6.1.jar;E:\eclipse-workspace\.m2\repository\com\fasterxml\jackson\core\jackson-databind\2.6.1\jackson-databind-2.6.1.jar;E:\eclipse-workspace\.m2\repository\com\fasterxml\jackson\core\jackson-core\2.6.1\jackson-core-2.6.1.jar;E:\eclipse-workspace\.m2\repository\com\fasterxml\classmate\1.1.0\classmate-1.1.0.jar;E:\eclipse-workspace\.m2\repository\org\springframework\data\spring-data-redis\1.8.7.RELEASE\spring-data-redis-1.8.7.RELEASE.jar;E:\eclipse-workspace\.m2\repository\org\springframework\data\spring-data-keyvalue\1.2.7.RELEASE\spring-data-keyvalue-1.2.7.RELEASE.jar;E:\eclipse-workspace\.m2\repository\org\springframework\data\spring-data-commons\1.13.7.RELEASE\spring-data-commons-1.13.7.RELEASE.jar;E:\eclipse-workspace\.m2\repository\org\springframework\spring-oxm\4.3.11.RELEASE\spring-oxm-4.3.11.RELEASE.jar;E:\eclipse-workspace\.m2\repository\org\springframework\spring-context-support\4.3.11.RELEASE\spring-context-support-4.3.11.RELEASE.jar;E:\eclipse-workspace\.m2\repository\org\slf4j\jcl-over-slf4j\1.7.25\jcl-over-slf4j-1.7.25.jar;E:\eclipse-workspace\.m2\repository\redis\clients\jedis\2.9.0\jedis-2.9.0.jar;E:\eclipse-workspace\.m2\repository\org\apache\commons\commons-pool2\2.4.2\commons-pool2-2.4.2.jar;E:\eclipse-workspace\.m2\repository\ch\qos\logback\logback-classic\0.9.24\logback-classic-0.9.24.jar;E:\eclipse-workspace\.m2\repository\ch\qos\logback\logback-core\0.9.24\logback-core-0.9.24.jar;E:\eclipse-workspace\.m2\repository\log4j\log4j\1.2.17\log4j-1.2.17.jar;E:\eclipse-workspace\.m2\repository\org\aspectj\aspectjrt\1.8.10\aspectjrt-1.8.10.jar;E:\eclipse-workspace\.m2\repository\org\aspectj\aspectjweaver\1.8.10\aspectjweaver-1.8.10.jar;E:\eclipse-workspace\.m2\repository\junit\junit\4.11\junit-4.11.jar;E:\eclipse-workspace\.m2\repository\org\hamcrest\hamcrest-core\1.3\hamcrest-core-1.3.jar;E:\eclipse-workspace\.m2\repository\javax\servlet\servlet-api\2.5\servlet-api-2.5.jar;E:\eclipse-workspace\.m2\repository\javax\servlet\jsp\jsp-api\2.1.3-b06\jsp-api-2.1.3-b06.jar;E:\eclipse-workspace\.m2\repository\org\glassfish\javax.servlet\3.0-b70\javax.servlet-3.0-b70.jar;E:\eclipse-workspace\.m2\repository\javax\el\el-api\2.1.2-b05\el-api-2.1.2-b05.jar;, sun.cpu.endian=little, user.home=C:\Users\SunWay, user.language=zh, java.specification.vendor=Oracle Corporation, java.home=E:\Java\jdk 9.01, file.separator=\, basedir=F:\Git\JAVAProject\HDU_Minitor, java.vm.compressedOopsMode=32-bit, line.separator=
, java.vm.specification.vendor=Oracle Corporation, java.specification.name=Java Platform API Specification, java.awt.graphicsenv=sun.awt.Win32GraphicsEnvironment, surefire.real.class.path=F:\Git\JAVAProject\HDU_Minitor\target\surefire\surefirebooter9040375031050353846.jar, user.script=, sun.management.compiler=HotSpot 64-Bit Tiered Compilers, java.runtime.version=9.0.1+11, user.name=SunWay, path.separator=;, os.version=6.1, java.runtime.name=Java(TM) SE Runtime Environment, file.encoding=GBK, java.vm.name=Java HotSpot(TM) 64-Bit Server VM, localRepository=E:\eclipse-workspace\.m2\repository, java.vendor.url.bug=http://bugreport.java.com/bugreport/, java.io.tmpdir=C:\Users\SunWay\AppData\Local\Temp\, java.version=9.0.1, user.dir=F:\Git\JAVAProject\HDU_Minitor, os.arch=amd64, java.vm.specification.name=Java Virtual Machine Specification, java.awt.printerjob=sun.awt.windows.WPrinterJob, sun.os.patch.level=Service Pack 1, java.library.path=E:\Java\jdk 9.01\bin;C:\Windows\Sun\Java\bin;C:\Windows\system32;C:\Windows;E:\OracleXE\OracleInstall\app\oracle\product\10.2.0\server\bin;C:\ProgramData\Oracle\Java\javapath;C:\Program Files (x86)\NVIDIA Corporation\PhysX\Common;C:\Program Files (x86)\Intel\iCLS Client\;C:\Program Files\Intel\iCLS Client\;C:\Windows\system32;C:\Windows;C:\Windows\System32\Wbem;C:\Windows\System32\WindowsPowerShell\v1.0\;C:\Program Files (x86)\Intel\OpenCL SDK\2.0\bin\x86;C:\Program Files (x86)\Intel\OpenCL SDK\2.0\bin\x64;C:\Program Files\Intel\Intel(R) Management Engine Components\DAL;C:\Program Files\Intel\Intel(R) Management Engine Components\IPT;E:\Java\jdk 9.01\bin;E:\Java\jdk 9.01\jre\bin;C:\Program Files (x86)\Intel\Intel(R) Management Engine Components\DAL;C:\Program Files (x86)\Intel\Intel(R) Management Engine Components\IPT;E:\eclipse-workspace\tomcat\bin;%CATLINA_HOME%\lib;F:\Git\cmd;E:\matlab\bin\win32;C:\Program Files (x86)\Microsoft Visual Studio\Common\Tools\WinNT;C:\Program Files (x86)\Microsoft Visual Studio\Common\MSDev98\Bin;C:\Program Files (x86)\Microsoft Visual Studio\Common\Tools;C:\Program Files (x86)\Microsoft Visual Studio\VC98\bin;., java.vm.info=mixed mode, java.vendor=Oracle Corporation, java.vm.version=9.0.1+11, sun.io.unicode.encoding=UnicodeLittle, java.class.version=53.0}}, SystemEnvironmentPropertySource@1989924937 {name=&apos;systemEnvironment&apos;, properties={ACTEL_FOR_ALTIUM_OVERRIDE= , PATH=E:\OracleXE\OracleInstall\app\oracle\product\10.2.0\server\bin;C:\ProgramData\Oracle\Java\javapath;C:\Program Files (x86)\NVIDIA Corporation\PhysX\Common;C:\Program Files (x86)\Intel\iCLS Client\;C:\Program Files\Intel\iCLS Client\;C:\Windows\system32;C:\Windows;C:\Windows\System32\Wbem;C:\Windows\System32\WindowsPowerShell\v1.0\;C:\Program Files (x86)\Intel\OpenCL SDK\2.0\bin\x86;C:\Program Files (x86)\Intel\OpenCL SDK\2.0\bin\x64;C:\Program Files\Intel\Intel(R) Management Engine Components\DAL;C:\Program Files\Intel\Intel(R) Management Engine Components\IPT;E:\Java\jdk 9.01\bin;E:\Java\jdk 9.01\jre\bin;C:\Program Files (x86)\Intel\Intel(R) Management Engine Components\DAL;C:\Program Files (x86)\Intel\Intel(R) Management Engine Components\IPT;E:\eclipse-workspace\tomcat\bin;%CATLINA_HOME%\lib;F:\Git\cmd;E:\matlab\bin\win32;C:\Program Files (x86)\Microsoft Visual Studio\Common\Tools\WinNT;C:\Program Files (x86)\Microsoft Visual Studio\Common\MSDev98\Bin;C:\Program Files (x86)\Microsoft Visual Studio\Common\Tools;C:\Program Files (x86)\Microsoft Visual Studio\VC98\bin, LOCALAPPDATA=C:\Users\SunWay\AppData\Local, PROCESSOR_LEVEL=6, SYSTEMDRIVE=C:, COMMONPROGRAMFILES(X86)=C:\Program Files (x86)\Common Files, FP_NO_HOST_CHECK=NO, USERDOMAIN=SunWay-PC, LOGONSERVER=\\SUNWAY-PC, JAVA_HOME=E:\Java\jdk 9.01, PROMPT=$P$G, SESSIONNAME=Console, ALLUSERSPROFILE=C:\ProgramData, ALTERA_FOR_ALTIUM_OVERRIDE= , PROGRAMFILES(X86)=C:\Program Files (x86), PROCESSOR_ARCHITECTURE=AMD64, PROGRAMFILES=C:\Program Files, APPDATA=C:\Users\SunWay\AppData\Roaming, PSMODULEPATH=C:\Windows\system32\WindowsPowerShell\v1.0\Modules\, PROGRAMW6432=C:\Program Files, PROGRAMDATA=C:\ProgramData, SYSTEMROOT=C:\Windows, USERNAME=SunWay, TOMCAT_HOME=E:\eclipse-workspace\tomcat, INCLUDE=C:\Program Files (x86)\Microsoft Visual Studio\VC98\atl\include;C:\Program Files (x86)\Microsoft Visual Studio\VC98\mfc\include;C:\Program Files (x86)\Microsoft Visual Studio\VC98\include, PATHEXT=.COM;.EXE;.BAT;.CMD;.VBS;.VBE;.JS;.JSE;.WSF;.WSH;.MSC, LIB=C:\Program Files (x86)\Microsoft Visual Studio\VC98\mfc\lib;C:\Program Files (x86)\Microsoft Visual Studio\VC98\lib, OS=Windows_NT, COMMONPROGRAMW6432=C:\Program Files\Common Files, COMPUTERNAME=SUNWAY-PC, COMMONPROGRAMFILES=C:\Program Files\Common Files, COMSPEC=C:\Windows\system32\cmd.exe, CATALINA_HOME=E:\eclipse-workspace\tomcat, PROCESSOR_REVISION=3a09, WINDIR=C:\Windows, =F:=F:\Git\JAVAProject\HDU_Minitor, HOMEPATH=\Users\SunWay, TEMP=C:\Users\SunWay\AppData\Local\Temp, HOMEDRIVE=C:, PROCESSOR_IDENTIFIER=Intel64 Family 6 Model 58 Stepping 9, GenuineIntel, USERPROFILE=C:\Users\SunWay, TMP=C:\Users\SunWay\AppData\Local\Temp, PUBLIC=C:\Users\Public, NUMBER_OF_PROCESSORS=4}}]
14:07:11.633 [main] DEBUG o.s.c.i.s.PathMatchingResourcePatternResolver - Resolved classpath location [cn/hdu/HDU_Minitor/dao/] to resources [URL [file:/F:/Git/JAVAProject/HDU_Minitor/target/classes/cn/hdu/HDU_Minitor/dao/]]
14:07:11.633 [main] DEBUG o.s.c.i.s.PathMatchingResourcePatternResolver - Looking for matching resources in directory tree [F:\Git\JAVAProject\HDU_Minitor\target\classes\cn\hdu\HDU_Minitor\dao]
14:07:11.633 [main] DEBUG o.s.c.i.s.PathMatchingResourcePatternResolver - Searching directory [F:\Git\JAVAProject\HDU_Minitor\target\classes\cn\hdu\HDU_Minitor\dao] for files matching pattern [F:/Git/JAVAProject/HDU_Minitor/target/classes/cn/hdu/HDU_Minitor/dao/**/*.class]
14:07:11.633 [main] DEBUG o.s.c.i.s.PathMatchingResourcePatternResolver - Resolved location pattern [classpath*:cn/hdu/HDU_Minitor/dao/**/*.class] to resources [file [F:\Git\JAVAProject\HDU_Minitor\target\classes\cn\hdu\HDU_Minitor\dao\BuildDao.class], file [F:\Git\JAVAProject\HDU_Minitor\target\classes\cn\hdu\HDU_Minitor\dao\DeviceDao.class], file [F:\Git\JAVAProject\HDU_Minitor\target\classes\cn\hdu\HDU_Minitor\dao\RoomDao.class], file [F:\Git\JAVAProject\HDU_Minitor\target\classes\cn\hdu\HDU_Minitor\dao\UserBuildDao.class], file [F:\Git\JAVAProject\HDU_Minitor\target\classes\cn\hdu\HDU_Minitor\dao\UserDao.class], file [F:\Git\JAVAProject\HDU_Minitor\target\classes\cn\hdu\HDU_Minitor\dao\UserRoomDao.class]]
14:07:11.634 [main] DEBUG o.m.s.mapper.ClassPathMapperScanner - Identified candidate component class: file [F:\Git\JAVAProject\HDU_Minitor\target\classes\cn\hdu\HDU_Minitor\dao\BuildDao.class]
14:07:11.634 [main] DEBUG o.m.s.mapper.ClassPathMapperScanner - Identified candidate component class: file [F:\Git\JAVAProject\HDU_Minitor\target\classes\cn\hdu\HDU_Minitor\dao\DeviceDao.class]
14:07:11.634 [main] DEBUG o.m.s.mapper.ClassPathMapperScanner - Identified candidate component class: file [F:\Git\JAVAProject\HDU_Minitor\target\classes\cn\hdu\HDU_Minitor\dao\RoomDao.class]
14:07:11.635 [main] DEBUG o.m.s.mapper.ClassPathMapperScanner - Identified candidate component class: file [F:\Git\JAVAProject\HDU_Minitor\target\classes\cn\hdu\HDU_Minitor\dao\UserBuildDao.class]
14:07:11.635 [main] DEBUG o.m.s.mapper.ClassPathMapperScanner - Identified candidate component class: file [F:\Git\JAVAProject\HDU_Minitor\target\classes\cn\hdu\HDU_Minitor\dao\UserDao.class]
14:07:11.635 [main] DEBUG o.m.s.mapper.ClassPathMapperScanner - Identified candidate component class: file [F:\Git\JAVAProject\HDU_Minitor\target\classes\cn\hdu\HDU_Minitor\dao\UserRoomDao.class]
14:07:11.635 [main] DEBUG o.m.s.mapper.ClassPathMapperScanner - Creating MapperFactoryBean with name &apos;buildDao&apos; and &apos;cn.hdu.HDU_Minitor.dao.BuildDao&apos; mapperInterface
14:07:11.635 [main] DEBUG o.m.s.mapper.ClassPathMapperScanner - Enabling autowire by type for MapperFactoryBean with name &apos;buildDao&apos;.
14:07:11.635 [main] DEBUG o.m.s.mapper.ClassPathMapperScanner - Creating MapperFactoryBean with name &apos;deviceDao&apos; and &apos;cn.hdu.HDU_Minitor.dao.DeviceDao&apos; mapperInterface
14:07:11.635 [main] DEBUG o.m.s.mapper.ClassPathMapperScanner - Enabling autowire by type for MapperFactoryBean with name &apos;deviceDao&apos;.
14:07:11.635 [main] DEBUG o.m.s.mapper.ClassPathMapperScanner - Creating MapperFactoryBean with name &apos;roomDao&apos; and &apos;cn.hdu.HDU_Minitor.dao.RoomDao&apos; mapperInterface
14:07:11.635 [main] DEBUG o.m.s.mapper.ClassPathMapperScanner - Enabling autowire by type for MapperFactoryBean with name &apos;roomDao&apos;.
14:07:11.636 [main] DEBUG o.m.s.mapper.ClassPathMapperScanner - Creating MapperFactoryBean with name &apos;userBuildDao&apos; and &apos;cn.hdu.HDU_Minitor.dao.UserBuildDao&apos; mapperInterface
14:07:11.636 [main] DEBUG o.m.s.mapper.ClassPathMapperScanner - Enabling autowire by type for MapperFactoryBean with name &apos;userBuildDao&apos;.
14:07:11.638 [main] DEBUG o.m.s.mapper.ClassPathMapperScanner - Creating MapperFactoryBean with name &apos;userDao&apos; and &apos;cn.hdu.HDU_Minitor.dao.UserDao&apos; mapperInterface
14:07:11.638 [main] DEBUG o.m.s.mapper.ClassPathMapperScanner - Enabling autowire by type for MapperFactoryBean with name &apos;userDao&apos;.
14:07:11.638 [main] DEBUG o.m.s.mapper.ClassPathMapperScanner - Creating MapperFactoryBean with name &apos;userRoomDao&apos; and &apos;cn.hdu.HDU_Minitor.dao.UserRoomDao&apos; mapperInterface
14:07:11.638 [main] DEBUG o.m.s.mapper.ClassPathMapperScanner - Enabling autowire by type for MapperFactoryBean with name &apos;userRoomDao&apos;.
14:07:11.639 [main] DEBUG o.s.b.f.s.DefaultListableBeanFactory - Creating shared instance of singleton bean &apos;org.springframework.context.annotation.internalAutowiredAnnotationProcessor&apos;
14:07:11.639 [main] DEBUG o.s.b.f.s.DefaultListableBeanFactory - Creating instance of bean &apos;org.springframework.context.annotation.internalAutowiredAnnotationProcessor&apos;
14:07:11.642 [main] DEBUG o.s.b.f.s.DefaultListableBeanFactory - Eagerly caching bean &apos;org.springframework.context.annotation.internalAutowiredAnnotationProcessor&apos; to allow for resolving potential circular references
14:07:11.645 [main] DEBUG o.s.b.f.s.DefaultListableBeanFactory - Finished creating instance of bean &apos;org.springframework.context.annotation.internalAutowiredAnnotationProcessor&apos;
14:07:11.645 [main] DEBUG o.s.b.f.s.DefaultListableBeanFactory - Creating shared instance of singleton bean &apos;org.springframework.context.annotation.internalRequiredAnnotationProcessor&apos;
14:07:11.645 [main] DEBUG o.s.b.f.s.DefaultListableBeanFactory - Creating instance of bean &apos;org.springframework.context.annotation.internalRequiredAnnotationProcessor&apos;
14:07:11.645 [main] DEBUG o.s.b.f.s.DefaultListableBeanFactory - Eagerly caching bean &apos;org.springframework.context.annotation.internalRequiredAnnotationProcessor&apos; to allow for resolving potential circular references
14:07:11.648 [main] DEBUG o.s.b.f.s.DefaultListableBeanFactory - Finished creating instance of bean &apos;org.springframework.context.annotation.internalRequiredAnnotationProcessor&apos;
14:07:11.648 [main] DEBUG o.s.b.f.s.DefaultListableBeanFactory - Creating shared instance of singleton bean &apos;org.springframework.aop.config.internalAutoProxyCreator&apos;
14:07:11.648 [main] DEBUG o.s.b.f.s.DefaultListableBeanFactory - Creating instance of bean &apos;org.springframework.aop.config.internalAutoProxyCreator&apos;
14:07:11.648 [main] DEBUG o.s.b.f.s.DefaultListableBeanFactory - Eagerly caching bean &apos;org.springframework.aop.config.internalAutoProxyCreator&apos; to allow for resolving potential circular references
14:07:11.652 [main] DEBUG o.s.b.f.s.DefaultListableBeanFactory - Finished creating instance of bean &apos;org.springframework.aop.config.internalAutoProxyCreator&apos;
14:07:11.652 [main] DEBUG o.s.c.s.ClassPathXmlApplicationContext - Unable to locate MessageSource with name &apos;messageSource&apos;: using default [org.springframework.context.support.DelegatingMessageSource@101ca8da]
14:07:11.652 [main] DEBUG o.s.c.s.ClassPathXmlApplicationContext - Unable to locate ApplicationEventMulticaster with name &apos;applicationEventMulticaster&apos;: using default [org.springframework.context.event.SimpleApplicationEventMulticaster@20a967fe]
14:07:11.652 [main] DEBUG o.s.b.f.s.DefaultListableBeanFactory - Pre-instantiating singletons in org.springframework.beans.factory.support.DefaultListableBeanFactory@796f632b: defining beans [addBuildContorller,addRoomController,addUserController,adminLoadUserController,deleteUserController,deviceUploadInfoController,loadBuildController,loadRoomController,removeBuildController,userGetRdmPwdController,userLoginController,buildService,roomService,userService,org.springframework.context.annotation.internalConfigurationAnnotationProcessor,org.springframework.context.annotation.internalAutowiredAnnotationProcessor,org.springframework.context.annotation.internalRequiredAnnotationProcessor,org.springframework.context.event.internalEventListenerProcessor,org.springframework.context.event.internalEventListenerFactory,mvcContentNegotiationManager,org.springframework.web.servlet.mvc.method.annotation.RequestMappingHandlerMapping,mvcCorsConfigurations,org.springframework.format.support.FormattingConversionServiceFactoryBean#0,org.springframework.web.servlet.mvc.method.annotation.RequestMappingHandlerAdapter,mvcUriComponentsContributor,org.springframework.web.servlet.handler.MappedInterceptor#0,org.springframework.web.servlet.mvc.method.annotation.ExceptionHandlerExceptionResolver#0,org.springframework.web.servlet.mvc.annotation.ResponseStatusExceptionResolver#0,org.springframework.web.servlet.mvc.support.DefaultHandlerExceptionResolver#0,org.springframework.web.servlet.handler.BeanNameUrlHandlerMapping,org.springframework.web.servlet.mvc.HttpRequestHandlerAdapter,org.springframework.web.servlet.mvc.SimpleControllerHandlerAdapter,dbcp,ssf,mapperScanner,txManger,org.springframework.transaction.config.internalTransactionalEventListenerFactory,org.springframework.aop.config.internalAutoProxyCreator,org.springframework.transaction.annotation.AnnotationTransactionAttributeSource#0,org.springframework.transaction.interceptor.TransactionInterceptor#0,org.springframework.transaction.config.internalTransactionAdvisor,buildDao,deviceDao,roomDao,userBuildDao,userDao,userRoomDao]; root of factory hierarchy
14:07:11.654 [main] DEBUG o.s.b.f.s.DefaultListableBeanFactory - Creating shared instance of singleton bean &apos;addBuildContorller&apos;
14:07:11.654 [main] DEBUG o.s.b.f.s.DefaultListableBeanFactory - Creating instance of bean &apos;addBuildContorller&apos;
14:07:11.654 [main] DEBUG o.s.b.f.s.DefaultListableBeanFactory - Eagerly caching bean &apos;addBuildContorller&apos; to allow for resolving potential circular references
14:07:11.655 [main] DEBUG o.s.b.f.s.DefaultListableBeanFactory - Creating shared instance of singleton bean &apos;org.springframework.transaction.config.internalTransactionAdvisor&apos;
14:07:11.655 [main] DEBUG o.s.b.f.s.DefaultListableBeanFactory - Creating instance of bean &apos;org.springframework.transaction.config.internalTransactionAdvisor&apos;
14:07:11.655 [main] DEBUG o.s.b.f.s.DefaultListableBeanFactory - Eagerly caching bean &apos;org.springframework.transaction.config.internalTransactionAdvisor&apos; to allow for resolving potential circular references
14:07:11.658 [main] DEBUG o.s.b.f.s.DefaultListableBeanFactory - Creating shared instance of singleton bean &apos;org.springframework.transaction.annotation.AnnotationTransactionAttributeSource#0&apos;
14:07:11.658 [main] DEBUG o.s.b.f.s.DefaultListableBeanFactory - Creating instance of bean &apos;org.springframework.transaction.annotation.AnnotationTransactionAttributeSource#0&apos;
14:07:11.658 [main] DEBUG o.s.b.f.s.DefaultListableBeanFactory - Eagerly caching bean &apos;org.springframework.transaction.annotation.AnnotationTransactionAttributeSource#0&apos; to allow for resolving potential circular references
14:07:11.660 [main] DEBUG o.s.a.f.a.BeanFactoryAdvisorRetrievalHelper - Skipping currently created advisor &apos;org.springframework.transaction.config.internalTransactionAdvisor&apos;
14:07:11.660 [main] DEBUG o.s.b.f.s.DefaultListableBeanFactory - Finished creating instance of bean &apos;org.springframework.transaction.annotation.AnnotationTransactionAttributeSource#0&apos;
14:07:11.661 [main] DEBUG o.s.b.f.s.DefaultListableBeanFactory - Finished creating instance of bean &apos;org.springframework.transaction.config.internalTransactionAdvisor&apos;
14:07:11.661 [main] DEBUG o.s.b.f.s.DefaultListableBeanFactory - Finished creating instance of bean &apos;addBuildContorller&apos;
14:07:11.662 [main] DEBUG o.s.b.f.s.DefaultListableBeanFactory - Creating shared instance of singleton bean &apos;addRoomController&apos;
14:07:11.662 [main] DEBUG o.s.b.f.s.DefaultListableBeanFactory - Creating instance of bean &apos;addRoomController&apos;
14:07:11.662 [main] DEBUG o.s.b.f.s.DefaultListableBeanFactory - Eagerly caching bean &apos;addRoomController&apos; to allow for resolving potential circular references
14:07:11.662 [main] DEBUG o.s.b.f.s.DefaultListableBeanFactory - Returning cached instance of singleton bean &apos;org.springframework.transaction.config.internalTransactionAdvisor&apos;
14:07:11.662 [main] DEBUG o.s.b.f.s.DefaultListableBeanFactory - Finished creating instance of bean &apos;addRoomController&apos;
14:07:11.662 [main] DEBUG o.s.b.f.s.DefaultListableBeanFactory - Creating shared instance of singleton bean &apos;addUserController&apos;
14:07:11.662 [main] DEBUG o.s.b.f.s.DefaultListableBeanFactory - Creating instance of bean &apos;addUserController&apos;
14:07:11.663 [main] DEBUG o.s.b.f.s.DefaultListableBeanFactory - Eagerly caching bean &apos;addUserController&apos; to allow for resolving potential circular references
14:07:11.663 [main] DEBUG o.s.b.f.s.DefaultListableBeanFactory - Returning cached instance of singleton bean &apos;org.springframework.transaction.config.internalTransactionAdvisor&apos;
14:07:11.663 [main] DEBUG o.s.b.f.s.DefaultListableBeanFactory - Finished creating instance of bean &apos;addUserController&apos;
14:07:11.663 [main] DEBUG o.s.b.f.s.DefaultListableBeanFactory - Creating shared instance of singleton bean &apos;adminLoadUserController&apos;
14:07:11.663 [main] DEBUG o.s.b.f.s.DefaultListableBeanFactory - Creating instance of bean &apos;adminLoadUserController&apos;
14:07:11.663 [main] DEBUG o.s.b.f.s.DefaultListableBeanFactory - Eagerly caching bean &apos;adminLoadUserController&apos; to allow for resolving potential circular references
14:07:11.663 [main] DEBUG o.s.b.f.s.DefaultListableBeanFactory - Returning cached instance of singleton bean &apos;org.springframework.transaction.config.internalTransactionAdvisor&apos;
14:07:11.663 [main] DEBUG o.s.b.f.s.DefaultListableBeanFactory - Finished creating instance of bean &apos;adminLoadUserController&apos;
14:07:11.664 [main] DEBUG o.s.b.f.s.DefaultListableBeanFactory - Creating shared instance of singleton bean &apos;deleteUserController&apos;
14:07:11.664 [main] DEBUG o.s.b.f.s.DefaultListableBeanFactory - Creating instance of bean &apos;deleteUserController&apos;
14:07:11.664 [main] DEBUG o.s.b.f.s.DefaultListableBeanFactory - Eagerly caching bean &apos;deleteUserController&apos; to allow for resolving potential circular references
14:07:11.664 [main] DEBUG o.s.b.f.s.DefaultListableBeanFactory - Returning cached instance of singleton bean &apos;org.springframework.transaction.config.internalTransactionAdvisor&apos;
14:07:11.664 [main] DEBUG o.s.b.f.s.DefaultListableBeanFactory - Finished creating instance of bean &apos;deleteUserController&apos;
14:07:11.664 [main] DEBUG o.s.b.f.s.DefaultListableBeanFactory - Creating shared instance of singleton bean &apos;deviceUploadInfoController&apos;
14:07:11.664 [main] DEBUG o.s.b.f.s.DefaultListableBeanFactory - Creating instance of bean &apos;deviceUploadInfoController&apos;
14:07:11.664 [main] DEBUG o.s.b.f.s.DefaultListableBeanFactory - Eagerly caching bean &apos;deviceUploadInfoController&apos; to allow for resolving potential circular references
14:07:11.664 [main] DEBUG o.s.b.f.s.DefaultListableBeanFactory - Returning cached instance of singleton bean &apos;org.springframework.transaction.config.internalTransactionAdvisor&apos;
14:07:11.664 [main] DEBUG o.s.b.f.s.DefaultListableBeanFactory - Finished creating instance of bean &apos;deviceUploadInfoController&apos;
14:07:11.665 [main] DEBUG o.s.b.f.s.DefaultListableBeanFactory - Creating shared instance of singleton bean &apos;loadBuildController&apos;
14:07:11.665 [main] DEBUG o.s.b.f.s.DefaultListableBeanFactory - Creating instance of bean &apos;loadBuildController&apos;
14:07:11.665 [main] DEBUG o.s.b.f.s.DefaultListableBeanFactory - Eagerly caching bean &apos;loadBuildController&apos; to allow for resolving potential circular references
14:07:11.665 [main] DEBUG o.s.b.f.s.DefaultListableBeanFactory - Returning cached instance of singleton bean &apos;org.springframework.transaction.config.internalTransactionAdvisor&apos;
14:07:11.665 [main] DEBUG o.s.b.f.s.DefaultListableBeanFactory - Finished creating instance of bean &apos;loadBuildController&apos;
14:07:11.665 [main] DEBUG o.s.b.f.s.DefaultListableBeanFactory - Creating shared instance of singleton bean &apos;loadRoomController&apos;
14:07:11.665 [main] DEBUG o.s.b.f.s.DefaultListableBeanFactory - Creating instance of bean &apos;loadRoomController&apos;
14:07:11.665 [main] DEBUG o.s.b.f.s.DefaultListableBeanFactory - Eagerly caching bean &apos;loadRoomController&apos; to allow for resolving potential circular references
14:07:11.665 [main] DEBUG o.s.b.f.s.DefaultListableBeanFactory - Returning cached instance of singleton bean &apos;org.springframework.transaction.config.internalTransactionAdvisor&apos;
14:07:11.665 [main] DEBUG o.s.b.f.s.DefaultListableBeanFactory - Finished creating instance of bean &apos;loadRoomController&apos;
14:07:11.666 [main] DEBUG o.s.b.f.s.DefaultListableBeanFactory - Creating shared instance of singleton bean &apos;removeBuildController&apos;
14:07:11.666 [main] DEBUG o.s.b.f.s.DefaultListableBeanFactory - Creating instance of bean &apos;removeBuildController&apos;
14:07:11.666 [main] DEBUG o.s.b.f.s.DefaultListableBeanFactory - Eagerly caching bean &apos;removeBuildController&apos; to allow for resolving potential circular references
14:07:11.666 [main] DEBUG o.s.b.f.s.DefaultListableBeanFactory - Returning cached instance of singleton bean &apos;org.springframework.transaction.config.internalTransactionAdvisor&apos;
14:07:11.666 [main] DEBUG o.s.b.f.s.DefaultListableBeanFactory - Finished creating instance of bean &apos;removeBuildController&apos;
14:07:11.666 [main] DEBUG o.s.b.f.s.DefaultListableBeanFactory - Creating shared instance of singleton bean &apos;userGetRdmPwdController&apos;
14:07:11.666 [main] DEBUG o.s.b.f.s.DefaultListableBeanFactory - Creating instance of bean &apos;userGetRdmPwdController&apos;
14:07:11.666 [main] DEBUG o.s.b.f.s.DefaultListableBeanFactory - Eagerly caching bean &apos;userGetRdmPwdController&apos; to allow for resolving potential circular references
14:07:11.667 [main] DEBUG o.s.b.f.s.DefaultListableBeanFactory - Returning cached instance of singleton bean &apos;org.springframework.transaction.config.internalTransactionAdvisor&apos;
14:07:11.667 [main] DEBUG o.s.b.f.s.DefaultListableBeanFactory - Finished creating instance of bean &apos;userGetRdmPwdController&apos;
14:07:11.667 [main] DEBUG o.s.b.f.s.DefaultListableBeanFactory - Creating shared instance of singleton bean &apos;userLoginController&apos;
14:07:11.667 [main] DEBUG o.s.b.f.s.DefaultListableBeanFactory - Creating instance of bean &apos;userLoginController&apos;
14:07:11.667 [main] DEBUG o.s.b.f.s.DefaultListableBeanFactory - Eagerly caching bean &apos;userLoginController&apos; to allow for resolving potential circular references
14:07:11.667 [main] DEBUG o.s.b.f.s.DefaultListableBeanFactory - Returning cached instance of singleton bean &apos;org.springframework.transaction.config.internalTransactionAdvisor&apos;
14:07:11.667 [main] DEBUG o.s.b.f.s.DefaultListableBeanFactory - Finished creating instance of bean &apos;userLoginController&apos;
14:07:11.667 [main] DEBUG o.s.b.f.s.DefaultListableBeanFactory - Creating shared instance of singleton bean &apos;buildService&apos;
14:07:11.667 [main] DEBUG o.s.b.f.s.DefaultListableBeanFactory - Creating instance of bean &apos;buildService&apos;
14:07:11.667 [main] DEBUG o.s.b.f.s.DefaultListableBeanFactory - Eagerly caching bean &apos;buildService&apos; to allow for resolving potential circular references
14:07:11.668 [main] DEBUG o.s.b.f.s.DefaultListableBeanFactory - Returning cached instance of singleton bean &apos;org.springframework.transaction.config.internalTransactionAdvisor&apos;
14:07:11.669 [main] DEBUG o.s.b.f.s.DefaultListableBeanFactory - Finished creating instance of bean &apos;buildService&apos;
14:07:11.669 [main] DEBUG o.s.b.f.s.DefaultListableBeanFactory - Creating shared instance of singleton bean &apos;roomService&apos;
14:07:11.669 [main] DEBUG o.s.b.f.s.DefaultListableBeanFactory - Creating instance of bean &apos;roomService&apos;
14:07:11.669 [main] DEBUG o.s.b.f.s.DefaultListableBeanFactory - Eagerly caching bean &apos;roomService&apos; to allow for resolving potential circular references
14:07:11.671 [main] DEBUG o.s.b.f.s.DefaultListableBeanFactory - Returning cached instance of singleton bean &apos;org.springframework.transaction.config.internalTransactionAdvisor&apos;
14:07:11.671 [main] DEBUG o.s.b.f.s.DefaultListableBeanFactory - Finished creating instance of bean &apos;roomService&apos;
14:07:11.671 [main] DEBUG o.s.b.f.s.DefaultListableBeanFactory - Creating shared instance of singleton bean &apos;userService&apos;
14:07:11.671 [main] DEBUG o.s.b.f.s.DefaultListableBeanFactory - Creating instance of bean &apos;userService&apos;
14:07:11.672 [main] DEBUG o.s.b.f.s.DefaultListableBeanFactory - Eagerly caching bean &apos;userService&apos; to allow for resolving potential circular references
14:07:11.672 [main] DEBUG o.s.b.f.s.DefaultListableBeanFactory - Returning cached instance of singleton bean &apos;org.springframework.transaction.config.internalTransactionAdvisor&apos;
14:07:11.673 [main] DEBUG o.s.t.a.AnnotationTransactionAttributeSource - Adding transactional method &apos;cn.hdu.HDU_Minitor.service.UserServiceImpl.insertOrUpdateUserInfo&apos; with attribute: PROPAGATION_REQUIRED,ISOLATION_DEFAULT; &apos;&apos;
14:07:11.673 [main] DEBUG o.s.a.f.a.InfrastructureAdvisorAutoProxyCreator - Creating implicit proxy for bean &apos;userService&apos; with 0 common interceptors and 1 specific interceptors
14:07:11.675 [main] DEBUG o.s.aop.framework.JdkDynamicAopProxy - Creating JDK dynamic proxy: target source is SingletonTargetSource for target object [cn.hdu.HDU_Minitor.service.UserServiceImpl@405b6d75]
14:07:11.675 [main] DEBUG o.s.b.f.s.DefaultListableBeanFactory - Finished creating instance of bean &apos;userService&apos;
14:07:11.675 [main] DEBUG o.s.b.f.s.DefaultListableBeanFactory - Returning cached instance of singleton bean &apos;org.springframework.context.annotation.internalConfigurationAnnotationProcessor&apos;
14:07:11.676 [main] DEBUG o.s.b.f.s.DefaultListableBeanFactory - Returning cached instance of singleton bean &apos;org.springframework.context.annotation.internalAutowiredAnnotationProcessor&apos;
14:07:11.676 [main] DEBUG o.s.b.f.s.DefaultListableBeanFactory - Returning cached instance of singleton bean &apos;org.springframework.context.annotation.internalRequiredAnnotationProcessor&apos;
14:07:11.676 [main] DEBUG o.s.b.f.s.DefaultListableBeanFactory - Creating shared instance of singleton bean &apos;org.springframework.context.event.internalEventListenerProcessor&apos;
14:07:11.676 [main] DEBUG o.s.b.f.s.DefaultListableBeanFactory - Creating instance of bean &apos;org.springframework.context.event.internalEventListenerProcessor&apos;
14:07:11.676 [main] DEBUG o.s.b.f.s.DefaultListableBeanFactory - Eagerly caching bean &apos;org.springframework.context.event.internalEventListenerProcessor&apos; to allow for resolving potential circular references
14:07:11.677 [main] DEBUG o.s.b.f.s.DefaultListableBeanFactory - Returning cached instance of singleton bean &apos;org.springframework.transaction.config.internalTransactionAdvisor&apos;
14:07:11.678 [main] DEBUG o.s.b.f.s.DefaultListableBeanFactory - Finished creating instance of bean &apos;org.springframework.context.event.internalEventListenerProcessor&apos;
14:07:11.678 [main] DEBUG o.s.b.f.s.DefaultListableBeanFactory - Creating shared instance of singleton bean &apos;org.springframework.context.event.internalEventListenerFactory&apos;
14:07:11.678 [main] DEBUG o.s.b.f.s.DefaultListableBeanFactory - Creating instance of bean &apos;org.springframework.context.event.internalEventListenerFactory&apos;
14:07:11.678 [main] DEBUG o.s.b.f.s.DefaultListableBeanFactory - Eagerly caching bean &apos;org.springframework.context.event.internalEventListenerFactory&apos; to allow for resolving potential circular references
14:07:11.679 [main] DEBUG o.s.b.f.s.DefaultListableBeanFactory - Returning cached instance of singleton bean &apos;org.springframework.transaction.config.internalTransactionAdvisor&apos;
14:07:11.679 [main] DEBUG o.s.b.f.s.DefaultListableBeanFactory - Finished creating instance of bean &apos;org.springframework.context.event.internalEventListenerFactory&apos;
14:07:11.680 [main] DEBUG o.s.b.f.s.DefaultListableBeanFactory - Creating shared instance of singleton bean &apos;mvcContentNegotiationManager&apos;
14:07:11.680 [main] DEBUG o.s.b.f.s.DefaultListableBeanFactory - Creating instance of bean &apos;mvcContentNegotiationManager&apos;
14:07:11.680 [main] DEBUG o.s.b.f.s.DefaultListableBeanFactory - Eagerly caching bean &apos;mvcContentNegotiationManager&apos; to allow for resolving potential circular references
14:07:11.683 [main] DEBUG o.s.b.f.s.DefaultListableBeanFactory - Invoking afterPropertiesSet() on bean with name &apos;mvcContentNegotiationManager&apos;
14:07:11.683 [main] DEBUG o.s.b.f.s.DefaultListableBeanFactory - Returning cached instance of singleton bean &apos;org.springframework.transaction.config.internalTransactionAdvisor&apos;
14:07:11.683 [main] DEBUG o.s.b.f.s.DefaultListableBeanFactory - Finished creating instance of bean &apos;mvcContentNegotiationManager&apos;
14:07:11.683 [main] DEBUG o.s.b.f.s.DefaultListableBeanFactory - Creating shared instance of singleton bean &apos;org.springframework.web.servlet.mvc.method.annotation.RequestMappingHandlerMapping&apos;
14:07:11.683 [main] DEBUG o.s.b.f.s.DefaultListableBeanFactory - Creating instance of bean &apos;org.springframework.web.servlet.mvc.method.annotation.RequestMappingHandlerMapping&apos;
14:07:11.684 [main] DEBUG o.s.b.f.s.DefaultListableBeanFactory - Eagerly caching bean &apos;org.springframework.web.servlet.mvc.method.annotation.RequestMappingHandlerMapping&apos; to allow for resolving potential circular references
14:07:11.689 [main] DEBUG o.s.b.f.s.DefaultListableBeanFactory - Returning cached instance of singleton bean &apos;mvcContentNegotiationManager&apos;
14:07:11.689 [main] DEBUG o.s.b.f.s.DefaultListableBeanFactory - Returning cached instance of singleton bean &apos;org.springframework.transaction.config.internalTransactionAdvisor&apos;
14:07:11.689 [main] DEBUG o.s.b.f.s.DefaultListableBeanFactory - Creating shared instance of singleton bean &apos;mvcCorsConfigurations&apos;
14:07:11.740 [main] DEBUG o.s.b.f.s.DefaultListableBeanFactory - Creating instance of bean &apos;mvcCorsConfigurations&apos;
14:07:11.744 [main] DEBUG o.s.b.f.s.DefaultListableBeanFactory - Eagerly caching bean &apos;mvcCorsConfigurations&apos; to allow for resolving potential circular references
14:07:11.744 [main] DEBUG o.s.b.f.s.DefaultListableBeanFactory - Returning cached instance of singleton bean &apos;org.springframework.transaction.config.internalTransactionAdvisor&apos;
14:07:11.746 [main] DEBUG o.s.b.f.s.DefaultListableBeanFactory - Finished creating instance of bean &apos;mvcCorsConfigurations&apos;
14:07:11.747 [main] DEBUG o.s.b.f.s.DefaultListableBeanFactory - Creating shared instance of singleton bean &apos;org.springframework.web.servlet.handler.MappedInterceptor#0&apos;
14:07:11.747 [main] DEBUG o.s.b.f.s.DefaultListableBeanFactory - Creating instance of bean &apos;org.springframework.web.servlet.handler.MappedInterceptor#0&apos;
14:07:11.747 [main] DEBUG o.s.b.f.s.DefaultListableBeanFactory - Creating instance of bean &apos;(inner bean)#1d858300&apos;
14:07:11.747 [main] DEBUG o.s.b.f.s.DefaultListableBeanFactory - Creating shared instance of singleton bean &apos;org.springframework.format.support.FormattingConversionServiceFactoryBean#0&apos;
14:07:11.747 [main] DEBUG o.s.b.f.s.DefaultListableBeanFactory - Creating instance of bean &apos;org.springframework.format.support.FormattingConversionServiceFactoryBean#0&apos;
14:07:11.747 [main] DEBUG o.s.b.f.s.DefaultListableBeanFactory - Eagerly caching bean &apos;org.springframework.format.support.FormattingConversionServiceFactoryBean#0&apos; to allow for resolving potential circular references
14:07:11.749 [main] DEBUG o.s.b.f.s.DefaultListableBeanFactory - Invoking afterPropertiesSet() on bean with name &apos;org.springframework.format.support.FormattingConversionServiceFactoryBean#0&apos;
14:07:11.753 [main] DEBUG o.s.b.f.s.DefaultListableBeanFactory - Returning cached instance of singleton bean &apos;org.springframework.transaction.config.internalTransactionAdvisor&apos;
14:07:11.754 [main] DEBUG o.s.b.f.s.DefaultListableBeanFactory - Finished creating instance of bean &apos;org.springframework.format.support.FormattingConversionServiceFactoryBean#0&apos;
14:07:11.754 [main] DEBUG o.s.b.f.s.DefaultListableBeanFactory - Returning cached instance of singleton bean &apos;org.springframework.transaction.config.internalTransactionAdvisor&apos;
14:07:11.756 [main] DEBUG o.s.b.f.s.DefaultListableBeanFactory - Returning cached instance of singleton bean &apos;org.springframework.transaction.config.internalTransactionAdvisor&apos;
14:07:11.756 [main] DEBUG o.s.b.f.s.DefaultListableBeanFactory - Finished creating instance of bean &apos;(inner bean)#1d858300&apos;
14:07:11.758 [main] DEBUG o.s.b.f.s.DefaultListableBeanFactory - Eagerly caching bean &apos;org.springframework.web.servlet.handler.MappedInterceptor#0&apos; to allow for resolving potential circular references
14:07:11.759 [main] DEBUG o.s.b.f.s.DefaultListableBeanFactory - Returning cached instance of singleton bean &apos;org.springframework.transaction.config.internalTransactionAdvisor&apos;
14:07:11.759 [main] DEBUG o.s.b.f.s.DefaultListableBeanFactory - Finished creating instance of bean &apos;org.springframework.web.servlet.handler.MappedInterceptor#0&apos;
14:07:11.759 [main] DEBUG o.s.b.f.s.DefaultListableBeanFactory - Invoking afterPropertiesSet() on bean with name &apos;org.springframework.web.servlet.mvc.method.annotation.RequestMappingHandlerMapping&apos;
14:07:11.759 [main] DEBUG o.s.w.s.m.m.a.RequestMappingHandlerMapping - Looking for request mappings in application context: org.springframework.context.support.ClassPathXmlApplicationContext@1bf14704: startup date [Mon Jun 11 14:07:11 CST 2018]; root of context hierarchy
14:07:11.762 [main] DEBUG o.s.w.s.m.m.a.RequestMappingHandlerMapping - 1 request handler methods found on class cn.hdu.HDU_Minitor.controller.AddBuildContorller: {public cn.hdu.HDU_Minitor.util.MinitorResult cn.hdu.HDU_Minitor.controller.AddBuildContorller.excute(java.lang.String,java.lang.String,java.lang.String)={[/build/addbuild.do]}}
14:07:11.762 [main] INFO  o.s.w.s.m.m.a.RequestMappingHandlerMapping - Mapped &quot;{[/build/addbuild.do]}&quot; onto public cn.hdu.HDU_Minitor.util.MinitorResult&lt;java.lang.Object&gt; cn.hdu.HDU_Minitor.controller.AddBuildContorller.excute(java.lang.String,java.lang.String,java.lang.String)
14:07:11.763 [main] DEBUG o.s.w.s.m.m.a.RequestMappingHandlerMapping - 1 request handler methods found on class cn.hdu.HDU_Minitor.controller.AddRoomController: {public cn.hdu.HDU_Minitor.util.MinitorResult cn.hdu.HDU_Minitor.controller.AddRoomController.execute(java.lang.String,java.lang.String,java.lang.String,java.lang.String)={[/room/addroom.do]}}
14:07:11.763 [main] INFO  o.s.w.s.m.m.a.RequestMappingHandlerMapping - Mapped &quot;{[/room/addroom.do]}&quot; onto public cn.hdu.HDU_Minitor.util.MinitorResult&lt;java.lang.Object&gt; cn.hdu.HDU_Minitor.controller.AddRoomController.execute(java.lang.String,java.lang.String,java.lang.String,java.lang.String)
14:07:11.767 [main] DEBUG o.s.w.s.m.m.a.RequestMappingHandlerMapping - 1 request handler methods found on class cn.hdu.HDU_Minitor.controller.AddUserController: {public cn.hdu.HDU_Minitor.util.MinitorResult cn.hdu.HDU_Minitor.controller.AddUserController.execute(java.lang.String,java.lang.String)={[/user/adduser.do]}}
14:07:11.767 [main] INFO  o.s.w.s.m.m.a.RequestMappingHandlerMapping - Mapped &quot;{[/user/adduser.do]}&quot; onto public cn.hdu.HDU_Minitor.util.MinitorResult&lt;java.lang.Object&gt; cn.hdu.HDU_Minitor.controller.AddUserController.execute(java.lang.String,java.lang.String)
14:07:11.768 [main] DEBUG o.s.w.s.m.m.a.RequestMappingHandlerMapping - 1 request handler methods found on class cn.hdu.HDU_Minitor.controller.AdminLoadUserController: {public cn.hdu.HDU_Minitor.util.MinitorResult cn.hdu.HDU_Minitor.controller.AdminLoadUserController.execute(java.lang.String)={[/admin/loaduser.do]}}
14:07:11.768 [main] INFO  o.s.w.s.m.m.a.RequestMappingHandlerMapping - Mapped &quot;{[/admin/loaduser.do]}&quot; onto public cn.hdu.HDU_Minitor.util.MinitorResult&lt;java.lang.Object&gt; cn.hdu.HDU_Minitor.controller.AdminLoadUserController.execute(java.lang.String)
14:07:11.771 [main] DEBUG o.s.w.s.m.m.a.RequestMappingHandlerMapping - 1 request handler methods found on class cn.hdu.HDU_Minitor.controller.DeleteUserController: {public cn.hdu.HDU_Minitor.util.MinitorResult cn.hdu.HDU_Minitor.controller.DeleteUserController.execute(java.lang.String)={[/user/deleteuser.do]}}
14:07:11.771 [main] INFO  o.s.w.s.m.m.a.RequestMappingHandlerMapping - Mapped &quot;{[/user/deleteuser.do]}&quot; onto public cn.hdu.HDU_Minitor.util.MinitorResult&lt;java.lang.Object&gt; cn.hdu.HDU_Minitor.controller.DeleteUserController.execute(java.lang.String)
14:07:11.772 [main] DEBUG o.s.w.s.m.m.a.RequestMappingHandlerMapping - 1 request handler methods found on class cn.hdu.HDU_Minitor.controller.device.DeviceUploadInfoController: {public int cn.hdu.HDU_Minitor.controller.device.DeviceUploadInfoController.execute()={[/device/save.do]}}
14:07:11.772 [main] INFO  o.s.w.s.m.m.a.RequestMappingHandlerMapping - Mapped &quot;{[/device/save.do]}&quot; onto public int cn.hdu.HDU_Minitor.controller.device.DeviceUploadInfoController.execute()
14:07:11.778 [main] DEBUG o.s.w.s.m.m.a.RequestMappingHandlerMapping - 1 request handler methods found on class cn.hdu.HDU_Minitor.controller.LoadBuildController: {public cn.hdu.HDU_Minitor.util.MinitorResult cn.hdu.HDU_Minitor.controller.LoadBuildController.execute(java.lang.String)={[/build/loadbuild.do]}}
14:07:11.778 [main] INFO  o.s.w.s.m.m.a.RequestMappingHandlerMapping - Mapped &quot;{[/build/loadbuild.do]}&quot; onto public cn.hdu.HDU_Minitor.util.MinitorResult&lt;java.lang.Object&gt; cn.hdu.HDU_Minitor.controller.LoadBuildController.execute(java.lang.String)
14:07:11.779 [main] DEBUG o.s.w.s.m.m.a.RequestMappingHandlerMapping - 1 request handler methods found on class cn.hdu.HDU_Minitor.controller.LoadRoomController: {public cn.hdu.HDU_Minitor.util.MinitorResult cn.hdu.HDU_Minitor.controller.LoadRoomController.excute(java.lang.String,java.lang.String)={[/room/loadroom.do]}}
14:07:11.779 [main] INFO  o.s.w.s.m.m.a.RequestMappingHandlerMapping - Mapped &quot;{[/room/loadroom.do]}&quot; onto public cn.hdu.HDU_Minitor.util.MinitorResult&lt;java.lang.Object&gt; cn.hdu.HDU_Minitor.controller.LoadRoomController.excute(java.lang.String,java.lang.String)
14:07:11.780 [main] DEBUG o.s.w.s.m.m.a.RequestMappingHandlerMapping - 1 request handler methods found on class cn.hdu.HDU_Minitor.controller.RemoveBuildController: {public cn.hdu.HDU_Minitor.util.MinitorResult cn.hdu.HDU_Minitor.controller.RemoveBuildController.execute(java.lang.String,java.lang.String)={[/build/removebuild.do]}}
14:07:11.780 [main] INFO  o.s.w.s.m.m.a.RequestMappingHandlerMapping - Mapped &quot;{[/build/removebuild.do]}&quot; onto public cn.hdu.HDU_Minitor.util.MinitorResult&lt;java.lang.Object&gt; cn.hdu.HDU_Minitor.controller.RemoveBuildController.execute(java.lang.String,java.lang.String)
14:07:11.781 [main] DEBUG o.s.w.s.m.m.a.RequestMappingHandlerMapping - 1 request handler methods found on class cn.hdu.HDU_Minitor.controller.UserGetRdmPwdController: {public cn.hdu.HDU_Minitor.util.MinitorResult cn.hdu.HDU_Minitor.controller.UserGetRdmPwdController.execute(java.lang.String)={[/user/getrdmpwd.do]}}
14:07:11.781 [main] INFO  o.s.w.s.m.m.a.RequestMappingHandlerMapping - Mapped &quot;{[/user/getrdmpwd.do]}&quot; onto public cn.hdu.HDU_Minitor.util.MinitorResult&lt;java.lang.Object&gt; cn.hdu.HDU_Minitor.controller.UserGetRdmPwdController.execute(java.lang.String)
14:07:11.782 [main] DEBUG o.s.w.s.m.m.a.RequestMappingHandlerMapping - 1 request handler methods found on class cn.hdu.HDU_Minitor.controller.UserLoginController: {public cn.hdu.HDU_Minitor.util.MinitorResult cn.hdu.HDU_Minitor.controller.UserLoginController.execute(java.lang.String,java.lang.String)={[/user/login.do]}}
14:07:11.782 [main] INFO  o.s.w.s.m.m.a.RequestMappingHandlerMapping - Mapped &quot;{[/user/login.do]}&quot; onto public cn.hdu.HDU_Minitor.util.MinitorResult&lt;java.lang.Object&gt; cn.hdu.HDU_Minitor.controller.UserLoginController.execute(java.lang.String,java.lang.String)
14:07:11.782 [main] DEBUG o.s.b.f.s.DefaultListableBeanFactory - Returning cached instance of singleton bean &apos;org.springframework.transaction.config.internalTransactionAdvisor&apos;
14:07:11.782 [main] DEBUG o.s.b.f.s.DefaultListableBeanFactory - Finished creating instance of bean &apos;org.springframework.web.servlet.mvc.method.annotation.RequestMappingHandlerMapping&apos;
14:07:11.782 [main] DEBUG o.s.b.f.s.DefaultListableBeanFactory - Returning cached instance of singleton bean &apos;mvcCorsConfigurations&apos;
14:07:11.782 [main] DEBUG o.s.b.f.s.DefaultListableBeanFactory - Returning cached instance of singleton bean &apos;org.springframework.format.support.FormattingConversionServiceFactoryBean#0&apos;
14:07:11.782 [main] DEBUG o.s.b.f.s.DefaultListableBeanFactory - Creating shared instance of singleton bean &apos;org.springframework.web.servlet.mvc.method.annotation.RequestMappingHandlerAdapter&apos;
14:07:11.783 [main] DEBUG o.s.b.f.s.DefaultListableBeanFactory - Creating instance of bean &apos;org.springframework.web.servlet.mvc.method.annotation.RequestMappingHandlerAdapter&apos;
14:07:11.785 [main] DEBUG o.s.b.f.s.DefaultListableBeanFactory - Eagerly caching bean &apos;org.springframework.web.servlet.mvc.method.annotation.RequestMappingHandlerAdapter&apos; to allow for resolving potential circular references
14:07:11.821 [main] DEBUG o.s.b.f.s.DefaultListableBeanFactory - Returning cached instance of singleton bean &apos;mvcContentNegotiationManager&apos;
14:07:11.822 [main] DEBUG o.s.b.f.s.DefaultListableBeanFactory - Creating instance of bean &apos;(inner bean)#7bcecef6&apos;
14:07:11.823 [main] DEBUG o.s.b.f.s.DefaultListableBeanFactory - Returning cached instance of singleton bean &apos;org.springframework.format.support.FormattingConversionServiceFactoryBean#0&apos;
14:07:11.823 [main] DEBUG o.s.b.f.s.DefaultListableBeanFactory - Returning cached instance of singleton bean &apos;org.springframework.transaction.config.internalTransactionAdvisor&apos;
14:07:11.823 [main] DEBUG o.s.b.f.s.DefaultListableBeanFactory - Finished creating instance of bean &apos;(inner bean)#7bcecef6&apos;
14:07:11.823 [main] DEBUG o.s.b.f.s.DefaultListableBeanFactory - Creating instance of bean &apos;(inner bean)#46046c06&apos;
14:07:11.825 [main] DEBUG o.s.b.f.s.DefaultListableBeanFactory - Returning cached instance of singleton bean &apos;org.springframework.transaction.config.internalTransactionAdvisor&apos;
14:07:11.826 [main] DEBUG o.s.b.f.s.DefaultListableBeanFactory - Finished creating instance of bean &apos;(inner bean)#46046c06&apos;
14:07:11.826 [main] DEBUG o.s.b.f.s.DefaultListableBeanFactory - Creating instance of bean &apos;(inner bean)#93824eb&apos;
14:07:11.828 [main] DEBUG o.s.b.f.s.DefaultListableBeanFactory - Returning cached instance of singleton bean &apos;org.springframework.transaction.config.internalTransactionAdvisor&apos;
14:07:11.828 [main] DEBUG o.s.b.f.s.DefaultListableBeanFactory - Finished creating instance of bean &apos;(inner bean)#93824eb&apos;
14:07:11.828 [main] DEBUG o.s.b.f.s.DefaultListableBeanFactory - Creating instance of bean &apos;(inner bean)#7af52ec7&apos;
14:07:11.829 [main] DEBUG o.s.b.f.s.DefaultListableBeanFactory - Returning cached instance of singleton bean &apos;org.springframework.transaction.config.internalTransactionAdvisor&apos;
14:07:11.830 [main] DEBUG o.s.b.f.s.DefaultListableBeanFactory - Finished creating instance of bean &apos;(inner bean)#7af52ec7&apos;
14:07:11.830 [main] DEBUG o.s.b.f.s.DefaultListableBeanFactory - Creating instance of bean &apos;(inner bean)#77c1e611&apos;
14:07:11.832 [main] DEBUG o.s.b.f.s.DefaultListableBeanFactory - Returning cached instance of singleton bean &apos;org.springframework.transaction.config.internalTransactionAdvisor&apos;
14:07:11.832 [main] DEBUG o.s.b.f.s.DefaultListableBeanFactory - Finished creating instance of bean &apos;(inner bean)#77c1e611&apos;
14:07:11.832 [main] DEBUG o.s.b.f.s.DefaultListableBeanFactory - Creating instance of bean &apos;(inner bean)#12c0c0b3&apos;
14:07:11.836 [main] DEBUG o.s.b.f.s.DefaultListableBeanFactory - Returning cached instance of singleton bean &apos;org.springframework.transaction.config.internalTransactionAdvisor&apos;
14:07:11.836 [main] DEBUG o.s.b.f.s.DefaultListableBeanFactory - Finished creating instance of bean &apos;(inner bean)#12c0c0b3&apos;
14:07:11.836 [main] DEBUG o.s.b.f.s.DefaultListableBeanFactory - Creating instance of bean &apos;(inner bean)#5a97b17c&apos;
14:07:11.836 [main] DEBUG o.s.b.f.s.DefaultListableBeanFactory - Creating instance of bean &apos;(inner bean)#9c73fff&apos;
14:07:11.856 [main] DEBUG o.s.b.f.s.DefaultListableBeanFactory - Invoking afterPropertiesSet() on bean with name &apos;(inner bean)#9c73fff&apos;
14:07:11.859 [main] DEBUG o.s.b.f.s.DefaultListableBeanFactory - Returning cached instance of singleton bean &apos;org.springframework.transaction.config.internalTransactionAdvisor&apos;
14:07:11.859 [main] DEBUG o.s.b.f.s.DefaultListableBeanFactory - Finished creating instance of bean &apos;(inner bean)#9c73fff&apos;
14:07:11.859 [main] DEBUG o.s.b.f.s.DefaultListableBeanFactory - Returning cached instance of singleton bean &apos;org.springframework.transaction.config.internalTransactionAdvisor&apos;
14:07:11.864 [main] DEBUG o.s.b.f.s.DefaultListableBeanFactory - Returning cached instance of singleton bean &apos;org.springframework.transaction.config.internalTransactionAdvisor&apos;
14:07:11.865 [main] DEBUG o.s.b.f.s.DefaultListableBeanFactory - Finished creating instance of bean &apos;(inner bean)#5a97b17c&apos;
14:07:11.865 [main] DEBUG o.s.b.f.s.DefaultListableBeanFactory - Creating instance of bean &apos;(inner bean)#32ec9c90&apos;
14:07:11.866 [main] DEBUG o.s.b.f.s.DefaultListableBeanFactory - Returning cached instance of singleton bean &apos;org.springframework.transaction.config.internalTransactionAdvisor&apos;
14:07:11.866 [main] DEBUG o.s.b.f.s.DefaultListableBeanFactory - Finished creating instance of bean &apos;(inner bean)#32ec9c90&apos;
14:07:11.866 [main] DEBUG o.s.b.f.s.DefaultListableBeanFactory - Creating instance of bean &apos;(inner bean)#36ab3814&apos;
14:07:11.867 [main] DEBUG o.s.b.f.s.DefaultListableBeanFactory - Returning cached instance of singleton bean &apos;org.springframework.transaction.config.internalTransactionAdvisor&apos;
14:07:11.867 [main] DEBUG o.s.b.f.s.DefaultListableBeanFactory - Finished creating instance of bean &apos;(inner bean)#36ab3814&apos;
14:07:11.868 [main] DEBUG o.s.b.f.s.DefaultListableBeanFactory - Invoking afterPropertiesSet() on bean with name &apos;org.springframework.web.servlet.mvc.method.annotation.RequestMappingHandlerAdapter&apos;
14:07:11.868 [main] INFO  o.s.w.s.m.m.a.RequestMappingHandlerAdapter - Looking for @ControllerAdvice: org.springframework.context.support.ClassPathXmlApplicationContext@1bf14704: startup date [Mon Jun 11 14:07:11 CST 2018]; root of context hierarchy
14:07:11.869 [main] DEBUG o.s.b.f.s.DefaultListableBeanFactory - Returning cached instance of singleton bean &apos;org.springframework.transaction.config.internalTransactionAdvisor&apos;
14:07:11.870 [main] DEBUG o.s.b.f.s.DefaultListableBeanFactory - Finished creating instance of bean &apos;org.springframework.web.servlet.mvc.method.annotation.RequestMappingHandlerAdapter&apos;
14:07:11.870 [main] DEBUG o.s.b.f.s.DefaultListableBeanFactory - Creating shared instance of singleton bean &apos;mvcUriComponentsContributor&apos;
14:07:11.870 [main] DEBUG o.s.b.f.s.DefaultListableBeanFactory - Creating instance of bean &apos;mvcUriComponentsContributor&apos;
14:07:11.870 [main] DEBUG o.s.b.f.s.DefaultListableBeanFactory - Eagerly caching bean &apos;mvcUriComponentsContributor&apos; to allow for resolving potential circular references
14:07:11.872 [main] DEBUG o.s.b.f.s.DefaultListableBeanFactory - Creating instance of bean &apos;(inner bean)#2abbd0d9&apos;
14:07:11.875 [main] DEBUG o.s.b.f.s.DefaultListableBeanFactory - Returning cached instance of singleton bean &apos;mvcContentNegotiationManager&apos;
14:07:11.875 [main] DEBUG o.s.b.f.s.DefaultListableBeanFactory - Creating instance of bean &apos;(inner bean)#7bcecef6#1&apos;
14:07:11.875 [main] DEBUG o.s.b.f.s.DefaultListableBeanFactory - Returning cached instance of singleton bean &apos;org.springframework.format.support.FormattingConversionServiceFactoryBean#0&apos;
14:07:11.875 [main] DEBUG o.s.b.f.s.DefaultListableBeanFactory - Returning cached instance of singleton bean &apos;org.springframework.transaction.config.internalTransactionAdvisor&apos;
14:07:11.875 [main] DEBUG o.s.b.f.s.DefaultListableBeanFactory - Finished creating instance of bean &apos;(inner bean)#7bcecef6#1&apos;
14:07:11.875 [main] DEBUG o.s.b.f.s.DefaultListableBeanFactory - Creating instance of bean &apos;(inner bean)#46046c06#1&apos;
14:07:11.875 [main] DEBUG o.s.b.f.s.DefaultListableBeanFactory - Returning cached instance of singleton bean &apos;org.springframework.transaction.config.internalTransactionAdvisor&apos;
14:07:11.875 [main] DEBUG o.s.b.f.s.DefaultListableBeanFactory - Finished creating instance of bean &apos;(inner bean)#46046c06#1&apos;
14:07:11.876 [main] DEBUG o.s.b.f.s.DefaultListableBeanFactory - Creating instance of bean &apos;(inner bean)#93824eb#1&apos;
14:07:11.876 [main] DEBUG o.s.b.f.s.DefaultListableBeanFactory - Returning cached instance of singleton bean &apos;org.springframework.transaction.config.internalTransactionAdvisor&apos;
14:07:11.876 [main] DEBUG o.s.b.f.s.DefaultListableBeanFactory - Finished creating instance of bean &apos;(inner bean)#93824eb#1&apos;
14:07:11.876 [main] DEBUG o.s.b.f.s.DefaultListableBeanFactory - Creating instance of bean &apos;(inner bean)#7af52ec7#1&apos;
14:07:11.876 [main] DEBUG o.s.b.f.s.DefaultListableBeanFactory - Returning cached instance of singleton bean &apos;org.springframework.transaction.config.internalTransactionAdvisor&apos;
14:07:11.876 [main] DEBUG o.s.b.f.s.DefaultListableBeanFactory - Finished creating instance of bean &apos;(inner bean)#7af52ec7#1&apos;
14:07:11.876 [main] DEBUG o.s.b.f.s.DefaultListableBeanFactory - Creating instance of bean &apos;(inner bean)#77c1e611#1&apos;
14:07:11.877 [main] DEBUG o.s.b.f.s.DefaultListableBeanFactory - Returning cached instance of singleton bean &apos;org.springframework.transaction.config.internalTransactionAdvisor&apos;
14:07:11.877 [main] DEBUG o.s.b.f.s.DefaultListableBeanFactory - Finished creating instance of bean &apos;(inner bean)#77c1e611#1&apos;
14:07:11.877 [main] DEBUG o.s.b.f.s.DefaultListableBeanFactory - Creating instance of bean &apos;(inner bean)#12c0c0b3#1&apos;
14:07:11.895 [main] DEBUG o.s.b.f.s.DefaultListableBeanFactory - Returning cached instance of singleton bean &apos;org.springframework.transaction.config.internalTransactionAdvisor&apos;
14:07:11.895 [main] DEBUG o.s.b.f.s.DefaultListableBeanFactory - Finished creating instance of bean &apos;(inner bean)#12c0c0b3#1&apos;
14:07:11.895 [main] DEBUG o.s.b.f.s.DefaultListableBeanFactory - Creating instance of bean &apos;(inner bean)#5a97b17c#1&apos;
14:07:11.895 [main] DEBUG o.s.b.f.s.DefaultListableBeanFactory - Creating instance of bean &apos;(inner bean)#9c73fff#1&apos;
14:07:11.895 [main] DEBUG o.s.b.f.s.DefaultListableBeanFactory - Invoking afterPropertiesSet() on bean with name &apos;(inner bean)#9c73fff#1&apos;
14:07:11.897 [main] DEBUG o.s.b.f.s.DefaultListableBeanFactory - Returning cached instance of singleton bean &apos;org.springframework.transaction.config.internalTransactionAdvisor&apos;
14:07:11.897 [main] DEBUG o.s.b.f.s.DefaultListableBeanFactory - Finished creating instance of bean &apos;(inner bean)#9c73fff#1&apos;
14:07:11.897 [main] DEBUG o.s.b.f.s.DefaultListableBeanFactory - Returning cached instance of singleton bean &apos;org.springframework.transaction.config.internalTransactionAdvisor&apos;
14:07:11.898 [main] DEBUG o.s.b.f.s.DefaultListableBeanFactory - Returning cached instance of singleton bean &apos;org.springframework.transaction.config.internalTransactionAdvisor&apos;
14:07:11.899 [main] DEBUG o.s.b.f.s.DefaultListableBeanFactory - Finished creating instance of bean &apos;(inner bean)#5a97b17c#1&apos;
14:07:11.900 [main] DEBUG o.s.b.f.s.DefaultListableBeanFactory - Creating instance of bean &apos;(inner bean)#32ec9c90#1&apos;
14:07:11.900 [main] DEBUG o.s.b.f.s.DefaultListableBeanFactory - Returning cached instance of singleton bean &apos;org.springframework.transaction.config.internalTransactionAdvisor&apos;
14:07:11.900 [main] DEBUG o.s.b.f.s.DefaultListableBeanFactory - Finished creating instance of bean &apos;(inner bean)#32ec9c90#1&apos;
14:07:11.900 [main] DEBUG o.s.b.f.s.DefaultListableBeanFactory - Creating instance of bean &apos;(inner bean)#36ab3814#1&apos;
14:07:11.901 [main] DEBUG o.s.b.f.s.DefaultListableBeanFactory - Returning cached instance of singleton bean &apos;org.springframework.transaction.config.internalTransactionAdvisor&apos;
14:07:11.901 [main] DEBUG o.s.b.f.s.DefaultListableBeanFactory - Finished creating instance of bean &apos;(inner bean)#36ab3814#1&apos;
14:07:11.901 [main] DEBUG o.s.b.f.s.DefaultListableBeanFactory - Invoking afterPropertiesSet() on bean with name &apos;(inner bean)#2abbd0d9&apos;
14:07:11.901 [main] INFO  o.s.w.s.m.m.a.RequestMappingHandlerAdapter - Looking for @ControllerAdvice: org.springframework.context.support.ClassPathXmlApplicationContext@1bf14704: startup date [Mon Jun 11 14:07:11 CST 2018]; root of context hierarchy
14:07:11.904 [main] DEBUG o.s.b.f.s.DefaultListableBeanFactory - Returning cached instance of singleton bean &apos;org.springframework.transaction.config.internalTransactionAdvisor&apos;
14:07:11.904 [main] DEBUG o.s.b.f.s.DefaultListableBeanFactory - Finished creating instance of bean &apos;(inner bean)#2abbd0d9&apos;
14:07:11.904 [main] DEBUG o.s.b.f.s.DefaultListableBeanFactory - Returning cached instance of singleton bean &apos;org.springframework.format.support.FormattingConversionServiceFactoryBean#0&apos;
14:07:11.904 [main] DEBUG o.s.b.f.s.DefaultListableBeanFactory - Invoking afterPropertiesSet() on bean with name &apos;mvcUriComponentsContributor&apos;
14:07:11.904 [main] DEBUG o.s.b.f.s.DefaultListableBeanFactory - Returning cached instance of singleton bean &apos;org.springframework.transaction.config.internalTransactionAdvisor&apos;
14:07:11.904 [main] DEBUG o.s.b.f.s.DefaultListableBeanFactory - Finished creating instance of bean &apos;mvcUriComponentsContributor&apos;
14:07:11.904 [main] DEBUG o.s.b.f.s.DefaultListableBeanFactory - Returning cached instance of singleton bean &apos;org.springframework.web.servlet.handler.MappedInterceptor#0&apos;
14:07:11.904 [main] DEBUG o.s.b.f.s.DefaultListableBeanFactory - Creating shared instance of singleton bean &apos;org.springframework.web.servlet.mvc.method.annotation.ExceptionHandlerExceptionResolver#0&apos;
14:07:11.904 [main] DEBUG o.s.b.f.s.DefaultListableBeanFactory - Creating instance of bean &apos;org.springframework.web.servlet.mvc.method.annotation.ExceptionHandlerExceptionResolver#0&apos;
14:07:11.907 [main] DEBUG o.s.b.f.s.DefaultListableBeanFactory - Eagerly caching bean &apos;org.springframework.web.servlet.mvc.method.annotation.ExceptionHandlerExceptionResolver#0&apos; to allow for resolving potential circular references
14:07:11.910 [main] DEBUG o.s.b.f.s.DefaultListableBeanFactory - Returning cached instance of singleton bean &apos;mvcContentNegotiationManager&apos;
14:07:11.910 [main] DEBUG o.s.b.f.s.DefaultListableBeanFactory - Creating instance of bean &apos;(inner bean)#46046c06#2&apos;
14:07:11.911 [main] DEBUG o.s.b.f.s.DefaultListableBeanFactory - Returning cached instance of singleton bean &apos;org.springframework.transaction.config.internalTransactionAdvisor&apos;
14:07:11.911 [main] DEBUG o.s.b.f.s.DefaultListableBeanFactory - Finished creating instance of bean &apos;(inner bean)#46046c06#2&apos;
14:07:11.911 [main] DEBUG o.s.b.f.s.DefaultListableBeanFactory - Creating instance of bean &apos;(inner bean)#93824eb#2&apos;
14:07:11.911 [main] DEBUG o.s.b.f.s.DefaultListableBeanFactory - Returning cached instance of singleton bean &apos;org.springframework.transaction.config.internalTransactionAdvisor&apos;
14:07:11.911 [main] DEBUG o.s.b.f.s.DefaultListableBeanFactory - Finished creating instance of bean &apos;(inner bean)#93824eb#2&apos;
14:07:11.911 [main] DEBUG o.s.b.f.s.DefaultListableBeanFactory - Creating instance of bean &apos;(inner bean)#7af52ec7#2&apos;
14:07:11.912 [main] DEBUG o.s.b.f.s.DefaultListableBeanFactory - Returning cached instance of singleton bean &apos;org.springframework.transaction.config.internalTransactionAdvisor&apos;
14:07:11.912 [main] DEBUG o.s.b.f.s.DefaultListableBeanFactory - Finished creating instance of bean &apos;(inner bean)#7af52ec7#2&apos;
14:07:11.912 [main] DEBUG o.s.b.f.s.DefaultListableBeanFactory - Creating instance of bean &apos;(inner bean)#77c1e611#2&apos;
14:07:11.912 [main] DEBUG o.s.b.f.s.DefaultListableBeanFactory - Returning cached instance of singleton bean &apos;org.springframework.transaction.config.internalTransactionAdvisor&apos;
14:07:11.912 [main] DEBUG o.s.b.f.s.DefaultListableBeanFactory - Finished creating instance of bean &apos;(inner bean)#77c1e611#2&apos;
14:07:11.913 [main] DEBUG o.s.b.f.s.DefaultListableBeanFactory - Creating instance of bean &apos;(inner bean)#12c0c0b3#2&apos;
14:07:11.915 [main] DEBUG o.s.b.f.s.DefaultListableBeanFactory - Returning cached instance of singleton bean &apos;org.springframework.transaction.config.internalTransactionAdvisor&apos;
14:07:11.915 [main] DEBUG o.s.b.f.s.DefaultListableBeanFactory - Finished creating instance of bean &apos;(inner bean)#12c0c0b3#2&apos;
14:07:11.915 [main] DEBUG o.s.b.f.s.DefaultListableBeanFactory - Creating instance of bean &apos;(inner bean)#5a97b17c#2&apos;
14:07:11.915 [main] DEBUG o.s.b.f.s.DefaultListableBeanFactory - Creating instance of bean &apos;(inner bean)#9c73fff#2&apos;
14:07:11.915 [main] DEBUG o.s.b.f.s.DefaultListableBeanFactory - Invoking afterPropertiesSet() on bean with name &apos;(inner bean)#9c73fff#2&apos;
14:07:11.917 [main] DEBUG o.s.b.f.s.DefaultListableBeanFactory - Returning cached instance of singleton bean &apos;org.springframework.transaction.config.internalTransactionAdvisor&apos;
14:07:11.917 [main] DEBUG o.s.b.f.s.DefaultListableBeanFactory - Finished creating instance of bean &apos;(inner bean)#9c73fff#2&apos;
14:07:11.917 [main] DEBUG o.s.b.f.s.DefaultListableBeanFactory - Returning cached instance of singleton bean &apos;org.springframework.transaction.config.internalTransactionAdvisor&apos;
14:07:11.918 [main] DEBUG o.s.b.f.s.DefaultListableBeanFactory - Returning cached instance of singleton bean &apos;org.springframework.transaction.config.internalTransactionAdvisor&apos;
14:07:11.918 [main] DEBUG o.s.b.f.s.DefaultListableBeanFactory - Finished creating instance of bean &apos;(inner bean)#5a97b17c#2&apos;
14:07:11.919 [main] DEBUG o.s.b.f.s.DefaultListableBeanFactory - Creating instance of bean &apos;(inner bean)#32bb0072&apos;
14:07:11.919 [main] DEBUG o.s.b.f.s.DefaultListableBeanFactory - Returning cached instance of singleton bean &apos;org.springframework.transaction.config.internalTransactionAdvisor&apos;
14:07:11.919 [main] DEBUG o.s.b.f.s.DefaultListableBeanFactory - Finished creating instance of bean &apos;(inner bean)#32bb0072&apos;
14:07:11.919 [main] DEBUG o.s.b.f.s.DefaultListableBeanFactory - Invoking afterPropertiesSet() on bean with name &apos;org.springframework.web.servlet.mvc.method.annotation.ExceptionHandlerExceptionResolver#0&apos;
14:07:11.920 [main] DEBUG o.s.w.s.m.m.a.ExceptionHandlerExceptionResolver - Looking for exception mappings: org.springframework.context.support.ClassPathXmlApplicationContext@1bf14704: startup date [Mon Jun 11 14:07:11 CST 2018]; root of context hierarchy
14:07:11.920 [main] DEBUG o.s.b.f.s.DefaultListableBeanFactory - Returning cached instance of singleton bean &apos;org.springframework.transaction.config.internalTransactionAdvisor&apos;
14:07:11.921 [main] DEBUG o.s.b.f.s.DefaultListableBeanFactory - Finished creating instance of bean &apos;org.springframework.web.servlet.mvc.method.annotation.ExceptionHandlerExceptionResolver#0&apos;
14:07:11.921 [main] DEBUG o.s.b.f.s.DefaultListableBeanFactory - Creating shared instance of singleton bean &apos;org.springframework.web.servlet.mvc.annotation.ResponseStatusExceptionResolver#0&apos;
14:07:11.921 [main] DEBUG o.s.b.f.s.DefaultListableBeanFactory - Creating instance of bean &apos;org.springframework.web.servlet.mvc.annotation.ResponseStatusExceptionResolver#0&apos;
14:07:11.921 [main] DEBUG o.s.b.f.s.DefaultListableBeanFactory - Eagerly caching bean &apos;org.springframework.web.servlet.mvc.annotation.ResponseStatusExceptionResolver#0&apos; to allow for resolving potential circular references
14:07:11.923 [main] DEBUG o.s.b.f.s.DefaultListableBeanFactory - Returning cached instance of singleton bean &apos;org.springframework.transaction.config.internalTransactionAdvisor&apos;
14:07:11.923 [main] DEBUG o.s.b.f.s.DefaultListableBeanFactory - Finished creating instance of bean &apos;org.springframework.web.servlet.mvc.annotation.ResponseStatusExceptionResolver#0&apos;
14:07:11.923 [main] DEBUG o.s.b.f.s.DefaultListableBeanFactory - Creating shared instance of singleton bean &apos;org.springframework.web.servlet.mvc.support.DefaultHandlerExceptionResolver#0&apos;
14:07:11.923 [main] DEBUG o.s.b.f.s.DefaultListableBeanFactory - Creating instance of bean &apos;org.springframework.web.servlet.mvc.support.DefaultHandlerExceptionResolver#0&apos;
14:07:11.923 [main] DEBUG o.s.b.f.s.DefaultListableBeanFactory - Eagerly caching bean &apos;org.springframework.web.servlet.mvc.support.DefaultHandlerExceptionResolver#0&apos; to allow for resolving potential circular references
14:07:11.925 [main] DEBUG o.s.b.f.s.DefaultListableBeanFactory - Returning cached instance of singleton bean &apos;org.springframework.transaction.config.internalTransactionAdvisor&apos;
14:07:11.925 [main] DEBUG o.s.b.f.s.DefaultListableBeanFactory - Finished creating instance of bean &apos;org.springframework.web.servlet.mvc.support.DefaultHandlerExceptionResolver#0&apos;
14:07:11.926 [main] DEBUG o.s.b.f.s.DefaultListableBeanFactory - Creating shared instance of singleton bean &apos;org.springframework.web.servlet.handler.BeanNameUrlHandlerMapping&apos;
14:07:11.926 [main] DEBUG o.s.b.f.s.DefaultListableBeanFactory - Creating instance of bean &apos;org.springframework.web.servlet.handler.BeanNameUrlHandlerMapping&apos;
14:07:11.926 [main] DEBUG o.s.b.f.s.DefaultListableBeanFactory - Eagerly caching bean &apos;org.springframework.web.servlet.handler.BeanNameUrlHandlerMapping&apos; to allow for resolving potential circular references
14:07:11.930 [main] DEBUG o.s.b.f.s.DefaultListableBeanFactory - Returning cached instance of singleton bean &apos;mvcCorsConfigurations&apos;
14:07:11.930 [main] DEBUG o.s.b.f.s.DefaultListableBeanFactory - Returning cached instance of singleton bean &apos;org.springframework.web.servlet.handler.MappedInterceptor#0&apos;
14:07:11.930 [main] DEBUG o.s.w.s.h.BeanNameUrlHandlerMapping - Looking for URL mappings in application context: org.springframework.context.support.ClassPathXmlApplicationContext@1bf14704: startup date [Mon Jun 11 14:07:11 CST 2018]; root of context hierarchy
14:07:11.930 [main] DEBUG o.s.w.s.h.BeanNameUrlHandlerMapping - Rejected bean name &apos;addBuildContorller&apos;: no URL paths identified
14:07:11.930 [main] DEBUG o.s.w.s.h.BeanNameUrlHandlerMapping - Rejected bean name &apos;addRoomController&apos;: no URL paths identified
14:07:11.930 [main] DEBUG o.s.w.s.h.BeanNameUrlHandlerMapping - Rejected bean name &apos;addUserController&apos;: no URL paths identified
14:07:11.931 [main] DEBUG o.s.w.s.h.BeanNameUrlHandlerMapping - Rejected bean name &apos;adminLoadUserController&apos;: no URL paths identified
14:07:11.931 [main] DEBUG o.s.w.s.h.BeanNameUrlHandlerMapping - Rejected bean name &apos;deleteUserController&apos;: no URL paths identified
14:07:11.931 [main] DEBUG o.s.w.s.h.BeanNameUrlHandlerMapping - Rejected bean name &apos;deviceUploadInfoController&apos;: no URL paths identified
14:07:11.931 [main] DEBUG o.s.w.s.h.BeanNameUrlHandlerMapping - Rejected bean name &apos;loadBuildController&apos;: no URL paths identified
14:07:11.931 [main] DEBUG o.s.w.s.h.BeanNameUrlHandlerMapping - Rejected bean name &apos;loadRoomController&apos;: no URL paths identified
14:07:11.931 [main] DEBUG o.s.w.s.h.BeanNameUrlHandlerMapping - Rejected bean name &apos;removeBuildController&apos;: no URL paths identified
14:07:11.931 [main] DEBUG o.s.w.s.h.BeanNameUrlHandlerMapping - Rejected bean name &apos;userGetRdmPwdController&apos;: no URL paths identified
14:07:11.931 [main] DEBUG o.s.w.s.h.BeanNameUrlHandlerMapping - Rejected bean name &apos;userLoginController&apos;: no URL paths identified
14:07:11.931 [main] DEBUG o.s.w.s.h.BeanNameUrlHandlerMapping - Rejected bean name &apos;buildService&apos;: no URL paths identified
14:07:11.931 [main] DEBUG o.s.w.s.h.BeanNameUrlHandlerMapping - Rejected bean name &apos;roomService&apos;: no URL paths identified
14:07:11.931 [main] DEBUG o.s.w.s.h.BeanNameUrlHandlerMapping - Rejected bean name &apos;userService&apos;: no URL paths identified
14:07:11.931 [main] DEBUG o.s.w.s.h.BeanNameUrlHandlerMapping - Rejected bean name &apos;org.springframework.context.annotation.internalConfigurationAnnotationProcessor&apos;: no URL paths identified
14:07:11.931 [main] DEBUG o.s.w.s.h.BeanNameUrlHandlerMapping - Rejected bean name &apos;org.springframework.context.annotation.internalAutowiredAnnotationProcessor&apos;: no URL paths identified
14:07:11.931 [main] DEBUG o.s.w.s.h.BeanNameUrlHandlerMapping - Rejected bean name &apos;org.springframework.context.annotation.internalRequiredAnnotationProcessor&apos;: no URL paths identified
14:07:11.931 [main] DEBUG o.s.w.s.h.BeanNameUrlHandlerMapping - Rejected bean name &apos;org.springframework.context.event.internalEventListenerProcessor&apos;: no URL paths identified
14:07:11.931 [main] DEBUG o.s.w.s.h.BeanNameUrlHandlerMapping - Rejected bean name &apos;org.springframework.context.event.internalEventListenerFactory&apos;: no URL paths identified
14:07:11.931 [main] DEBUG o.s.w.s.h.BeanNameUrlHandlerMapping - Rejected bean name &apos;mvcContentNegotiationManager&apos;: no URL paths identified
14:07:11.931 [main] DEBUG o.s.w.s.h.BeanNameUrlHandlerMapping - Rejected bean name &apos;org.springframework.web.servlet.mvc.method.annotation.RequestMappingHandlerMapping&apos;: no URL paths identified
14:07:11.931 [main] DEBUG o.s.w.s.h.BeanNameUrlHandlerMapping - Rejected bean name &apos;mvcCorsConfigurations&apos;: no URL paths identified
14:07:11.931 [main] DEBUG o.s.w.s.h.BeanNameUrlHandlerMapping - Rejected bean name &apos;org.springframework.format.support.FormattingConversionServiceFactoryBean#0&apos;: no URL paths identified
14:07:11.931 [main] DEBUG o.s.w.s.h.BeanNameUrlHandlerMapping - Rejected bean name &apos;org.springframework.web.servlet.mvc.method.annotation.RequestMappingHandlerAdapter&apos;: no URL paths identified
14:07:11.931 [main] DEBUG o.s.w.s.h.BeanNameUrlHandlerMapping - Rejected bean name &apos;mvcUriComponentsContributor&apos;: no URL paths identified
14:07:11.931 [main] DEBUG o.s.w.s.h.BeanNameUrlHandlerMapping - Rejected bean name &apos;org.springframework.web.servlet.handler.MappedInterceptor#0&apos;: no URL paths identified
14:07:11.931 [main] DEBUG o.s.w.s.h.BeanNameUrlHandlerMapping - Rejected bean name &apos;org.springframework.web.servlet.mvc.method.annotation.ExceptionHandlerExceptionResolver#0&apos;: no URL paths identified
14:07:11.931 [main] DEBUG o.s.w.s.h.BeanNameUrlHandlerMapping - Rejected bean name &apos;org.springframework.web.servlet.mvc.annotation.ResponseStatusExceptionResolver#0&apos;: no URL paths identified
14:07:11.931 [main] DEBUG o.s.w.s.h.BeanNameUrlHandlerMapping - Rejected bean name &apos;org.springframework.web.servlet.mvc.support.DefaultHandlerExceptionResolver#0&apos;: no URL paths identified
14:07:11.931 [main] DEBUG o.s.w.s.h.BeanNameUrlHandlerMapping - Rejected bean name &apos;org.springframework.web.servlet.handler.BeanNameUrlHandlerMapping&apos;: no URL paths identified
14:07:11.931 [main] DEBUG o.s.w.s.h.BeanNameUrlHandlerMapping - Rejected bean name &apos;org.springframework.web.servlet.mvc.HttpRequestHandlerAdapter&apos;: no URL paths identified
14:07:11.931 [main] DEBUG o.s.w.s.h.BeanNameUrlHandlerMapping - Rejected bean name &apos;org.springframework.web.servlet.mvc.SimpleControllerHandlerAdapter&apos;: no URL paths identified
14:07:11.931 [main] DEBUG o.s.w.s.h.BeanNameUrlHandlerMapping - Rejected bean name &apos;dbcp&apos;: no URL paths identified
14:07:11.931 [main] DEBUG o.s.w.s.h.BeanNameUrlHandlerMapping - Rejected bean name &apos;ssf&apos;: no URL paths identified
14:07:11.931 [main] DEBUG o.s.w.s.h.BeanNameUrlHandlerMapping - Rejected bean name &apos;mapperScanner&apos;: no URL paths identified
14:07:11.931 [main] DEBUG o.s.w.s.h.BeanNameUrlHandlerMapping - Rejected bean name &apos;txManger&apos;: no URL paths identified
14:07:11.931 [main] DEBUG o.s.w.s.h.BeanNameUrlHandlerMapping - Rejected bean name &apos;org.springframework.transaction.config.internalTransactionalEventListenerFactory&apos;: no URL paths identified
14:07:11.931 [main] DEBUG o.s.w.s.h.BeanNameUrlHandlerMapping - Rejected bean name &apos;org.springframework.aop.config.internalAutoProxyCreator&apos;: no URL paths identified
14:07:11.932 [main] DEBUG o.s.w.s.h.BeanNameUrlHandlerMapping - Rejected bean name &apos;org.springframework.transaction.annotation.AnnotationTransactionAttributeSource#0&apos;: no URL paths identified
14:07:11.932 [main] DEBUG o.s.w.s.h.BeanNameUrlHandlerMapping - Rejected bean name &apos;org.springframework.transaction.interceptor.TransactionInterceptor#0&apos;: no URL paths identified
14:07:11.932 [main] DEBUG o.s.w.s.h.BeanNameUrlHandlerMapping - Rejected bean name &apos;org.springframework.transaction.config.internalTransactionAdvisor&apos;: no URL paths identified
14:07:11.932 [main] DEBUG o.s.w.s.h.BeanNameUrlHandlerMapping - Rejected bean name &apos;buildDao&apos;: no URL paths identified
14:07:11.932 [main] DEBUG o.s.w.s.h.BeanNameUrlHandlerMapping - Rejected bean name &apos;deviceDao&apos;: no URL paths identified
14:07:11.932 [main] DEBUG o.s.w.s.h.BeanNameUrlHandlerMapping - Rejected bean name &apos;roomDao&apos;: no URL paths identified
14:07:11.932 [main] DEBUG o.s.w.s.h.BeanNameUrlHandlerMapping - Rejected bean name &apos;userBuildDao&apos;: no URL paths identified
14:07:11.932 [main] DEBUG o.s.w.s.h.BeanNameUrlHandlerMapping - Rejected bean name &apos;userDao&apos;: no URL paths identified
14:07:11.932 [main] DEBUG o.s.w.s.h.BeanNameUrlHandlerMapping - Rejected bean name &apos;userRoomDao&apos;: no URL paths identified
14:07:11.932 [main] DEBUG o.s.w.s.h.BeanNameUrlHandlerMapping - Rejected bean name &apos;environment&apos;: no URL paths identified
14:07:11.932 [main] DEBUG o.s.w.s.h.BeanNameUrlHandlerMapping - Rejected bean name &apos;systemProperties&apos;: no URL paths identified
14:07:11.932 [main] DEBUG o.s.w.s.h.BeanNameUrlHandlerMapping - Rejected bean name &apos;systemEnvironment&apos;: no URL paths identified
14:07:11.932 [main] DEBUG o.s.w.s.h.BeanNameUrlHandlerMapping - Rejected bean name &apos;org.springframework.context.annotation.ConfigurationClassPostProcessor.importRegistry&apos;: no URL paths identified
14:07:11.932 [main] DEBUG o.s.w.s.h.BeanNameUrlHandlerMapping - Rejected bean name &apos;messageSource&apos;: no URL paths identified
14:07:11.932 [main] DEBUG o.s.w.s.h.BeanNameUrlHandlerMapping - Rejected bean name &apos;applicationEventMulticaster&apos;: no URL paths identified
14:07:11.932 [main] DEBUG o.s.b.f.s.DefaultListableBeanFactory - Returning cached instance of singleton bean &apos;org.springframework.transaction.config.internalTransactionAdvisor&apos;
14:07:11.932 [main] DEBUG o.s.b.f.s.DefaultListableBeanFactory - Finished creating instance of bean &apos;org.springframework.web.servlet.handler.BeanNameUrlHandlerMapping&apos;
14:07:11.932 [main] DEBUG o.s.b.f.s.DefaultListableBeanFactory - Creating shared instance of singleton bean &apos;org.springframework.web.servlet.mvc.HttpRequestHandlerAdapter&apos;
14:07:11.932 [main] DEBUG o.s.b.f.s.DefaultListableBeanFactory - Creating instance of bean &apos;org.springframework.web.servlet.mvc.HttpRequestHandlerAdapter&apos;
14:07:11.933 [main] DEBUG o.s.b.f.s.DefaultListableBeanFactory - Eagerly caching bean &apos;org.springframework.web.servlet.mvc.HttpRequestHandlerAdapter&apos; to allow for resolving potential circular references
14:07:11.933 [main] DEBUG o.s.b.f.s.DefaultListableBeanFactory - Returning cached instance of singleton bean &apos;org.springframework.transaction.config.internalTransactionAdvisor&apos;
14:07:11.934 [main] DEBUG o.s.b.f.s.DefaultListableBeanFactory - Finished creating instance of bean &apos;org.springframework.web.servlet.mvc.HttpRequestHandlerAdapter&apos;
14:07:11.934 [main] DEBUG o.s.b.f.s.DefaultListableBeanFactory - Creating shared instance of singleton bean &apos;org.springframework.web.servlet.mvc.SimpleControllerHandlerAdapter&apos;
14:07:11.934 [main] DEBUG o.s.b.f.s.DefaultListableBeanFactory - Creating instance of bean &apos;org.springframework.web.servlet.mvc.SimpleControllerHandlerAdapter&apos;
14:07:11.934 [main] DEBUG o.s.b.f.s.DefaultListableBeanFactory - Eagerly caching bean &apos;org.springframework.web.servlet.mvc.SimpleControllerHandlerAdapter&apos; to allow for resolving potential circular references
14:07:11.935 [main] DEBUG o.s.b.f.s.DefaultListableBeanFactory - Returning cached instance of singleton bean &apos;org.springframework.transaction.config.internalTransactionAdvisor&apos;
14:07:11.935 [main] DEBUG o.s.b.f.s.DefaultListableBeanFactory - Finished creating instance of bean &apos;org.springframework.web.servlet.mvc.SimpleControllerHandlerAdapter&apos;
14:07:11.935 [main] DEBUG o.s.b.f.s.DefaultListableBeanFactory - Creating shared instance of singleton bean &apos;dbcp&apos;
14:07:11.935 [main] DEBUG o.s.b.f.s.DefaultListableBeanFactory - Creating instance of bean &apos;dbcp&apos;
14:07:11.936 [main] DEBUG o.s.b.f.s.DefaultListableBeanFactory - Eagerly caching bean &apos;dbcp&apos; to allow for resolving potential circular references
14:07:11.936 [main] DEBUG o.s.b.f.s.DefaultListableBeanFactory - Returning cached instance of singleton bean &apos;org.springframework.transaction.config.internalTransactionAdvisor&apos;
14:07:11.937 [main] DEBUG o.s.b.f.s.DefaultListableBeanFactory - Finished creating instance of bean &apos;dbcp&apos;
14:07:11.937 [main] DEBUG o.s.b.f.s.DefaultListableBeanFactory - Creating shared instance of singleton bean &apos;ssf&apos;
14:07:11.937 [main] DEBUG o.s.b.f.s.DefaultListableBeanFactory - Creating instance of bean &apos;ssf&apos;
14:07:11.937 [main] DEBUG o.s.b.f.s.DefaultListableBeanFactory - Eagerly caching bean &apos;ssf&apos; to allow for resolving potential circular references
14:07:11.939 [main] DEBUG o.s.b.f.s.DefaultListableBeanFactory - Returning cached instance of singleton bean &apos;dbcp&apos;
14:07:11.939 [main] DEBUG o.s.c.i.s.PathMatchingResourcePatternResolver - Looking for matching resources in directory tree [F:\Git\JAVAProject\HDU_Minitor\target\classes\mapper]
14:07:11.939 [main] DEBUG o.s.c.i.s.PathMatchingResourcePatternResolver - Searching directory [F:\Git\JAVAProject\HDU_Minitor\target\classes\mapper] for files matching pattern [F:/Git/JAVAProject/HDU_Minitor/target/classes/mapper/*.xml]
14:07:11.940 [main] DEBUG o.s.c.i.s.PathMatchingResourcePatternResolver - Resolved location pattern [classpath:mapper/*.xml] to resources [file [F:\Git\JAVAProject\HDU_Minitor\target\classes\mapper\BuildMapper.xml], file [F:\Git\JAVAProject\HDU_Minitor\target\classes\mapper\DeviceMapper.xml], file [F:\Git\JAVAProject\HDU_Minitor\target\classes\mapper\RoomMapper.xml], file [F:\Git\JAVAProject\HDU_Minitor\target\classes\mapper\UserBuildMapper.xml], file [F:\Git\JAVAProject\HDU_Minitor\target\classes\mapper\UserMapper.xml], file [F:\Git\JAVAProject\HDU_Minitor\target\classes\mapper\UserRoomMapper.xml]]
14:07:11.940 [main] DEBUG o.s.b.f.s.DefaultListableBeanFactory - Invoking afterPropertiesSet() on bean with name &apos;ssf&apos;
14:07:11.948 [main] DEBUG o.m.spring.SqlSessionFactoryBean - Parsed configuration file: &apos;class path resource [conf/mybatis-config.xml]&apos;
14:07:11.957 [main] DEBUG o.m.spring.SqlSessionFactoryBean - Parsed mapper file: &apos;file [F:\Git\JAVAProject\HDU_Minitor\target\classes\mapper\BuildMapper.xml]&apos;
14:07:11.964 [main] DEBUG o.m.spring.SqlSessionFactoryBean - Parsed mapper file: &apos;file [F:\Git\JAVAProject\HDU_Minitor\target\classes\mapper\DeviceMapper.xml]&apos;
14:07:11.979 [main] DEBUG o.m.spring.SqlSessionFactoryBean - Parsed mapper file: &apos;file [F:\Git\JAVAProject\HDU_Minitor\target\classes\mapper\RoomMapper.xml]&apos;
14:07:11.986 [main] DEBUG o.m.spring.SqlSessionFactoryBean - Parsed mapper file: &apos;file [F:\Git\JAVAProject\HDU_Minitor\target\classes\mapper\UserBuildMapper.xml]&apos;
14:07:11.997 [main] DEBUG o.m.spring.SqlSessionFactoryBean - Parsed mapper file: &apos;file [F:\Git\JAVAProject\HDU_Minitor\target\classes\mapper\UserMapper.xml]&apos;
14:07:12.004 [main] DEBUG o.m.spring.SqlSessionFactoryBean - Parsed mapper file: &apos;file [F:\Git\JAVAProject\HDU_Minitor\target\classes\mapper\UserRoomMapper.xml]&apos;
14:07:12.004 [main] DEBUG o.s.b.f.s.DefaultListableBeanFactory - Returning cached instance of singleton bean &apos;org.springframework.transaction.config.internalTransactionAdvisor&apos;
14:07:12.004 [main] DEBUG o.s.b.f.s.DefaultListableBeanFactory - Finished creating instance of bean &apos;ssf&apos;
14:07:12.004 [main] DEBUG o.s.b.f.s.DefaultListableBeanFactory - Returning cached instance of singleton bean &apos;mapperScanner&apos;
14:07:12.004 [main] DEBUG o.s.b.f.s.DefaultListableBeanFactory - Creating shared instance of singleton bean &apos;txManger&apos;
14:07:12.004 [main] DEBUG o.s.b.f.s.DefaultListableBeanFactory - Creating instance of bean &apos;txManger&apos;
14:07:12.005 [main] DEBUG o.s.b.f.s.DefaultListableBeanFactory - Eagerly caching bean &apos;txManger&apos; to allow for resolving potential circular references
14:07:12.006 [main] DEBUG o.s.b.f.s.DefaultListableBeanFactory - Returning cached instance of singleton bean &apos;dbcp&apos;
14:07:12.006 [main] DEBUG o.s.b.f.s.DefaultListableBeanFactory - Invoking afterPropertiesSet() on bean with name &apos;txManger&apos;
14:07:12.007 [main] DEBUG o.s.b.f.s.DefaultListableBeanFactory - Returning cached instance of singleton bean &apos;org.springframework.transaction.config.internalTransactionAdvisor&apos;
14:07:12.007 [main] DEBUG o.s.b.f.s.DefaultListableBeanFactory - Finished creating instance of bean &apos;txManger&apos;
14:07:12.007 [main] DEBUG o.s.b.f.s.DefaultListableBeanFactory - Creating shared instance of singleton bean &apos;org.springframework.transaction.config.internalTransactionalEventListenerFactory&apos;
14:07:12.007 [main] DEBUG o.s.b.f.s.DefaultListableBeanFactory - Creating instance of bean &apos;org.springframework.transaction.config.internalTransactionalEventListenerFactory&apos;
14:07:12.007 [main] DEBUG o.s.b.f.s.DefaultListableBeanFactory - Eagerly caching bean &apos;org.springframework.transaction.config.internalTransactionalEventListenerFactory&apos; to allow for resolving potential circular references
14:07:12.008 [main] DEBUG o.s.b.f.s.DefaultListableBeanFactory - Returning cached instance of singleton bean &apos;org.springframework.transaction.config.internalTransactionAdvisor&apos;
14:07:12.008 [main] DEBUG o.s.b.f.s.DefaultListableBeanFactory - Finished creating instance of bean &apos;org.springframework.transaction.config.internalTransactionalEventListenerFactory&apos;
14:07:12.008 [main] DEBUG o.s.b.f.s.DefaultListableBeanFactory - Returning cached instance of singleton bean &apos;org.springframework.aop.config.internalAutoProxyCreator&apos;
14:07:12.008 [main] DEBUG o.s.b.f.s.DefaultListableBeanFactory - Returning cached instance of singleton bean &apos;org.springframework.transaction.annotation.AnnotationTransactionAttributeSource#0&apos;
14:07:12.008 [main] DEBUG o.s.b.f.s.DefaultListableBeanFactory - Creating shared instance of singleton bean &apos;org.springframework.transaction.interceptor.TransactionInterceptor#0&apos;
14:07:12.008 [main] DEBUG o.s.b.f.s.DefaultListableBeanFactory - Creating instance of bean &apos;org.springframework.transaction.interceptor.TransactionInterceptor#0&apos;
14:07:12.008 [main] DEBUG o.s.b.f.s.DefaultListableBeanFactory - Eagerly caching bean &apos;org.springframework.transaction.interceptor.TransactionInterceptor#0&apos; to allow for resolving potential circular references
14:07:12.010 [main] DEBUG o.s.b.f.s.DefaultListableBeanFactory - Returning cached instance of singleton bean &apos;org.springframework.transaction.annotation.AnnotationTransactionAttributeSource#0&apos;
14:07:12.010 [main] DEBUG o.s.b.f.s.DefaultListableBeanFactory - Invoking afterPropertiesSet() on bean with name &apos;org.springframework.transaction.interceptor.TransactionInterceptor#0&apos;
14:07:12.011 [main] DEBUG o.s.b.f.s.DefaultListableBeanFactory - Finished creating instance of bean &apos;org.springframework.transaction.interceptor.TransactionInterceptor#0&apos;
14:07:12.011 [main] DEBUG o.s.b.f.s.DefaultListableBeanFactory - Returning cached instance of singleton bean &apos;org.springframework.transaction.config.internalTransactionAdvisor&apos;
14:07:12.011 [main] DEBUG o.s.b.f.s.DefaultListableBeanFactory - Creating shared instance of singleton bean &apos;buildDao&apos;
14:07:12.011 [main] DEBUG o.s.b.f.s.DefaultListableBeanFactory - Creating instance of bean &apos;buildDao&apos;
14:07:12.011 [main] DEBUG o.s.b.f.s.DefaultListableBeanFactory - Eagerly caching bean &apos;buildDao&apos; to allow for resolving potential circular references
14:07:12.013 [main] DEBUG o.s.b.f.s.DefaultListableBeanFactory - Returning cached instance of singleton bean &apos;ssf&apos;
14:07:12.013 [main] DEBUG o.s.b.f.s.DefaultListableBeanFactory - Returning cached instance of singleton bean &apos;org.springframework.transaction.config.internalTransactionAdvisor&apos;
14:07:12.013 [main] DEBUG o.s.b.f.s.DefaultListableBeanFactory - Autowiring by type from bean name &apos;buildDao&apos; via property &apos;sqlSessionFactory&apos; to bean named &apos;ssf&apos;
14:07:12.014 [main] DEBUG o.s.b.f.s.DefaultListableBeanFactory - Invoking afterPropertiesSet() on bean with name &apos;buildDao&apos;
14:07:12.014 [main] DEBUG o.s.b.f.s.DefaultListableBeanFactory - Returning cached instance of singleton bean &apos;org.springframework.transaction.config.internalTransactionAdvisor&apos;
14:07:12.014 [main] DEBUG o.s.b.f.s.DefaultListableBeanFactory - Finished creating instance of bean &apos;buildDao&apos;
14:07:12.014 [main] DEBUG o.s.b.f.s.DefaultListableBeanFactory - Creating shared instance of singleton bean &apos;deviceDao&apos;
14:07:12.014 [main] DEBUG o.s.b.f.s.DefaultListableBeanFactory - Creating instance of bean &apos;deviceDao&apos;
14:07:12.014 [main] DEBUG o.s.b.f.s.DefaultListableBeanFactory - Eagerly caching bean &apos;deviceDao&apos; to allow for resolving potential circular references
14:07:12.015 [main] DEBUG o.s.b.f.s.DefaultListableBeanFactory - Returning cached instance of singleton bean &apos;ssf&apos;
14:07:12.015 [main] DEBUG o.s.b.f.s.DefaultListableBeanFactory - Autowiring by type from bean name &apos;deviceDao&apos; via property &apos;sqlSessionFactory&apos; to bean named &apos;ssf&apos;
14:07:12.015 [main] DEBUG o.s.b.f.s.DefaultListableBeanFactory - Invoking afterPropertiesSet() on bean with name &apos;deviceDao&apos;
14:07:12.015 [main] DEBUG o.s.b.f.s.DefaultListableBeanFactory - Returning cached instance of singleton bean &apos;org.springframework.transaction.config.internalTransactionAdvisor&apos;
14:07:12.015 [main] DEBUG o.s.b.f.s.DefaultListableBeanFactory - Finished creating instance of bean &apos;deviceDao&apos;
14:07:12.015 [main] DEBUG o.s.b.f.s.DefaultListableBeanFactory - Creating shared instance of singleton bean &apos;roomDao&apos;
14:07:12.015 [main] DEBUG o.s.b.f.s.DefaultListableBeanFactory - Creating instance of bean &apos;roomDao&apos;
14:07:12.015 [main] DEBUG o.s.b.f.s.DefaultListableBeanFactory - Eagerly caching bean &apos;roomDao&apos; to allow for resolving potential circular references
14:07:12.015 [main] DEBUG o.s.b.f.s.DefaultListableBeanFactory - Returning cached instance of singleton bean &apos;ssf&apos;
14:07:12.015 [main] DEBUG o.s.b.f.s.DefaultListableBeanFactory - Autowiring by type from bean name &apos;roomDao&apos; via property &apos;sqlSessionFactory&apos; to bean named &apos;ssf&apos;
14:07:12.015 [main] DEBUG o.s.b.f.s.DefaultListableBeanFactory - Invoking afterPropertiesSet() on bean with name &apos;roomDao&apos;
14:07:12.015 [main] DEBUG o.s.b.f.s.DefaultListableBeanFactory - Returning cached instance of singleton bean &apos;org.springframework.transaction.config.internalTransactionAdvisor&apos;
14:07:12.015 [main] DEBUG o.s.b.f.s.DefaultListableBeanFactory - Finished creating instance of bean &apos;roomDao&apos;
14:07:12.016 [main] DEBUG o.s.b.f.s.DefaultListableBeanFactory - Creating shared instance of singleton bean &apos;userBuildDao&apos;
14:07:12.016 [main] DEBUG o.s.b.f.s.DefaultListableBeanFactory - Creating instance of bean &apos;userBuildDao&apos;
14:07:12.016 [main] DEBUG o.s.b.f.s.DefaultListableBeanFactory - Eagerly caching bean &apos;userBuildDao&apos; to allow for resolving potential circular references
14:07:12.017 [main] DEBUG o.s.b.f.s.DefaultListableBeanFactory - Returning cached instance of singleton bean &apos;ssf&apos;
14:07:12.017 [main] DEBUG o.s.b.f.s.DefaultListableBeanFactory - Autowiring by type from bean name &apos;userBuildDao&apos; via property &apos;sqlSessionFactory&apos; to bean named &apos;ssf&apos;
14:07:12.017 [main] DEBUG o.s.b.f.s.DefaultListableBeanFactory - Invoking afterPropertiesSet() on bean with name &apos;userBuildDao&apos;
14:07:12.017 [main] DEBUG o.s.b.f.s.DefaultListableBeanFactory - Returning cached instance of singleton bean &apos;org.springframework.transaction.config.internalTransactionAdvisor&apos;
14:07:12.017 [main] DEBUG o.s.b.f.s.DefaultListableBeanFactory - Finished creating instance of bean &apos;userBuildDao&apos;
14:07:12.017 [main] DEBUG o.s.b.f.s.DefaultListableBeanFactory - Creating shared instance of singleton bean &apos;userDao&apos;
14:07:12.017 [main] DEBUG o.s.b.f.s.DefaultListableBeanFactory - Creating instance of bean &apos;userDao&apos;
14:07:12.017 [main] DEBUG o.s.b.f.s.DefaultListableBeanFactory - Eagerly caching bean &apos;userDao&apos; to allow for resolving potential circular references
14:07:12.017 [main] DEBUG o.s.b.f.s.DefaultListableBeanFactory - Returning cached instance of singleton bean &apos;ssf&apos;
14:07:12.017 [main] DEBUG o.s.b.f.s.DefaultListableBeanFactory - Autowiring by type from bean name &apos;userDao&apos; via property &apos;sqlSessionFactory&apos; to bean named &apos;ssf&apos;
14:07:12.017 [main] DEBUG o.s.b.f.s.DefaultListableBeanFactory - Invoking afterPropertiesSet() on bean with name &apos;userDao&apos;
14:07:12.018 [main] DEBUG o.s.b.f.s.DefaultListableBeanFactory - Returning cached instance of singleton bean &apos;org.springframework.transaction.config.internalTransactionAdvisor&apos;
14:07:12.018 [main] DEBUG o.s.b.f.s.DefaultListableBeanFactory - Finished creating instance of bean &apos;userDao&apos;
14:07:12.018 [main] DEBUG o.s.b.f.s.DefaultListableBeanFactory - Creating shared instance of singleton bean &apos;userRoomDao&apos;
14:07:12.018 [main] DEBUG o.s.b.f.s.DefaultListableBeanFactory - Creating instance of bean &apos;userRoomDao&apos;
14:07:12.018 [main] DEBUG o.s.b.f.s.DefaultListableBeanFactory - Eagerly caching bean &apos;userRoomDao&apos; to allow for resolving potential circular references
14:07:12.018 [main] DEBUG o.s.b.f.s.DefaultListableBeanFactory - Returning cached instance of singleton bean &apos;ssf&apos;
14:07:12.018 [main] DEBUG o.s.b.f.s.DefaultListableBeanFactory - Autowiring by type from bean name &apos;userRoomDao&apos; via property &apos;sqlSessionFactory&apos; to bean named &apos;ssf&apos;
14:07:12.018 [main] DEBUG o.s.b.f.s.DefaultListableBeanFactory - Invoking afterPropertiesSet() on bean with name &apos;userRoomDao&apos;
14:07:12.018 [main] DEBUG o.s.b.f.s.DefaultListableBeanFactory - Returning cached instance of singleton bean &apos;org.springframework.transaction.config.internalTransactionAdvisor&apos;
14:07:12.018 [main] DEBUG o.s.b.f.s.DefaultListableBeanFactory - Finished creating instance of bean &apos;userRoomDao&apos;
14:07:12.018 [main] DEBUG o.s.b.f.s.DefaultListableBeanFactory - Returning cached instance of singleton bean &apos;org.springframework.context.event.internalEventListenerFactory&apos;
14:07:12.018 [main] DEBUG o.s.b.f.s.DefaultListableBeanFactory - Returning cached instance of singleton bean &apos;org.springframework.transaction.config.internalTransactionalEventListenerFactory&apos;
14:07:12.057 [main] DEBUG o.s.c.s.ClassPathXmlApplicationContext - Unable to locate LifecycleProcessor with name &apos;lifecycleProcessor&apos;: using default [org.springframework.context.support.DefaultLifecycleProcessor@9f674ac]
14:07:12.057 [main] DEBUG o.s.b.f.s.DefaultListableBeanFactory - Returning cached instance of singleton bean &apos;lifecycleProcessor&apos;
14:07:12.058 [main] DEBUG o.s.b.f.s.DefaultListableBeanFactory - Returning cached instance of singleton bean &apos;ssf&apos;
14:07:12.058 [main] DEBUG o.s.c.e.PropertySourcesPropertyResolver - Could not find key &apos;spring.liveBeansView.mbeanDomain&apos; in any property source
14:07:12.058 [main] DEBUG o.s.b.f.s.DefaultListableBeanFactory - Returning cached instance of singleton bean &apos;userDao&apos;
14:07:12.058 [main] DEBUG o.s.b.f.s.DefaultListableBeanFactory - Returning cached instance of singleton bean &apos;org.springframework.transaction.config.internalTransactionAdvisor&apos;
14:07:12.059 [main] DEBUG o.s.b.f.s.DefaultListableBeanFactory - Returning cached instance of singleton bean &apos;userService&apos;
14:07:12.059 [main] DEBUG org.mybatis.spring.SqlSessionUtils - Creating a new SqlSession
14:07:12.059 [main] DEBUG org.mybatis.spring.SqlSessionUtils - SqlSession [org.apache.ibatis.session.defaults.DefaultSqlSession@1da4b3f9] was not registered for synchronization because synchronization is not active
14:07:12.059 [main] DEBUG o.s.jdbc.datasource.DataSourceUtils - Fetching JDBC Connection from DataSource
14:07:12.104 [main] DEBUG o.m.s.t.SpringManagedTransaction - JDBC Connection [jdbc:mysql://192.168.1.188:3306/hdu_monitor?useUnicode=true&amp;characterEncoding=utf8&amp;allowMultiQueries=true, UserName=root@192.168.1.158, MySQL Connector Java] will not be managed by Spring
14:07:12.104 [main] DEBUG c.h.H.dao.UserDao.findByUserPhone - ==&gt;  Preparing: SELECT * FROM hdu_monitor_user WHERE user_phone=? 
14:07:12.104 [main] DEBUG c.h.H.dao.UserDao.findByUserPhone - ==&gt; Parameters: 22222222222(String)
14:07:12.105 [main] DEBUG c.h.H.dao.UserDao.findByUserPhone - &lt;==      Total: 0
14:07:12.105 [main] DEBUG org.mybatis.spring.SqlSessionUtils - Closing non transactional SqlSession [org.apache.ibatis.session.defaults.DefaultSqlSession@1da4b3f9]
14:07:12.106 [main] DEBUG o.s.jdbc.datasource.DataSourceUtils - Returning JDBC Connection to DataSource
</system-out>
  </testcase>
  <testcase classname="Test.TestUser" name="testDeleteUser" time="0.549">
    <error type="java.lang.NullPointerException">java.lang.NullPointerException
	at cn.hdu.HDU_Minitor.service.UserServiceImpl.insertOrUpdateUserInfo(UserServiceImpl.java:123)
	at java.base/jdk.internal.reflect.NativeMethodAccessorImpl.invoke0(Native Method)
	at java.base/jdk.internal.reflect.NativeMethodAccessorImpl.invoke(NativeMethodAccessorImpl.java:62)
	at java.base/jdk.internal.reflect.DelegatingMethodAccessorImpl.invoke(DelegatingMethodAccessorImpl.java:43)
	at java.base/java.lang.reflect.Method.invoke(Method.java:564)
	at org.springframework.aop.support.AopUtils.invokeJoinpointUsingReflection(AopUtils.java:333)
	at org.springframework.aop.framework.ReflectiveMethodInvocation.invokeJoinpoint(ReflectiveMethodInvocation.java:190)
	at org.springframework.aop.framework.ReflectiveMethodInvocation.proceed(ReflectiveMethodInvocation.java:157)
	at org.springframework.transaction.interceptor.TransactionInterceptor$1.proceedWithInvocation(TransactionInterceptor.java:99)
	at org.springframework.transaction.interceptor.TransactionAspectSupport.invokeWithinTransaction(TransactionAspectSupport.java:282)
	at org.springframework.transaction.interceptor.TransactionInterceptor.invoke(TransactionInterceptor.java:96)
	at org.springframework.aop.framework.ReflectiveMethodInvocation.proceed(ReflectiveMethodInvocation.java:179)
	at org.springframework.aop.framework.JdkDynamicAopProxy.invoke(JdkDynamicAopProxy.java:213)
	at com.sun.proxy.$Proxy18.insertOrUpdateUserInfo(Unknown Source)
	at Test.TestUser.testDeleteUser(TestUser.java:122)
	at java.base/jdk.internal.reflect.NativeMethodAccessorImpl.invoke0(Native Method)
	at java.base/jdk.internal.reflect.NativeMethodAccessorImpl.invoke(NativeMethodAccessorImpl.java:62)
	at java.base/jdk.internal.reflect.DelegatingMethodAccessorImpl.invoke(DelegatingMethodAccessorImpl.java:43)
	at java.base/java.lang.reflect.Method.invoke(Method.java:564)
	at org.junit.runners.model.FrameworkMethod$1.runReflectiveCall(FrameworkMethod.java:47)
	at org.junit.internal.runners.model.ReflectiveCallable.run(ReflectiveCallable.java:12)
	at org.junit.runners.model.FrameworkMethod.invokeExplosively(FrameworkMethod.java:44)
	at org.junit.internal.runners.statements.InvokeMethod.evaluate(InvokeMethod.java:17)
	at org.junit.internal.runners.statements.RunBefores.evaluate(RunBefores.java:26)
	at org.junit.runners.ParentRunner.runLeaf(ParentRunner.java:271)
	at org.junit.runners.BlockJUnit4ClassRunner.runChild(BlockJUnit4ClassRunner.java:70)
	at org.junit.runners.BlockJUnit4ClassRunner.runChild(BlockJUnit4ClassRunner.java:50)
	at org.junit.runners.ParentRunner$3.run(ParentRunner.java:238)
	at org.junit.runners.ParentRunner$1.schedule(ParentRunner.java:63)
	at org.junit.runners.ParentRunner.runChildren(ParentRunner.java:236)
	at org.junit.runners.ParentRunner.access$000(ParentRunner.java:53)
	at org.junit.runners.ParentRunner$2.evaluate(ParentRunner.java:229)
	at org.junit.runners.ParentRunner.run(ParentRunner.java:309)
	at org.apache.maven.surefire.junit4.JUnit4Provider.execute(JUnit4Provider.java:252)
	at org.apache.maven.surefire.junit4.JUnit4Provider.executeTestSet(JUnit4Provider.java:141)
	at org.apache.maven.surefire.junit4.JUnit4Provider.invoke(JUnit4Provider.java:112)
	at java.base/jdk.internal.reflect.NativeMethodAccessorImpl.invoke0(Native Method)
	at java.base/jdk.internal.reflect.NativeMethodAccessorImpl.invoke(NativeMethodAccessorImpl.java:62)
	at java.base/jdk.internal.reflect.DelegatingMethodAccessorImpl.invoke(DelegatingMethodAccessorImpl.java:43)
	at java.base/java.lang.reflect.Method.invoke(Method.java:564)
	at org.apache.maven.surefire.util.ReflectionUtils.invokeMethodWithArray(ReflectionUtils.java:189)
	at org.apache.maven.surefire.booter.ProviderFactory$ProviderProxy.invoke(ProviderFactory.java:165)
	at org.apache.maven.surefire.booter.ProviderFactory.invokeProvider(ProviderFactory.java:85)
	at org.apache.maven.surefire.booter.ForkedBooter.runSuitesInProcess(ForkedBooter.java:115)
	at org.apache.maven.surefire.booter.ForkedBooter.main(ForkedBooter.java:75)
</error>
    <system-out>getContext()
14:07:12.116 [main] DEBUG o.s.core.env.StandardEnvironment - Adding PropertySource &apos;systemProperties&apos; with lowest search precedence
14:07:12.116 [main] DEBUG o.s.core.env.StandardEnvironment - Adding PropertySource &apos;systemEnvironment&apos; with lowest search precedence
14:07:12.116 [main] DEBUG o.s.core.env.StandardEnvironment - Initialized StandardEnvironment with PropertySources [MapPropertySource@1469235340 {name=&apos;systemProperties&apos;, properties={sun.desktop=windows, awt.toolkit=sun.awt.windows.WToolkit, java.specification.version=9, file.encoding.pkg=sun.io, sun.cpu.isalist=amd64, sun.jnu.encoding=GBK, java.class.path=F:\Git\JAVAProject\HDU_Minitor\target\test-classes;F:\Git\JAVAProject\HDU_Minitor\target\classes;E:\eclipse-workspace\.m2\repository\org\springframework\spring-webmvc\4.3.11.RELEASE\spring-webmvc-4.3.11.RELEASE.jar;E:\eclipse-workspace\.m2\repository\org\springframework\spring-aop\4.3.11.RELEASE\spring-aop-4.3.11.RELEASE.jar;E:\eclipse-workspace\.m2\repository\org\springframework\spring-beans\4.3.11.RELEASE\spring-beans-4.3.11.RELEASE.jar;E:\eclipse-workspace\.m2\repository\org\springframework\spring-context\4.3.11.RELEASE\spring-context-4.3.11.RELEASE.jar;E:\eclipse-workspace\.m2\repository\org\springframework\spring-core\4.3.11.RELEASE\spring-core-4.3.11.RELEASE.jar;E:\eclipse-workspace\.m2\repository\commons-logging\commons-logging\1.2\commons-logging-1.2.jar;E:\eclipse-workspace\.m2\repository\org\springframework\spring-expression\4.3.11.RELEASE\spring-expression-4.3.11.RELEASE.jar;E:\eclipse-workspace\.m2\repository\org\springframework\spring-web\4.3.11.RELEASE\spring-web-4.3.11.RELEASE.jar;E:\eclipse-workspace\.m2\repository\org\springframework\spring-jdbc\4.3.11.RELEASE\spring-jdbc-4.3.11.RELEASE.jar;E:\eclipse-workspace\.m2\repository\org\springframework\spring-tx\4.3.11.RELEASE\spring-tx-4.3.11.RELEASE.jar;E:\eclipse-workspace\.m2\repository\commons-dbcp\commons-dbcp\1.4\commons-dbcp-1.4.jar;E:\eclipse-workspace\.m2\repository\commons-pool\commons-pool\1.5.4\commons-pool-1.5.4.jar;E:\eclipse-workspace\.m2\repository\mysql\mysql-connector-java\5.1.37\mysql-connector-java-5.1.37.jar;E:\eclipse-workspace\.m2\repository\org\mybatis\mybatis\3.4.6\mybatis-3.4.6.jar;E:\eclipse-workspace\.m2\repository\org\mybatis\mybatis-spring\1.3.1\mybatis-spring-1.3.1.jar;E:\eclipse-workspace\.m2\repository\jstl\jstl\1.2\jstl-1.2.jar;E:\eclipse-workspace\.m2\repository\com\mangofactory\swagger-springmvc\1.0.2\swagger-springmvc-1.0.2.jar;E:\eclipse-workspace\.m2\repository\org\slf4j\slf4j-api\1.7.7\slf4j-api-1.7.7.jar;E:\eclipse-workspace\.m2\repository\joda-time\joda-time\2.5\joda-time-2.5.jar;E:\eclipse-workspace\.m2\repository\com\mangofactory\swagger-models\1.0.2\swagger-models-1.0.2.jar;E:\eclipse-workspace\.m2\repository\com\wordnik\swagger-annotations\1.3.11\swagger-annotations-1.3.11.jar;E:\eclipse-workspace\.m2\repository\com\google\guava\guava\15.0\guava-15.0.jar;E:\eclipse-workspace\.m2\repository\com\fasterxml\jackson\core\jackson-annotations\2.6.1\jackson-annotations-2.6.1.jar;E:\eclipse-workspace\.m2\repository\com\fasterxml\jackson\core\jackson-databind\2.6.1\jackson-databind-2.6.1.jar;E:\eclipse-workspace\.m2\repository\com\fasterxml\jackson\core\jackson-core\2.6.1\jackson-core-2.6.1.jar;E:\eclipse-workspace\.m2\repository\com\fasterxml\classmate\1.1.0\classmate-1.1.0.jar;E:\eclipse-workspace\.m2\repository\org\springframework\data\spring-data-redis\1.8.7.RELEASE\spring-data-redis-1.8.7.RELEASE.jar;E:\eclipse-workspace\.m2\repository\org\springframework\data\spring-data-keyvalue\1.2.7.RELEASE\spring-data-keyvalue-1.2.7.RELEASE.jar;E:\eclipse-workspace\.m2\repository\org\springframework\data\spring-data-commons\1.13.7.RELEASE\spring-data-commons-1.13.7.RELEASE.jar;E:\eclipse-workspace\.m2\repository\org\springframework\spring-oxm\4.3.11.RELEASE\spring-oxm-4.3.11.RELEASE.jar;E:\eclipse-workspace\.m2\repository\org\springframework\spring-context-support\4.3.11.RELEASE\spring-context-support-4.3.11.RELEASE.jar;E:\eclipse-workspace\.m2\repository\org\slf4j\jcl-over-slf4j\1.7.25\jcl-over-slf4j-1.7.25.jar;E:\eclipse-workspace\.m2\repository\redis\clients\jedis\2.9.0\jedis-2.9.0.jar;E:\eclipse-workspace\.m2\repository\org\apache\commons\commons-pool2\2.4.2\commons-pool2-2.4.2.jar;E:\eclipse-workspace\.m2\repository\ch\qos\logback\logback-classic\0.9.24\logback-classic-0.9.24.jar;E:\eclipse-workspace\.m2\repository\ch\qos\logback\logback-core\0.9.24\logback-core-0.9.24.jar;E:\eclipse-workspace\.m2\repository\log4j\log4j\1.2.17\log4j-1.2.17.jar;E:\eclipse-workspace\.m2\repository\org\aspectj\aspectjrt\1.8.10\aspectjrt-1.8.10.jar;E:\eclipse-workspace\.m2\repository\org\aspectj\aspectjweaver\1.8.10\aspectjweaver-1.8.10.jar;E:\eclipse-workspace\.m2\repository\junit\junit\4.11\junit-4.11.jar;E:\eclipse-workspace\.m2\repository\org\hamcrest\hamcrest-core\1.3\hamcrest-core-1.3.jar;E:\eclipse-workspace\.m2\repository\javax\servlet\servlet-api\2.5\servlet-api-2.5.jar;E:\eclipse-workspace\.m2\repository\javax\servlet\jsp\jsp-api\2.1.3-b06\jsp-api-2.1.3-b06.jar;E:\eclipse-workspace\.m2\repository\org\glassfish\javax.servlet\3.0-b70\javax.servlet-3.0-b70.jar;E:\eclipse-workspace\.m2\repository\javax\el\el-api\2.1.2-b05\el-api-2.1.2-b05.jar;, java.vm.vendor=Oracle Corporation, sun.arch.data.model=64, user.variant=, java.vendor.url=http://java.oracle.com/, user.timezone=Asia/Shanghai, os.name=Windows 7, java.vm.specification.version=9, sun.java.launcher=SUN_STANDARD, user.country=CN, sun.boot.library.path=E:\Java\jdk 9.01\bin, sun.java.command=F:\Git\JAVAProject\HDU_Minitor\target\surefire\surefirebooter9040375031050353846.jar F:\Git\JAVAProject\HDU_Minitor\target\surefire\surefire6366189002758959061tmp F:\Git\JAVAProject\HDU_Minitor\target\surefire\surefire_013619108730529990772tmp, jdk.debug=release, surefire.test.class.path=F:\Git\JAVAProject\HDU_Minitor\target\test-classes;F:\Git\JAVAProject\HDU_Minitor\target\classes;E:\eclipse-workspace\.m2\repository\org\springframework\spring-webmvc\4.3.11.RELEASE\spring-webmvc-4.3.11.RELEASE.jar;E:\eclipse-workspace\.m2\repository\org\springframework\spring-aop\4.3.11.RELEASE\spring-aop-4.3.11.RELEASE.jar;E:\eclipse-workspace\.m2\repository\org\springframework\spring-beans\4.3.11.RELEASE\spring-beans-4.3.11.RELEASE.jar;E:\eclipse-workspace\.m2\repository\org\springframework\spring-context\4.3.11.RELEASE\spring-context-4.3.11.RELEASE.jar;E:\eclipse-workspace\.m2\repository\org\springframework\spring-core\4.3.11.RELEASE\spring-core-4.3.11.RELEASE.jar;E:\eclipse-workspace\.m2\repository\commons-logging\commons-logging\1.2\commons-logging-1.2.jar;E:\eclipse-workspace\.m2\repository\org\springframework\spring-expression\4.3.11.RELEASE\spring-expression-4.3.11.RELEASE.jar;E:\eclipse-workspace\.m2\repository\org\springframework\spring-web\4.3.11.RELEASE\spring-web-4.3.11.RELEASE.jar;E:\eclipse-workspace\.m2\repository\org\springframework\spring-jdbc\4.3.11.RELEASE\spring-jdbc-4.3.11.RELEASE.jar;E:\eclipse-workspace\.m2\repository\org\springframework\spring-tx\4.3.11.RELEASE\spring-tx-4.3.11.RELEASE.jar;E:\eclipse-workspace\.m2\repository\commons-dbcp\commons-dbcp\1.4\commons-dbcp-1.4.jar;E:\eclipse-workspace\.m2\repository\commons-pool\commons-pool\1.5.4\commons-pool-1.5.4.jar;E:\eclipse-workspace\.m2\repository\mysql\mysql-connector-java\5.1.37\mysql-connector-java-5.1.37.jar;E:\eclipse-workspace\.m2\repository\org\mybatis\mybatis\3.4.6\mybatis-3.4.6.jar;E:\eclipse-workspace\.m2\repository\org\mybatis\mybatis-spring\1.3.1\mybatis-spring-1.3.1.jar;E:\eclipse-workspace\.m2\repository\jstl\jstl\1.2\jstl-1.2.jar;E:\eclipse-workspace\.m2\repository\com\mangofactory\swagger-springmvc\1.0.2\swagger-springmvc-1.0.2.jar;E:\eclipse-workspace\.m2\repository\org\slf4j\slf4j-api\1.7.7\slf4j-api-1.7.7.jar;E:\eclipse-workspace\.m2\repository\joda-time\joda-time\2.5\joda-time-2.5.jar;E:\eclipse-workspace\.m2\repository\com\mangofactory\swagger-models\1.0.2\swagger-models-1.0.2.jar;E:\eclipse-workspace\.m2\repository\com\wordnik\swagger-annotations\1.3.11\swagger-annotations-1.3.11.jar;E:\eclipse-workspace\.m2\repository\com\google\guava\guava\15.0\guava-15.0.jar;E:\eclipse-workspace\.m2\repository\com\fasterxml\jackson\core\jackson-annotations\2.6.1\jackson-annotations-2.6.1.jar;E:\eclipse-workspace\.m2\repository\com\fasterxml\jackson\core\jackson-databind\2.6.1\jackson-databind-2.6.1.jar;E:\eclipse-workspace\.m2\repository\com\fasterxml\jackson\core\jackson-core\2.6.1\jackson-core-2.6.1.jar;E:\eclipse-workspace\.m2\repository\com\fasterxml\classmate\1.1.0\classmate-1.1.0.jar;E:\eclipse-workspace\.m2\repository\org\springframework\data\spring-data-redis\1.8.7.RELEASE\spring-data-redis-1.8.7.RELEASE.jar;E:\eclipse-workspace\.m2\repository\org\springframework\data\spring-data-keyvalue\1.2.7.RELEASE\spring-data-keyvalue-1.2.7.RELEASE.jar;E:\eclipse-workspace\.m2\repository\org\springframework\data\spring-data-commons\1.13.7.RELEASE\spring-data-commons-1.13.7.RELEASE.jar;E:\eclipse-workspace\.m2\repository\org\springframework\spring-oxm\4.3.11.RELEASE\spring-oxm-4.3.11.RELEASE.jar;E:\eclipse-workspace\.m2\repository\org\springframework\spring-context-support\4.3.11.RELEASE\spring-context-support-4.3.11.RELEASE.jar;E:\eclipse-workspace\.m2\repository\org\slf4j\jcl-over-slf4j\1.7.25\jcl-over-slf4j-1.7.25.jar;E:\eclipse-workspace\.m2\repository\redis\clients\jedis\2.9.0\jedis-2.9.0.jar;E:\eclipse-workspace\.m2\repository\org\apache\commons\commons-pool2\2.4.2\commons-pool2-2.4.2.jar;E:\eclipse-workspace\.m2\repository\ch\qos\logback\logback-classic\0.9.24\logback-classic-0.9.24.jar;E:\eclipse-workspace\.m2\repository\ch\qos\logback\logback-core\0.9.24\logback-core-0.9.24.jar;E:\eclipse-workspace\.m2\repository\log4j\log4j\1.2.17\log4j-1.2.17.jar;E:\eclipse-workspace\.m2\repository\org\aspectj\aspectjrt\1.8.10\aspectjrt-1.8.10.jar;E:\eclipse-workspace\.m2\repository\org\aspectj\aspectjweaver\1.8.10\aspectjweaver-1.8.10.jar;E:\eclipse-workspace\.m2\repository\junit\junit\4.11\junit-4.11.jar;E:\eclipse-workspace\.m2\repository\org\hamcrest\hamcrest-core\1.3\hamcrest-core-1.3.jar;E:\eclipse-workspace\.m2\repository\javax\servlet\servlet-api\2.5\servlet-api-2.5.jar;E:\eclipse-workspace\.m2\repository\javax\servlet\jsp\jsp-api\2.1.3-b06\jsp-api-2.1.3-b06.jar;E:\eclipse-workspace\.m2\repository\org\glassfish\javax.servlet\3.0-b70\javax.servlet-3.0-b70.jar;E:\eclipse-workspace\.m2\repository\javax\el\el-api\2.1.2-b05\el-api-2.1.2-b05.jar;, sun.cpu.endian=little, user.home=C:\Users\SunWay, user.language=zh, java.specification.vendor=Oracle Corporation, java.home=E:\Java\jdk 9.01, file.separator=\, basedir=F:\Git\JAVAProject\HDU_Minitor, java.vm.compressedOopsMode=32-bit, line.separator=
, java.vm.specification.vendor=Oracle Corporation, java.specification.name=Java Platform API Specification, java.awt.graphicsenv=sun.awt.Win32GraphicsEnvironment, surefire.real.class.path=F:\Git\JAVAProject\HDU_Minitor\target\surefire\surefirebooter9040375031050353846.jar, user.script=, sun.management.compiler=HotSpot 64-Bit Tiered Compilers, java.runtime.version=9.0.1+11, user.name=SunWay, path.separator=;, os.version=6.1, java.runtime.name=Java(TM) SE Runtime Environment, file.encoding=GBK, java.vm.name=Java HotSpot(TM) 64-Bit Server VM, localRepository=E:\eclipse-workspace\.m2\repository, java.vendor.url.bug=http://bugreport.java.com/bugreport/, java.io.tmpdir=C:\Users\SunWay\AppData\Local\Temp\, java.version=9.0.1, user.dir=F:\Git\JAVAProject\HDU_Minitor, os.arch=amd64, java.vm.specification.name=Java Virtual Machine Specification, java.awt.printerjob=sun.awt.windows.WPrinterJob, sun.os.patch.level=Service Pack 1, java.library.path=E:\Java\jdk 9.01\bin;C:\Windows\Sun\Java\bin;C:\Windows\system32;C:\Windows;E:\OracleXE\OracleInstall\app\oracle\product\10.2.0\server\bin;C:\ProgramData\Oracle\Java\javapath;C:\Program Files (x86)\NVIDIA Corporation\PhysX\Common;C:\Program Files (x86)\Intel\iCLS Client\;C:\Program Files\Intel\iCLS Client\;C:\Windows\system32;C:\Windows;C:\Windows\System32\Wbem;C:\Windows\System32\WindowsPowerShell\v1.0\;C:\Program Files (x86)\Intel\OpenCL SDK\2.0\bin\x86;C:\Program Files (x86)\Intel\OpenCL SDK\2.0\bin\x64;C:\Program Files\Intel\Intel(R) Management Engine Components\DAL;C:\Program Files\Intel\Intel(R) Management Engine Components\IPT;E:\Java\jdk 9.01\bin;E:\Java\jdk 9.01\jre\bin;C:\Program Files (x86)\Intel\Intel(R) Management Engine Components\DAL;C:\Program Files (x86)\Intel\Intel(R) Management Engine Components\IPT;E:\eclipse-workspace\tomcat\bin;%CATLINA_HOME%\lib;F:\Git\cmd;E:\matlab\bin\win32;C:\Program Files (x86)\Microsoft Visual Studio\Common\Tools\WinNT;C:\Program Files (x86)\Microsoft Visual Studio\Common\MSDev98\Bin;C:\Program Files (x86)\Microsoft Visual Studio\Common\Tools;C:\Program Files (x86)\Microsoft Visual Studio\VC98\bin;., java.vm.info=mixed mode, java.vendor=Oracle Corporation, java.vm.version=9.0.1+11, sun.io.unicode.encoding=UnicodeLittle, java.class.version=53.0}}, SystemEnvironmentPropertySource@1293251731 {name=&apos;systemEnvironment&apos;, properties={ACTEL_FOR_ALTIUM_OVERRIDE= , PATH=E:\OracleXE\OracleInstall\app\oracle\product\10.2.0\server\bin;C:\ProgramData\Oracle\Java\javapath;C:\Program Files (x86)\NVIDIA Corporation\PhysX\Common;C:\Program Files (x86)\Intel\iCLS Client\;C:\Program Files\Intel\iCLS Client\;C:\Windows\system32;C:\Windows;C:\Windows\System32\Wbem;C:\Windows\System32\WindowsPowerShell\v1.0\;C:\Program Files (x86)\Intel\OpenCL SDK\2.0\bin\x86;C:\Program Files (x86)\Intel\OpenCL SDK\2.0\bin\x64;C:\Program Files\Intel\Intel(R) Management Engine Components\DAL;C:\Program Files\Intel\Intel(R) Management Engine Components\IPT;E:\Java\jdk 9.01\bin;E:\Java\jdk 9.01\jre\bin;C:\Program Files (x86)\Intel\Intel(R) Management Engine Components\DAL;C:\Program Files (x86)\Intel\Intel(R) Management Engine Components\IPT;E:\eclipse-workspace\tomcat\bin;%CATLINA_HOME%\lib;F:\Git\cmd;E:\matlab\bin\win32;C:\Program Files (x86)\Microsoft Visual Studio\Common\Tools\WinNT;C:\Program Files (x86)\Microsoft Visual Studio\Common\MSDev98\Bin;C:\Program Files (x86)\Microsoft Visual Studio\Common\Tools;C:\Program Files (x86)\Microsoft Visual Studio\VC98\bin, LOCALAPPDATA=C:\Users\SunWay\AppData\Local, PROCESSOR_LEVEL=6, SYSTEMDRIVE=C:, COMMONPROGRAMFILES(X86)=C:\Program Files (x86)\Common Files, FP_NO_HOST_CHECK=NO, USERDOMAIN=SunWay-PC, LOGONSERVER=\\SUNWAY-PC, JAVA_HOME=E:\Java\jdk 9.01, PROMPT=$P$G, SESSIONNAME=Console, ALLUSERSPROFILE=C:\ProgramData, ALTERA_FOR_ALTIUM_OVERRIDE= , PROGRAMFILES(X86)=C:\Program Files (x86), PROCESSOR_ARCHITECTURE=AMD64, PROGRAMFILES=C:\Program Files, APPDATA=C:\Users\SunWay\AppData\Roaming, PSMODULEPATH=C:\Windows\system32\WindowsPowerShell\v1.0\Modules\, PROGRAMW6432=C:\Program Files, PROGRAMDATA=C:\ProgramData, SYSTEMROOT=C:\Windows, USERNAME=SunWay, TOMCAT_HOME=E:\eclipse-workspace\tomcat, INCLUDE=C:\Program Files (x86)\Microsoft Visual Studio\VC98\atl\include;C:\Program Files (x86)\Microsoft Visual Studio\VC98\mfc\include;C:\Program Files (x86)\Microsoft Visual Studio\VC98\include, PATHEXT=.COM;.EXE;.BAT;.CMD;.VBS;.VBE;.JS;.JSE;.WSF;.WSH;.MSC, LIB=C:\Program Files (x86)\Microsoft Visual Studio\VC98\mfc\lib;C:\Program Files (x86)\Microsoft Visual Studio\VC98\lib, OS=Windows_NT, COMMONPROGRAMW6432=C:\Program Files\Common Files, COMPUTERNAME=SUNWAY-PC, COMMONPROGRAMFILES=C:\Program Files\Common Files, COMSPEC=C:\Windows\system32\cmd.exe, CATALINA_HOME=E:\eclipse-workspace\tomcat, PROCESSOR_REVISION=3a09, WINDIR=C:\Windows, =F:=F:\Git\JAVAProject\HDU_Minitor, HOMEPATH=\Users\SunWay, TEMP=C:\Users\SunWay\AppData\Local\Temp, HOMEDRIVE=C:, PROCESSOR_IDENTIFIER=Intel64 Family 6 Model 58 Stepping 9, GenuineIntel, USERPROFILE=C:\Users\SunWay, TMP=C:\Users\SunWay\AppData\Local\Temp, PUBLIC=C:\Users\Public, NUMBER_OF_PROCESSORS=4}}]
14:07:12.118 [main] INFO  o.s.c.s.ClassPathXmlApplicationContext - Refreshing org.springframework.context.support.ClassPathXmlApplicationContext@ebda593: startup date [Mon Jun 11 14:07:12 CST 2018]; root of context hierarchy
14:07:12.118 [main] DEBUG o.s.core.env.StandardEnvironment - Adding PropertySource &apos;systemProperties&apos; with lowest search precedence
14:07:12.118 [main] DEBUG o.s.core.env.StandardEnvironment - Adding PropertySource &apos;systemEnvironment&apos; with lowest search precedence
14:07:12.118 [main] DEBUG o.s.core.env.StandardEnvironment - Initialized StandardEnvironment with PropertySources [MapPropertySource@1422271143 {name=&apos;systemProperties&apos;, properties={sun.desktop=windows, awt.toolkit=sun.awt.windows.WToolkit, java.specification.version=9, file.encoding.pkg=sun.io, sun.cpu.isalist=amd64, sun.jnu.encoding=GBK, java.class.path=F:\Git\JAVAProject\HDU_Minitor\target\test-classes;F:\Git\JAVAProject\HDU_Minitor\target\classes;E:\eclipse-workspace\.m2\repository\org\springframework\spring-webmvc\4.3.11.RELEASE\spring-webmvc-4.3.11.RELEASE.jar;E:\eclipse-workspace\.m2\repository\org\springframework\spring-aop\4.3.11.RELEASE\spring-aop-4.3.11.RELEASE.jar;E:\eclipse-workspace\.m2\repository\org\springframework\spring-beans\4.3.11.RELEASE\spring-beans-4.3.11.RELEASE.jar;E:\eclipse-workspace\.m2\repository\org\springframework\spring-context\4.3.11.RELEASE\spring-context-4.3.11.RELEASE.jar;E:\eclipse-workspace\.m2\repository\org\springframework\spring-core\4.3.11.RELEASE\spring-core-4.3.11.RELEASE.jar;E:\eclipse-workspace\.m2\repository\commons-logging\commons-logging\1.2\commons-logging-1.2.jar;E:\eclipse-workspace\.m2\repository\org\springframework\spring-expression\4.3.11.RELEASE\spring-expression-4.3.11.RELEASE.jar;E:\eclipse-workspace\.m2\repository\org\springframework\spring-web\4.3.11.RELEASE\spring-web-4.3.11.RELEASE.jar;E:\eclipse-workspace\.m2\repository\org\springframework\spring-jdbc\4.3.11.RELEASE\spring-jdbc-4.3.11.RELEASE.jar;E:\eclipse-workspace\.m2\repository\org\springframework\spring-tx\4.3.11.RELEASE\spring-tx-4.3.11.RELEASE.jar;E:\eclipse-workspace\.m2\repository\commons-dbcp\commons-dbcp\1.4\commons-dbcp-1.4.jar;E:\eclipse-workspace\.m2\repository\commons-pool\commons-pool\1.5.4\commons-pool-1.5.4.jar;E:\eclipse-workspace\.m2\repository\mysql\mysql-connector-java\5.1.37\mysql-connector-java-5.1.37.jar;E:\eclipse-workspace\.m2\repository\org\mybatis\mybatis\3.4.6\mybatis-3.4.6.jar;E:\eclipse-workspace\.m2\repository\org\mybatis\mybatis-spring\1.3.1\mybatis-spring-1.3.1.jar;E:\eclipse-workspace\.m2\repository\jstl\jstl\1.2\jstl-1.2.jar;E:\eclipse-workspace\.m2\repository\com\mangofactory\swagger-springmvc\1.0.2\swagger-springmvc-1.0.2.jar;E:\eclipse-workspace\.m2\repository\org\slf4j\slf4j-api\1.7.7\slf4j-api-1.7.7.jar;E:\eclipse-workspace\.m2\repository\joda-time\joda-time\2.5\joda-time-2.5.jar;E:\eclipse-workspace\.m2\repository\com\mangofactory\swagger-models\1.0.2\swagger-models-1.0.2.jar;E:\eclipse-workspace\.m2\repository\com\wordnik\swagger-annotations\1.3.11\swagger-annotations-1.3.11.jar;E:\eclipse-workspace\.m2\repository\com\google\guava\guava\15.0\guava-15.0.jar;E:\eclipse-workspace\.m2\repository\com\fasterxml\jackson\core\jackson-annotations\2.6.1\jackson-annotations-2.6.1.jar;E:\eclipse-workspace\.m2\repository\com\fasterxml\jackson\core\jackson-databind\2.6.1\jackson-databind-2.6.1.jar;E:\eclipse-workspace\.m2\repository\com\fasterxml\jackson\core\jackson-core\2.6.1\jackson-core-2.6.1.jar;E:\eclipse-workspace\.m2\repository\com\fasterxml\classmate\1.1.0\classmate-1.1.0.jar;E:\eclipse-workspace\.m2\repository\org\springframework\data\spring-data-redis\1.8.7.RELEASE\spring-data-redis-1.8.7.RELEASE.jar;E:\eclipse-workspace\.m2\repository\org\springframework\data\spring-data-keyvalue\1.2.7.RELEASE\spring-data-keyvalue-1.2.7.RELEASE.jar;E:\eclipse-workspace\.m2\repository\org\springframework\data\spring-data-commons\1.13.7.RELEASE\spring-data-commons-1.13.7.RELEASE.jar;E:\eclipse-workspace\.m2\repository\org\springframework\spring-oxm\4.3.11.RELEASE\spring-oxm-4.3.11.RELEASE.jar;E:\eclipse-workspace\.m2\repository\org\springframework\spring-context-support\4.3.11.RELEASE\spring-context-support-4.3.11.RELEASE.jar;E:\eclipse-workspace\.m2\repository\org\slf4j\jcl-over-slf4j\1.7.25\jcl-over-slf4j-1.7.25.jar;E:\eclipse-workspace\.m2\repository\redis\clients\jedis\2.9.0\jedis-2.9.0.jar;E:\eclipse-workspace\.m2\repository\org\apache\commons\commons-pool2\2.4.2\commons-pool2-2.4.2.jar;E:\eclipse-workspace\.m2\repository\ch\qos\logback\logback-classic\0.9.24\logback-classic-0.9.24.jar;E:\eclipse-workspace\.m2\repository\ch\qos\logback\logback-core\0.9.24\logback-core-0.9.24.jar;E:\eclipse-workspace\.m2\repository\log4j\log4j\1.2.17\log4j-1.2.17.jar;E:\eclipse-workspace\.m2\repository\org\aspectj\aspectjrt\1.8.10\aspectjrt-1.8.10.jar;E:\eclipse-workspace\.m2\repository\org\aspectj\aspectjweaver\1.8.10\aspectjweaver-1.8.10.jar;E:\eclipse-workspace\.m2\repository\junit\junit\4.11\junit-4.11.jar;E:\eclipse-workspace\.m2\repository\org\hamcrest\hamcrest-core\1.3\hamcrest-core-1.3.jar;E:\eclipse-workspace\.m2\repository\javax\servlet\servlet-api\2.5\servlet-api-2.5.jar;E:\eclipse-workspace\.m2\repository\javax\servlet\jsp\jsp-api\2.1.3-b06\jsp-api-2.1.3-b06.jar;E:\eclipse-workspace\.m2\repository\org\glassfish\javax.servlet\3.0-b70\javax.servlet-3.0-b70.jar;E:\eclipse-workspace\.m2\repository\javax\el\el-api\2.1.2-b05\el-api-2.1.2-b05.jar;, java.vm.vendor=Oracle Corporation, sun.arch.data.model=64, user.variant=, java.vendor.url=http://java.oracle.com/, user.timezone=Asia/Shanghai, os.name=Windows 7, java.vm.specification.version=9, sun.java.launcher=SUN_STANDARD, user.country=CN, sun.boot.library.path=E:\Java\jdk 9.01\bin, sun.java.command=F:\Git\JAVAProject\HDU_Minitor\target\surefire\surefirebooter9040375031050353846.jar F:\Git\JAVAProject\HDU_Minitor\target\surefire\surefire6366189002758959061tmp F:\Git\JAVAProject\HDU_Minitor\target\surefire\surefire_013619108730529990772tmp, jdk.debug=release, surefire.test.class.path=F:\Git\JAVAProject\HDU_Minitor\target\test-classes;F:\Git\JAVAProject\HDU_Minitor\target\classes;E:\eclipse-workspace\.m2\repository\org\springframework\spring-webmvc\4.3.11.RELEASE\spring-webmvc-4.3.11.RELEASE.jar;E:\eclipse-workspace\.m2\repository\org\springframework\spring-aop\4.3.11.RELEASE\spring-aop-4.3.11.RELEASE.jar;E:\eclipse-workspace\.m2\repository\org\springframework\spring-beans\4.3.11.RELEASE\spring-beans-4.3.11.RELEASE.jar;E:\eclipse-workspace\.m2\repository\org\springframework\spring-context\4.3.11.RELEASE\spring-context-4.3.11.RELEASE.jar;E:\eclipse-workspace\.m2\repository\org\springframework\spring-core\4.3.11.RELEASE\spring-core-4.3.11.RELEASE.jar;E:\eclipse-workspace\.m2\repository\commons-logging\commons-logging\1.2\commons-logging-1.2.jar;E:\eclipse-workspace\.m2\repository\org\springframework\spring-expression\4.3.11.RELEASE\spring-expression-4.3.11.RELEASE.jar;E:\eclipse-workspace\.m2\repository\org\springframework\spring-web\4.3.11.RELEASE\spring-web-4.3.11.RELEASE.jar;E:\eclipse-workspace\.m2\repository\org\springframework\spring-jdbc\4.3.11.RELEASE\spring-jdbc-4.3.11.RELEASE.jar;E:\eclipse-workspace\.m2\repository\org\springframework\spring-tx\4.3.11.RELEASE\spring-tx-4.3.11.RELEASE.jar;E:\eclipse-workspace\.m2\repository\commons-dbcp\commons-dbcp\1.4\commons-dbcp-1.4.jar;E:\eclipse-workspace\.m2\repository\commons-pool\commons-pool\1.5.4\commons-pool-1.5.4.jar;E:\eclipse-workspace\.m2\repository\mysql\mysql-connector-java\5.1.37\mysql-connector-java-5.1.37.jar;E:\eclipse-workspace\.m2\repository\org\mybatis\mybatis\3.4.6\mybatis-3.4.6.jar;E:\eclipse-workspace\.m2\repository\org\mybatis\mybatis-spring\1.3.1\mybatis-spring-1.3.1.jar;E:\eclipse-workspace\.m2\repository\jstl\jstl\1.2\jstl-1.2.jar;E:\eclipse-workspace\.m2\repository\com\mangofactory\swagger-springmvc\1.0.2\swagger-springmvc-1.0.2.jar;E:\eclipse-workspace\.m2\repository\org\slf4j\slf4j-api\1.7.7\slf4j-api-1.7.7.jar;E:\eclipse-workspace\.m2\repository\joda-time\joda-time\2.5\joda-time-2.5.jar;E:\eclipse-workspace\.m2\repository\com\mangofactory\swagger-models\1.0.2\swagger-models-1.0.2.jar;E:\eclipse-workspace\.m2\repository\com\wordnik\swagger-annotations\1.3.11\swagger-annotations-1.3.11.jar;E:\eclipse-workspace\.m2\repository\com\google\guava\guava\15.0\guava-15.0.jar;E:\eclipse-workspace\.m2\repository\com\fasterxml\jackson\core\jackson-annotations\2.6.1\jackson-annotations-2.6.1.jar;E:\eclipse-workspace\.m2\repository\com\fasterxml\jackson\core\jackson-databind\2.6.1\jackson-databind-2.6.1.jar;E:\eclipse-workspace\.m2\repository\com\fasterxml\jackson\core\jackson-core\2.6.1\jackson-core-2.6.1.jar;E:\eclipse-workspace\.m2\repository\com\fasterxml\classmate\1.1.0\classmate-1.1.0.jar;E:\eclipse-workspace\.m2\repository\org\springframework\data\spring-data-redis\1.8.7.RELEASE\spring-data-redis-1.8.7.RELEASE.jar;E:\eclipse-workspace\.m2\repository\org\springframework\data\spring-data-keyvalue\1.2.7.RELEASE\spring-data-keyvalue-1.2.7.RELEASE.jar;E:\eclipse-workspace\.m2\repository\org\springframework\data\spring-data-commons\1.13.7.RELEASE\spring-data-commons-1.13.7.RELEASE.jar;E:\eclipse-workspace\.m2\repository\org\springframework\spring-oxm\4.3.11.RELEASE\spring-oxm-4.3.11.RELEASE.jar;E:\eclipse-workspace\.m2\repository\org\springframework\spring-context-support\4.3.11.RELEASE\spring-context-support-4.3.11.RELEASE.jar;E:\eclipse-workspace\.m2\repository\org\slf4j\jcl-over-slf4j\1.7.25\jcl-over-slf4j-1.7.25.jar;E:\eclipse-workspace\.m2\repository\redis\clients\jedis\2.9.0\jedis-2.9.0.jar;E:\eclipse-workspace\.m2\repository\org\apache\commons\commons-pool2\2.4.2\commons-pool2-2.4.2.jar;E:\eclipse-workspace\.m2\repository\ch\qos\logback\logback-classic\0.9.24\logback-classic-0.9.24.jar;E:\eclipse-workspace\.m2\repository\ch\qos\logback\logback-core\0.9.24\logback-core-0.9.24.jar;E:\eclipse-workspace\.m2\repository\log4j\log4j\1.2.17\log4j-1.2.17.jar;E:\eclipse-workspace\.m2\repository\org\aspectj\aspectjrt\1.8.10\aspectjrt-1.8.10.jar;E:\eclipse-workspace\.m2\repository\org\aspectj\aspectjweaver\1.8.10\aspectjweaver-1.8.10.jar;E:\eclipse-workspace\.m2\repository\junit\junit\4.11\junit-4.11.jar;E:\eclipse-workspace\.m2\repository\org\hamcrest\hamcrest-core\1.3\hamcrest-core-1.3.jar;E:\eclipse-workspace\.m2\repository\javax\servlet\servlet-api\2.5\servlet-api-2.5.jar;E:\eclipse-workspace\.m2\repository\javax\servlet\jsp\jsp-api\2.1.3-b06\jsp-api-2.1.3-b06.jar;E:\eclipse-workspace\.m2\repository\org\glassfish\javax.servlet\3.0-b70\javax.servlet-3.0-b70.jar;E:\eclipse-workspace\.m2\repository\javax\el\el-api\2.1.2-b05\el-api-2.1.2-b05.jar;, sun.cpu.endian=little, user.home=C:\Users\SunWay, user.language=zh, java.specification.vendor=Oracle Corporation, java.home=E:\Java\jdk 9.01, file.separator=\, basedir=F:\Git\JAVAProject\HDU_Minitor, java.vm.compressedOopsMode=32-bit, line.separator=
, java.vm.specification.vendor=Oracle Corporation, java.specification.name=Java Platform API Specification, java.awt.graphicsenv=sun.awt.Win32GraphicsEnvironment, surefire.real.class.path=F:\Git\JAVAProject\HDU_Minitor\target\surefire\surefirebooter9040375031050353846.jar, user.script=, sun.management.compiler=HotSpot 64-Bit Tiered Compilers, java.runtime.version=9.0.1+11, user.name=SunWay, path.separator=;, os.version=6.1, java.runtime.name=Java(TM) SE Runtime Environment, file.encoding=GBK, java.vm.name=Java HotSpot(TM) 64-Bit Server VM, localRepository=E:\eclipse-workspace\.m2\repository, java.vendor.url.bug=http://bugreport.java.com/bugreport/, java.io.tmpdir=C:\Users\SunWay\AppData\Local\Temp\, java.version=9.0.1, user.dir=F:\Git\JAVAProject\HDU_Minitor, os.arch=amd64, java.vm.specification.name=Java Virtual Machine Specification, java.awt.printerjob=sun.awt.windows.WPrinterJob, sun.os.patch.level=Service Pack 1, java.library.path=E:\Java\jdk 9.01\bin;C:\Windows\Sun\Java\bin;C:\Windows\system32;C:\Windows;E:\OracleXE\OracleInstall\app\oracle\product\10.2.0\server\bin;C:\ProgramData\Oracle\Java\javapath;C:\Program Files (x86)\NVIDIA Corporation\PhysX\Common;C:\Program Files (x86)\Intel\iCLS Client\;C:\Program Files\Intel\iCLS Client\;C:\Windows\system32;C:\Windows;C:\Windows\System32\Wbem;C:\Windows\System32\WindowsPowerShell\v1.0\;C:\Program Files (x86)\Intel\OpenCL SDK\2.0\bin\x86;C:\Program Files (x86)\Intel\OpenCL SDK\2.0\bin\x64;C:\Program Files\Intel\Intel(R) Management Engine Components\DAL;C:\Program Files\Intel\Intel(R) Management Engine Components\IPT;E:\Java\jdk 9.01\bin;E:\Java\jdk 9.01\jre\bin;C:\Program Files (x86)\Intel\Intel(R) Management Engine Components\DAL;C:\Program Files (x86)\Intel\Intel(R) Management Engine Components\IPT;E:\eclipse-workspace\tomcat\bin;%CATLINA_HOME%\lib;F:\Git\cmd;E:\matlab\bin\win32;C:\Program Files (x86)\Microsoft Visual Studio\Common\Tools\WinNT;C:\Program Files (x86)\Microsoft Visual Studio\Common\MSDev98\Bin;C:\Program Files (x86)\Microsoft Visual Studio\Common\Tools;C:\Program Files (x86)\Microsoft Visual Studio\VC98\bin;., java.vm.info=mixed mode, java.vendor=Oracle Corporation, java.vm.version=9.0.1+11, sun.io.unicode.encoding=UnicodeLittle, java.class.version=53.0}}, SystemEnvironmentPropertySource@926188689 {name=&apos;systemEnvironment&apos;, properties={ACTEL_FOR_ALTIUM_OVERRIDE= , PATH=E:\OracleXE\OracleInstall\app\oracle\product\10.2.0\server\bin;C:\ProgramData\Oracle\Java\javapath;C:\Program Files (x86)\NVIDIA Corporation\PhysX\Common;C:\Program Files (x86)\Intel\iCLS Client\;C:\Program Files\Intel\iCLS Client\;C:\Windows\system32;C:\Windows;C:\Windows\System32\Wbem;C:\Windows\System32\WindowsPowerShell\v1.0\;C:\Program Files (x86)\Intel\OpenCL SDK\2.0\bin\x86;C:\Program Files (x86)\Intel\OpenCL SDK\2.0\bin\x64;C:\Program Files\Intel\Intel(R) Management Engine Components\DAL;C:\Program Files\Intel\Intel(R) Management Engine Components\IPT;E:\Java\jdk 9.01\bin;E:\Java\jdk 9.01\jre\bin;C:\Program Files (x86)\Intel\Intel(R) Management Engine Components\DAL;C:\Program Files (x86)\Intel\Intel(R) Management Engine Components\IPT;E:\eclipse-workspace\tomcat\bin;%CATLINA_HOME%\lib;F:\Git\cmd;E:\matlab\bin\win32;C:\Program Files (x86)\Microsoft Visual Studio\Common\Tools\WinNT;C:\Program Files (x86)\Microsoft Visual Studio\Common\MSDev98\Bin;C:\Program Files (x86)\Microsoft Visual Studio\Common\Tools;C:\Program Files (x86)\Microsoft Visual Studio\VC98\bin, LOCALAPPDATA=C:\Users\SunWay\AppData\Local, PROCESSOR_LEVEL=6, SYSTEMDRIVE=C:, COMMONPROGRAMFILES(X86)=C:\Program Files (x86)\Common Files, FP_NO_HOST_CHECK=NO, USERDOMAIN=SunWay-PC, LOGONSERVER=\\SUNWAY-PC, JAVA_HOME=E:\Java\jdk 9.01, PROMPT=$P$G, SESSIONNAME=Console, ALLUSERSPROFILE=C:\ProgramData, ALTERA_FOR_ALTIUM_OVERRIDE= , PROGRAMFILES(X86)=C:\Program Files (x86), PROCESSOR_ARCHITECTURE=AMD64, PROGRAMFILES=C:\Program Files, APPDATA=C:\Users\SunWay\AppData\Roaming, PSMODULEPATH=C:\Windows\system32\WindowsPowerShell\v1.0\Modules\, PROGRAMW6432=C:\Program Files, PROGRAMDATA=C:\ProgramData, SYSTEMROOT=C:\Windows, USERNAME=SunWay, TOMCAT_HOME=E:\eclipse-workspace\tomcat, INCLUDE=C:\Program Files (x86)\Microsoft Visual Studio\VC98\atl\include;C:\Program Files (x86)\Microsoft Visual Studio\VC98\mfc\include;C:\Program Files (x86)\Microsoft Visual Studio\VC98\include, PATHEXT=.COM;.EXE;.BAT;.CMD;.VBS;.VBE;.JS;.JSE;.WSF;.WSH;.MSC, LIB=C:\Program Files (x86)\Microsoft Visual Studio\VC98\mfc\lib;C:\Program Files (x86)\Microsoft Visual Studio\VC98\lib, OS=Windows_NT, COMMONPROGRAMW6432=C:\Program Files\Common Files, COMPUTERNAME=SUNWAY-PC, COMMONPROGRAMFILES=C:\Program Files\Common Files, COMSPEC=C:\Windows\system32\cmd.exe, CATALINA_HOME=E:\eclipse-workspace\tomcat, PROCESSOR_REVISION=3a09, WINDIR=C:\Windows, =F:=F:\Git\JAVAProject\HDU_Minitor, HOMEPATH=\Users\SunWay, TEMP=C:\Users\SunWay\AppData\Local\Temp, HOMEDRIVE=C:, PROCESSOR_IDENTIFIER=Intel64 Family 6 Model 58 Stepping 9, GenuineIntel, USERPROFILE=C:\Users\SunWay, TMP=C:\Users\SunWay\AppData\Local\Temp, PUBLIC=C:\Users\Public, NUMBER_OF_PROCESSORS=4}}]
14:07:12.119 [main] INFO  o.s.b.f.xml.XmlBeanDefinitionReader - Loading XML bean definitions from class path resource [conf/spring-mvc.xml]
14:07:12.120 [main] DEBUG o.s.b.f.xml.DefaultDocumentLoader - Using JAXP provider [com.sun.org.apache.xerces.internal.jaxp.DocumentBuilderFactoryImpl]
14:07:12.122 [main] DEBUG o.s.b.f.xml.PluggableSchemaResolver - Loading schema mappings from [META-INF/spring.schemas]
14:07:12.125 [main] DEBUG o.s.b.f.xml.PluggableSchemaResolver - Loaded schema mappings: {http://www.springframework.org/schema/context/spring-context-3.2.xsd=org/springframework/context/config/spring-context-3.2.xsd, http://www.springframework.org/schema/cache/spring-cache-4.3.xsd=org/springframework/cache/config/spring-cache-4.3.xsd, http://www.springframework.org/schema/beans/spring-beans-4.0.xsd=org/springframework/beans/factory/xml/spring-beans-4.0.xsd, http://www.springframework.org/schema/context/spring-context-2.5.xsd=org/springframework/context/config/spring-context-2.5.xsd, http://www.springframework.org/schema/tx/spring-tx-2.5.xsd=org/springframework/transaction/config/spring-tx-2.5.xsd, http://www.springframework.org/schema/tx/spring-tx-3.2.xsd=org/springframework/transaction/config/spring-tx-3.2.xsd, http://www.springframework.org/schema/tool/spring-tool-4.3.xsd=org/springframework/beans/factory/xml/spring-tool-4.3.xsd, http://www.springframework.org/schema/data/repository/spring-repository-1.11.xsd=org/springframework/data/repository/config/spring-repository-1.11.xsd, http://www.springframework.org/schema/tool/spring-tool-2.0.xsd=org/springframework/beans/factory/xml/spring-tool-2.0.xsd, http://www.springframework.org/schema/util/spring-util-4.2.xsd=org/springframework/beans/factory/xml/spring-util-4.2.xsd, http://www.springframework.org/schema/oxm/spring-oxm-3.1.xsd=org/springframework/oxm/config/spring-oxm-3.1.xsd, http://www.springframework.org/schema/tx/spring-tx-3.0.xsd=org/springframework/transaction/config/spring-tx-3.0.xsd, http://www.springframework.org/schema/beans/spring-beans-4.2.xsd=org/springframework/beans/factory/xml/spring-beans-4.2.xsd, http://www.springframework.org/schema/cache/spring-cache-4.1.xsd=org/springframework/cache/config/spring-cache-4.1.xsd, http://www.springframework.org/schema/mvc/spring-mvc-4.3.xsd=org/springframework/web/servlet/config/spring-mvc-4.3.xsd, http://www.springframework.org/schema/lang/spring-lang-3.0.xsd=org/springframework/scripting/config/spring-lang-3.0.xsd, http://www.springframework.org/schema/tool/spring-tool-4.1.xsd=org/springframework/beans/factory/xml/spring-tool-4.1.xsd, http://www.springframework.org/schema/task/spring-task-4.3.xsd=org/springframework/scheduling/config/spring-task-4.3.xsd, http://www.springframework.org/schema/data/repository/spring-repository-1.8.xsd=org/springframework/data/repository/config/spring-repository-1.8.xsd, http://www.springframework.org/schema/util/spring-util-4.0.xsd=org/springframework/beans/factory/xml/spring-util-4.0.xsd, http://www.springframework.org/schema/data/repository/spring-repository.xsd=org/springframework/data/repository/config/spring-repository-1.11.xsd, http://www.springframework.org/schema/jdbc/spring-jdbc-4.2.xsd=org/springframework/jdbc/config/spring-jdbc-4.2.xsd, http://www.springframework.org/schema/jdbc/spring-jdbc.xsd=org/springframework/jdbc/config/spring-jdbc-4.3.xsd, http://www.springframework.org/schema/lang/spring-lang.xsd=org/springframework/scripting/config/spring-lang-4.3.xsd, http://www.springframework.org/schema/aop/spring-aop-4.2.xsd=org/springframework/aop/config/spring-aop-4.2.xsd, http://www.springframework.org/schema/context/spring-context-4.1.xsd=org/springframework/context/config/spring-context-4.1.xsd, http://www.springframework.org/schema/jee/spring-jee-4.2.xsd=org/springframework/ejb/config/spring-jee-4.2.xsd, http://www.springframework.org/schema/redis/spring-redis-1.0.xsd=org/springframework/data/redis/config/spring-redis-1.0.xsd, http://www.springframework.org/schema/redis/spring-redis.xsd=org/springframework/data/redis/config/spring-redis-1.0.xsd, http://www.springframework.org/schema/tool/spring-tool-3.1.xsd=org/springframework/beans/factory/xml/spring-tool-3.1.xsd, http://www.springframework.org/schema/jee/spring-jee-4.1.xsd=org/springframework/ejb/config/spring-jee-4.1.xsd, http://www.springframework.org/schema/jdbc/spring-jdbc-3.1.xsd=org/springframework/jdbc/config/spring-jdbc-3.1.xsd, http://www.springframework.org/schema/aop/spring-aop-4.1.xsd=org/springframework/aop/config/spring-aop-4.1.xsd, http://www.springframework.org/schema/util/spring-util.xsd=org/springframework/beans/factory/xml/spring-util-4.3.xsd, http://www.springframework.org/schema/mvc/spring-mvc-3.2.xsd=org/springframework/web/servlet/config/spring-mvc-3.2.xsd, http://www.springframework.org/schema/lang/spring-lang-4.1.xsd=org/springframework/scripting/config/spring-lang-4.1.xsd, http://www.springframework.org/schema/context/spring-context-4.3.xsd=org/springframework/context/config/spring-context-4.3.xsd, http://www.springframework.org/schema/lang/spring-lang-2.5.xsd=org/springframework/scripting/config/spring-lang-2.5.xsd, http://www.springframework.org/schema/jee/spring-jee.xsd=org/springframework/ejb/config/spring-jee-4.3.xsd, http://www.springframework.org/schema/util/spring-util-3.1.xsd=org/springframework/beans/factory/xml/spring-util-3.1.xsd, http://www.springframework.org/schema/jee/spring-jee-2.5.xsd=org/springframework/ejb/config/spring-jee-2.5.xsd, http://www.springframework.org/schema/mvc/spring-mvc-4.0.xsd=org/springframework/web/servlet/config/spring-mvc-4.0.xsd, http://www.springframework.org/schema/aop/spring-aop-2.5.xsd=org/springframework/aop/config/spring-aop-2.5.xsd, http://www.springframework.org/schema/task/spring-task-4.0.xsd=org/springframework/scheduling/config/spring-task-4.0.xsd, http://www.springframework.org/schema/data/repository/spring-repository-1.5.xsd=org/springframework/data/repository/config/spring-repository-1.5.xsd, http://www.springframework.org/schema/cache/spring-cache-3.1.xsd=org/springframework/cache/config/spring-cache-3.1.xsd, http://www.springframework.org/schema/oxm/spring-oxm-4.3.xsd=org/springframework/oxm/config/spring-oxm-4.3.xsd, http://www.springframework.org/schema/tool/spring-tool-2.5.xsd=org/springframework/beans/factory/xml/spring-tool-2.5.xsd, http://www.springframework.org/schema/task/spring-task-3.2.xsd=org/springframework/scheduling/config/spring-task-3.2.xsd, http://www.springframework.org/schema/oxm/spring-oxm-4.1.xsd=org/springframework/oxm/config/spring-oxm-4.1.xsd, http://www.springframework.org/schema/tx/spring-tx-4.2.xsd=org/springframework/transaction/config/spring-tx-4.2.xsd, http://www.springframework.org/schema/aop/spring-aop-3.1.xsd=org/springframework/aop/config/spring-aop-3.1.xsd, http://www.springframework.org/schema/jee/spring-jee-3.1.xsd=org/springframework/ejb/config/spring-jee-3.1.xsd, http://www.springframework.org/schema/lang/spring-lang-4.3.xsd=org/springframework/scripting/config/spring-lang-4.3.xsd, http://www.springframework.org/schema/mvc/spring-mvc-3.0.xsd=org/springframework/web/servlet/config/spring-mvc-3.0.xsd, http://www.springframework.org/schema/beans/spring-beans-3.1.xsd=org/springframework/beans/factory/xml/spring-beans-3.1.xsd, http://www.springframework.org/schema/tx/spring-tx.xsd=org/springframework/transaction/config/spring-tx-4.3.xsd, http://www.springframework.org/schema/lang/spring-lang-2.0.xsd=org/springframework/scripting/config/spring-lang-2.0.xsd, http://www.springframework.org/schema/oxm/spring-oxm.xsd=org/springframework/oxm/config/spring-oxm-4.3.xsd, http://www.springframework.org/schema/task/spring-task-3.0.xsd=org/springframework/scheduling/config/spring-task-3.0.xsd, http://www.springframework.org/schema/context/spring-context-3.0.xsd=org/springframework/context/config/spring-context-3.0.xsd, http://www.springframework.org/schema/cache/spring-cache.xsd=org/springframework/cache/config/spring-cache-4.3.xsd, http://www.springframework.org/schema/tx/spring-tx-4.0.xsd=org/springframework/transaction/config/spring-tx-4.0.xsd, http://www.springframework.org/schema/data/repository/spring-repository-1.0.xsd=org/springframework/data/repository/config/spring-repository-1.0.xsd, http://www.springframework.org/schema/oxm/spring-oxm-3.2.xsd=org/springframework/oxm/config/spring-oxm-3.2.xsd, http://www.springframework.org/schema/util/spring-util-4.3.xsd=org/springframework/beans/factory/xml/spring-util-4.3.xsd, http://www.springframework.org/schema/context/spring-context-4.0.xsd=org/springframework/context/config/spring-context-4.0.xsd, http://www.springframework.org/schema/aop/spring-aop-2.0.xsd=org/springframework/aop/config/spring-aop-2.0.xsd, http://www.springframework.org/schema/jee/spring-jee-2.0.xsd=org/springframework/ejb/config/spring-jee-2.0.xsd, http://www.springframework.org/schema/jdbc/spring-jdbc-4.3.xsd=org/springframework/jdbc/config/spring-jdbc-4.3.xsd, http://www.springframework.org/schema/util/spring-util-2.0.xsd=org/springframework/beans/factory/xml/spring-util-2.0.xsd, http://www.springframework.org/schema/cache/spring-cache-4.2.xsd=org/springframework/cache/config/spring-cache-4.2.xsd, http://www.springframework.org/schema/context/spring-context-3.1.xsd=org/springframework/context/config/spring-context-3.1.xsd, http://www.springframework.org/schema/tx/spring-tx-3.1.xsd=org/springframework/transaction/config/spring-tx-3.1.xsd, http://www.springframework.org/schema/tool/spring-tool.xsd=org/springframework/beans/factory/xml/spring-tool-4.3.xsd, http://www.springframework.org/schema/beans/spring-beans-3.2.xsd=org/springframework/beans/factory/xml/spring-beans-3.2.xsd, http://www.springframework.org/schema/beans/spring-beans-2.5.xsd=org/springframework/beans/factory/xml/spring-beans-2.5.xsd, http://mybatis.org/schema/mybatis-spring.xsd=org/mybatis/spring/config/mybatis-spring-1.2.xsd, http://www.springframework.org/schema/beans/spring-beans.xsd=org/springframework/beans/factory/xml/spring-beans-4.3.xsd, http://www.springframework.org/schema/tool/spring-tool-4.0.xsd=org/springframework/beans/factory/xml/spring-tool-4.0.xsd, http://www.springframework.org/schema/util/spring-util-4.1.xsd=org/springframework/beans/factory/xml/spring-util-4.1.xsd, http://www.springframework.org/schema/jdbc/spring-jdbc-4.1.xsd=org/springframework/jdbc/config/spring-jdbc-4.1.xsd, http://mybatis.org/schema/mybatis-spring-1.2.xsd=org/mybatis/spring/config/mybatis-spring-1.2.xsd, http://www.springframework.org/schema/context/spring-context-4.2.xsd=org/springframework/context/config/spring-context-4.2.xsd, http://www.springframework.org/schema/jee/spring-jee-4.3.xsd=org/springframework/ejb/config/spring-jee-4.3.xsd, http://www.springframework.org/schema/aop/spring-aop-4.3.xsd=org/springframework/aop/config/spring-aop-4.3.xsd, http://www.springframework.org/schema/beans/spring-beans-4.3.xsd=org/springframework/beans/factory/xml/spring-beans-4.3.xsd, http://www.springframework.org/schema/beans/spring-beans-4.1.xsd=org/springframework/beans/factory/xml/spring-beans-4.1.xsd, http://www.springframework.org/schema/oxm/spring-oxm-3.0.xsd=org/springframework/oxm/config/spring-oxm-3.0.xsd, http://www.springframework.org/schema/mvc/spring-mvc-4.2.xsd=org/springframework/web/servlet/config/spring-mvc-4.2.xsd, http://www.springframework.org/schema/cache/spring-cache-4.0.xsd=org/springframework/cache/config/spring-cache-4.0.xsd, http://www.springframework.org/schema/util/spring-util-2.5.xsd=org/springframework/beans/factory/xml/spring-util-2.5.xsd, http://www.springframework.org/schema/tool/spring-tool-4.2.xsd=org/springframework/beans/factory/xml/spring-tool-4.2.xsd, http://www.springframework.org/schema/lang/spring-lang-3.1.xsd=org/springframework/scripting/config/spring-lang-3.1.xsd, http://www.springframework.org/schema/task/spring-task.xsd=org/springframework/scheduling/config/spring-task-4.3.xsd, http://www.springframework.org/schema/task/spring-task-4.2.xsd=org/springframework/scheduling/config/spring-task-4.2.xsd, http://www.springframework.org/schema/aop/spring-aop.xsd=org/springframework/aop/config/spring-aop-4.3.xsd, http://www.springframework.org/schema/data/repository/spring-repository-1.7.xsd=org/springframework/data/repository/config/spring-repository-1.7.xsd, http://www.springframework.org/schema/lang/spring-lang-4.0.xsd=org/springframework/scripting/config/spring-lang-4.0.xsd, http://www.springframework.org/schema/beans/spring-beans-2.0.xsd=org/springframework/beans/factory/xml/spring-beans-2.0.xsd, http://www.springframework.org/schema/mvc/spring-mvc-4.1.xsd=org/springframework/web/servlet/config/spring-mvc-4.1.xsd, http://www.springframework.org/schema/task/spring-task-4.1.xsd=org/springframework/scheduling/config/spring-task-4.1.xsd, http://www.springframework.org/schema/data/repository/spring-repository-1.6.xsd=org/springframework/data/repository/config/spring-repository-1.6.xsd, http://www.springframework.org/schema/util/spring-util-3.2.xsd=org/springframework/beans/factory/xml/spring-util-3.2.xsd, http://www.springframework.org/schema/lang/spring-lang-3.2.xsd=org/springframework/scripting/config/spring-lang-3.2.xsd, http://www.springframework.org/schema/cache/spring-cache-3.2.xsd=org/springframework/cache/config/spring-cache-3.2.xsd, http://www.springframework.org/schema/tx/spring-tx-2.0.xsd=org/springframework/transaction/config/spring-tx-2.0.xsd, http://www.springframework.org/schema/tx/spring-tx-4.3.xsd=org/springframework/transaction/config/spring-tx-4.3.xsd, http://www.springframework.org/schema/data/repository/spring-repository-1.4.xsd=org/springframework/data/repository/config/spring-repository-1.4.xsd, http://www.springframework.org/schema/util/spring-util-3.0.xsd=org/springframework/beans/factory/xml/spring-util-3.0.xsd, http://www.springframework.org/schema/jee/spring-jee-3.2.xsd=org/springframework/ejb/config/spring-jee-3.2.xsd, http://www.springframework.org/schema/tool/spring-tool-3.2.xsd=org/springframework/beans/factory/xml/spring-tool-3.2.xsd, http://www.springframework.org/schema/aop/spring-aop-3.2.xsd=org/springframework/aop/config/spring-aop-3.2.xsd, http://www.springframework.org/schema/mvc/spring-mvc.xsd=org/springframework/web/servlet/config/spring-mvc-4.3.xsd, http://www.springframework.org/schema/jdbc/spring-jdbc-4.0.xsd=org/springframework/jdbc/config/spring-jdbc-4.0.xsd, http://www.springframework.org/schema/jdbc/spring-jdbc-3.2.xsd=org/springframework/jdbc/config/spring-jdbc-3.2.xsd, http://www.springframework.org/schema/context/spring-context.xsd=org/springframework/context/config/spring-context-4.3.xsd, http://www.springframework.org/schema/aop/spring-aop-4.0.xsd=org/springframework/aop/config/spring-aop-4.0.xsd, http://www.springframework.org/schema/jee/spring-jee-4.0.xsd=org/springframework/ejb/config/spring-jee-4.0.xsd, http://www.springframework.org/schema/beans/spring-beans-3.0.xsd=org/springframework/beans/factory/xml/spring-beans-3.0.xsd, http://www.springframework.org/schema/mvc/spring-mvc-3.1.xsd=org/springframework/web/servlet/config/spring-mvc-3.1.xsd, http://www.springframework.org/schema/jee/spring-jee-3.0.xsd=org/springframework/ejb/config/spring-jee-3.0.xsd, http://www.springframework.org/schema/aop/spring-aop-3.0.xsd=org/springframework/aop/config/spring-aop-3.0.xsd, http://www.springframework.org/schema/oxm/spring-oxm-4.2.xsd=org/springframework/oxm/config/spring-oxm-4.2.xsd, http://www.springframework.org/schema/jdbc/spring-jdbc-3.0.xsd=org/springframework/jdbc/config/spring-jdbc-3.0.xsd, http://www.springframework.org/schema/task/spring-task-3.1.xsd=org/springframework/scheduling/config/spring-task-3.1.xsd, http://www.springframework.org/schema/oxm/spring-oxm-4.0.xsd=org/springframework/oxm/config/spring-oxm-4.0.xsd, http://www.springframework.org/schema/tx/spring-tx-4.1.xsd=org/springframework/transaction/config/spring-tx-4.1.xsd, http://www.springframework.org/schema/tool/spring-tool-3.0.xsd=org/springframework/beans/factory/xml/spring-tool-3.0.xsd, http://www.springframework.org/schema/lang/spring-lang-4.2.xsd=org/springframework/scripting/config/spring-lang-4.2.xsd}
14:07:12.127 [main] DEBUG o.s.b.f.xml.PluggableSchemaResolver - Found XML schema [http://www.springframework.org/schema/beans/spring-beans-3.2.xsd] in classpath: org/springframework/beans/factory/xml/spring-beans-3.2.xsd
14:07:12.134 [main] DEBUG o.s.b.f.xml.PluggableSchemaResolver - Found XML schema [http://www.springframework.org/schema/context/spring-context-3.2.xsd] in classpath: org/springframework/context/config/spring-context-3.2.xsd
14:07:12.136 [main] DEBUG o.s.b.f.xml.PluggableSchemaResolver - Found XML schema [http://www.springframework.org/schema/tool/spring-tool-3.2.xsd] in classpath: org/springframework/beans/factory/xml/spring-tool-3.2.xsd
14:07:12.140 [main] DEBUG o.s.b.f.xml.PluggableSchemaResolver - Found XML schema [http://www.springframework.org/schema/mvc/spring-mvc-3.2.xsd] in classpath: org/springframework/web/servlet/config/spring-mvc-3.2.xsd
14:07:12.145 [main] DEBUG o.s.b.f.x.DefaultBeanDefinitionDocumentReader - Loading bean definitions
14:07:12.148 [main] DEBUG o.s.b.f.x.DefaultNamespaceHandlerResolver - Loaded NamespaceHandler mappings: {http://www.springframework.org/schema/aop=org.springframework.aop.config.AopNamespaceHandler, http://www.springframework.org/schema/oxm=org.springframework.oxm.config.OxmNamespaceHandler, http://www.springframework.org/schema/task=org.springframework.scheduling.config.TaskNamespaceHandler, http://mybatis.org/schema/mybatis-spring=org.mybatis.spring.config.NamespaceHandler, http://www.springframework.org/schema/lang=org.springframework.scripting.config.LangNamespaceHandler, http://www.springframework.org/schema/c=org.springframework.beans.factory.xml.SimpleConstructorNamespaceHandler, http://www.springframework.org/schema/jee=org.springframework.ejb.config.JeeNamespaceHandler, http://www.springframework.org/schema/data/repository=org.springframework.data.repository.config.RepositoryNameSpaceHandler, http://www.springframework.org/schema/cache=org.springframework.cache.config.CacheNamespaceHandler, http://www.springframework.org/schema/redis=org.springframework.data.redis.config.RedisNamespaceHandler, http://www.springframework.org/schema/jdbc=org.springframework.jdbc.config.JdbcNamespaceHandler, http://www.springframework.org/schema/p=org.springframework.beans.factory.xml.SimplePropertyNamespaceHandler, http://www.springframework.org/schema/util=org.springframework.beans.factory.xml.UtilNamespaceHandler, http://www.springframework.org/schema/tx=org.springframework.transaction.config.TxNamespaceHandler, http://www.springframework.org/schema/context=org.springframework.context.config.ContextNamespaceHandler, http://www.springframework.org/schema/data/keyvalue=org.springframework.data.keyvalue.repository.config.KeyValueRepositoryNameSpaceHandler, http://www.springframework.org/schema/mvc=org.springframework.web.servlet.config.MvcNamespaceHandler}
14:07:12.149 [main] DEBUG o.s.c.i.s.PathMatchingResourcePatternResolver - Resolved classpath location [cn/hdu/HDU_Minitor/] to resources [URL [file:/F:/Git/JAVAProject/HDU_Minitor/target/classes/cn/hdu/HDU_Minitor/]]
14:07:12.149 [main] DEBUG o.s.c.i.s.PathMatchingResourcePatternResolver - Looking for matching resources in directory tree [F:\Git\JAVAProject\HDU_Minitor\target\classes\cn\hdu\HDU_Minitor]
14:07:12.149 [main] DEBUG o.s.c.i.s.PathMatchingResourcePatternResolver - Searching directory [F:\Git\JAVAProject\HDU_Minitor\target\classes\cn\hdu\HDU_Minitor] for files matching pattern [F:/Git/JAVAProject/HDU_Minitor/target/classes/cn/hdu/HDU_Minitor/**/*.class]
14:07:12.149 [main] DEBUG o.s.c.i.s.PathMatchingResourcePatternResolver - Searching directory [F:\Git\JAVAProject\HDU_Minitor\target\classes\cn\hdu\HDU_Minitor\controller] for files matching pattern [F:/Git/JAVAProject/HDU_Minitor/target/classes/cn/hdu/HDU_Minitor/**/*.class]
14:07:12.166 [main] DEBUG o.s.c.i.s.PathMatchingResourcePatternResolver - Searching directory [F:\Git\JAVAProject\HDU_Minitor\target\classes\cn\hdu\HDU_Minitor\controller\device] for files matching pattern [F:/Git/JAVAProject/HDU_Minitor/target/classes/cn/hdu/HDU_Minitor/**/*.class]
14:07:12.167 [main] DEBUG o.s.c.i.s.PathMatchingResourcePatternResolver - Searching directory [F:\Git\JAVAProject\HDU_Minitor\target\classes\cn\hdu\HDU_Minitor\dao] for files matching pattern [F:/Git/JAVAProject/HDU_Minitor/target/classes/cn/hdu/HDU_Minitor/**/*.class]
14:07:12.168 [main] DEBUG o.s.c.i.s.PathMatchingResourcePatternResolver - Searching directory [F:\Git\JAVAProject\HDU_Minitor\target\classes\cn\hdu\HDU_Minitor\entity] for files matching pattern [F:/Git/JAVAProject/HDU_Minitor/target/classes/cn/hdu/HDU_Minitor/**/*.class]
14:07:12.168 [main] DEBUG o.s.c.i.s.PathMatchingResourcePatternResolver - Searching directory [F:\Git\JAVAProject\HDU_Minitor\target\classes\cn\hdu\HDU_Minitor\service] for files matching pattern [F:/Git/JAVAProject/HDU_Minitor/target/classes/cn/hdu/HDU_Minitor/**/*.class]
14:07:12.169 [main] DEBUG o.s.c.i.s.PathMatchingResourcePatternResolver - Searching directory [F:\Git\JAVAProject\HDU_Minitor\target\classes\cn\hdu\HDU_Minitor\service\ex] for files matching pattern [F:/Git/JAVAProject/HDU_Minitor/target/classes/cn/hdu/HDU_Minitor/**/*.class]
14:07:12.169 [main] DEBUG o.s.c.i.s.PathMatchingResourcePatternResolver - Searching directory [F:\Git\JAVAProject\HDU_Minitor\target\classes\cn\hdu\HDU_Minitor\util] for files matching pattern [F:/Git/JAVAProject/HDU_Minitor/target/classes/cn/hdu/HDU_Minitor/**/*.class]
14:07:12.170 [main] DEBUG o.s.c.i.s.PathMatchingResourcePatternResolver - Resolved location pattern [classpath*:cn/hdu/HDU_Minitor/**/*.class] to resources [file [F:\Git\JAVAProject\HDU_Minitor\target\classes\cn\hdu\HDU_Minitor\controller\AddBuildContorller.class], file [F:\Git\JAVAProject\HDU_Minitor\target\classes\cn\hdu\HDU_Minitor\controller\AddRoomController.class], file [F:\Git\JAVAProject\HDU_Minitor\target\classes\cn\hdu\HDU_Minitor\controller\AddUserController.class], file [F:\Git\JAVAProject\HDU_Minitor\target\classes\cn\hdu\HDU_Minitor\controller\AdminLoadUserController.class], file [F:\Git\JAVAProject\HDU_Minitor\target\classes\cn\hdu\HDU_Minitor\controller\DeleteUserController.class], file [F:\Git\JAVAProject\HDU_Minitor\target\classes\cn\hdu\HDU_Minitor\controller\device\DeviceUploadInfoController.class], file [F:\Git\JAVAProject\HDU_Minitor\target\classes\cn\hdu\HDU_Minitor\controller\LoadBuildController.class], file [F:\Git\JAVAProject\HDU_Minitor\target\classes\cn\hdu\HDU_Minitor\controller\LoadRoomController.class], file [F:\Git\JAVAProject\HDU_Minitor\target\classes\cn\hdu\HDU_Minitor\controller\RemoveBuildController.class], file [F:\Git\JAVAProject\HDU_Minitor\target\classes\cn\hdu\HDU_Minitor\controller\UserGetRdmPwdController.class], file [F:\Git\JAVAProject\HDU_Minitor\target\classes\cn\hdu\HDU_Minitor\controller\UserLoginController.class], file [F:\Git\JAVAProject\HDU_Minitor\target\classes\cn\hdu\HDU_Minitor\dao\BuildDao.class], file [F:\Git\JAVAProject\HDU_Minitor\target\classes\cn\hdu\HDU_Minitor\dao\DeviceDao.class], file [F:\Git\JAVAProject\HDU_Minitor\target\classes\cn\hdu\HDU_Minitor\dao\RoomDao.class], file [F:\Git\JAVAProject\HDU_Minitor\target\classes\cn\hdu\HDU_Minitor\dao\UserBuildDao.class], file [F:\Git\JAVAProject\HDU_Minitor\target\classes\cn\hdu\HDU_Minitor\dao\UserDao.class], file [F:\Git\JAVAProject\HDU_Minitor\target\classes\cn\hdu\HDU_Minitor\dao\UserRoomDao.class], file [F:\Git\JAVAProject\HDU_Minitor\target\classes\cn\hdu\HDU_Minitor\entity\Build.class], file [F:\Git\JAVAProject\HDU_Minitor\target\classes\cn\hdu\HDU_Minitor\entity\Device.class], file [F:\Git\JAVAProject\HDU_Minitor\target\classes\cn\hdu\HDU_Minitor\entity\Room.class], file [F:\Git\JAVAProject\HDU_Minitor\target\classes\cn\hdu\HDU_Minitor\entity\User.class], file [F:\Git\JAVAProject\HDU_Minitor\target\classes\cn\hdu\HDU_Minitor\entity\UserBuild.class], file [F:\Git\JAVAProject\HDU_Minitor\target\classes\cn\hdu\HDU_Minitor\entity\UserRoom.class], file [F:\Git\JAVAProject\HDU_Minitor\target\classes\cn\hdu\HDU_Minitor\service\BuildService.class], file [F:\Git\JAVAProject\HDU_Minitor\target\classes\cn\hdu\HDU_Minitor\service\BuildServiceImpl.class], file [F:\Git\JAVAProject\HDU_Minitor\target\classes\cn\hdu\HDU_Minitor\service\ex\InsertAndUpdateException.class], file [F:\Git\JAVAProject\HDU_Minitor\target\classes\cn\hdu\HDU_Minitor\service\ex\ServiceException.class], file [F:\Git\JAVAProject\HDU_Minitor\target\classes\cn\hdu\HDU_Minitor\service\RoomSericeImpl.class], file [F:\Git\JAVAProject\HDU_Minitor\target\classes\cn\hdu\HDU_Minitor\service\RoomService.class], file [F:\Git\JAVAProject\HDU_Minitor\target\classes\cn\hdu\HDU_Minitor\service\UserService.class], file [F:\Git\JAVAProject\HDU_Minitor\target\classes\cn\hdu\HDU_Minitor\service\UserServiceImpl$1.class], file [F:\Git\JAVAProject\HDU_Minitor\target\classes\cn\hdu\HDU_Minitor\service\UserServiceImpl$2.class], file [F:\Git\JAVAProject\HDU_Minitor\target\classes\cn\hdu\HDU_Minitor\service\UserServiceImpl$3.class], file [F:\Git\JAVAProject\HDU_Minitor\target\classes\cn\hdu\HDU_Minitor\service\UserServiceImpl.class], file [F:\Git\JAVAProject\HDU_Minitor\target\classes\cn\hdu\HDU_Minitor\util\MinitorResult.class], file [F:\Git\JAVAProject\HDU_Minitor\target\classes\cn\hdu\HDU_Minitor\util\MinitorUtil.class], file [F:\Git\JAVAProject\HDU_Minitor\target\classes\cn\hdu\HDU_Minitor\util\SendPhoneMsg.class]]
14:07:12.172 [main] DEBUG o.s.c.a.ClassPathBeanDefinitionScanner - Identified candidate component class: file [F:\Git\JAVAProject\HDU_Minitor\target\classes\cn\hdu\HDU_Minitor\controller\AddBuildContorller.class]
14:07:12.172 [main] DEBUG o.s.c.a.ClassPathBeanDefinitionScanner - Identified candidate component class: file [F:\Git\JAVAProject\HDU_Minitor\target\classes\cn\hdu\HDU_Minitor\controller\AddRoomController.class]
14:07:12.173 [main] DEBUG o.s.c.a.ClassPathBeanDefinitionScanner - Identified candidate component class: file [F:\Git\JAVAProject\HDU_Minitor\target\classes\cn\hdu\HDU_Minitor\controller\AddUserController.class]
14:07:12.174 [main] DEBUG o.s.c.a.ClassPathBeanDefinitionScanner - Identified candidate component class: file [F:\Git\JAVAProject\HDU_Minitor\target\classes\cn\hdu\HDU_Minitor\controller\AdminLoadUserController.class]
14:07:12.174 [main] DEBUG o.s.c.a.ClassPathBeanDefinitionScanner - Identified candidate component class: file [F:\Git\JAVAProject\HDU_Minitor\target\classes\cn\hdu\HDU_Minitor\controller\DeleteUserController.class]
14:07:12.175 [main] DEBUG o.s.c.a.ClassPathBeanDefinitionScanner - Identified candidate component class: file [F:\Git\JAVAProject\HDU_Minitor\target\classes\cn\hdu\HDU_Minitor\controller\device\DeviceUploadInfoController.class]
14:07:12.176 [main] DEBUG o.s.c.a.ClassPathBeanDefinitionScanner - Identified candidate component class: file [F:\Git\JAVAProject\HDU_Minitor\target\classes\cn\hdu\HDU_Minitor\controller\LoadBuildController.class]
14:07:12.176 [main] DEBUG o.s.c.a.ClassPathBeanDefinitionScanner - Identified candidate component class: file [F:\Git\JAVAProject\HDU_Minitor\target\classes\cn\hdu\HDU_Minitor\controller\LoadRoomController.class]
14:07:12.177 [main] DEBUG o.s.c.a.ClassPathBeanDefinitionScanner - Identified candidate component class: file [F:\Git\JAVAProject\HDU_Minitor\target\classes\cn\hdu\HDU_Minitor\controller\RemoveBuildController.class]
14:07:12.177 [main] DEBUG o.s.c.a.ClassPathBeanDefinitionScanner - Identified candidate component class: file [F:\Git\JAVAProject\HDU_Minitor\target\classes\cn\hdu\HDU_Minitor\controller\UserGetRdmPwdController.class]
14:07:12.178 [main] DEBUG o.s.c.a.ClassPathBeanDefinitionScanner - Identified candidate component class: file [F:\Git\JAVAProject\HDU_Minitor\target\classes\cn\hdu\HDU_Minitor\controller\UserLoginController.class]
14:07:12.182 [main] DEBUG o.s.c.a.ClassPathBeanDefinitionScanner - Identified candidate component class: file [F:\Git\JAVAProject\HDU_Minitor\target\classes\cn\hdu\HDU_Minitor\service\BuildServiceImpl.class]
14:07:12.183 [main] DEBUG o.s.c.a.ClassPathBeanDefinitionScanner - Identified candidate component class: file [F:\Git\JAVAProject\HDU_Minitor\target\classes\cn\hdu\HDU_Minitor\service\RoomSericeImpl.class]
14:07:12.186 [main] DEBUG o.s.c.a.ClassPathBeanDefinitionScanner - Identified candidate component class: file [F:\Git\JAVAProject\HDU_Minitor\target\classes\cn\hdu\HDU_Minitor\service\UserServiceImpl.class]
14:07:12.190 [main] DEBUG o.s.b.f.xml.XmlBeanDefinitionReader - Loaded 32 bean definitions from location pattern [conf/spring-mvc.xml]
14:07:12.190 [main] INFO  o.s.b.f.xml.XmlBeanDefinitionReader - Loading XML bean definitions from class path resource [conf/spring-mybatis.xml]
14:07:12.192 [main] DEBUG o.s.b.f.xml.DefaultDocumentLoader - Using JAXP provider [com.sun.org.apache.xerces.internal.jaxp.DocumentBuilderFactoryImpl]
14:07:12.194 [main] DEBUG o.s.b.f.xml.PluggableSchemaResolver - Found XML schema [http://www.springframework.org/schema/beans/spring-beans-3.2.xsd] in classpath: org/springframework/beans/factory/xml/spring-beans-3.2.xsd
14:07:12.209 [main] DEBUG o.s.b.f.x.DefaultBeanDefinitionDocumentReader - Loading bean definitions
14:07:12.209 [main] DEBUG o.s.b.f.xml.XmlBeanDefinitionReader - Loaded 3 bean definitions from location pattern [conf/spring-mybatis.xml]
14:07:12.210 [main] INFO  o.s.b.f.xml.XmlBeanDefinitionReader - Loading XML bean definitions from class path resource [conf/spring-transaction.xml]
14:07:12.213 [main] DEBUG o.s.b.f.xml.DefaultDocumentLoader - Using JAXP provider [com.sun.org.apache.xerces.internal.jaxp.DocumentBuilderFactoryImpl]
14:07:12.215 [main] DEBUG o.s.b.f.xml.PluggableSchemaResolver - Found XML schema [http://www.springframework.org/schema/beans/spring-beans-3.2.xsd] in classpath: org/springframework/beans/factory/xml/spring-beans-3.2.xsd
14:07:12.225 [main] DEBUG o.s.b.f.xml.PluggableSchemaResolver - Found XML schema [http://www.springframework.org/schema/tx/spring-tx-3.2.xsd] in classpath: org/springframework/transaction/config/spring-tx-3.2.xsd
14:07:12.227 [main] DEBUG o.s.b.f.xml.PluggableSchemaResolver - Found XML schema [http://www.springframework.org/schema/tool/spring-tool-3.2.xsd] in classpath: org/springframework/beans/factory/xml/spring-tool-3.2.xsd
14:07:12.230 [main] DEBUG o.s.b.f.x.DefaultBeanDefinitionDocumentReader - Loading bean definitions
14:07:12.230 [main] DEBUG o.s.b.f.xml.XmlBeanDefinitionReader - Loaded 6 bean definitions from location pattern [conf/spring-transaction.xml]
14:07:12.231 [main] DEBUG o.s.c.s.ClassPathXmlApplicationContext - Bean factory for org.springframework.context.support.ClassPathXmlApplicationContext@ebda593: org.springframework.beans.factory.support.DefaultListableBeanFactory@4373f66f: defining beans [addBuildContorller,addRoomController,addUserController,adminLoadUserController,deleteUserController,deviceUploadInfoController,loadBuildController,loadRoomController,removeBuildController,userGetRdmPwdController,userLoginController,buildService,roomService,userService,org.springframework.context.annotation.internalConfigurationAnnotationProcessor,org.springframework.context.annotation.internalAutowiredAnnotationProcessor,org.springframework.context.annotation.internalRequiredAnnotationProcessor,org.springframework.context.event.internalEventListenerProcessor,org.springframework.context.event.internalEventListenerFactory,mvcContentNegotiationManager,org.springframework.web.servlet.mvc.method.annotation.RequestMappingHandlerMapping,mvcCorsConfigurations,org.springframework.format.support.FormattingConversionServiceFactoryBean#0,org.springframework.web.servlet.mvc.method.annotation.RequestMappingHandlerAdapter,mvcUriComponentsContributor,org.springframework.web.servlet.handler.MappedInterceptor#0,org.springframework.web.servlet.mvc.method.annotation.ExceptionHandlerExceptionResolver#0,org.springframework.web.servlet.mvc.annotation.ResponseStatusExceptionResolver#0,org.springframework.web.servlet.mvc.support.DefaultHandlerExceptionResolver#0,org.springframework.web.servlet.handler.BeanNameUrlHandlerMapping,org.springframework.web.servlet.mvc.HttpRequestHandlerAdapter,org.springframework.web.servlet.mvc.SimpleControllerHandlerAdapter,dbcp,ssf,mapperScanner,txManger,org.springframework.transaction.config.internalTransactionalEventListenerFactory,org.springframework.aop.config.internalAutoProxyCreator,org.springframework.transaction.annotation.AnnotationTransactionAttributeSource#0,org.springframework.transaction.interceptor.TransactionInterceptor#0,org.springframework.transaction.config.internalTransactionAdvisor]; root of factory hierarchy
14:07:12.231 [main] DEBUG o.s.b.f.s.DefaultListableBeanFactory - Creating shared instance of singleton bean &apos;org.springframework.context.annotation.internalConfigurationAnnotationProcessor&apos;
14:07:12.231 [main] DEBUG o.s.b.f.s.DefaultListableBeanFactory - Creating instance of bean &apos;org.springframework.context.annotation.internalConfigurationAnnotationProcessor&apos;
14:07:12.232 [main] DEBUG o.s.b.f.s.DefaultListableBeanFactory - Eagerly caching bean &apos;org.springframework.context.annotation.internalConfigurationAnnotationProcessor&apos; to allow for resolving potential circular references
14:07:12.232 [main] DEBUG o.s.b.f.s.DefaultListableBeanFactory - Finished creating instance of bean &apos;org.springframework.context.annotation.internalConfigurationAnnotationProcessor&apos;
14:07:12.272 [main] DEBUG o.s.b.f.s.DefaultListableBeanFactory - Creating shared instance of singleton bean &apos;mapperScanner&apos;
14:07:12.272 [main] DEBUG o.s.b.f.s.DefaultListableBeanFactory - Creating instance of bean &apos;mapperScanner&apos;
14:07:12.272 [main] DEBUG o.s.b.f.s.DefaultListableBeanFactory - Eagerly caching bean &apos;mapperScanner&apos; to allow for resolving potential circular references
14:07:12.274 [main] DEBUG o.s.b.f.s.DefaultListableBeanFactory - Invoking afterPropertiesSet() on bean with name &apos;mapperScanner&apos;
14:07:12.274 [main] DEBUG o.s.b.f.s.DefaultListableBeanFactory - Finished creating instance of bean &apos;mapperScanner&apos;
14:07:12.274 [main] DEBUG o.s.core.env.StandardEnvironment - Adding PropertySource &apos;systemProperties&apos; with lowest search precedence
14:07:12.274 [main] DEBUG o.s.core.env.StandardEnvironment - Adding PropertySource &apos;systemEnvironment&apos; with lowest search precedence
14:07:12.274 [main] DEBUG o.s.core.env.StandardEnvironment - Initialized StandardEnvironment with PropertySources [MapPropertySource@2049620066 {name=&apos;systemProperties&apos;, properties={sun.desktop=windows, awt.toolkit=sun.awt.windows.WToolkit, java.specification.version=9, file.encoding.pkg=sun.io, sun.cpu.isalist=amd64, sun.jnu.encoding=GBK, java.class.path=F:\Git\JAVAProject\HDU_Minitor\target\test-classes;F:\Git\JAVAProject\HDU_Minitor\target\classes;E:\eclipse-workspace\.m2\repository\org\springframework\spring-webmvc\4.3.11.RELEASE\spring-webmvc-4.3.11.RELEASE.jar;E:\eclipse-workspace\.m2\repository\org\springframework\spring-aop\4.3.11.RELEASE\spring-aop-4.3.11.RELEASE.jar;E:\eclipse-workspace\.m2\repository\org\springframework\spring-beans\4.3.11.RELEASE\spring-beans-4.3.11.RELEASE.jar;E:\eclipse-workspace\.m2\repository\org\springframework\spring-context\4.3.11.RELEASE\spring-context-4.3.11.RELEASE.jar;E:\eclipse-workspace\.m2\repository\org\springframework\spring-core\4.3.11.RELEASE\spring-core-4.3.11.RELEASE.jar;E:\eclipse-workspace\.m2\repository\commons-logging\commons-logging\1.2\commons-logging-1.2.jar;E:\eclipse-workspace\.m2\repository\org\springframework\spring-expression\4.3.11.RELEASE\spring-expression-4.3.11.RELEASE.jar;E:\eclipse-workspace\.m2\repository\org\springframework\spring-web\4.3.11.RELEASE\spring-web-4.3.11.RELEASE.jar;E:\eclipse-workspace\.m2\repository\org\springframework\spring-jdbc\4.3.11.RELEASE\spring-jdbc-4.3.11.RELEASE.jar;E:\eclipse-workspace\.m2\repository\org\springframework\spring-tx\4.3.11.RELEASE\spring-tx-4.3.11.RELEASE.jar;E:\eclipse-workspace\.m2\repository\commons-dbcp\commons-dbcp\1.4\commons-dbcp-1.4.jar;E:\eclipse-workspace\.m2\repository\commons-pool\commons-pool\1.5.4\commons-pool-1.5.4.jar;E:\eclipse-workspace\.m2\repository\mysql\mysql-connector-java\5.1.37\mysql-connector-java-5.1.37.jar;E:\eclipse-workspace\.m2\repository\org\mybatis\mybatis\3.4.6\mybatis-3.4.6.jar;E:\eclipse-workspace\.m2\repository\org\mybatis\mybatis-spring\1.3.1\mybatis-spring-1.3.1.jar;E:\eclipse-workspace\.m2\repository\jstl\jstl\1.2\jstl-1.2.jar;E:\eclipse-workspace\.m2\repository\com\mangofactory\swagger-springmvc\1.0.2\swagger-springmvc-1.0.2.jar;E:\eclipse-workspace\.m2\repository\org\slf4j\slf4j-api\1.7.7\slf4j-api-1.7.7.jar;E:\eclipse-workspace\.m2\repository\joda-time\joda-time\2.5\joda-time-2.5.jar;E:\eclipse-workspace\.m2\repository\com\mangofactory\swagger-models\1.0.2\swagger-models-1.0.2.jar;E:\eclipse-workspace\.m2\repository\com\wordnik\swagger-annotations\1.3.11\swagger-annotations-1.3.11.jar;E:\eclipse-workspace\.m2\repository\com\google\guava\guava\15.0\guava-15.0.jar;E:\eclipse-workspace\.m2\repository\com\fasterxml\jackson\core\jackson-annotations\2.6.1\jackson-annotations-2.6.1.jar;E:\eclipse-workspace\.m2\repository\com\fasterxml\jackson\core\jackson-databind\2.6.1\jackson-databind-2.6.1.jar;E:\eclipse-workspace\.m2\repository\com\fasterxml\jackson\core\jackson-core\2.6.1\jackson-core-2.6.1.jar;E:\eclipse-workspace\.m2\repository\com\fasterxml\classmate\1.1.0\classmate-1.1.0.jar;E:\eclipse-workspace\.m2\repository\org\springframework\data\spring-data-redis\1.8.7.RELEASE\spring-data-redis-1.8.7.RELEASE.jar;E:\eclipse-workspace\.m2\repository\org\springframework\data\spring-data-keyvalue\1.2.7.RELEASE\spring-data-keyvalue-1.2.7.RELEASE.jar;E:\eclipse-workspace\.m2\repository\org\springframework\data\spring-data-commons\1.13.7.RELEASE\spring-data-commons-1.13.7.RELEASE.jar;E:\eclipse-workspace\.m2\repository\org\springframework\spring-oxm\4.3.11.RELEASE\spring-oxm-4.3.11.RELEASE.jar;E:\eclipse-workspace\.m2\repository\org\springframework\spring-context-support\4.3.11.RELEASE\spring-context-support-4.3.11.RELEASE.jar;E:\eclipse-workspace\.m2\repository\org\slf4j\jcl-over-slf4j\1.7.25\jcl-over-slf4j-1.7.25.jar;E:\eclipse-workspace\.m2\repository\redis\clients\jedis\2.9.0\jedis-2.9.0.jar;E:\eclipse-workspace\.m2\repository\org\apache\commons\commons-pool2\2.4.2\commons-pool2-2.4.2.jar;E:\eclipse-workspace\.m2\repository\ch\qos\logback\logback-classic\0.9.24\logback-classic-0.9.24.jar;E:\eclipse-workspace\.m2\repository\ch\qos\logback\logback-core\0.9.24\logback-core-0.9.24.jar;E:\eclipse-workspace\.m2\repository\log4j\log4j\1.2.17\log4j-1.2.17.jar;E:\eclipse-workspace\.m2\repository\org\aspectj\aspectjrt\1.8.10\aspectjrt-1.8.10.jar;E:\eclipse-workspace\.m2\repository\org\aspectj\aspectjweaver\1.8.10\aspectjweaver-1.8.10.jar;E:\eclipse-workspace\.m2\repository\junit\junit\4.11\junit-4.11.jar;E:\eclipse-workspace\.m2\repository\org\hamcrest\hamcrest-core\1.3\hamcrest-core-1.3.jar;E:\eclipse-workspace\.m2\repository\javax\servlet\servlet-api\2.5\servlet-api-2.5.jar;E:\eclipse-workspace\.m2\repository\javax\servlet\jsp\jsp-api\2.1.3-b06\jsp-api-2.1.3-b06.jar;E:\eclipse-workspace\.m2\repository\org\glassfish\javax.servlet\3.0-b70\javax.servlet-3.0-b70.jar;E:\eclipse-workspace\.m2\repository\javax\el\el-api\2.1.2-b05\el-api-2.1.2-b05.jar;, java.vm.vendor=Oracle Corporation, sun.arch.data.model=64, user.variant=, java.vendor.url=http://java.oracle.com/, user.timezone=Asia/Shanghai, os.name=Windows 7, java.vm.specification.version=9, sun.java.launcher=SUN_STANDARD, user.country=CN, sun.boot.library.path=E:\Java\jdk 9.01\bin, sun.java.command=F:\Git\JAVAProject\HDU_Minitor\target\surefire\surefirebooter9040375031050353846.jar F:\Git\JAVAProject\HDU_Minitor\target\surefire\surefire6366189002758959061tmp F:\Git\JAVAProject\HDU_Minitor\target\surefire\surefire_013619108730529990772tmp, jdk.debug=release, surefire.test.class.path=F:\Git\JAVAProject\HDU_Minitor\target\test-classes;F:\Git\JAVAProject\HDU_Minitor\target\classes;E:\eclipse-workspace\.m2\repository\org\springframework\spring-webmvc\4.3.11.RELEASE\spring-webmvc-4.3.11.RELEASE.jar;E:\eclipse-workspace\.m2\repository\org\springframework\spring-aop\4.3.11.RELEASE\spring-aop-4.3.11.RELEASE.jar;E:\eclipse-workspace\.m2\repository\org\springframework\spring-beans\4.3.11.RELEASE\spring-beans-4.3.11.RELEASE.jar;E:\eclipse-workspace\.m2\repository\org\springframework\spring-context\4.3.11.RELEASE\spring-context-4.3.11.RELEASE.jar;E:\eclipse-workspace\.m2\repository\org\springframework\spring-core\4.3.11.RELEASE\spring-core-4.3.11.RELEASE.jar;E:\eclipse-workspace\.m2\repository\commons-logging\commons-logging\1.2\commons-logging-1.2.jar;E:\eclipse-workspace\.m2\repository\org\springframework\spring-expression\4.3.11.RELEASE\spring-expression-4.3.11.RELEASE.jar;E:\eclipse-workspace\.m2\repository\org\springframework\spring-web\4.3.11.RELEASE\spring-web-4.3.11.RELEASE.jar;E:\eclipse-workspace\.m2\repository\org\springframework\spring-jdbc\4.3.11.RELEASE\spring-jdbc-4.3.11.RELEASE.jar;E:\eclipse-workspace\.m2\repository\org\springframework\spring-tx\4.3.11.RELEASE\spring-tx-4.3.11.RELEASE.jar;E:\eclipse-workspace\.m2\repository\commons-dbcp\commons-dbcp\1.4\commons-dbcp-1.4.jar;E:\eclipse-workspace\.m2\repository\commons-pool\commons-pool\1.5.4\commons-pool-1.5.4.jar;E:\eclipse-workspace\.m2\repository\mysql\mysql-connector-java\5.1.37\mysql-connector-java-5.1.37.jar;E:\eclipse-workspace\.m2\repository\org\mybatis\mybatis\3.4.6\mybatis-3.4.6.jar;E:\eclipse-workspace\.m2\repository\org\mybatis\mybatis-spring\1.3.1\mybatis-spring-1.3.1.jar;E:\eclipse-workspace\.m2\repository\jstl\jstl\1.2\jstl-1.2.jar;E:\eclipse-workspace\.m2\repository\com\mangofactory\swagger-springmvc\1.0.2\swagger-springmvc-1.0.2.jar;E:\eclipse-workspace\.m2\repository\org\slf4j\slf4j-api\1.7.7\slf4j-api-1.7.7.jar;E:\eclipse-workspace\.m2\repository\joda-time\joda-time\2.5\joda-time-2.5.jar;E:\eclipse-workspace\.m2\repository\com\mangofactory\swagger-models\1.0.2\swagger-models-1.0.2.jar;E:\eclipse-workspace\.m2\repository\com\wordnik\swagger-annotations\1.3.11\swagger-annotations-1.3.11.jar;E:\eclipse-workspace\.m2\repository\com\google\guava\guava\15.0\guava-15.0.jar;E:\eclipse-workspace\.m2\repository\com\fasterxml\jackson\core\jackson-annotations\2.6.1\jackson-annotations-2.6.1.jar;E:\eclipse-workspace\.m2\repository\com\fasterxml\jackson\core\jackson-databind\2.6.1\jackson-databind-2.6.1.jar;E:\eclipse-workspace\.m2\repository\com\fasterxml\jackson\core\jackson-core\2.6.1\jackson-core-2.6.1.jar;E:\eclipse-workspace\.m2\repository\com\fasterxml\classmate\1.1.0\classmate-1.1.0.jar;E:\eclipse-workspace\.m2\repository\org\springframework\data\spring-data-redis\1.8.7.RELEASE\spring-data-redis-1.8.7.RELEASE.jar;E:\eclipse-workspace\.m2\repository\org\springframework\data\spring-data-keyvalue\1.2.7.RELEASE\spring-data-keyvalue-1.2.7.RELEASE.jar;E:\eclipse-workspace\.m2\repository\org\springframework\data\spring-data-commons\1.13.7.RELEASE\spring-data-commons-1.13.7.RELEASE.jar;E:\eclipse-workspace\.m2\repository\org\springframework\spring-oxm\4.3.11.RELEASE\spring-oxm-4.3.11.RELEASE.jar;E:\eclipse-workspace\.m2\repository\org\springframework\spring-context-support\4.3.11.RELEASE\spring-context-support-4.3.11.RELEASE.jar;E:\eclipse-workspace\.m2\repository\org\slf4j\jcl-over-slf4j\1.7.25\jcl-over-slf4j-1.7.25.jar;E:\eclipse-workspace\.m2\repository\redis\clients\jedis\2.9.0\jedis-2.9.0.jar;E:\eclipse-workspace\.m2\repository\org\apache\commons\commons-pool2\2.4.2\commons-pool2-2.4.2.jar;E:\eclipse-workspace\.m2\repository\ch\qos\logback\logback-classic\0.9.24\logback-classic-0.9.24.jar;E:\eclipse-workspace\.m2\repository\ch\qos\logback\logback-core\0.9.24\logback-core-0.9.24.jar;E:\eclipse-workspace\.m2\repository\log4j\log4j\1.2.17\log4j-1.2.17.jar;E:\eclipse-workspace\.m2\repository\org\aspectj\aspectjrt\1.8.10\aspectjrt-1.8.10.jar;E:\eclipse-workspace\.m2\repository\org\aspectj\aspectjweaver\1.8.10\aspectjweaver-1.8.10.jar;E:\eclipse-workspace\.m2\repository\junit\junit\4.11\junit-4.11.jar;E:\eclipse-workspace\.m2\repository\org\hamcrest\hamcrest-core\1.3\hamcrest-core-1.3.jar;E:\eclipse-workspace\.m2\repository\javax\servlet\servlet-api\2.5\servlet-api-2.5.jar;E:\eclipse-workspace\.m2\repository\javax\servlet\jsp\jsp-api\2.1.3-b06\jsp-api-2.1.3-b06.jar;E:\eclipse-workspace\.m2\repository\org\glassfish\javax.servlet\3.0-b70\javax.servlet-3.0-b70.jar;E:\eclipse-workspace\.m2\repository\javax\el\el-api\2.1.2-b05\el-api-2.1.2-b05.jar;, sun.cpu.endian=little, user.home=C:\Users\SunWay, user.language=zh, java.specification.vendor=Oracle Corporation, java.home=E:\Java\jdk 9.01, file.separator=\, basedir=F:\Git\JAVAProject\HDU_Minitor, java.vm.compressedOopsMode=32-bit, line.separator=
, java.vm.specification.vendor=Oracle Corporation, java.specification.name=Java Platform API Specification, java.awt.graphicsenv=sun.awt.Win32GraphicsEnvironment, surefire.real.class.path=F:\Git\JAVAProject\HDU_Minitor\target\surefire\surefirebooter9040375031050353846.jar, user.script=, sun.management.compiler=HotSpot 64-Bit Tiered Compilers, java.runtime.version=9.0.1+11, user.name=SunWay, path.separator=;, os.version=6.1, java.runtime.name=Java(TM) SE Runtime Environment, file.encoding=GBK, java.vm.name=Java HotSpot(TM) 64-Bit Server VM, localRepository=E:\eclipse-workspace\.m2\repository, java.vendor.url.bug=http://bugreport.java.com/bugreport/, java.io.tmpdir=C:\Users\SunWay\AppData\Local\Temp\, java.version=9.0.1, user.dir=F:\Git\JAVAProject\HDU_Minitor, os.arch=amd64, java.vm.specification.name=Java Virtual Machine Specification, java.awt.printerjob=sun.awt.windows.WPrinterJob, sun.os.patch.level=Service Pack 1, java.library.path=E:\Java\jdk 9.01\bin;C:\Windows\Sun\Java\bin;C:\Windows\system32;C:\Windows;E:\OracleXE\OracleInstall\app\oracle\product\10.2.0\server\bin;C:\ProgramData\Oracle\Java\javapath;C:\Program Files (x86)\NVIDIA Corporation\PhysX\Common;C:\Program Files (x86)\Intel\iCLS Client\;C:\Program Files\Intel\iCLS Client\;C:\Windows\system32;C:\Windows;C:\Windows\System32\Wbem;C:\Windows\System32\WindowsPowerShell\v1.0\;C:\Program Files (x86)\Intel\OpenCL SDK\2.0\bin\x86;C:\Program Files (x86)\Intel\OpenCL SDK\2.0\bin\x64;C:\Program Files\Intel\Intel(R) Management Engine Components\DAL;C:\Program Files\Intel\Intel(R) Management Engine Components\IPT;E:\Java\jdk 9.01\bin;E:\Java\jdk 9.01\jre\bin;C:\Program Files (x86)\Intel\Intel(R) Management Engine Components\DAL;C:\Program Files (x86)\Intel\Intel(R) Management Engine Components\IPT;E:\eclipse-workspace\tomcat\bin;%CATLINA_HOME%\lib;F:\Git\cmd;E:\matlab\bin\win32;C:\Program Files (x86)\Microsoft Visual Studio\Common\Tools\WinNT;C:\Program Files (x86)\Microsoft Visual Studio\Common\MSDev98\Bin;C:\Program Files (x86)\Microsoft Visual Studio\Common\Tools;C:\Program Files (x86)\Microsoft Visual Studio\VC98\bin;., java.vm.info=mixed mode, java.vendor=Oracle Corporation, java.vm.version=9.0.1+11, sun.io.unicode.encoding=UnicodeLittle, java.class.version=53.0}}, SystemEnvironmentPropertySource@857245202 {name=&apos;systemEnvironment&apos;, properties={ACTEL_FOR_ALTIUM_OVERRIDE= , PATH=E:\OracleXE\OracleInstall\app\oracle\product\10.2.0\server\bin;C:\ProgramData\Oracle\Java\javapath;C:\Program Files (x86)\NVIDIA Corporation\PhysX\Common;C:\Program Files (x86)\Intel\iCLS Client\;C:\Program Files\Intel\iCLS Client\;C:\Windows\system32;C:\Windows;C:\Windows\System32\Wbem;C:\Windows\System32\WindowsPowerShell\v1.0\;C:\Program Files (x86)\Intel\OpenCL SDK\2.0\bin\x86;C:\Program Files (x86)\Intel\OpenCL SDK\2.0\bin\x64;C:\Program Files\Intel\Intel(R) Management Engine Components\DAL;C:\Program Files\Intel\Intel(R) Management Engine Components\IPT;E:\Java\jdk 9.01\bin;E:\Java\jdk 9.01\jre\bin;C:\Program Files (x86)\Intel\Intel(R) Management Engine Components\DAL;C:\Program Files (x86)\Intel\Intel(R) Management Engine Components\IPT;E:\eclipse-workspace\tomcat\bin;%CATLINA_HOME%\lib;F:\Git\cmd;E:\matlab\bin\win32;C:\Program Files (x86)\Microsoft Visual Studio\Common\Tools\WinNT;C:\Program Files (x86)\Microsoft Visual Studio\Common\MSDev98\Bin;C:\Program Files (x86)\Microsoft Visual Studio\Common\Tools;C:\Program Files (x86)\Microsoft Visual Studio\VC98\bin, LOCALAPPDATA=C:\Users\SunWay\AppData\Local, PROCESSOR_LEVEL=6, SYSTEMDRIVE=C:, COMMONPROGRAMFILES(X86)=C:\Program Files (x86)\Common Files, FP_NO_HOST_CHECK=NO, USERDOMAIN=SunWay-PC, LOGONSERVER=\\SUNWAY-PC, JAVA_HOME=E:\Java\jdk 9.01, PROMPT=$P$G, SESSIONNAME=Console, ALLUSERSPROFILE=C:\ProgramData, ALTERA_FOR_ALTIUM_OVERRIDE= , PROGRAMFILES(X86)=C:\Program Files (x86), PROCESSOR_ARCHITECTURE=AMD64, PROGRAMFILES=C:\Program Files, APPDATA=C:\Users\SunWay\AppData\Roaming, PSMODULEPATH=C:\Windows\system32\WindowsPowerShell\v1.0\Modules\, PROGRAMW6432=C:\Program Files, PROGRAMDATA=C:\ProgramData, SYSTEMROOT=C:\Windows, USERNAME=SunWay, TOMCAT_HOME=E:\eclipse-workspace\tomcat, INCLUDE=C:\Program Files (x86)\Microsoft Visual Studio\VC98\atl\include;C:\Program Files (x86)\Microsoft Visual Studio\VC98\mfc\include;C:\Program Files (x86)\Microsoft Visual Studio\VC98\include, PATHEXT=.COM;.EXE;.BAT;.CMD;.VBS;.VBE;.JS;.JSE;.WSF;.WSH;.MSC, LIB=C:\Program Files (x86)\Microsoft Visual Studio\VC98\mfc\lib;C:\Program Files (x86)\Microsoft Visual Studio\VC98\lib, OS=Windows_NT, COMMONPROGRAMW6432=C:\Program Files\Common Files, COMPUTERNAME=SUNWAY-PC, COMMONPROGRAMFILES=C:\Program Files\Common Files, COMSPEC=C:\Windows\system32\cmd.exe, CATALINA_HOME=E:\eclipse-workspace\tomcat, PROCESSOR_REVISION=3a09, WINDIR=C:\Windows, =F:=F:\Git\JAVAProject\HDU_Minitor, HOMEPATH=\Users\SunWay, TEMP=C:\Users\SunWay\AppData\Local\Temp, HOMEDRIVE=C:, PROCESSOR_IDENTIFIER=Intel64 Family 6 Model 58 Stepping 9, GenuineIntel, USERPROFILE=C:\Users\SunWay, TMP=C:\Users\SunWay\AppData\Local\Temp, PUBLIC=C:\Users\Public, NUMBER_OF_PROCESSORS=4}}]
14:07:12.276 [main] DEBUG o.s.c.i.s.PathMatchingResourcePatternResolver - Resolved classpath location [cn/hdu/HDU_Minitor/dao/] to resources [URL [file:/F:/Git/JAVAProject/HDU_Minitor/target/classes/cn/hdu/HDU_Minitor/dao/]]
14:07:12.277 [main] DEBUG o.s.c.i.s.PathMatchingResourcePatternResolver - Looking for matching resources in directory tree [F:\Git\JAVAProject\HDU_Minitor\target\classes\cn\hdu\HDU_Minitor\dao]
14:07:12.277 [main] DEBUG o.s.c.i.s.PathMatchingResourcePatternResolver - Searching directory [F:\Git\JAVAProject\HDU_Minitor\target\classes\cn\hdu\HDU_Minitor\dao] for files matching pattern [F:/Git/JAVAProject/HDU_Minitor/target/classes/cn/hdu/HDU_Minitor/dao/**/*.class]
14:07:12.277 [main] DEBUG o.s.c.i.s.PathMatchingResourcePatternResolver - Resolved location pattern [classpath*:cn/hdu/HDU_Minitor/dao/**/*.class] to resources [file [F:\Git\JAVAProject\HDU_Minitor\target\classes\cn\hdu\HDU_Minitor\dao\BuildDao.class], file [F:\Git\JAVAProject\HDU_Minitor\target\classes\cn\hdu\HDU_Minitor\dao\DeviceDao.class], file [F:\Git\JAVAProject\HDU_Minitor\target\classes\cn\hdu\HDU_Minitor\dao\RoomDao.class], file [F:\Git\JAVAProject\HDU_Minitor\target\classes\cn\hdu\HDU_Minitor\dao\UserBuildDao.class], file [F:\Git\JAVAProject\HDU_Minitor\target\classes\cn\hdu\HDU_Minitor\dao\UserDao.class], file [F:\Git\JAVAProject\HDU_Minitor\target\classes\cn\hdu\HDU_Minitor\dao\UserRoomDao.class]]
14:07:12.278 [main] DEBUG o.m.s.mapper.ClassPathMapperScanner - Identified candidate component class: file [F:\Git\JAVAProject\HDU_Minitor\target\classes\cn\hdu\HDU_Minitor\dao\BuildDao.class]
14:07:12.278 [main] DEBUG o.m.s.mapper.ClassPathMapperScanner - Identified candidate component class: file [F:\Git\JAVAProject\HDU_Minitor\target\classes\cn\hdu\HDU_Minitor\dao\DeviceDao.class]
14:07:12.278 [main] DEBUG o.m.s.mapper.ClassPathMapperScanner - Identified candidate component class: file [F:\Git\JAVAProject\HDU_Minitor\target\classes\cn\hdu\HDU_Minitor\dao\RoomDao.class]
14:07:12.279 [main] DEBUG o.m.s.mapper.ClassPathMapperScanner - Identified candidate component class: file [F:\Git\JAVAProject\HDU_Minitor\target\classes\cn\hdu\HDU_Minitor\dao\UserBuildDao.class]
14:07:12.279 [main] DEBUG o.m.s.mapper.ClassPathMapperScanner - Identified candidate component class: file [F:\Git\JAVAProject\HDU_Minitor\target\classes\cn\hdu\HDU_Minitor\dao\UserDao.class]
14:07:12.279 [main] DEBUG o.m.s.mapper.ClassPathMapperScanner - Identified candidate component class: file [F:\Git\JAVAProject\HDU_Minitor\target\classes\cn\hdu\HDU_Minitor\dao\UserRoomDao.class]
14:07:12.279 [main] DEBUG o.m.s.mapper.ClassPathMapperScanner - Creating MapperFactoryBean with name &apos;buildDao&apos; and &apos;cn.hdu.HDU_Minitor.dao.BuildDao&apos; mapperInterface
14:07:12.279 [main] DEBUG o.m.s.mapper.ClassPathMapperScanner - Enabling autowire by type for MapperFactoryBean with name &apos;buildDao&apos;.
14:07:12.279 [main] DEBUG o.m.s.mapper.ClassPathMapperScanner - Creating MapperFactoryBean with name &apos;deviceDao&apos; and &apos;cn.hdu.HDU_Minitor.dao.DeviceDao&apos; mapperInterface
14:07:12.279 [main] DEBUG o.m.s.mapper.ClassPathMapperScanner - Enabling autowire by type for MapperFactoryBean with name &apos;deviceDao&apos;.
14:07:12.279 [main] DEBUG o.m.s.mapper.ClassPathMapperScanner - Creating MapperFactoryBean with name &apos;roomDao&apos; and &apos;cn.hdu.HDU_Minitor.dao.RoomDao&apos; mapperInterface
14:07:12.279 [main] DEBUG o.m.s.mapper.ClassPathMapperScanner - Enabling autowire by type for MapperFactoryBean with name &apos;roomDao&apos;.
14:07:12.280 [main] DEBUG o.m.s.mapper.ClassPathMapperScanner - Creating MapperFactoryBean with name &apos;userBuildDao&apos; and &apos;cn.hdu.HDU_Minitor.dao.UserBuildDao&apos; mapperInterface
14:07:12.280 [main] DEBUG o.m.s.mapper.ClassPathMapperScanner - Enabling autowire by type for MapperFactoryBean with name &apos;userBuildDao&apos;.
14:07:12.281 [main] DEBUG o.m.s.mapper.ClassPathMapperScanner - Creating MapperFactoryBean with name &apos;userDao&apos; and &apos;cn.hdu.HDU_Minitor.dao.UserDao&apos; mapperInterface
14:07:12.281 [main] DEBUG o.m.s.mapper.ClassPathMapperScanner - Enabling autowire by type for MapperFactoryBean with name &apos;userDao&apos;.
14:07:12.281 [main] DEBUG o.m.s.mapper.ClassPathMapperScanner - Creating MapperFactoryBean with name &apos;userRoomDao&apos; and &apos;cn.hdu.HDU_Minitor.dao.UserRoomDao&apos; mapperInterface
14:07:12.281 [main] DEBUG o.m.s.mapper.ClassPathMapperScanner - Enabling autowire by type for MapperFactoryBean with name &apos;userRoomDao&apos;.
14:07:12.282 [main] DEBUG o.s.b.f.s.DefaultListableBeanFactory - Creating shared instance of singleton bean &apos;org.springframework.context.annotation.internalAutowiredAnnotationProcessor&apos;
14:07:12.282 [main] DEBUG o.s.b.f.s.DefaultListableBeanFactory - Creating instance of bean &apos;org.springframework.context.annotation.internalAutowiredAnnotationProcessor&apos;
14:07:12.282 [main] DEBUG o.s.b.f.s.DefaultListableBeanFactory - Eagerly caching bean &apos;org.springframework.context.annotation.internalAutowiredAnnotationProcessor&apos; to allow for resolving potential circular references
14:07:12.285 [main] DEBUG o.s.b.f.s.DefaultListableBeanFactory - Finished creating instance of bean &apos;org.springframework.context.annotation.internalAutowiredAnnotationProcessor&apos;
14:07:12.285 [main] DEBUG o.s.b.f.s.DefaultListableBeanFactory - Creating shared instance of singleton bean &apos;org.springframework.context.annotation.internalRequiredAnnotationProcessor&apos;
14:07:12.285 [main] DEBUG o.s.b.f.s.DefaultListableBeanFactory - Creating instance of bean &apos;org.springframework.context.annotation.internalRequiredAnnotationProcessor&apos;
14:07:12.285 [main] DEBUG o.s.b.f.s.DefaultListableBeanFactory - Eagerly caching bean &apos;org.springframework.context.annotation.internalRequiredAnnotationProcessor&apos; to allow for resolving potential circular references
14:07:12.287 [main] DEBUG o.s.b.f.s.DefaultListableBeanFactory - Finished creating instance of bean &apos;org.springframework.context.annotation.internalRequiredAnnotationProcessor&apos;
14:07:12.287 [main] DEBUG o.s.b.f.s.DefaultListableBeanFactory - Creating shared instance of singleton bean &apos;org.springframework.aop.config.internalAutoProxyCreator&apos;
14:07:12.288 [main] DEBUG o.s.b.f.s.DefaultListableBeanFactory - Creating instance of bean &apos;org.springframework.aop.config.internalAutoProxyCreator&apos;
14:07:12.288 [main] DEBUG o.s.b.f.s.DefaultListableBeanFactory - Eagerly caching bean &apos;org.springframework.aop.config.internalAutoProxyCreator&apos; to allow for resolving potential circular references
14:07:12.290 [main] DEBUG o.s.b.f.s.DefaultListableBeanFactory - Finished creating instance of bean &apos;org.springframework.aop.config.internalAutoProxyCreator&apos;
14:07:12.291 [main] DEBUG o.s.c.s.ClassPathXmlApplicationContext - Unable to locate MessageSource with name &apos;messageSource&apos;: using default [org.springframework.context.support.DelegatingMessageSource@4733f6f5]
14:07:12.291 [main] DEBUG o.s.c.s.ClassPathXmlApplicationContext - Unable to locate ApplicationEventMulticaster with name &apos;applicationEventMulticaster&apos;: using default [org.springframework.context.event.SimpleApplicationEventMulticaster@6ccac6f4]
14:07:12.291 [main] DEBUG o.s.b.f.s.DefaultListableBeanFactory - Pre-instantiating singletons in org.springframework.beans.factory.support.DefaultListableBeanFactory@4373f66f: defining beans [addBuildContorller,addRoomController,addUserController,adminLoadUserController,deleteUserController,deviceUploadInfoController,loadBuildController,loadRoomController,removeBuildController,userGetRdmPwdController,userLoginController,buildService,roomService,userService,org.springframework.context.annotation.internalConfigurationAnnotationProcessor,org.springframework.context.annotation.internalAutowiredAnnotationProcessor,org.springframework.context.annotation.internalRequiredAnnotationProcessor,org.springframework.context.event.internalEventListenerProcessor,org.springframework.context.event.internalEventListenerFactory,mvcContentNegotiationManager,org.springframework.web.servlet.mvc.method.annotation.RequestMappingHandlerMapping,mvcCorsConfigurations,org.springframework.format.support.FormattingConversionServiceFactoryBean#0,org.springframework.web.servlet.mvc.method.annotation.RequestMappingHandlerAdapter,mvcUriComponentsContributor,org.springframework.web.servlet.handler.MappedInterceptor#0,org.springframework.web.servlet.mvc.method.annotation.ExceptionHandlerExceptionResolver#0,org.springframework.web.servlet.mvc.annotation.ResponseStatusExceptionResolver#0,org.springframework.web.servlet.mvc.support.DefaultHandlerExceptionResolver#0,org.springframework.web.servlet.handler.BeanNameUrlHandlerMapping,org.springframework.web.servlet.mvc.HttpRequestHandlerAdapter,org.springframework.web.servlet.mvc.SimpleControllerHandlerAdapter,dbcp,ssf,mapperScanner,txManger,org.springframework.transaction.config.internalTransactionalEventListenerFactory,org.springframework.aop.config.internalAutoProxyCreator,org.springframework.transaction.annotation.AnnotationTransactionAttributeSource#0,org.springframework.transaction.interceptor.TransactionInterceptor#0,org.springframework.transaction.config.internalTransactionAdvisor,buildDao,deviceDao,roomDao,userBuildDao,userDao,userRoomDao]; root of factory hierarchy
14:07:12.302 [main] DEBUG o.s.b.f.s.DefaultListableBeanFactory - Creating shared instance of singleton bean &apos;addBuildContorller&apos;
14:07:12.302 [main] DEBUG o.s.b.f.s.DefaultListableBeanFactory - Creating instance of bean &apos;addBuildContorller&apos;
14:07:12.302 [main] DEBUG o.s.b.f.s.DefaultListableBeanFactory - Eagerly caching bean &apos;addBuildContorller&apos; to allow for resolving potential circular references
14:07:12.302 [main] DEBUG o.s.b.f.s.DefaultListableBeanFactory - Creating shared instance of singleton bean &apos;org.springframework.transaction.config.internalTransactionAdvisor&apos;
14:07:12.302 [main] DEBUG o.s.b.f.s.DefaultListableBeanFactory - Creating instance of bean &apos;org.springframework.transaction.config.internalTransactionAdvisor&apos;
14:07:12.303 [main] DEBUG o.s.b.f.s.DefaultListableBeanFactory - Eagerly caching bean &apos;org.springframework.transaction.config.internalTransactionAdvisor&apos; to allow for resolving potential circular references
14:07:12.304 [main] DEBUG o.s.b.f.s.DefaultListableBeanFactory - Creating shared instance of singleton bean &apos;org.springframework.transaction.annotation.AnnotationTransactionAttributeSource#0&apos;
14:07:12.304 [main] DEBUG o.s.b.f.s.DefaultListableBeanFactory - Creating instance of bean &apos;org.springframework.transaction.annotation.AnnotationTransactionAttributeSource#0&apos;
14:07:12.305 [main] DEBUG o.s.b.f.s.DefaultListableBeanFactory - Eagerly caching bean &apos;org.springframework.transaction.annotation.AnnotationTransactionAttributeSource#0&apos; to allow for resolving potential circular references
14:07:12.306 [main] DEBUG o.s.a.f.a.BeanFactoryAdvisorRetrievalHelper - Skipping currently created advisor &apos;org.springframework.transaction.config.internalTransactionAdvisor&apos;
14:07:12.306 [main] DEBUG o.s.b.f.s.DefaultListableBeanFactory - Finished creating instance of bean &apos;org.springframework.transaction.annotation.AnnotationTransactionAttributeSource#0&apos;
14:07:12.306 [main] DEBUG o.s.b.f.s.DefaultListableBeanFactory - Finished creating instance of bean &apos;org.springframework.transaction.config.internalTransactionAdvisor&apos;
14:07:12.306 [main] DEBUG o.s.b.f.s.DefaultListableBeanFactory - Finished creating instance of bean &apos;addBuildContorller&apos;
14:07:12.306 [main] DEBUG o.s.b.f.s.DefaultListableBeanFactory - Creating shared instance of singleton bean &apos;addRoomController&apos;
14:07:12.306 [main] DEBUG o.s.b.f.s.DefaultListableBeanFactory - Creating instance of bean &apos;addRoomController&apos;
14:07:12.306 [main] DEBUG o.s.b.f.s.DefaultListableBeanFactory - Eagerly caching bean &apos;addRoomController&apos; to allow for resolving potential circular references
14:07:12.306 [main] DEBUG o.s.b.f.s.DefaultListableBeanFactory - Returning cached instance of singleton bean &apos;org.springframework.transaction.config.internalTransactionAdvisor&apos;
14:07:12.306 [main] DEBUG o.s.b.f.s.DefaultListableBeanFactory - Finished creating instance of bean &apos;addRoomController&apos;
14:07:12.307 [main] DEBUG o.s.b.f.s.DefaultListableBeanFactory - Creating shared instance of singleton bean &apos;addUserController&apos;
14:07:12.307 [main] DEBUG o.s.b.f.s.DefaultListableBeanFactory - Creating instance of bean &apos;addUserController&apos;
14:07:12.307 [main] DEBUG o.s.b.f.s.DefaultListableBeanFactory - Eagerly caching bean &apos;addUserController&apos; to allow for resolving potential circular references
14:07:12.307 [main] DEBUG o.s.b.f.s.DefaultListableBeanFactory - Returning cached instance of singleton bean &apos;org.springframework.transaction.config.internalTransactionAdvisor&apos;
14:07:12.307 [main] DEBUG o.s.b.f.s.DefaultListableBeanFactory - Finished creating instance of bean &apos;addUserController&apos;
14:07:12.307 [main] DEBUG o.s.b.f.s.DefaultListableBeanFactory - Creating shared instance of singleton bean &apos;adminLoadUserController&apos;
14:07:12.307 [main] DEBUG o.s.b.f.s.DefaultListableBeanFactory - Creating instance of bean &apos;adminLoadUserController&apos;
14:07:12.307 [main] DEBUG o.s.b.f.s.DefaultListableBeanFactory - Eagerly caching bean &apos;adminLoadUserController&apos; to allow for resolving potential circular references
14:07:12.307 [main] DEBUG o.s.b.f.s.DefaultListableBeanFactory - Returning cached instance of singleton bean &apos;org.springframework.transaction.config.internalTransactionAdvisor&apos;
14:07:12.307 [main] DEBUG o.s.b.f.s.DefaultListableBeanFactory - Finished creating instance of bean &apos;adminLoadUserController&apos;
14:07:12.307 [main] DEBUG o.s.b.f.s.DefaultListableBeanFactory - Creating shared instance of singleton bean &apos;deleteUserController&apos;
14:07:12.307 [main] DEBUG o.s.b.f.s.DefaultListableBeanFactory - Creating instance of bean &apos;deleteUserController&apos;
14:07:12.307 [main] DEBUG o.s.b.f.s.DefaultListableBeanFactory - Eagerly caching bean &apos;deleteUserController&apos; to allow for resolving potential circular references
14:07:12.308 [main] DEBUG o.s.b.f.s.DefaultListableBeanFactory - Returning cached instance of singleton bean &apos;org.springframework.transaction.config.internalTransactionAdvisor&apos;
14:07:12.308 [main] DEBUG o.s.b.f.s.DefaultListableBeanFactory - Finished creating instance of bean &apos;deleteUserController&apos;
14:07:12.308 [main] DEBUG o.s.b.f.s.DefaultListableBeanFactory - Creating shared instance of singleton bean &apos;deviceUploadInfoController&apos;
14:07:12.308 [main] DEBUG o.s.b.f.s.DefaultListableBeanFactory - Creating instance of bean &apos;deviceUploadInfoController&apos;
14:07:12.308 [main] DEBUG o.s.b.f.s.DefaultListableBeanFactory - Eagerly caching bean &apos;deviceUploadInfoController&apos; to allow for resolving potential circular references
14:07:12.308 [main] DEBUG o.s.b.f.s.DefaultListableBeanFactory - Returning cached instance of singleton bean &apos;org.springframework.transaction.config.internalTransactionAdvisor&apos;
14:07:12.308 [main] DEBUG o.s.b.f.s.DefaultListableBeanFactory - Finished creating instance of bean &apos;deviceUploadInfoController&apos;
14:07:12.308 [main] DEBUG o.s.b.f.s.DefaultListableBeanFactory - Creating shared instance of singleton bean &apos;loadBuildController&apos;
14:07:12.308 [main] DEBUG o.s.b.f.s.DefaultListableBeanFactory - Creating instance of bean &apos;loadBuildController&apos;
14:07:12.309 [main] DEBUG o.s.b.f.s.DefaultListableBeanFactory - Eagerly caching bean &apos;loadBuildController&apos; to allow for resolving potential circular references
14:07:12.309 [main] DEBUG o.s.b.f.s.DefaultListableBeanFactory - Returning cached instance of singleton bean &apos;org.springframework.transaction.config.internalTransactionAdvisor&apos;
14:07:12.309 [main] DEBUG o.s.b.f.s.DefaultListableBeanFactory - Finished creating instance of bean &apos;loadBuildController&apos;
14:07:12.309 [main] DEBUG o.s.b.f.s.DefaultListableBeanFactory - Creating shared instance of singleton bean &apos;loadRoomController&apos;
14:07:12.309 [main] DEBUG o.s.b.f.s.DefaultListableBeanFactory - Creating instance of bean &apos;loadRoomController&apos;
14:07:12.309 [main] DEBUG o.s.b.f.s.DefaultListableBeanFactory - Eagerly caching bean &apos;loadRoomController&apos; to allow for resolving potential circular references
14:07:12.309 [main] DEBUG o.s.b.f.s.DefaultListableBeanFactory - Returning cached instance of singleton bean &apos;org.springframework.transaction.config.internalTransactionAdvisor&apos;
14:07:12.309 [main] DEBUG o.s.b.f.s.DefaultListableBeanFactory - Finished creating instance of bean &apos;loadRoomController&apos;
14:07:12.309 [main] DEBUG o.s.b.f.s.DefaultListableBeanFactory - Creating shared instance of singleton bean &apos;removeBuildController&apos;
14:07:12.309 [main] DEBUG o.s.b.f.s.DefaultListableBeanFactory - Creating instance of bean &apos;removeBuildController&apos;
14:07:12.309 [main] DEBUG o.s.b.f.s.DefaultListableBeanFactory - Eagerly caching bean &apos;removeBuildController&apos; to allow for resolving potential circular references
14:07:12.310 [main] DEBUG o.s.b.f.s.DefaultListableBeanFactory - Returning cached instance of singleton bean &apos;org.springframework.transaction.config.internalTransactionAdvisor&apos;
14:07:12.310 [main] DEBUG o.s.b.f.s.DefaultListableBeanFactory - Finished creating instance of bean &apos;removeBuildController&apos;
14:07:12.310 [main] DEBUG o.s.b.f.s.DefaultListableBeanFactory - Creating shared instance of singleton bean &apos;userGetRdmPwdController&apos;
14:07:12.310 [main] DEBUG o.s.b.f.s.DefaultListableBeanFactory - Creating instance of bean &apos;userGetRdmPwdController&apos;
14:07:12.310 [main] DEBUG o.s.b.f.s.DefaultListableBeanFactory - Eagerly caching bean &apos;userGetRdmPwdController&apos; to allow for resolving potential circular references
14:07:12.310 [main] DEBUG o.s.b.f.s.DefaultListableBeanFactory - Returning cached instance of singleton bean &apos;org.springframework.transaction.config.internalTransactionAdvisor&apos;
14:07:12.310 [main] DEBUG o.s.b.f.s.DefaultListableBeanFactory - Finished creating instance of bean &apos;userGetRdmPwdController&apos;
14:07:12.310 [main] DEBUG o.s.b.f.s.DefaultListableBeanFactory - Creating shared instance of singleton bean &apos;userLoginController&apos;
14:07:12.310 [main] DEBUG o.s.b.f.s.DefaultListableBeanFactory - Creating instance of bean &apos;userLoginController&apos;
14:07:12.311 [main] DEBUG o.s.b.f.s.DefaultListableBeanFactory - Eagerly caching bean &apos;userLoginController&apos; to allow for resolving potential circular references
14:07:12.311 [main] DEBUG o.s.b.f.s.DefaultListableBeanFactory - Returning cached instance of singleton bean &apos;org.springframework.transaction.config.internalTransactionAdvisor&apos;
14:07:12.311 [main] DEBUG o.s.b.f.s.DefaultListableBeanFactory - Finished creating instance of bean &apos;userLoginController&apos;
14:07:12.311 [main] DEBUG o.s.b.f.s.DefaultListableBeanFactory - Creating shared instance of singleton bean &apos;buildService&apos;
14:07:12.311 [main] DEBUG o.s.b.f.s.DefaultListableBeanFactory - Creating instance of bean &apos;buildService&apos;
14:07:12.311 [main] DEBUG o.s.b.f.s.DefaultListableBeanFactory - Eagerly caching bean &apos;buildService&apos; to allow for resolving potential circular references
14:07:12.312 [main] DEBUG o.s.b.f.s.DefaultListableBeanFactory - Returning cached instance of singleton bean &apos;org.springframework.transaction.config.internalTransactionAdvisor&apos;
14:07:12.312 [main] DEBUG o.s.b.f.s.DefaultListableBeanFactory - Finished creating instance of bean &apos;buildService&apos;
14:07:12.312 [main] DEBUG o.s.b.f.s.DefaultListableBeanFactory - Creating shared instance of singleton bean &apos;roomService&apos;
14:07:12.312 [main] DEBUG o.s.b.f.s.DefaultListableBeanFactory - Creating instance of bean &apos;roomService&apos;
14:07:12.312 [main] DEBUG o.s.b.f.s.DefaultListableBeanFactory - Eagerly caching bean &apos;roomService&apos; to allow for resolving potential circular references
14:07:12.313 [main] DEBUG o.s.b.f.s.DefaultListableBeanFactory - Returning cached instance of singleton bean &apos;org.springframework.transaction.config.internalTransactionAdvisor&apos;
14:07:12.313 [main] DEBUG o.s.b.f.s.DefaultListableBeanFactory - Finished creating instance of bean &apos;roomService&apos;
14:07:12.313 [main] DEBUG o.s.b.f.s.DefaultListableBeanFactory - Creating shared instance of singleton bean &apos;userService&apos;
14:07:12.313 [main] DEBUG o.s.b.f.s.DefaultListableBeanFactory - Creating instance of bean &apos;userService&apos;
14:07:12.313 [main] DEBUG o.s.b.f.s.DefaultListableBeanFactory - Eagerly caching bean &apos;userService&apos; to allow for resolving potential circular references
14:07:12.314 [main] DEBUG o.s.b.f.s.DefaultListableBeanFactory - Returning cached instance of singleton bean &apos;org.springframework.transaction.config.internalTransactionAdvisor&apos;
14:07:12.314 [main] DEBUG o.s.t.a.AnnotationTransactionAttributeSource - Adding transactional method &apos;cn.hdu.HDU_Minitor.service.UserServiceImpl.insertOrUpdateUserInfo&apos; with attribute: PROPAGATION_REQUIRED,ISOLATION_DEFAULT; &apos;&apos;
14:07:12.315 [main] DEBUG o.s.a.f.a.InfrastructureAdvisorAutoProxyCreator - Creating implicit proxy for bean &apos;userService&apos; with 0 common interceptors and 1 specific interceptors
14:07:12.315 [main] DEBUG o.s.aop.framework.JdkDynamicAopProxy - Creating JDK dynamic proxy: target source is SingletonTargetSource for target object [cn.hdu.HDU_Minitor.service.UserServiceImpl@438c9aa7]
14:07:12.315 [main] DEBUG o.s.b.f.s.DefaultListableBeanFactory - Finished creating instance of bean &apos;userService&apos;
14:07:12.315 [main] DEBUG o.s.b.f.s.DefaultListableBeanFactory - Returning cached instance of singleton bean &apos;org.springframework.context.annotation.internalConfigurationAnnotationProcessor&apos;
14:07:12.315 [main] DEBUG o.s.b.f.s.DefaultListableBeanFactory - Returning cached instance of singleton bean &apos;org.springframework.context.annotation.internalAutowiredAnnotationProcessor&apos;
14:07:12.315 [main] DEBUG o.s.b.f.s.DefaultListableBeanFactory - Returning cached instance of singleton bean &apos;org.springframework.context.annotation.internalRequiredAnnotationProcessor&apos;
14:07:12.315 [main] DEBUG o.s.b.f.s.DefaultListableBeanFactory - Creating shared instance of singleton bean &apos;org.springframework.context.event.internalEventListenerProcessor&apos;
14:07:12.315 [main] DEBUG o.s.b.f.s.DefaultListableBeanFactory - Creating instance of bean &apos;org.springframework.context.event.internalEventListenerProcessor&apos;
14:07:12.315 [main] DEBUG o.s.b.f.s.DefaultListableBeanFactory - Eagerly caching bean &apos;org.springframework.context.event.internalEventListenerProcessor&apos; to allow for resolving potential circular references
14:07:12.316 [main] DEBUG o.s.b.f.s.DefaultListableBeanFactory - Returning cached instance of singleton bean &apos;org.springframework.transaction.config.internalTransactionAdvisor&apos;
14:07:12.316 [main] DEBUG o.s.b.f.s.DefaultListableBeanFactory - Finished creating instance of bean &apos;org.springframework.context.event.internalEventListenerProcessor&apos;
14:07:12.316 [main] DEBUG o.s.b.f.s.DefaultListableBeanFactory - Creating shared instance of singleton bean &apos;org.springframework.context.event.internalEventListenerFactory&apos;
14:07:12.316 [main] DEBUG o.s.b.f.s.DefaultListableBeanFactory - Creating instance of bean &apos;org.springframework.context.event.internalEventListenerFactory&apos;
14:07:12.316 [main] DEBUG o.s.b.f.s.DefaultListableBeanFactory - Eagerly caching bean &apos;org.springframework.context.event.internalEventListenerFactory&apos; to allow for resolving potential circular references
14:07:12.317 [main] DEBUG o.s.b.f.s.DefaultListableBeanFactory - Returning cached instance of singleton bean &apos;org.springframework.transaction.config.internalTransactionAdvisor&apos;
14:07:12.318 [main] DEBUG o.s.b.f.s.DefaultListableBeanFactory - Finished creating instance of bean &apos;org.springframework.context.event.internalEventListenerFactory&apos;
14:07:12.318 [main] DEBUG o.s.b.f.s.DefaultListableBeanFactory - Creating shared instance of singleton bean &apos;mvcContentNegotiationManager&apos;
14:07:12.318 [main] DEBUG o.s.b.f.s.DefaultListableBeanFactory - Creating instance of bean &apos;mvcContentNegotiationManager&apos;
14:07:12.319 [main] DEBUG o.s.b.f.s.DefaultListableBeanFactory - Eagerly caching bean &apos;mvcContentNegotiationManager&apos; to allow for resolving potential circular references
14:07:12.321 [main] DEBUG o.s.b.f.s.DefaultListableBeanFactory - Invoking afterPropertiesSet() on bean with name &apos;mvcContentNegotiationManager&apos;
14:07:12.322 [main] DEBUG o.s.b.f.s.DefaultListableBeanFactory - Returning cached instance of singleton bean &apos;org.springframework.transaction.config.internalTransactionAdvisor&apos;
14:07:12.322 [main] DEBUG o.s.b.f.s.DefaultListableBeanFactory - Finished creating instance of bean &apos;mvcContentNegotiationManager&apos;
14:07:12.322 [main] DEBUG o.s.b.f.s.DefaultListableBeanFactory - Creating shared instance of singleton bean &apos;org.springframework.web.servlet.mvc.method.annotation.RequestMappingHandlerMapping&apos;
14:07:12.322 [main] DEBUG o.s.b.f.s.DefaultListableBeanFactory - Creating instance of bean &apos;org.springframework.web.servlet.mvc.method.annotation.RequestMappingHandlerMapping&apos;
14:07:12.323 [main] DEBUG o.s.b.f.s.DefaultListableBeanFactory - Eagerly caching bean &apos;org.springframework.web.servlet.mvc.method.annotation.RequestMappingHandlerMapping&apos; to allow for resolving potential circular references
14:07:12.330 [main] DEBUG o.s.b.f.s.DefaultListableBeanFactory - Returning cached instance of singleton bean &apos;mvcContentNegotiationManager&apos;
14:07:12.330 [main] DEBUG o.s.b.f.s.DefaultListableBeanFactory - Returning cached instance of singleton bean &apos;org.springframework.transaction.config.internalTransactionAdvisor&apos;
14:07:12.331 [main] DEBUG o.s.b.f.s.DefaultListableBeanFactory - Creating shared instance of singleton bean &apos;mvcCorsConfigurations&apos;
14:07:12.331 [main] DEBUG o.s.b.f.s.DefaultListableBeanFactory - Creating instance of bean &apos;mvcCorsConfigurations&apos;
14:07:12.331 [main] DEBUG o.s.b.f.s.DefaultListableBeanFactory - Eagerly caching bean &apos;mvcCorsConfigurations&apos; to allow for resolving potential circular references
14:07:12.331 [main] DEBUG o.s.b.f.s.DefaultListableBeanFactory - Returning cached instance of singleton bean &apos;org.springframework.transaction.config.internalTransactionAdvisor&apos;
14:07:12.332 [main] DEBUG o.s.b.f.s.DefaultListableBeanFactory - Finished creating instance of bean &apos;mvcCorsConfigurations&apos;
14:07:12.333 [main] DEBUG o.s.b.f.s.DefaultListableBeanFactory - Creating shared instance of singleton bean &apos;org.springframework.web.servlet.handler.MappedInterceptor#0&apos;
14:07:12.333 [main] DEBUG o.s.b.f.s.DefaultListableBeanFactory - Creating instance of bean &apos;org.springframework.web.servlet.handler.MappedInterceptor#0&apos;
14:07:12.333 [main] DEBUG o.s.b.f.s.DefaultListableBeanFactory - Creating instance of bean &apos;(inner bean)#6c8f60f3&apos;
14:07:12.333 [main] DEBUG o.s.b.f.s.DefaultListableBeanFactory - Creating shared instance of singleton bean &apos;org.springframework.format.support.FormattingConversionServiceFactoryBean#0&apos;
14:07:12.333 [main] DEBUG o.s.b.f.s.DefaultListableBeanFactory - Creating instance of bean &apos;org.springframework.format.support.FormattingConversionServiceFactoryBean#0&apos;
14:07:12.334 [main] DEBUG o.s.b.f.s.DefaultListableBeanFactory - Eagerly caching bean &apos;org.springframework.format.support.FormattingConversionServiceFactoryBean#0&apos; to allow for resolving potential circular references
14:07:12.336 [main] DEBUG o.s.b.f.s.DefaultListableBeanFactory - Invoking afterPropertiesSet() on bean with name &apos;org.springframework.format.support.FormattingConversionServiceFactoryBean#0&apos;
14:07:12.343 [main] DEBUG o.s.b.f.s.DefaultListableBeanFactory - Returning cached instance of singleton bean &apos;org.springframework.transaction.config.internalTransactionAdvisor&apos;
14:07:12.343 [main] DEBUG o.s.b.f.s.DefaultListableBeanFactory - Finished creating instance of bean &apos;org.springframework.format.support.FormattingConversionServiceFactoryBean#0&apos;
14:07:12.343 [main] DEBUG o.s.b.f.s.DefaultListableBeanFactory - Returning cached instance of singleton bean &apos;org.springframework.transaction.config.internalTransactionAdvisor&apos;
14:07:12.345 [main] DEBUG o.s.b.f.s.DefaultListableBeanFactory - Returning cached instance of singleton bean &apos;org.springframework.transaction.config.internalTransactionAdvisor&apos;
14:07:12.346 [main] DEBUG o.s.b.f.s.DefaultListableBeanFactory - Finished creating instance of bean &apos;(inner bean)#6c8f60f3&apos;
14:07:12.347 [main] DEBUG o.s.b.f.s.DefaultListableBeanFactory - Eagerly caching bean &apos;org.springframework.web.servlet.handler.MappedInterceptor#0&apos; to allow for resolving potential circular references
14:07:12.348 [main] DEBUG o.s.b.f.s.DefaultListableBeanFactory - Returning cached instance of singleton bean &apos;org.springframework.transaction.config.internalTransactionAdvisor&apos;
14:07:12.348 [main] DEBUG o.s.b.f.s.DefaultListableBeanFactory - Finished creating instance of bean &apos;org.springframework.web.servlet.handler.MappedInterceptor#0&apos;
14:07:12.348 [main] DEBUG o.s.b.f.s.DefaultListableBeanFactory - Invoking afterPropertiesSet() on bean with name &apos;org.springframework.web.servlet.mvc.method.annotation.RequestMappingHandlerMapping&apos;
14:07:12.348 [main] DEBUG o.s.w.s.m.m.a.RequestMappingHandlerMapping - Looking for request mappings in application context: org.springframework.context.support.ClassPathXmlApplicationContext@ebda593: startup date [Mon Jun 11 14:07:12 CST 2018]; root of context hierarchy
14:07:12.351 [main] DEBUG o.s.w.s.m.m.a.RequestMappingHandlerMapping - 1 request handler methods found on class cn.hdu.HDU_Minitor.controller.AddBuildContorller: {public cn.hdu.HDU_Minitor.util.MinitorResult cn.hdu.HDU_Minitor.controller.AddBuildContorller.excute(java.lang.String,java.lang.String,java.lang.String)={[/build/addbuild.do]}}
14:07:12.352 [main] INFO  o.s.w.s.m.m.a.RequestMappingHandlerMapping - Mapped &quot;{[/build/addbuild.do]}&quot; onto public cn.hdu.HDU_Minitor.util.MinitorResult&lt;java.lang.Object&gt; cn.hdu.HDU_Minitor.controller.AddBuildContorller.excute(java.lang.String,java.lang.String,java.lang.String)
14:07:12.352 [main] DEBUG o.s.w.s.m.m.a.RequestMappingHandlerMapping - 1 request handler methods found on class cn.hdu.HDU_Minitor.controller.AddRoomController: {public cn.hdu.HDU_Minitor.util.MinitorResult cn.hdu.HDU_Minitor.controller.AddRoomController.execute(java.lang.String,java.lang.String,java.lang.String,java.lang.String)={[/room/addroom.do]}}
14:07:12.353 [main] INFO  o.s.w.s.m.m.a.RequestMappingHandlerMapping - Mapped &quot;{[/room/addroom.do]}&quot; onto public cn.hdu.HDU_Minitor.util.MinitorResult&lt;java.lang.Object&gt; cn.hdu.HDU_Minitor.controller.AddRoomController.execute(java.lang.String,java.lang.String,java.lang.String,java.lang.String)
14:07:12.353 [main] DEBUG o.s.w.s.m.m.a.RequestMappingHandlerMapping - 1 request handler methods found on class cn.hdu.HDU_Minitor.controller.AddUserController: {public cn.hdu.HDU_Minitor.util.MinitorResult cn.hdu.HDU_Minitor.controller.AddUserController.execute(java.lang.String,java.lang.String)={[/user/adduser.do]}}
14:07:12.353 [main] INFO  o.s.w.s.m.m.a.RequestMappingHandlerMapping - Mapped &quot;{[/user/adduser.do]}&quot; onto public cn.hdu.HDU_Minitor.util.MinitorResult&lt;java.lang.Object&gt; cn.hdu.HDU_Minitor.controller.AddUserController.execute(java.lang.String,java.lang.String)
14:07:12.354 [main] DEBUG o.s.w.s.m.m.a.RequestMappingHandlerMapping - 1 request handler methods found on class cn.hdu.HDU_Minitor.controller.AdminLoadUserController: {public cn.hdu.HDU_Minitor.util.MinitorResult cn.hdu.HDU_Minitor.controller.AdminLoadUserController.execute(java.lang.String)={[/admin/loaduser.do]}}
14:07:12.354 [main] INFO  o.s.w.s.m.m.a.RequestMappingHandlerMapping - Mapped &quot;{[/admin/loaduser.do]}&quot; onto public cn.hdu.HDU_Minitor.util.MinitorResult&lt;java.lang.Object&gt; cn.hdu.HDU_Minitor.controller.AdminLoadUserController.execute(java.lang.String)
14:07:12.355 [main] DEBUG o.s.w.s.m.m.a.RequestMappingHandlerMapping - 1 request handler methods found on class cn.hdu.HDU_Minitor.controller.DeleteUserController: {public cn.hdu.HDU_Minitor.util.MinitorResult cn.hdu.HDU_Minitor.controller.DeleteUserController.execute(java.lang.String)={[/user/deleteuser.do]}}
14:07:12.355 [main] INFO  o.s.w.s.m.m.a.RequestMappingHandlerMapping - Mapped &quot;{[/user/deleteuser.do]}&quot; onto public cn.hdu.HDU_Minitor.util.MinitorResult&lt;java.lang.Object&gt; cn.hdu.HDU_Minitor.controller.DeleteUserController.execute(java.lang.String)
14:07:12.356 [main] DEBUG o.s.w.s.m.m.a.RequestMappingHandlerMapping - 1 request handler methods found on class cn.hdu.HDU_Minitor.controller.device.DeviceUploadInfoController: {public int cn.hdu.HDU_Minitor.controller.device.DeviceUploadInfoController.execute()={[/device/save.do]}}
14:07:12.356 [main] INFO  o.s.w.s.m.m.a.RequestMappingHandlerMapping - Mapped &quot;{[/device/save.do]}&quot; onto public int cn.hdu.HDU_Minitor.controller.device.DeviceUploadInfoController.execute()
14:07:12.356 [main] DEBUG o.s.w.s.m.m.a.RequestMappingHandlerMapping - 1 request handler methods found on class cn.hdu.HDU_Minitor.controller.LoadBuildController: {public cn.hdu.HDU_Minitor.util.MinitorResult cn.hdu.HDU_Minitor.controller.LoadBuildController.execute(java.lang.String)={[/build/loadbuild.do]}}
14:07:12.356 [main] INFO  o.s.w.s.m.m.a.RequestMappingHandlerMapping - Mapped &quot;{[/build/loadbuild.do]}&quot; onto public cn.hdu.HDU_Minitor.util.MinitorResult&lt;java.lang.Object&gt; cn.hdu.HDU_Minitor.controller.LoadBuildController.execute(java.lang.String)
14:07:12.357 [main] DEBUG o.s.w.s.m.m.a.RequestMappingHandlerMapping - 1 request handler methods found on class cn.hdu.HDU_Minitor.controller.LoadRoomController: {public cn.hdu.HDU_Minitor.util.MinitorResult cn.hdu.HDU_Minitor.controller.LoadRoomController.excute(java.lang.String,java.lang.String)={[/room/loadroom.do]}}
14:07:12.357 [main] INFO  o.s.w.s.m.m.a.RequestMappingHandlerMapping - Mapped &quot;{[/room/loadroom.do]}&quot; onto public cn.hdu.HDU_Minitor.util.MinitorResult&lt;java.lang.Object&gt; cn.hdu.HDU_Minitor.controller.LoadRoomController.excute(java.lang.String,java.lang.String)
14:07:12.361 [main] DEBUG o.s.w.s.m.m.a.RequestMappingHandlerMapping - 1 request handler methods found on class cn.hdu.HDU_Minitor.controller.RemoveBuildController: {public cn.hdu.HDU_Minitor.util.MinitorResult cn.hdu.HDU_Minitor.controller.RemoveBuildController.execute(java.lang.String,java.lang.String)={[/build/removebuild.do]}}
14:07:12.362 [main] INFO  o.s.w.s.m.m.a.RequestMappingHandlerMapping - Mapped &quot;{[/build/removebuild.do]}&quot; onto public cn.hdu.HDU_Minitor.util.MinitorResult&lt;java.lang.Object&gt; cn.hdu.HDU_Minitor.controller.RemoveBuildController.execute(java.lang.String,java.lang.String)
14:07:12.362 [main] DEBUG o.s.w.s.m.m.a.RequestMappingHandlerMapping - 1 request handler methods found on class cn.hdu.HDU_Minitor.controller.UserGetRdmPwdController: {public cn.hdu.HDU_Minitor.util.MinitorResult cn.hdu.HDU_Minitor.controller.UserGetRdmPwdController.execute(java.lang.String)={[/user/getrdmpwd.do]}}
14:07:12.363 [main] INFO  o.s.w.s.m.m.a.RequestMappingHandlerMapping - Mapped &quot;{[/user/getrdmpwd.do]}&quot; onto public cn.hdu.HDU_Minitor.util.MinitorResult&lt;java.lang.Object&gt; cn.hdu.HDU_Minitor.controller.UserGetRdmPwdController.execute(java.lang.String)
14:07:12.363 [main] DEBUG o.s.w.s.m.m.a.RequestMappingHandlerMapping - 1 request handler methods found on class cn.hdu.HDU_Minitor.controller.UserLoginController: {public cn.hdu.HDU_Minitor.util.MinitorResult cn.hdu.HDU_Minitor.controller.UserLoginController.execute(java.lang.String,java.lang.String)={[/user/login.do]}}
14:07:12.364 [main] INFO  o.s.w.s.m.m.a.RequestMappingHandlerMapping - Mapped &quot;{[/user/login.do]}&quot; onto public cn.hdu.HDU_Minitor.util.MinitorResult&lt;java.lang.Object&gt; cn.hdu.HDU_Minitor.controller.UserLoginController.execute(java.lang.String,java.lang.String)
14:07:12.364 [main] DEBUG o.s.b.f.s.DefaultListableBeanFactory - Returning cached instance of singleton bean &apos;org.springframework.transaction.config.internalTransactionAdvisor&apos;
14:07:12.364 [main] DEBUG o.s.b.f.s.DefaultListableBeanFactory - Finished creating instance of bean &apos;org.springframework.web.servlet.mvc.method.annotation.RequestMappingHandlerMapping&apos;
14:07:12.364 [main] DEBUG o.s.b.f.s.DefaultListableBeanFactory - Returning cached instance of singleton bean &apos;mvcCorsConfigurations&apos;
14:07:12.364 [main] DEBUG o.s.b.f.s.DefaultListableBeanFactory - Returning cached instance of singleton bean &apos;org.springframework.format.support.FormattingConversionServiceFactoryBean#0&apos;
14:07:12.364 [main] DEBUG o.s.b.f.s.DefaultListableBeanFactory - Creating shared instance of singleton bean &apos;org.springframework.web.servlet.mvc.method.annotation.RequestMappingHandlerAdapter&apos;
14:07:12.364 [main] DEBUG o.s.b.f.s.DefaultListableBeanFactory - Creating instance of bean &apos;org.springframework.web.servlet.mvc.method.annotation.RequestMappingHandlerAdapter&apos;
14:07:12.367 [main] DEBUG o.s.b.f.s.DefaultListableBeanFactory - Eagerly caching bean &apos;org.springframework.web.servlet.mvc.method.annotation.RequestMappingHandlerAdapter&apos; to allow for resolving potential circular references
14:07:12.371 [main] DEBUG o.s.b.f.s.DefaultListableBeanFactory - Returning cached instance of singleton bean &apos;mvcContentNegotiationManager&apos;
14:07:12.371 [main] DEBUG o.s.b.f.s.DefaultListableBeanFactory - Creating instance of bean &apos;(inner bean)#6d229b1c&apos;
14:07:12.372 [main] DEBUG o.s.b.f.s.DefaultListableBeanFactory - Returning cached instance of singleton bean &apos;org.springframework.format.support.FormattingConversionServiceFactoryBean#0&apos;
14:07:12.372 [main] DEBUG o.s.b.f.s.DefaultListableBeanFactory - Returning cached instance of singleton bean &apos;org.springframework.transaction.config.internalTransactionAdvisor&apos;
14:07:12.372 [main] DEBUG o.s.b.f.s.DefaultListableBeanFactory - Finished creating instance of bean &apos;(inner bean)#6d229b1c&apos;
14:07:12.373 [main] DEBUG o.s.b.f.s.DefaultListableBeanFactory - Creating instance of bean &apos;(inner bean)#6f825516&apos;
14:07:12.375 [main] DEBUG o.s.b.f.s.DefaultListableBeanFactory - Returning cached instance of singleton bean &apos;org.springframework.transaction.config.internalTransactionAdvisor&apos;
14:07:12.375 [main] DEBUG o.s.b.f.s.DefaultListableBeanFactory - Finished creating instance of bean &apos;(inner bean)#6f825516&apos;
14:07:12.375 [main] DEBUG o.s.b.f.s.DefaultListableBeanFactory - Creating instance of bean &apos;(inner bean)#2da99821&apos;
14:07:12.381 [main] DEBUG o.s.b.f.s.DefaultListableBeanFactory - Returning cached instance of singleton bean &apos;org.springframework.transaction.config.internalTransactionAdvisor&apos;
14:07:12.381 [main] DEBUG o.s.b.f.s.DefaultListableBeanFactory - Finished creating instance of bean &apos;(inner bean)#2da99821&apos;
14:07:12.381 [main] DEBUG o.s.b.f.s.DefaultListableBeanFactory - Creating instance of bean &apos;(inner bean)#62cba181&apos;
14:07:12.382 [main] DEBUG o.s.b.f.s.DefaultListableBeanFactory - Returning cached instance of singleton bean &apos;org.springframework.transaction.config.internalTransactionAdvisor&apos;
14:07:12.382 [main] DEBUG o.s.b.f.s.DefaultListableBeanFactory - Finished creating instance of bean &apos;(inner bean)#62cba181&apos;
14:07:12.382 [main] DEBUG o.s.b.f.s.DefaultListableBeanFactory - Creating instance of bean &apos;(inner bean)#1b482cbf&apos;
14:07:12.384 [main] DEBUG o.s.b.f.s.DefaultListableBeanFactory - Returning cached instance of singleton bean &apos;org.springframework.transaction.config.internalTransactionAdvisor&apos;
14:07:12.384 [main] DEBUG o.s.b.f.s.DefaultListableBeanFactory - Finished creating instance of bean &apos;(inner bean)#1b482cbf&apos;
14:07:12.385 [main] DEBUG o.s.b.f.s.DefaultListableBeanFactory - Creating instance of bean &apos;(inner bean)#661fe025&apos;
14:07:12.388 [main] DEBUG o.s.b.f.s.DefaultListableBeanFactory - Returning cached instance of singleton bean &apos;org.springframework.transaction.config.internalTransactionAdvisor&apos;
14:07:12.388 [main] DEBUG o.s.b.f.s.DefaultListableBeanFactory - Finished creating instance of bean &apos;(inner bean)#661fe025&apos;
14:07:12.388 [main] DEBUG o.s.b.f.s.DefaultListableBeanFactory - Creating instance of bean &apos;(inner bean)#7161457&apos;
14:07:12.388 [main] DEBUG o.s.b.f.s.DefaultListableBeanFactory - Creating instance of bean &apos;(inner bean)#38ee7a9d&apos;
14:07:12.398 [main] DEBUG o.s.b.f.s.DefaultListableBeanFactory - Invoking afterPropertiesSet() on bean with name &apos;(inner bean)#38ee7a9d&apos;
14:07:12.399 [main] DEBUG o.s.b.f.s.DefaultListableBeanFactory - Returning cached instance of singleton bean &apos;org.springframework.transaction.config.internalTransactionAdvisor&apos;
14:07:12.400 [main] DEBUG o.s.b.f.s.DefaultListableBeanFactory - Finished creating instance of bean &apos;(inner bean)#38ee7a9d&apos;
14:07:12.400 [main] DEBUG o.s.b.f.s.DefaultListableBeanFactory - Returning cached instance of singleton bean &apos;org.springframework.transaction.config.internalTransactionAdvisor&apos;
14:07:12.407 [main] DEBUG o.s.b.f.s.DefaultListableBeanFactory - Returning cached instance of singleton bean &apos;org.springframework.transaction.config.internalTransactionAdvisor&apos;
14:07:12.408 [main] DEBUG o.s.b.f.s.DefaultListableBeanFactory - Finished creating instance of bean &apos;(inner bean)#7161457&apos;
14:07:12.408 [main] DEBUG o.s.b.f.s.DefaultListableBeanFactory - Creating instance of bean &apos;(inner bean)#76cf841&apos;
14:07:12.409 [main] DEBUG o.s.b.f.s.DefaultListableBeanFactory - Returning cached instance of singleton bean &apos;org.springframework.transaction.config.internalTransactionAdvisor&apos;
14:07:12.410 [main] DEBUG o.s.b.f.s.DefaultListableBeanFactory - Finished creating instance of bean &apos;(inner bean)#76cf841&apos;
14:07:12.410 [main] DEBUG o.s.b.f.s.DefaultListableBeanFactory - Creating instance of bean &apos;(inner bean)#297c9a9b&apos;
14:07:12.411 [main] DEBUG o.s.b.f.s.DefaultListableBeanFactory - Returning cached instance of singleton bean &apos;org.springframework.transaction.config.internalTransactionAdvisor&apos;
14:07:12.411 [main] DEBUG o.s.b.f.s.DefaultListableBeanFactory - Finished creating instance of bean &apos;(inner bean)#297c9a9b&apos;
14:07:12.412 [main] DEBUG o.s.b.f.s.DefaultListableBeanFactory - Invoking afterPropertiesSet() on bean with name &apos;org.springframework.web.servlet.mvc.method.annotation.RequestMappingHandlerAdapter&apos;
14:07:12.412 [main] INFO  o.s.w.s.m.m.a.RequestMappingHandlerAdapter - Looking for @ControllerAdvice: org.springframework.context.support.ClassPathXmlApplicationContext@ebda593: startup date [Mon Jun 11 14:07:12 CST 2018]; root of context hierarchy
14:07:12.414 [main] DEBUG o.s.b.f.s.DefaultListableBeanFactory - Returning cached instance of singleton bean &apos;org.springframework.transaction.config.internalTransactionAdvisor&apos;
14:07:12.415 [main] DEBUG o.s.b.f.s.DefaultListableBeanFactory - Finished creating instance of bean &apos;org.springframework.web.servlet.mvc.method.annotation.RequestMappingHandlerAdapter&apos;
14:07:12.415 [main] DEBUG o.s.b.f.s.DefaultListableBeanFactory - Creating shared instance of singleton bean &apos;mvcUriComponentsContributor&apos;
14:07:12.415 [main] DEBUG o.s.b.f.s.DefaultListableBeanFactory - Creating instance of bean &apos;mvcUriComponentsContributor&apos;
14:07:12.415 [main] DEBUG o.s.b.f.s.DefaultListableBeanFactory - Eagerly caching bean &apos;mvcUriComponentsContributor&apos; to allow for resolving potential circular references
14:07:12.417 [main] DEBUG o.s.b.f.s.DefaultListableBeanFactory - Creating instance of bean &apos;(inner bean)#20999517&apos;
14:07:12.420 [main] DEBUG o.s.b.f.s.DefaultListableBeanFactory - Returning cached instance of singleton bean &apos;mvcContentNegotiationManager&apos;
14:07:12.420 [main] DEBUG o.s.b.f.s.DefaultListableBeanFactory - Creating instance of bean &apos;(inner bean)#6d229b1c#1&apos;
14:07:12.420 [main] DEBUG o.s.b.f.s.DefaultListableBeanFactory - Returning cached instance of singleton bean &apos;org.springframework.format.support.FormattingConversionServiceFactoryBean#0&apos;
14:07:12.421 [main] DEBUG o.s.b.f.s.DefaultListableBeanFactory - Returning cached instance of singleton bean &apos;org.springframework.transaction.config.internalTransactionAdvisor&apos;
14:07:12.421 [main] DEBUG o.s.b.f.s.DefaultListableBeanFactory - Finished creating instance of bean &apos;(inner bean)#6d229b1c#1&apos;
14:07:12.421 [main] DEBUG o.s.b.f.s.DefaultListableBeanFactory - Creating instance of bean &apos;(inner bean)#6f825516#1&apos;
14:07:12.421 [main] DEBUG o.s.b.f.s.DefaultListableBeanFactory - Returning cached instance of singleton bean &apos;org.springframework.transaction.config.internalTransactionAdvisor&apos;
14:07:12.421 [main] DEBUG o.s.b.f.s.DefaultListableBeanFactory - Finished creating instance of bean &apos;(inner bean)#6f825516#1&apos;
14:07:12.421 [main] DEBUG o.s.b.f.s.DefaultListableBeanFactory - Creating instance of bean &apos;(inner bean)#2da99821#1&apos;
14:07:12.422 [main] DEBUG o.s.b.f.s.DefaultListableBeanFactory - Returning cached instance of singleton bean &apos;org.springframework.transaction.config.internalTransactionAdvisor&apos;
14:07:12.422 [main] DEBUG o.s.b.f.s.DefaultListableBeanFactory - Finished creating instance of bean &apos;(inner bean)#2da99821#1&apos;
14:07:12.425 [main] DEBUG o.s.b.f.s.DefaultListableBeanFactory - Creating instance of bean &apos;(inner bean)#62cba181#1&apos;
14:07:12.426 [main] DEBUG o.s.b.f.s.DefaultListableBeanFactory - Returning cached instance of singleton bean &apos;org.springframework.transaction.config.internalTransactionAdvisor&apos;
14:07:12.426 [main] DEBUG o.s.b.f.s.DefaultListableBeanFactory - Finished creating instance of bean &apos;(inner bean)#62cba181#1&apos;
14:07:12.426 [main] DEBUG o.s.b.f.s.DefaultListableBeanFactory - Creating instance of bean &apos;(inner bean)#1b482cbf#1&apos;
14:07:12.427 [main] DEBUG o.s.b.f.s.DefaultListableBeanFactory - Returning cached instance of singleton bean &apos;org.springframework.transaction.config.internalTransactionAdvisor&apos;
14:07:12.428 [main] DEBUG o.s.b.f.s.DefaultListableBeanFactory - Finished creating instance of bean &apos;(inner bean)#1b482cbf#1&apos;
14:07:12.428 [main] DEBUG o.s.b.f.s.DefaultListableBeanFactory - Creating instance of bean &apos;(inner bean)#661fe025#1&apos;
14:07:12.433 [main] DEBUG o.s.b.f.s.DefaultListableBeanFactory - Returning cached instance of singleton bean &apos;org.springframework.transaction.config.internalTransactionAdvisor&apos;
14:07:12.433 [main] DEBUG o.s.b.f.s.DefaultListableBeanFactory - Finished creating instance of bean &apos;(inner bean)#661fe025#1&apos;
14:07:12.433 [main] DEBUG o.s.b.f.s.DefaultListableBeanFactory - Creating instance of bean &apos;(inner bean)#7161457#1&apos;
14:07:12.433 [main] DEBUG o.s.b.f.s.DefaultListableBeanFactory - Creating instance of bean &apos;(inner bean)#38ee7a9d#1&apos;
14:07:12.434 [main] DEBUG o.s.b.f.s.DefaultListableBeanFactory - Invoking afterPropertiesSet() on bean with name &apos;(inner bean)#38ee7a9d#1&apos;
14:07:12.435 [main] DEBUG o.s.b.f.s.DefaultListableBeanFactory - Returning cached instance of singleton bean &apos;org.springframework.transaction.config.internalTransactionAdvisor&apos;
14:07:12.435 [main] DEBUG o.s.b.f.s.DefaultListableBeanFactory - Finished creating instance of bean &apos;(inner bean)#38ee7a9d#1&apos;
14:07:12.435 [main] DEBUG o.s.b.f.s.DefaultListableBeanFactory - Returning cached instance of singleton bean &apos;org.springframework.transaction.config.internalTransactionAdvisor&apos;
14:07:12.436 [main] DEBUG o.s.b.f.s.DefaultListableBeanFactory - Returning cached instance of singleton bean &apos;org.springframework.transaction.config.internalTransactionAdvisor&apos;
14:07:12.437 [main] DEBUG o.s.b.f.s.DefaultListableBeanFactory - Finished creating instance of bean &apos;(inner bean)#7161457#1&apos;
14:07:12.437 [main] DEBUG o.s.b.f.s.DefaultListableBeanFactory - Creating instance of bean &apos;(inner bean)#76cf841#1&apos;
14:07:12.437 [main] DEBUG o.s.b.f.s.DefaultListableBeanFactory - Returning cached instance of singleton bean &apos;org.springframework.transaction.config.internalTransactionAdvisor&apos;
14:07:12.437 [main] DEBUG o.s.b.f.s.DefaultListableBeanFactory - Finished creating instance of bean &apos;(inner bean)#76cf841#1&apos;
14:07:12.438 [main] DEBUG o.s.b.f.s.DefaultListableBeanFactory - Creating instance of bean &apos;(inner bean)#297c9a9b#1&apos;
14:07:12.438 [main] DEBUG o.s.b.f.s.DefaultListableBeanFactory - Returning cached instance of singleton bean &apos;org.springframework.transaction.config.internalTransactionAdvisor&apos;
14:07:12.438 [main] DEBUG o.s.b.f.s.DefaultListableBeanFactory - Finished creating instance of bean &apos;(inner bean)#297c9a9b#1&apos;
14:07:12.440 [main] DEBUG o.s.b.f.s.DefaultListableBeanFactory - Invoking afterPropertiesSet() on bean with name &apos;(inner bean)#20999517&apos;
14:07:12.441 [main] INFO  o.s.w.s.m.m.a.RequestMappingHandlerAdapter - Looking for @ControllerAdvice: org.springframework.context.support.ClassPathXmlApplicationContext@ebda593: startup date [Mon Jun 11 14:07:12 CST 2018]; root of context hierarchy
14:07:12.444 [main] DEBUG o.s.b.f.s.DefaultListableBeanFactory - Returning cached instance of singleton bean &apos;org.springframework.transaction.config.internalTransactionAdvisor&apos;
14:07:12.444 [main] DEBUG o.s.b.f.s.DefaultListableBeanFactory - Finished creating instance of bean &apos;(inner bean)#20999517&apos;
14:07:12.444 [main] DEBUG o.s.b.f.s.DefaultListableBeanFactory - Returning cached instance of singleton bean &apos;org.springframework.format.support.FormattingConversionServiceFactoryBean#0&apos;
14:07:12.444 [main] DEBUG o.s.b.f.s.DefaultListableBeanFactory - Invoking afterPropertiesSet() on bean with name &apos;mvcUriComponentsContributor&apos;
14:07:12.444 [main] DEBUG o.s.b.f.s.DefaultListableBeanFactory - Returning cached instance of singleton bean &apos;org.springframework.transaction.config.internalTransactionAdvisor&apos;
14:07:12.445 [main] DEBUG o.s.b.f.s.DefaultListableBeanFactory - Finished creating instance of bean &apos;mvcUriComponentsContributor&apos;
14:07:12.445 [main] DEBUG o.s.b.f.s.DefaultListableBeanFactory - Returning cached instance of singleton bean &apos;org.springframework.web.servlet.handler.MappedInterceptor#0&apos;
14:07:12.445 [main] DEBUG o.s.b.f.s.DefaultListableBeanFactory - Creating shared instance of singleton bean &apos;org.springframework.web.servlet.mvc.method.annotation.ExceptionHandlerExceptionResolver#0&apos;
14:07:12.445 [main] DEBUG o.s.b.f.s.DefaultListableBeanFactory - Creating instance of bean &apos;org.springframework.web.servlet.mvc.method.annotation.ExceptionHandlerExceptionResolver#0&apos;
14:07:12.447 [main] DEBUG o.s.b.f.s.DefaultListableBeanFactory - Eagerly caching bean &apos;org.springframework.web.servlet.mvc.method.annotation.ExceptionHandlerExceptionResolver#0&apos; to allow for resolving potential circular references
14:07:12.449 [main] DEBUG o.s.b.f.s.DefaultListableBeanFactory - Returning cached instance of singleton bean &apos;mvcContentNegotiationManager&apos;
14:07:12.450 [main] DEBUG o.s.b.f.s.DefaultListableBeanFactory - Creating instance of bean &apos;(inner bean)#6f825516#2&apos;
14:07:12.450 [main] DEBUG o.s.b.f.s.DefaultListableBeanFactory - Returning cached instance of singleton bean &apos;org.springframework.transaction.config.internalTransactionAdvisor&apos;
14:07:12.450 [main] DEBUG o.s.b.f.s.DefaultListableBeanFactory - Finished creating instance of bean &apos;(inner bean)#6f825516#2&apos;
14:07:12.450 [main] DEBUG o.s.b.f.s.DefaultListableBeanFactory - Creating instance of bean &apos;(inner bean)#2da99821#2&apos;
14:07:12.450 [main] DEBUG o.s.b.f.s.DefaultListableBeanFactory - Returning cached instance of singleton bean &apos;org.springframework.transaction.config.internalTransactionAdvisor&apos;
14:07:12.450 [main] DEBUG o.s.b.f.s.DefaultListableBeanFactory - Finished creating instance of bean &apos;(inner bean)#2da99821#2&apos;
14:07:12.450 [main] DEBUG o.s.b.f.s.DefaultListableBeanFactory - Creating instance of bean &apos;(inner bean)#62cba181#2&apos;
14:07:12.451 [main] DEBUG o.s.b.f.s.DefaultListableBeanFactory - Returning cached instance of singleton bean &apos;org.springframework.transaction.config.internalTransactionAdvisor&apos;
14:07:12.451 [main] DEBUG o.s.b.f.s.DefaultListableBeanFactory - Finished creating instance of bean &apos;(inner bean)#62cba181#2&apos;
14:07:12.451 [main] DEBUG o.s.b.f.s.DefaultListableBeanFactory - Creating instance of bean &apos;(inner bean)#1b482cbf#2&apos;
14:07:12.451 [main] DEBUG o.s.b.f.s.DefaultListableBeanFactory - Returning cached instance of singleton bean &apos;org.springframework.transaction.config.internalTransactionAdvisor&apos;
14:07:12.452 [main] DEBUG o.s.b.f.s.DefaultListableBeanFactory - Finished creating instance of bean &apos;(inner bean)#1b482cbf#2&apos;
14:07:12.453 [main] DEBUG o.s.b.f.s.DefaultListableBeanFactory - Creating instance of bean &apos;(inner bean)#661fe025#2&apos;
14:07:12.454 [main] DEBUG o.s.b.f.s.DefaultListableBeanFactory - Returning cached instance of singleton bean &apos;org.springframework.transaction.config.internalTransactionAdvisor&apos;
14:07:12.455 [main] DEBUG o.s.b.f.s.DefaultListableBeanFactory - Finished creating instance of bean &apos;(inner bean)#661fe025#2&apos;
14:07:12.455 [main] DEBUG o.s.b.f.s.DefaultListableBeanFactory - Creating instance of bean &apos;(inner bean)#7161457#2&apos;
14:07:12.455 [main] DEBUG o.s.b.f.s.DefaultListableBeanFactory - Creating instance of bean &apos;(inner bean)#38ee7a9d#2&apos;
14:07:12.455 [main] DEBUG o.s.b.f.s.DefaultListableBeanFactory - Invoking afterPropertiesSet() on bean with name &apos;(inner bean)#38ee7a9d#2&apos;
14:07:12.456 [main] DEBUG o.s.b.f.s.DefaultListableBeanFactory - Returning cached instance of singleton bean &apos;org.springframework.transaction.config.internalTransactionAdvisor&apos;
14:07:12.457 [main] DEBUG o.s.b.f.s.DefaultListableBeanFactory - Finished creating instance of bean &apos;(inner bean)#38ee7a9d#2&apos;
14:07:12.457 [main] DEBUG o.s.b.f.s.DefaultListableBeanFactory - Returning cached instance of singleton bean &apos;org.springframework.transaction.config.internalTransactionAdvisor&apos;
14:07:12.458 [main] DEBUG o.s.b.f.s.DefaultListableBeanFactory - Returning cached instance of singleton bean &apos;org.springframework.transaction.config.internalTransactionAdvisor&apos;
14:07:12.458 [main] DEBUG o.s.b.f.s.DefaultListableBeanFactory - Finished creating instance of bean &apos;(inner bean)#7161457#2&apos;
14:07:12.458 [main] DEBUG o.s.b.f.s.DefaultListableBeanFactory - Creating instance of bean &apos;(inner bean)#2bc7db89&apos;
14:07:12.458 [main] DEBUG o.s.b.f.s.DefaultListableBeanFactory - Returning cached instance of singleton bean &apos;org.springframework.transaction.config.internalTransactionAdvisor&apos;
14:07:12.458 [main] DEBUG o.s.b.f.s.DefaultListableBeanFactory - Finished creating instance of bean &apos;(inner bean)#2bc7db89&apos;
14:07:12.459 [main] DEBUG o.s.b.f.s.DefaultListableBeanFactory - Invoking afterPropertiesSet() on bean with name &apos;org.springframework.web.servlet.mvc.method.annotation.ExceptionHandlerExceptionResolver#0&apos;
14:07:12.459 [main] DEBUG o.s.w.s.m.m.a.ExceptionHandlerExceptionResolver - Looking for exception mappings: org.springframework.context.support.ClassPathXmlApplicationContext@ebda593: startup date [Mon Jun 11 14:07:12 CST 2018]; root of context hierarchy
14:07:12.461 [main] DEBUG o.s.b.f.s.DefaultListableBeanFactory - Returning cached instance of singleton bean &apos;org.springframework.transaction.config.internalTransactionAdvisor&apos;
14:07:12.461 [main] DEBUG o.s.b.f.s.DefaultListableBeanFactory - Finished creating instance of bean &apos;org.springframework.web.servlet.mvc.method.annotation.ExceptionHandlerExceptionResolver#0&apos;
14:07:12.461 [main] DEBUG o.s.b.f.s.DefaultListableBeanFactory - Creating shared instance of singleton bean &apos;org.springframework.web.servlet.mvc.annotation.ResponseStatusExceptionResolver#0&apos;
14:07:12.461 [main] DEBUG o.s.b.f.s.DefaultListableBeanFactory - Creating instance of bean &apos;org.springframework.web.servlet.mvc.annotation.ResponseStatusExceptionResolver#0&apos;
14:07:12.462 [main] DEBUG o.s.b.f.s.DefaultListableBeanFactory - Eagerly caching bean &apos;org.springframework.web.servlet.mvc.annotation.ResponseStatusExceptionResolver#0&apos; to allow for resolving potential circular references
14:07:12.464 [main] DEBUG o.s.b.f.s.DefaultListableBeanFactory - Returning cached instance of singleton bean &apos;org.springframework.transaction.config.internalTransactionAdvisor&apos;
14:07:12.464 [main] DEBUG o.s.b.f.s.DefaultListableBeanFactory - Finished creating instance of bean &apos;org.springframework.web.servlet.mvc.annotation.ResponseStatusExceptionResolver#0&apos;
14:07:12.464 [main] DEBUG o.s.b.f.s.DefaultListableBeanFactory - Creating shared instance of singleton bean &apos;org.springframework.web.servlet.mvc.support.DefaultHandlerExceptionResolver#0&apos;
14:07:12.464 [main] DEBUG o.s.b.f.s.DefaultListableBeanFactory - Creating instance of bean &apos;org.springframework.web.servlet.mvc.support.DefaultHandlerExceptionResolver#0&apos;
14:07:12.464 [main] DEBUG o.s.b.f.s.DefaultListableBeanFactory - Eagerly caching bean &apos;org.springframework.web.servlet.mvc.support.DefaultHandlerExceptionResolver#0&apos; to allow for resolving potential circular references
14:07:12.466 [main] DEBUG o.s.b.f.s.DefaultListableBeanFactory - Returning cached instance of singleton bean &apos;org.springframework.transaction.config.internalTransactionAdvisor&apos;
14:07:12.466 [main] DEBUG o.s.b.f.s.DefaultListableBeanFactory - Finished creating instance of bean &apos;org.springframework.web.servlet.mvc.support.DefaultHandlerExceptionResolver#0&apos;
14:07:12.466 [main] DEBUG o.s.b.f.s.DefaultListableBeanFactory - Creating shared instance of singleton bean &apos;org.springframework.web.servlet.handler.BeanNameUrlHandlerMapping&apos;
14:07:12.466 [main] DEBUG o.s.b.f.s.DefaultListableBeanFactory - Creating instance of bean &apos;org.springframework.web.servlet.handler.BeanNameUrlHandlerMapping&apos;
14:07:12.466 [main] DEBUG o.s.b.f.s.DefaultListableBeanFactory - Eagerly caching bean &apos;org.springframework.web.servlet.handler.BeanNameUrlHandlerMapping&apos; to allow for resolving potential circular references
14:07:12.469 [main] DEBUG o.s.b.f.s.DefaultListableBeanFactory - Returning cached instance of singleton bean &apos;mvcCorsConfigurations&apos;
14:07:12.471 [main] DEBUG o.s.b.f.s.DefaultListableBeanFactory - Returning cached instance of singleton bean &apos;org.springframework.web.servlet.handler.MappedInterceptor#0&apos;
14:07:12.472 [main] DEBUG o.s.w.s.h.BeanNameUrlHandlerMapping - Looking for URL mappings in application context: org.springframework.context.support.ClassPathXmlApplicationContext@ebda593: startup date [Mon Jun 11 14:07:12 CST 2018]; root of context hierarchy
14:07:12.472 [main] DEBUG o.s.w.s.h.BeanNameUrlHandlerMapping - Rejected bean name &apos;addBuildContorller&apos;: no URL paths identified
14:07:12.472 [main] DEBUG o.s.w.s.h.BeanNameUrlHandlerMapping - Rejected bean name &apos;addRoomController&apos;: no URL paths identified
14:07:12.472 [main] DEBUG o.s.w.s.h.BeanNameUrlHandlerMapping - Rejected bean name &apos;addUserController&apos;: no URL paths identified
14:07:12.472 [main] DEBUG o.s.w.s.h.BeanNameUrlHandlerMapping - Rejected bean name &apos;adminLoadUserController&apos;: no URL paths identified
14:07:12.472 [main] DEBUG o.s.w.s.h.BeanNameUrlHandlerMapping - Rejected bean name &apos;deleteUserController&apos;: no URL paths identified
14:07:12.472 [main] DEBUG o.s.w.s.h.BeanNameUrlHandlerMapping - Rejected bean name &apos;deviceUploadInfoController&apos;: no URL paths identified
14:07:12.472 [main] DEBUG o.s.w.s.h.BeanNameUrlHandlerMapping - Rejected bean name &apos;loadBuildController&apos;: no URL paths identified
14:07:12.472 [main] DEBUG o.s.w.s.h.BeanNameUrlHandlerMapping - Rejected bean name &apos;loadRoomController&apos;: no URL paths identified
14:07:12.472 [main] DEBUG o.s.w.s.h.BeanNameUrlHandlerMapping - Rejected bean name &apos;removeBuildController&apos;: no URL paths identified
14:07:12.472 [main] DEBUG o.s.w.s.h.BeanNameUrlHandlerMapping - Rejected bean name &apos;userGetRdmPwdController&apos;: no URL paths identified
14:07:12.472 [main] DEBUG o.s.w.s.h.BeanNameUrlHandlerMapping - Rejected bean name &apos;userLoginController&apos;: no URL paths identified
14:07:12.472 [main] DEBUG o.s.w.s.h.BeanNameUrlHandlerMapping - Rejected bean name &apos;buildService&apos;: no URL paths identified
14:07:12.472 [main] DEBUG o.s.w.s.h.BeanNameUrlHandlerMapping - Rejected bean name &apos;roomService&apos;: no URL paths identified
14:07:12.472 [main] DEBUG o.s.w.s.h.BeanNameUrlHandlerMapping - Rejected bean name &apos;userService&apos;: no URL paths identified
14:07:12.473 [main] DEBUG o.s.w.s.h.BeanNameUrlHandlerMapping - Rejected bean name &apos;org.springframework.context.annotation.internalConfigurationAnnotationProcessor&apos;: no URL paths identified
14:07:12.473 [main] DEBUG o.s.w.s.h.BeanNameUrlHandlerMapping - Rejected bean name &apos;org.springframework.context.annotation.internalAutowiredAnnotationProcessor&apos;: no URL paths identified
14:07:12.473 [main] DEBUG o.s.w.s.h.BeanNameUrlHandlerMapping - Rejected bean name &apos;org.springframework.context.annotation.internalRequiredAnnotationProcessor&apos;: no URL paths identified
14:07:12.473 [main] DEBUG o.s.w.s.h.BeanNameUrlHandlerMapping - Rejected bean name &apos;org.springframework.context.event.internalEventListenerProcessor&apos;: no URL paths identified
14:07:12.473 [main] DEBUG o.s.w.s.h.BeanNameUrlHandlerMapping - Rejected bean name &apos;org.springframework.context.event.internalEventListenerFactory&apos;: no URL paths identified
14:07:12.473 [main] DEBUG o.s.w.s.h.BeanNameUrlHandlerMapping - Rejected bean name &apos;mvcContentNegotiationManager&apos;: no URL paths identified
14:07:12.473 [main] DEBUG o.s.w.s.h.BeanNameUrlHandlerMapping - Rejected bean name &apos;org.springframework.web.servlet.mvc.method.annotation.RequestMappingHandlerMapping&apos;: no URL paths identified
14:07:12.473 [main] DEBUG o.s.w.s.h.BeanNameUrlHandlerMapping - Rejected bean name &apos;mvcCorsConfigurations&apos;: no URL paths identified
14:07:12.473 [main] DEBUG o.s.w.s.h.BeanNameUrlHandlerMapping - Rejected bean name &apos;org.springframework.format.support.FormattingConversionServiceFactoryBean#0&apos;: no URL paths identified
14:07:12.473 [main] DEBUG o.s.w.s.h.BeanNameUrlHandlerMapping - Rejected bean name &apos;org.springframework.web.servlet.mvc.method.annotation.RequestMappingHandlerAdapter&apos;: no URL paths identified
14:07:12.473 [main] DEBUG o.s.w.s.h.BeanNameUrlHandlerMapping - Rejected bean name &apos;mvcUriComponentsContributor&apos;: no URL paths identified
14:07:12.473 [main] DEBUG o.s.w.s.h.BeanNameUrlHandlerMapping - Rejected bean name &apos;org.springframework.web.servlet.handler.MappedInterceptor#0&apos;: no URL paths identified
14:07:12.473 [main] DEBUG o.s.w.s.h.BeanNameUrlHandlerMapping - Rejected bean name &apos;org.springframework.web.servlet.mvc.method.annotation.ExceptionHandlerExceptionResolver#0&apos;: no URL paths identified
14:07:12.473 [main] DEBUG o.s.w.s.h.BeanNameUrlHandlerMapping - Rejected bean name &apos;org.springframework.web.servlet.mvc.annotation.ResponseStatusExceptionResolver#0&apos;: no URL paths identified
14:07:12.473 [main] DEBUG o.s.w.s.h.BeanNameUrlHandlerMapping - Rejected bean name &apos;org.springframework.web.servlet.mvc.support.DefaultHandlerExceptionResolver#0&apos;: no URL paths identified
14:07:12.473 [main] DEBUG o.s.w.s.h.BeanNameUrlHandlerMapping - Rejected bean name &apos;org.springframework.web.servlet.handler.BeanNameUrlHandlerMapping&apos;: no URL paths identified
14:07:12.473 [main] DEBUG o.s.w.s.h.BeanNameUrlHandlerMapping - Rejected bean name &apos;org.springframework.web.servlet.mvc.HttpRequestHandlerAdapter&apos;: no URL paths identified
14:07:12.474 [main] DEBUG o.s.w.s.h.BeanNameUrlHandlerMapping - Rejected bean name &apos;org.springframework.web.servlet.mvc.SimpleControllerHandlerAdapter&apos;: no URL paths identified
14:07:12.474 [main] DEBUG o.s.w.s.h.BeanNameUrlHandlerMapping - Rejected bean name &apos;dbcp&apos;: no URL paths identified
14:07:12.474 [main] DEBUG o.s.w.s.h.BeanNameUrlHandlerMapping - Rejected bean name &apos;ssf&apos;: no URL paths identified
14:07:12.474 [main] DEBUG o.s.w.s.h.BeanNameUrlHandlerMapping - Rejected bean name &apos;mapperScanner&apos;: no URL paths identified
14:07:12.474 [main] DEBUG o.s.w.s.h.BeanNameUrlHandlerMapping - Rejected bean name &apos;txManger&apos;: no URL paths identified
14:07:12.474 [main] DEBUG o.s.w.s.h.BeanNameUrlHandlerMapping - Rejected bean name &apos;org.springframework.transaction.config.internalTransactionalEventListenerFactory&apos;: no URL paths identified
14:07:12.474 [main] DEBUG o.s.w.s.h.BeanNameUrlHandlerMapping - Rejected bean name &apos;org.springframework.aop.config.internalAutoProxyCreator&apos;: no URL paths identified
14:07:12.474 [main] DEBUG o.s.w.s.h.BeanNameUrlHandlerMapping - Rejected bean name &apos;org.springframework.transaction.annotation.AnnotationTransactionAttributeSource#0&apos;: no URL paths identified
14:07:12.474 [main] DEBUG o.s.w.s.h.BeanNameUrlHandlerMapping - Rejected bean name &apos;org.springframework.transaction.interceptor.TransactionInterceptor#0&apos;: no URL paths identified
14:07:12.474 [main] DEBUG o.s.w.s.h.BeanNameUrlHandlerMapping - Rejected bean name &apos;org.springframework.transaction.config.internalTransactionAdvisor&apos;: no URL paths identified
14:07:12.474 [main] DEBUG o.s.w.s.h.BeanNameUrlHandlerMapping - Rejected bean name &apos;buildDao&apos;: no URL paths identified
14:07:12.474 [main] DEBUG o.s.w.s.h.BeanNameUrlHandlerMapping - Rejected bean name &apos;deviceDao&apos;: no URL paths identified
14:07:12.474 [main] DEBUG o.s.w.s.h.BeanNameUrlHandlerMapping - Rejected bean name &apos;roomDao&apos;: no URL paths identified
14:07:12.474 [main] DEBUG o.s.w.s.h.BeanNameUrlHandlerMapping - Rejected bean name &apos;userBuildDao&apos;: no URL paths identified
14:07:12.474 [main] DEBUG o.s.w.s.h.BeanNameUrlHandlerMapping - Rejected bean name &apos;userDao&apos;: no URL paths identified
14:07:12.474 [main] DEBUG o.s.w.s.h.BeanNameUrlHandlerMapping - Rejected bean name &apos;userRoomDao&apos;: no URL paths identified
14:07:12.475 [main] DEBUG o.s.w.s.h.BeanNameUrlHandlerMapping - Rejected bean name &apos;environment&apos;: no URL paths identified
14:07:12.475 [main] DEBUG o.s.w.s.h.BeanNameUrlHandlerMapping - Rejected bean name &apos;systemProperties&apos;: no URL paths identified
14:07:12.475 [main] DEBUG o.s.w.s.h.BeanNameUrlHandlerMapping - Rejected bean name &apos;systemEnvironment&apos;: no URL paths identified
14:07:12.475 [main] DEBUG o.s.w.s.h.BeanNameUrlHandlerMapping - Rejected bean name &apos;org.springframework.context.annotation.ConfigurationClassPostProcessor.importRegistry&apos;: no URL paths identified
14:07:12.475 [main] DEBUG o.s.w.s.h.BeanNameUrlHandlerMapping - Rejected bean name &apos;messageSource&apos;: no URL paths identified
14:07:12.475 [main] DEBUG o.s.w.s.h.BeanNameUrlHandlerMapping - Rejected bean name &apos;applicationEventMulticaster&apos;: no URL paths identified
14:07:12.475 [main] DEBUG o.s.b.f.s.DefaultListableBeanFactory - Returning cached instance of singleton bean &apos;org.springframework.transaction.config.internalTransactionAdvisor&apos;
14:07:12.475 [main] DEBUG o.s.b.f.s.DefaultListableBeanFactory - Finished creating instance of bean &apos;org.springframework.web.servlet.handler.BeanNameUrlHandlerMapping&apos;
14:07:12.475 [main] DEBUG o.s.b.f.s.DefaultListableBeanFactory - Creating shared instance of singleton bean &apos;org.springframework.web.servlet.mvc.HttpRequestHandlerAdapter&apos;
14:07:12.475 [main] DEBUG o.s.b.f.s.DefaultListableBeanFactory - Creating instance of bean &apos;org.springframework.web.servlet.mvc.HttpRequestHandlerAdapter&apos;
14:07:12.475 [main] DEBUG o.s.b.f.s.DefaultListableBeanFactory - Eagerly caching bean &apos;org.springframework.web.servlet.mvc.HttpRequestHandlerAdapter&apos; to allow for resolving potential circular references
14:07:12.476 [main] DEBUG o.s.b.f.s.DefaultListableBeanFactory - Returning cached instance of singleton bean &apos;org.springframework.transaction.config.internalTransactionAdvisor&apos;
14:07:12.476 [main] DEBUG o.s.b.f.s.DefaultListableBeanFactory - Finished creating instance of bean &apos;org.springframework.web.servlet.mvc.HttpRequestHandlerAdapter&apos;
14:07:12.477 [main] DEBUG o.s.b.f.s.DefaultListableBeanFactory - Creating shared instance of singleton bean &apos;org.springframework.web.servlet.mvc.SimpleControllerHandlerAdapter&apos;
14:07:12.477 [main] DEBUG o.s.b.f.s.DefaultListableBeanFactory - Creating instance of bean &apos;org.springframework.web.servlet.mvc.SimpleControllerHandlerAdapter&apos;
14:07:12.477 [main] DEBUG o.s.b.f.s.DefaultListableBeanFactory - Eagerly caching bean &apos;org.springframework.web.servlet.mvc.SimpleControllerHandlerAdapter&apos; to allow for resolving potential circular references
14:07:12.477 [main] DEBUG o.s.b.f.s.DefaultListableBeanFactory - Returning cached instance of singleton bean &apos;org.springframework.transaction.config.internalTransactionAdvisor&apos;
14:07:12.478 [main] DEBUG o.s.b.f.s.DefaultListableBeanFactory - Finished creating instance of bean &apos;org.springframework.web.servlet.mvc.SimpleControllerHandlerAdapter&apos;
14:07:12.478 [main] DEBUG o.s.b.f.s.DefaultListableBeanFactory - Creating shared instance of singleton bean &apos;dbcp&apos;
14:07:12.478 [main] DEBUG o.s.b.f.s.DefaultListableBeanFactory - Creating instance of bean &apos;dbcp&apos;
14:07:12.478 [main] DEBUG o.s.b.f.s.DefaultListableBeanFactory - Eagerly caching bean &apos;dbcp&apos; to allow for resolving potential circular references
14:07:12.479 [main] DEBUG o.s.b.f.s.DefaultListableBeanFactory - Returning cached instance of singleton bean &apos;org.springframework.transaction.config.internalTransactionAdvisor&apos;
14:07:12.479 [main] DEBUG o.s.b.f.s.DefaultListableBeanFactory - Finished creating instance of bean &apos;dbcp&apos;
14:07:12.479 [main] DEBUG o.s.b.f.s.DefaultListableBeanFactory - Creating shared instance of singleton bean &apos;ssf&apos;
14:07:12.479 [main] DEBUG o.s.b.f.s.DefaultListableBeanFactory - Creating instance of bean &apos;ssf&apos;
14:07:12.480 [main] DEBUG o.s.b.f.s.DefaultListableBeanFactory - Eagerly caching bean &apos;ssf&apos; to allow for resolving potential circular references
14:07:12.481 [main] DEBUG o.s.b.f.s.DefaultListableBeanFactory - Returning cached instance of singleton bean &apos;dbcp&apos;
14:07:12.482 [main] DEBUG o.s.c.i.s.PathMatchingResourcePatternResolver - Looking for matching resources in directory tree [F:\Git\JAVAProject\HDU_Minitor\target\classes\mapper]
14:07:12.482 [main] DEBUG o.s.c.i.s.PathMatchingResourcePatternResolver - Searching directory [F:\Git\JAVAProject\HDU_Minitor\target\classes\mapper] for files matching pattern [F:/Git/JAVAProject/HDU_Minitor/target/classes/mapper/*.xml]
14:07:12.483 [main] DEBUG o.s.c.i.s.PathMatchingResourcePatternResolver - Resolved location pattern [classpath:mapper/*.xml] to resources [file [F:\Git\JAVAProject\HDU_Minitor\target\classes\mapper\BuildMapper.xml], file [F:\Git\JAVAProject\HDU_Minitor\target\classes\mapper\DeviceMapper.xml], file [F:\Git\JAVAProject\HDU_Minitor\target\classes\mapper\RoomMapper.xml], file [F:\Git\JAVAProject\HDU_Minitor\target\classes\mapper\UserBuildMapper.xml], file [F:\Git\JAVAProject\HDU_Minitor\target\classes\mapper\UserMapper.xml], file [F:\Git\JAVAProject\HDU_Minitor\target\classes\mapper\UserRoomMapper.xml]]
14:07:12.483 [main] DEBUG o.s.b.f.s.DefaultListableBeanFactory - Invoking afterPropertiesSet() on bean with name &apos;ssf&apos;
14:07:12.494 [main] DEBUG o.m.spring.SqlSessionFactoryBean - Parsed configuration file: &apos;class path resource [conf/mybatis-config.xml]&apos;
14:07:12.502 [main] DEBUG o.m.spring.SqlSessionFactoryBean - Parsed mapper file: &apos;file [F:\Git\JAVAProject\HDU_Minitor\target\classes\mapper\BuildMapper.xml]&apos;
14:07:12.510 [main] DEBUG o.m.spring.SqlSessionFactoryBean - Parsed mapper file: &apos;file [F:\Git\JAVAProject\HDU_Minitor\target\classes\mapper\DeviceMapper.xml]&apos;
14:07:12.523 [main] DEBUG o.m.spring.SqlSessionFactoryBean - Parsed mapper file: &apos;file [F:\Git\JAVAProject\HDU_Minitor\target\classes\mapper\RoomMapper.xml]&apos;
14:07:12.531 [main] DEBUG o.m.spring.SqlSessionFactoryBean - Parsed mapper file: &apos;file [F:\Git\JAVAProject\HDU_Minitor\target\classes\mapper\UserBuildMapper.xml]&apos;
14:07:12.545 [main] DEBUG o.m.spring.SqlSessionFactoryBean - Parsed mapper file: &apos;file [F:\Git\JAVAProject\HDU_Minitor\target\classes\mapper\UserMapper.xml]&apos;
14:07:12.584 [main] DEBUG o.m.spring.SqlSessionFactoryBean - Parsed mapper file: &apos;file [F:\Git\JAVAProject\HDU_Minitor\target\classes\mapper\UserRoomMapper.xml]&apos;
14:07:12.584 [main] DEBUG o.s.b.f.s.DefaultListableBeanFactory - Returning cached instance of singleton bean &apos;org.springframework.transaction.config.internalTransactionAdvisor&apos;
14:07:12.584 [main] DEBUG o.s.b.f.s.DefaultListableBeanFactory - Finished creating instance of bean &apos;ssf&apos;
14:07:12.584 [main] DEBUG o.s.b.f.s.DefaultListableBeanFactory - Returning cached instance of singleton bean &apos;mapperScanner&apos;
14:07:12.584 [main] DEBUG o.s.b.f.s.DefaultListableBeanFactory - Creating shared instance of singleton bean &apos;txManger&apos;
14:07:12.584 [main] DEBUG o.s.b.f.s.DefaultListableBeanFactory - Creating instance of bean &apos;txManger&apos;
14:07:12.584 [main] DEBUG o.s.b.f.s.DefaultListableBeanFactory - Eagerly caching bean &apos;txManger&apos; to allow for resolving potential circular references
14:07:12.586 [main] DEBUG o.s.b.f.s.DefaultListableBeanFactory - Returning cached instance of singleton bean &apos;dbcp&apos;
14:07:12.586 [main] DEBUG o.s.b.f.s.DefaultListableBeanFactory - Invoking afterPropertiesSet() on bean with name &apos;txManger&apos;
14:07:12.586 [main] DEBUG o.s.b.f.s.DefaultListableBeanFactory - Returning cached instance of singleton bean &apos;org.springframework.transaction.config.internalTransactionAdvisor&apos;
14:07:12.587 [main] DEBUG o.s.b.f.s.DefaultListableBeanFactory - Finished creating instance of bean &apos;txManger&apos;
14:07:12.587 [main] DEBUG o.s.b.f.s.DefaultListableBeanFactory - Creating shared instance of singleton bean &apos;org.springframework.transaction.config.internalTransactionalEventListenerFactory&apos;
14:07:12.587 [main] DEBUG o.s.b.f.s.DefaultListableBeanFactory - Creating instance of bean &apos;org.springframework.transaction.config.internalTransactionalEventListenerFactory&apos;
14:07:12.587 [main] DEBUG o.s.b.f.s.DefaultListableBeanFactory - Eagerly caching bean &apos;org.springframework.transaction.config.internalTransactionalEventListenerFactory&apos; to allow for resolving potential circular references
14:07:12.588 [main] DEBUG o.s.b.f.s.DefaultListableBeanFactory - Returning cached instance of singleton bean &apos;org.springframework.transaction.config.internalTransactionAdvisor&apos;
14:07:12.588 [main] DEBUG o.s.b.f.s.DefaultListableBeanFactory - Finished creating instance of bean &apos;org.springframework.transaction.config.internalTransactionalEventListenerFactory&apos;
14:07:12.588 [main] DEBUG o.s.b.f.s.DefaultListableBeanFactory - Returning cached instance of singleton bean &apos;org.springframework.aop.config.internalAutoProxyCreator&apos;
14:07:12.588 [main] DEBUG o.s.b.f.s.DefaultListableBeanFactory - Returning cached instance of singleton bean &apos;org.springframework.transaction.annotation.AnnotationTransactionAttributeSource#0&apos;
14:07:12.588 [main] DEBUG o.s.b.f.s.DefaultListableBeanFactory - Creating shared instance of singleton bean &apos;org.springframework.transaction.interceptor.TransactionInterceptor#0&apos;
14:07:12.588 [main] DEBUG o.s.b.f.s.DefaultListableBeanFactory - Creating instance of bean &apos;org.springframework.transaction.interceptor.TransactionInterceptor#0&apos;
14:07:12.589 [main] DEBUG o.s.b.f.s.DefaultListableBeanFactory - Eagerly caching bean &apos;org.springframework.transaction.interceptor.TransactionInterceptor#0&apos; to allow for resolving potential circular references
14:07:12.590 [main] DEBUG o.s.b.f.s.DefaultListableBeanFactory - Returning cached instance of singleton bean &apos;org.springframework.transaction.annotation.AnnotationTransactionAttributeSource#0&apos;
14:07:12.591 [main] DEBUG o.s.b.f.s.DefaultListableBeanFactory - Invoking afterPropertiesSet() on bean with name &apos;org.springframework.transaction.interceptor.TransactionInterceptor#0&apos;
14:07:12.591 [main] DEBUG o.s.b.f.s.DefaultListableBeanFactory - Finished creating instance of bean &apos;org.springframework.transaction.interceptor.TransactionInterceptor#0&apos;
14:07:12.592 [main] DEBUG o.s.b.f.s.DefaultListableBeanFactory - Returning cached instance of singleton bean &apos;org.springframework.transaction.config.internalTransactionAdvisor&apos;
14:07:12.592 [main] DEBUG o.s.b.f.s.DefaultListableBeanFactory - Creating shared instance of singleton bean &apos;buildDao&apos;
14:07:12.592 [main] DEBUG o.s.b.f.s.DefaultListableBeanFactory - Creating instance of bean &apos;buildDao&apos;
14:07:12.592 [main] DEBUG o.s.b.f.s.DefaultListableBeanFactory - Eagerly caching bean &apos;buildDao&apos; to allow for resolving potential circular references
14:07:12.596 [main] DEBUG o.s.b.f.s.DefaultListableBeanFactory - Returning cached instance of singleton bean &apos;ssf&apos;
14:07:12.596 [main] DEBUG o.s.b.f.s.DefaultListableBeanFactory - Returning cached instance of singleton bean &apos;org.springframework.transaction.config.internalTransactionAdvisor&apos;
14:07:12.597 [main] DEBUG o.s.b.f.s.DefaultListableBeanFactory - Autowiring by type from bean name &apos;buildDao&apos; via property &apos;sqlSessionFactory&apos; to bean named &apos;ssf&apos;
14:07:12.597 [main] DEBUG o.s.b.f.s.DefaultListableBeanFactory - Invoking afterPropertiesSet() on bean with name &apos;buildDao&apos;
14:07:12.597 [main] DEBUG o.s.b.f.s.DefaultListableBeanFactory - Returning cached instance of singleton bean &apos;org.springframework.transaction.config.internalTransactionAdvisor&apos;
14:07:12.598 [main] DEBUG o.s.b.f.s.DefaultListableBeanFactory - Finished creating instance of bean &apos;buildDao&apos;
14:07:12.598 [main] DEBUG o.s.b.f.s.DefaultListableBeanFactory - Creating shared instance of singleton bean &apos;deviceDao&apos;
14:07:12.598 [main] DEBUG o.s.b.f.s.DefaultListableBeanFactory - Creating instance of bean &apos;deviceDao&apos;
14:07:12.598 [main] DEBUG o.s.b.f.s.DefaultListableBeanFactory - Eagerly caching bean &apos;deviceDao&apos; to allow for resolving potential circular references
14:07:12.598 [main] DEBUG o.s.b.f.s.DefaultListableBeanFactory - Returning cached instance of singleton bean &apos;ssf&apos;
14:07:12.598 [main] DEBUG o.s.b.f.s.DefaultListableBeanFactory - Autowiring by type from bean name &apos;deviceDao&apos; via property &apos;sqlSessionFactory&apos; to bean named &apos;ssf&apos;
14:07:12.598 [main] DEBUG o.s.b.f.s.DefaultListableBeanFactory - Invoking afterPropertiesSet() on bean with name &apos;deviceDao&apos;
14:07:12.598 [main] DEBUG o.s.b.f.s.DefaultListableBeanFactory - Returning cached instance of singleton bean &apos;org.springframework.transaction.config.internalTransactionAdvisor&apos;
14:07:12.598 [main] DEBUG o.s.b.f.s.DefaultListableBeanFactory - Finished creating instance of bean &apos;deviceDao&apos;
14:07:12.598 [main] DEBUG o.s.b.f.s.DefaultListableBeanFactory - Creating shared instance of singleton bean &apos;roomDao&apos;
14:07:12.598 [main] DEBUG o.s.b.f.s.DefaultListableBeanFactory - Creating instance of bean &apos;roomDao&apos;
14:07:12.598 [main] DEBUG o.s.b.f.s.DefaultListableBeanFactory - Eagerly caching bean &apos;roomDao&apos; to allow for resolving potential circular references
14:07:12.599 [main] DEBUG o.s.b.f.s.DefaultListableBeanFactory - Returning cached instance of singleton bean &apos;ssf&apos;
14:07:12.599 [main] DEBUG o.s.b.f.s.DefaultListableBeanFactory - Autowiring by type from bean name &apos;roomDao&apos; via property &apos;sqlSessionFactory&apos; to bean named &apos;ssf&apos;
14:07:12.599 [main] DEBUG o.s.b.f.s.DefaultListableBeanFactory - Invoking afterPropertiesSet() on bean with name &apos;roomDao&apos;
14:07:12.599 [main] DEBUG o.s.b.f.s.DefaultListableBeanFactory - Returning cached instance of singleton bean &apos;org.springframework.transaction.config.internalTransactionAdvisor&apos;
14:07:12.599 [main] DEBUG o.s.b.f.s.DefaultListableBeanFactory - Finished creating instance of bean &apos;roomDao&apos;
14:07:12.599 [main] DEBUG o.s.b.f.s.DefaultListableBeanFactory - Creating shared instance of singleton bean &apos;userBuildDao&apos;
14:07:12.599 [main] DEBUG o.s.b.f.s.DefaultListableBeanFactory - Creating instance of bean &apos;userBuildDao&apos;
14:07:12.599 [main] DEBUG o.s.b.f.s.DefaultListableBeanFactory - Eagerly caching bean &apos;userBuildDao&apos; to allow for resolving potential circular references
14:07:12.599 [main] DEBUG o.s.b.f.s.DefaultListableBeanFactory - Returning cached instance of singleton bean &apos;ssf&apos;
14:07:12.599 [main] DEBUG o.s.b.f.s.DefaultListableBeanFactory - Autowiring by type from bean name &apos;userBuildDao&apos; via property &apos;sqlSessionFactory&apos; to bean named &apos;ssf&apos;
14:07:12.599 [main] DEBUG o.s.b.f.s.DefaultListableBeanFactory - Invoking afterPropertiesSet() on bean with name &apos;userBuildDao&apos;
14:07:12.600 [main] DEBUG o.s.b.f.s.DefaultListableBeanFactory - Returning cached instance of singleton bean &apos;org.springframework.transaction.config.internalTransactionAdvisor&apos;
14:07:12.600 [main] DEBUG o.s.b.f.s.DefaultListableBeanFactory - Finished creating instance of bean &apos;userBuildDao&apos;
14:07:12.601 [main] DEBUG o.s.b.f.s.DefaultListableBeanFactory - Creating shared instance of singleton bean &apos;userDao&apos;
14:07:12.601 [main] DEBUG o.s.b.f.s.DefaultListableBeanFactory - Creating instance of bean &apos;userDao&apos;
14:07:12.601 [main] DEBUG o.s.b.f.s.DefaultListableBeanFactory - Eagerly caching bean &apos;userDao&apos; to allow for resolving potential circular references
14:07:12.601 [main] DEBUG o.s.b.f.s.DefaultListableBeanFactory - Returning cached instance of singleton bean &apos;ssf&apos;
14:07:12.601 [main] DEBUG o.s.b.f.s.DefaultListableBeanFactory - Autowiring by type from bean name &apos;userDao&apos; via property &apos;sqlSessionFactory&apos; to bean named &apos;ssf&apos;
14:07:12.601 [main] DEBUG o.s.b.f.s.DefaultListableBeanFactory - Invoking afterPropertiesSet() on bean with name &apos;userDao&apos;
14:07:12.601 [main] DEBUG o.s.b.f.s.DefaultListableBeanFactory - Returning cached instance of singleton bean &apos;org.springframework.transaction.config.internalTransactionAdvisor&apos;
14:07:12.601 [main] DEBUG o.s.b.f.s.DefaultListableBeanFactory - Finished creating instance of bean &apos;userDao&apos;
14:07:12.601 [main] DEBUG o.s.b.f.s.DefaultListableBeanFactory - Creating shared instance of singleton bean &apos;userRoomDao&apos;
14:07:12.601 [main] DEBUG o.s.b.f.s.DefaultListableBeanFactory - Creating instance of bean &apos;userRoomDao&apos;
14:07:12.601 [main] DEBUG o.s.b.f.s.DefaultListableBeanFactory - Eagerly caching bean &apos;userRoomDao&apos; to allow for resolving potential circular references
14:07:12.602 [main] DEBUG o.s.b.f.s.DefaultListableBeanFactory - Returning cached instance of singleton bean &apos;ssf&apos;
14:07:12.602 [main] DEBUG o.s.b.f.s.DefaultListableBeanFactory - Autowiring by type from bean name &apos;userRoomDao&apos; via property &apos;sqlSessionFactory&apos; to bean named &apos;ssf&apos;
14:07:12.602 [main] DEBUG o.s.b.f.s.DefaultListableBeanFactory - Invoking afterPropertiesSet() on bean with name &apos;userRoomDao&apos;
14:07:12.602 [main] DEBUG o.s.b.f.s.DefaultListableBeanFactory - Returning cached instance of singleton bean &apos;org.springframework.transaction.config.internalTransactionAdvisor&apos;
14:07:12.602 [main] DEBUG o.s.b.f.s.DefaultListableBeanFactory - Finished creating instance of bean &apos;userRoomDao&apos;
14:07:12.603 [main] DEBUG o.s.b.f.s.DefaultListableBeanFactory - Returning cached instance of singleton bean &apos;org.springframework.context.event.internalEventListenerFactory&apos;
14:07:12.603 [main] DEBUG o.s.b.f.s.DefaultListableBeanFactory - Returning cached instance of singleton bean &apos;org.springframework.transaction.config.internalTransactionalEventListenerFactory&apos;
14:07:12.642 [main] DEBUG o.s.c.s.ClassPathXmlApplicationContext - Unable to locate LifecycleProcessor with name &apos;lifecycleProcessor&apos;: using default [org.springframework.context.support.DefaultLifecycleProcessor@49fb0bbd]
14:07:12.643 [main] DEBUG o.s.b.f.s.DefaultListableBeanFactory - Returning cached instance of singleton bean &apos;lifecycleProcessor&apos;
14:07:12.643 [main] DEBUG o.s.b.f.s.DefaultListableBeanFactory - Returning cached instance of singleton bean &apos;ssf&apos;
14:07:12.643 [main] DEBUG o.s.c.e.PropertySourcesPropertyResolver - Could not find key &apos;spring.liveBeansView.mbeanDomain&apos; in any property source
14:07:12.643 [main] DEBUG o.s.b.f.s.DefaultListableBeanFactory - Returning cached instance of singleton bean &apos;userDao&apos;
14:07:12.643 [main] DEBUG o.s.b.f.s.DefaultListableBeanFactory - Returning cached instance of singleton bean &apos;org.springframework.transaction.config.internalTransactionAdvisor&apos;
14:07:12.644 [main] DEBUG o.s.b.f.s.DefaultListableBeanFactory - Returning cached instance of singleton bean &apos;userService&apos;
14:07:12.644 [main] DEBUG o.s.b.f.s.DefaultListableBeanFactory - Returning cached instance of singleton bean &apos;org.springframework.transaction.interceptor.TransactionInterceptor#0&apos;
14:07:12.644 [main] DEBUG o.s.b.f.s.DefaultListableBeanFactory - Returning cached instance of singleton bean &apos;txManger&apos;
14:07:12.644 [main] DEBUG o.s.j.d.DataSourceTransactionManager - Creating new transaction with name [cn.hdu.HDU_Minitor.service.UserServiceImpl.insertOrUpdateUserInfo]: PROPAGATION_REQUIRED,ISOLATION_DEFAULT; &apos;&apos;
14:07:12.667 [main] DEBUG o.s.j.d.DataSourceTransactionManager - Acquired Connection [jdbc:mysql://192.168.1.188:3306/hdu_monitor?useUnicode=true&amp;characterEncoding=utf8&amp;allowMultiQueries=true, UserName=root@192.168.1.158, MySQL Connector Java] for JDBC transaction
14:07:12.668 [main] DEBUG o.s.j.d.DataSourceTransactionManager - Switching JDBC Connection [jdbc:mysql://192.168.1.188:3306/hdu_monitor?useUnicode=true&amp;characterEncoding=utf8&amp;allowMultiQueries=true, UserName=root@192.168.1.158, MySQL Connector Java] to manual commit
14:07:12.668 [main] DEBUG o.s.j.d.DataSourceTransactionManager - Initiating transaction rollback
14:07:12.670 [main] DEBUG o.s.j.d.DataSourceTransactionManager - Rolling back JDBC transaction on Connection [jdbc:mysql://192.168.1.188:3306/hdu_monitor?useUnicode=true&amp;characterEncoding=utf8&amp;allowMultiQueries=true, UserName=root@192.168.1.158, MySQL Connector Java]
14:07:12.672 [main] DEBUG o.s.j.d.DataSourceTransactionManager - Releasing JDBC Connection [jdbc:mysql://192.168.1.188:3306/hdu_monitor?useUnicode=true&amp;characterEncoding=utf8&amp;allowMultiQueries=true, UserName=root@192.168.1.158, MySQL Connector Java] after transaction
14:07:12.672 [main] DEBUG o.s.jdbc.datasource.DataSourceUtils - Returning JDBC Connection to DataSource
</system-out>
  </testcase>
</testsuite>